TN:
SF:src/components/AlarmList.tsx
FN:15,(anonymous_0)
FN:26,(anonymous_1)
FN:31,(anonymous_2)
FN:39,(anonymous_3)
FN:47,(anonymous_4)
FN:50,(anonymous_5)
FN:53,(anonymous_6)
FN:68,(anonymous_7)
FN:77,(anonymous_8)
FN:78,(anonymous_9)
FN:91,(anonymous_10)
FN:100,(anonymous_11)
FN:101,(anonymous_12)
FN:136,(anonymous_13)
FN:151,(anonymous_14)
FN:203,(anonymous_15)
FN:211,(anonymous_16)
FN:242,(anonymous_17)
FNF:18
FNH:0
FNDA:0,(anonymous_0)
FNDA:0,(anonymous_1)
FNDA:0,(anonymous_2)
FNDA:0,(anonymous_3)
FNDA:0,(anonymous_4)
FNDA:0,(anonymous_5)
FNDA:0,(anonymous_6)
FNDA:0,(anonymous_7)
FNDA:0,(anonymous_8)
FNDA:0,(anonymous_9)
FNDA:0,(anonymous_10)
FNDA:0,(anonymous_11)
FNDA:0,(anonymous_12)
FNDA:0,(anonymous_13)
FNDA:0,(anonymous_14)
FNDA:0,(anonymous_15)
FNDA:0,(anonymous_16)
FNDA:0,(anonymous_17)
DA:1,0
DA:2,0
DA:4,0
DA:5,0
DA:6,0
DA:15,0
DA:21,0
DA:22,0
DA:23,0
DA:26,0
DA:27,0
DA:31,0
DA:32,0
DA:39,0
DA:40,0
DA:47,0
DA:50,0
DA:51,0
DA:52,0
DA:53,0
DA:54,0
DA:55,0
DA:58,0
DA:59,0
DA:68,0
DA:69,0
DA:70,0
DA:77,0
DA:78,0
DA:79,0
DA:82,0
DA:83,0
DA:91,0
DA:92,0
DA:93,0
DA:100,0
DA:101,0
DA:102,0
DA:104,0
DA:105,0
DA:112,0
DA:113,0
DA:129,0
DA:137,0
DA:139,0
DA:151,0
DA:203,0
DA:211,0
DA:242,0
DA:264,0
LF:50
LH:0
BRDA:32,0,0,0
BRDA:32,0,1,0
BRDA:34,1,0,0
BRDA:34,1,1,0
BRDA:51,2,0,0
BRDA:51,2,1,0
BRDA:52,3,0,0
BRDA:52,3,1,0
BRDA:58,4,0,0
BRDA:58,4,1,0
BRDA:82,5,0,0
BRDA:82,5,1,0
BRDA:104,6,0,0
BRDA:104,6,1,0
BRDA:112,7,0,0
BRDA:112,7,1,0
BRDA:153,8,0,0
BRDA:153,8,1,0
BRDA:157,9,0,0
BRDA:157,9,1,0
BRDA:162,10,0,0
BRDA:162,10,1,0
BRDA:167,11,0,0
BRDA:167,11,1,0
BRDA:172,12,0,0
BRDA:172,12,1,0
BRDA:221,13,0,0
BRDA:221,13,1,0
BRDA:226,14,0,0
BRDA:226,14,1,0
BRDA:228,15,0,0
BRDA:228,15,1,0
BRF:32
BRH:0
end_of_record
TN:
SF:src/components/AnalyticsDashboard.tsx
FN:14,AnalyticsDashboard
FN:24,(anonymous_8)
FN:28,(anonymous_9)
FN:28,(anonymous_10)
FN:204,(anonymous_11)
FN:219,(anonymous_12)
FNF:6
FNH:0
FNDA:0,AnalyticsDashboard
FNDA:0,(anonymous_8)
FNDA:0,(anonymous_9)
FNDA:0,(anonymous_10)
FNDA:0,(anonymous_11)
FNDA:0,(anonymous_12)
DA:4,0
DA:5,0
DA:6,0
DA:7,0
DA:8,0
DA:14,0
DA:15,0
DA:16,0
DA:17,0
DA:18,0
DA:20,0
DA:21,0
DA:22,0
DA:24,0
DA:25,0
DA:28,0
DA:29,0
DA:30,0
DA:33,0
DA:34,0
DA:37,0
DA:38,0
DA:39,0
DA:42,0
DA:57,0
DA:60,0
DA:62,0
DA:66,0
DA:67,0
DA:76,0
DA:205,0
DA:220,0
LF:32
LH:0
BRDA:66,0,0,0
BRDA:66,0,1,0
BRDA:99,1,0,0
BRDA:99,1,1,0
BRDA:99,2,0,0
BRDA:99,2,1,0
BRDA:99,3,0,0
BRDA:99,3,1,0
BRDA:99,4,0,0
BRDA:99,4,1,0
BRDA:99,5,0,0
BRDA:99,5,1,0
BRDA:104,6,0,0
BRDA:104,6,1,0
BRDA:104,7,0,0
BRDA:104,7,1,0
BRDA:104,8,0,0
BRDA:104,8,1,0
BRDA:104,9,0,0
BRDA:104,9,1,0
BRDA:104,10,0,0
BRDA:104,10,1,0
BRDA:108,11,0,0
BRDA:108,11,1,0
BRDA:108,12,0,0
BRDA:108,12,1,0
BRDA:108,13,0,0
BRDA:108,13,1,0
BRDA:108,14,0,0
BRDA:108,14,1,0
BRDA:108,15,0,0
BRDA:108,15,1,0
BRDA:113,16,0,0
BRDA:113,16,1,0
BRDA:113,17,0,0
BRDA:113,17,1,0
BRDA:113,18,0,0
BRDA:113,18,1,0
BRDA:113,19,0,0
BRDA:113,19,1,0
BRDA:113,20,0,0
BRDA:113,20,1,0
BRDA:117,21,0,0
BRDA:117,21,1,0
BRDA:117,22,0,0
BRDA:117,22,1,0
BRDA:117,23,0,0
BRDA:117,23,1,0
BRDA:117,24,0,0
BRDA:117,24,1,0
BRDA:117,25,0,0
BRDA:117,25,1,0
BRDA:122,26,0,0
BRDA:122,26,1,0
BRDA:122,27,0,0
BRDA:122,27,1,0
BRDA:122,28,0,0
BRDA:122,28,1,0
BRDA:122,29,0,0
BRDA:122,29,1,0
BRDA:122,30,0,0
BRDA:122,30,1,0
BRDA:126,31,0,0
BRDA:126,31,1,0
BRDA:126,32,0,0
BRDA:126,32,1,0
BRDA:126,33,0,0
BRDA:126,33,1,0
BRDA:126,34,0,0
BRDA:126,34,1,0
BRDA:126,35,0,0
BRDA:126,35,1,0
BRDA:131,36,0,0
BRDA:131,36,1,0
BRDA:131,37,0,0
BRDA:131,37,1,0
BRDA:131,38,0,0
BRDA:131,38,1,0
BRDA:131,39,0,0
BRDA:131,39,1,0
BRDA:131,40,0,0
BRDA:131,40,1,0
BRDA:142,41,0,0
BRDA:142,41,1,0
BRDA:142,42,0,0
BRDA:142,42,1,0
BRDA:142,43,0,0
BRDA:142,43,1,0
BRDA:152,44,0,0
BRDA:152,44,1,0
BRDA:152,45,0,0
BRDA:152,45,1,0
BRDA:152,46,0,0
BRDA:152,46,1,0
BRDA:162,47,0,0
BRDA:162,47,1,0
BRDA:162,48,0,0
BRDA:162,48,1,0
BRDA:162,49,0,0
BRDA:162,49,1,0
BRDA:172,50,0,0
BRDA:172,50,1,0
BRDA:172,51,0,0
BRDA:172,51,1,0
BRDA:172,52,0,0
BRDA:172,52,1,0
BRDA:188,53,0,0
BRDA:188,53,1,0
BRDA:188,54,0,0
BRDA:188,54,1,0
BRDA:188,55,0,0
BRDA:188,55,1,0
BRDA:188,56,0,0
BRDA:188,56,1,0
BRDA:188,57,0,0
BRDA:188,57,1,0
BRDA:188,58,0,0
BRDA:188,58,1,0
BRDA:188,59,0,0
BRDA:188,59,1,0
BRDA:192,60,0,0
BRDA:192,60,1,0
BRDA:192,61,0,0
BRDA:192,61,1,0
BRDA:192,62,0,0
BRDA:192,62,1,0
BRDA:192,63,0,0
BRDA:192,63,1,0
BRDA:192,64,0,0
BRDA:192,64,1,0
BRDA:192,65,0,0
BRDA:192,65,1,0
BRDA:192,66,0,0
BRDA:192,66,1,0
BRDA:196,67,0,0
BRDA:196,67,1,0
BRDA:196,68,0,0
BRDA:196,68,1,0
BRDA:196,69,0,0
BRDA:196,69,1,0
BRDA:196,70,0,0
BRDA:196,70,1,0
BRDA:196,71,0,0
BRDA:196,71,1,0
BRDA:196,72,0,0
BRDA:196,72,1,0
BRDA:196,73,0,0
BRDA:196,73,1,0
BRDA:204,74,0,0
BRDA:204,74,1,0
BRDA:204,75,0,0
BRDA:204,75,1,0
BRDA:204,76,0,0
BRDA:204,76,1,0
BRDA:204,77,0,0
BRDA:204,77,1,0
BRDA:204,78,0,0
BRDA:204,78,1,0
BRDA:207,79,0,0
BRDA:207,79,1,0
BRDA:208,80,0,0
BRDA:208,80,1,0
BRDA:219,81,0,0
BRDA:219,81,1,0
BRDA:219,82,0,0
BRDA:219,82,1,0
BRDA:219,83,0,0
BRDA:219,83,1,0
BRDA:219,84,0,0
BRDA:219,84,1,0
BRF:170
BRH:0
end_of_record
TN:
SF:src/components/AuthenticationFlow.tsx
FN:19,AuthenticationFlow
FN:30,(anonymous_1)
FN:36,(anonymous_2)
FN:37,(anonymous_3)
FN:46,(anonymous_4)
FN:55,(anonymous_5)
FNF:6
FNH:0
FNDA:0,AuthenticationFlow
FNDA:0,(anonymous_1)
FNDA:0,(anonymous_2)
FNDA:0,(anonymous_3)
FNDA:0,(anonymous_4)
FNDA:0,(anonymous_5)
DA:1,0
DA:2,0
DA:3,0
DA:4,0
DA:5,0
DA:19,0
DA:28,0
DA:30,0
DA:31,0
DA:33,0
DA:36,0
DA:37,0
DA:43,0
DA:46,0
DA:52,0
DA:55,0
DA:62,0
DA:66,0
LF:18
LH:0
BRDA:31,0,0,0
BRDA:31,0,1,0
BRDA:31,0,2,0
BRDA:31,0,3,0
BRF:4
BRH:0
end_of_record
TN:
SF:src/components/ConsentBanner.tsx
FN:15,ConsentBanner
FN:30,(anonymous_1)
FN:44,(anonymous_2)
FN:58,(anonymous_3)
FN:63,(anonymous_4)
FN:64,(anonymous_5)
FN:147,(anonymous_6)
FN:158,(anonymous_7)
FN:166,(anonymous_8)
FN:216,(anonymous_9)
FN:241,(anonymous_10)
FNF:11
FNH:0
FNDA:0,ConsentBanner
FNDA:0,(anonymous_1)
FNDA:0,(anonymous_2)
FNDA:0,(anonymous_3)
FNDA:0,(anonymous_4)
FNDA:0,(anonymous_5)
FNDA:0,(anonymous_6)
FNDA:0,(anonymous_7)
FNDA:0,(anonymous_8)
FNDA:0,(anonymous_9)
FNDA:0,(anonymous_10)
DA:4,0
DA:5,0
DA:6,0
DA:15,0
DA:16,0
DA:17,0
DA:26,0
DA:28,0
DA:30,0
DA:31,0
DA:40,0
DA:41,0
DA:44,0
DA:45,0
DA:54,0
DA:55,0
DA:58,0
DA:59,0
DA:60,0
DA:63,0
DA:64,0
DA:70,0
DA:103,0
DA:147,0
DA:159,0
DA:166,0
DA:216,0
DA:241,0
LF:28
LH:0
BRDA:28,0,0,0
BRDA:28,0,1,0
BRDA:127,1,0,0
BRDA:127,1,1,0
BRDA:177,2,0,0
BRDA:177,2,1,0
BRDA:206,3,0,0
BRDA:206,3,1,0
BRF:8
BRH:0
end_of_record
TN:
SF:src/components/ForgotPasswordForm.tsx
FN:12,ForgotPasswordForm
FN:22,(anonymous_8)
FN:35,(anonymous_9)
FN:35,(anonymous_10)
FN:45,(anonymous_11)
FN:81,(anonymous_12)
FN:149,(anonymous_13)
FNF:7
FNH:0
FNDA:0,ForgotPasswordForm
FNDA:0,(anonymous_8)
FNDA:0,(anonymous_9)
FNDA:0,(anonymous_10)
FNDA:0,(anonymous_11)
FNDA:0,(anonymous_12)
FNDA:0,(anonymous_13)
DA:1,0
DA:2,0
DA:12,0
DA:19,0
DA:20,0
DA:22,0
DA:23,0
DA:24,0
DA:25,0
DA:27,0
DA:28,0
DA:29,0
DA:31,0
DA:32,0
DA:35,0
DA:36,0
DA:38,0
DA:39,0
DA:42,0
DA:45,0
DA:46,0
DA:47,0
DA:48,0
DA:52,0
DA:53,0
DA:81,0
DA:100,0
DA:149,0
LF:28
LH:0
BRDA:23,0,0,0
BRDA:23,0,1,0
BRDA:27,1,0,0
BRDA:27,1,1,0
BRDA:38,2,0,0
BRDA:38,2,1,0
BRDA:47,3,0,0
BRDA:47,3,1,0
BRDA:52,4,0,0
BRDA:52,4,1,0
BRDA:85,5,0,0
BRDA:85,5,1,0
BRDA:112,6,0,0
BRDA:112,6,1,0
BRDA:151,7,0,0
BRDA:151,7,1,0
BRDA:156,8,0,0
BRDA:156,8,1,0
BRDA:160,9,0,0
BRDA:160,9,1,0
BRDA:179,10,0,0
BRDA:179,10,1,0
BRF:22
BRH:0
end_of_record
TN:
SF:src/components/LoginForm.tsx
FN:12,LoginForm
FN:24,(anonymous_8)
FN:43,(anonymous_9)
FN:43,(anonymous_10)
FN:102,(anonymous_11)
FN:141,(anonymous_12)
FN:153,(anonymous_13)
FNF:7
FNH:0
FNDA:0,LoginForm
FNDA:0,(anonymous_8)
FNDA:0,(anonymous_9)
FNDA:0,(anonymous_10)
FNDA:0,(anonymous_11)
FNDA:0,(anonymous_12)
FNDA:0,(anonymous_13)
DA:1,0
DA:2,0
DA:12,0
DA:19,0
DA:20,0
DA:21,0
DA:22,0
DA:24,0
DA:25,0
DA:27,0
DA:28,0
DA:29,0
DA:30,0
DA:33,0
DA:34,0
DA:35,0
DA:36,0
DA:39,0
DA:40,0
DA:43,0
DA:44,0
DA:46,0
DA:47,0
DA:50,0
DA:53,0
DA:102,0
DA:141,0
DA:153,0
LF:28
LH:0
BRDA:27,0,0,0
BRDA:27,0,1,0
BRDA:29,1,0,0
BRDA:29,1,1,0
BRDA:33,2,0,0
BRDA:33,2,1,0
BRDA:35,3,0,0
BRDA:35,3,1,0
BRDA:46,4,0,0
BRDA:46,4,1,0
BRDA:65,5,0,0
BRDA:65,5,1,0
BRDA:104,6,0,0
BRDA:104,6,1,0
BRDA:109,7,0,0
BRDA:109,7,1,0
BRDA:113,8,0,0
BRDA:113,8,1,0
BRDA:139,9,0,0
BRDA:139,9,1,0
BRDA:143,10,0,0
BRDA:143,10,1,0
BRDA:148,11,0,0
BRDA:148,11,1,0
BRDA:155,12,0,0
BRDA:155,12,1,0
BRDA:158,13,0,0
BRDA:158,13,1,0
BRDA:161,14,0,0
BRDA:161,14,1,0
BRDA:164,15,0,0
BRDA:164,15,1,0
BRDA:194,16,0,0
BRDA:194,16,1,0
BRF:34
BRH:0
end_of_record
TN:
SF:src/components/OnboardingFlow.tsx
FN:15,(anonymous_7)
FN:31,(anonymous_8)
FN:40,(anonymous_9)
FN:43,(anonymous_10)
FN:49,(anonymous_11)
FN:51,(anonymous_12)
FN:59,(anonymous_13)
FN:62,(anonymous_14)
FN:62,(anonymous_15)
FN:66,(anonymous_16)
FN:91,(anonymous_17)
FN:91,(anonymous_18)
FN:97,(anonymous_19)
FN:99,(anonymous_20)
FN:113,(anonymous_21)
FN:131,(anonymous_22)
FN:176,(anonymous_23)
FN:187,(anonymous_24)
FN:233,(anonymous_25)
FN:243,(anonymous_26)
FN:284,(anonymous_27)
FN:294,(anonymous_28)
FN:319,(anonymous_29)
FN:341,(anonymous_30)
FN:356,(anonymous_31)
FN:365,(anonymous_32)
FN:430,(anonymous_33)
FN:460,(anonymous_34)
FNF:28
FNH:0
FNDA:0,(anonymous_7)
FNDA:0,(anonymous_8)
FNDA:0,(anonymous_9)
FNDA:0,(anonymous_10)
FNDA:0,(anonymous_11)
FNDA:0,(anonymous_12)
FNDA:0,(anonymous_13)
FNDA:0,(anonymous_14)
FNDA:0,(anonymous_15)
FNDA:0,(anonymous_16)
FNDA:0,(anonymous_17)
FNDA:0,(anonymous_18)
FNDA:0,(anonymous_19)
FNDA:0,(anonymous_20)
FNDA:0,(anonymous_21)
FNDA:0,(anonymous_22)
FNDA:0,(anonymous_23)
FNDA:0,(anonymous_24)
FNDA:0,(anonymous_25)
FNDA:0,(anonymous_26)
FNDA:0,(anonymous_27)
FNDA:0,(anonymous_28)
FNDA:0,(anonymous_29)
FNDA:0,(anonymous_30)
FNDA:0,(anonymous_31)
FNDA:0,(anonymous_32)
FNDA:0,(anonymous_33)
FNDA:0,(anonymous_34)
DA:1,0
DA:2,0
DA:4,0
DA:5,0
DA:15,0
DA:20,0
DA:21,0
DA:22,0
DA:23,0
DA:24,0
DA:26,0
DA:31,0
DA:32,0
DA:39,0
DA:40,0
DA:43,0
DA:44,0
DA:45,0
DA:49,0
DA:51,0
DA:52,0
DA:53,0
DA:54,0
DA:55,0
DA:59,0
DA:62,0
DA:63,0
DA:64,0
DA:65,0
DA:66,0
DA:77,0
DA:78,0
DA:81,0
DA:84,0
DA:85,0
DA:87,0
DA:91,0
DA:92,0
DA:93,0
DA:94,0
DA:97,0
DA:99,0
DA:110,0
DA:112,0
DA:113,0
DA:125,0
DA:127,0
DA:131,0
DA:132,0
DA:176,0
DA:187,0
DA:188,0
DA:233,0
DA:243,0
DA:244,0
DA:284,0
DA:294,0
DA:295,0
DA:321,0
DA:322,0
DA:343,0
DA:344,0
DA:356,0
DA:365,0
DA:366,0
DA:430,0
DA:431,0
DA:433,0
DA:435,0
DA:437,0
DA:439,0
DA:441,0
DA:443,0
DA:447,0
DA:461,0
DA:462,0
DA:463,0
DA:464,0
DA:466,0
DA:504,0
LF:80
LH:0
BRDA:52,0,0,0
BRDA:52,0,1,0
BRDA:54,1,0,0
BRDA:54,1,1,0
BRDA:77,2,0,0
BRDA:77,2,1,0
BRDA:224,3,0,0
BRDA:224,3,1,0
BRDA:226,4,0,0
BRDA:226,4,1,0
BRDA:275,5,0,0
BRDA:275,5,1,0
BRDA:277,6,0,0
BRDA:277,6,1,0
BRDA:383,7,0,0
BRDA:383,7,1,0
BRDA:386,8,0,0
BRDA:386,8,1,0
BRDA:390,9,0,0
BRDA:390,9,1,0
BRDA:395,10,0,0
BRDA:395,10,1,0
BRDA:401,11,0,0
BRDA:401,11,1,0
BRDA:404,12,0,0
BRDA:404,12,1,0
BRDA:408,13,0,0
BRDA:408,13,1,0
BRDA:413,14,0,0
BRDA:413,14,1,0
BRDA:431,15,0,0
BRDA:431,15,1,0
BRDA:431,15,2,0
BRDA:431,15,3,0
BRDA:431,15,4,0
BRDA:431,15,5,0
BRDA:450,16,0,0
BRDA:450,16,1,0
BRDA:470,17,0,0
BRDA:470,17,1,0
BRDA:472,18,0,0
BRDA:472,18,1,0
BRDA:477,19,0,0
BRDA:477,19,1,0
BRDA:477,20,0,0
BRDA:477,20,1,0
BRDA:479,21,0,0
BRDA:479,21,1,0
BRDA:482,22,0,0
BRDA:482,22,1,0
BRF:50
BRH:0
end_of_record
TN:
SF:src/components/SignUpForm.tsx
FN:13,SignUpForm
FN:35,(anonymous_8)
FN:70,(anonymous_9)
FN:70,(anonymous_10)
FN:80,(anonymous_11)
FN:81,(anonymous_12)
FN:90,(anonymous_13)
FN:94,(anonymous_14)
FN:160,(anonymous_15)
FN:199,(anonymous_16)
FN:238,(anonymous_17)
FN:250,(anonymous_18)
FN:294,(anonymous_19)
FN:331,(anonymous_20)
FN:343,(anonymous_21)
FNF:15
FNH:0
FNDA:0,SignUpForm
FNDA:0,(anonymous_8)
FNDA:0,(anonymous_9)
FNDA:0,(anonymous_10)
FNDA:0,(anonymous_11)
FNDA:0,(anonymous_12)
FNDA:0,(anonymous_13)
FNDA:0,(anonymous_14)
FNDA:0,(anonymous_15)
FNDA:0,(anonymous_16)
FNDA:0,(anonymous_17)
FNDA:0,(anonymous_18)
FNDA:0,(anonymous_19)
FNDA:0,(anonymous_20)
FNDA:0,(anonymous_21)
DA:1,0
DA:2,0
DA:3,0
DA:4,0
DA:13,0
DA:19,0
DA:25,0
DA:26,0
DA:27,0
DA:28,0
DA:35,0
DA:36,0
DA:38,0
DA:39,0
DA:40,0
DA:41,0
DA:45,0
DA:46,0
DA:47,0
DA:51,0
DA:52,0
DA:54,0
DA:55,0
DA:56,0
DA:60,0
DA:61,0
DA:62,0
DA:63,0
DA:66,0
DA:67,0
DA:70,0
DA:71,0
DA:73,0
DA:74,0
DA:77,0
DA:80,0
DA:81,0
DA:84,0
DA:85,0
DA:89,0
DA:90,0
DA:94,0
DA:95,0
DA:96,0
DA:99,0
DA:100,0
DA:102,0
DA:103,0
DA:104,0
DA:105,0
DA:106,0
DA:109,0
DA:111,0
DA:160,0
DA:199,0
DA:238,0
DA:250,0
DA:295,0
DA:331,0
DA:343,0
LF:60
LH:0
BRDA:38,0,0,0
BRDA:38,0,1,0
BRDA:40,1,0,0
BRDA:40,1,1,0
BRDA:46,2,0,0
BRDA:46,2,1,0
BRDA:51,3,0,0
BRDA:51,3,1,0
BRDA:55,4,0,0
BRDA:55,4,1,0
BRDA:60,5,0,0
BRDA:60,5,1,0
BRDA:62,6,0,0
BRDA:62,6,1,0
BRDA:73,7,0,0
BRDA:73,7,1,0
BRDA:84,8,0,0
BRDA:84,8,1,0
BRDA:89,9,0,0
BRDA:89,9,1,0
BRDA:95,10,0,0
BRDA:95,10,1,0
BRDA:95,11,0,0
BRDA:95,11,1,0
BRDA:102,12,0,0
BRDA:102,12,1,0
BRDA:103,13,0,0
BRDA:103,13,1,0
BRDA:104,14,0,0
BRDA:104,14,1,0
BRDA:105,15,0,0
BRDA:105,15,1,0
BRDA:123,16,0,0
BRDA:123,16,1,0
BRDA:162,17,0,0
BRDA:162,17,1,0
BRDA:167,18,0,0
BRDA:167,18,1,0
BRDA:171,19,0,0
BRDA:171,19,1,0
BRDA:201,20,0,0
BRDA:201,20,1,0
BRDA:206,21,0,0
BRDA:206,21,1,0
BRDA:210,22,0,0
BRDA:210,22,1,0
BRDA:236,23,0,0
BRDA:236,23,1,0
BRDA:240,24,0,0
BRDA:240,24,1,0
BRDA:245,25,0,0
BRDA:245,25,1,0
BRDA:252,26,0,0
BRDA:252,26,1,0
BRDA:254,27,0,0
BRDA:254,27,1,0
BRDA:259,28,0,0
BRDA:259,28,1,0
BRDA:259,28,2,0
BRDA:270,29,0,0
BRDA:270,29,1,0
BRDA:271,30,0,0
BRDA:271,30,1,0
BRDA:283,31,0,0
BRDA:283,31,1,0
BRDA:283,32,0,0
BRDA:283,32,1,0
BRDA:283,33,0,0
BRDA:283,33,1,0
BRDA:290,34,0,0
BRDA:290,34,1,0
BRDA:290,34,2,0
BRDA:290,35,0,0
BRDA:290,35,1,0
BRDA:290,36,0,0
BRDA:290,36,1,0
BRDA:303,37,0,0
BRDA:303,37,1,0
BRDA:329,38,0,0
BRDA:329,38,1,0
BRDA:333,39,0,0
BRDA:333,39,1,0
BRDA:338,40,0,0
BRDA:338,40,1,0
BRDA:345,41,0,0
BRDA:345,41,1,0
BRDA:347,42,0,0
BRDA:347,42,1,0
BRDA:350,43,0,0
BRDA:350,43,1,0
BRDA:350,43,2,0
BRDA:356,44,0,0
BRDA:356,44,1,0
BRDA:374,45,0,0
BRDA:374,45,1,0
BRDA:375,46,0,0
BRDA:375,46,1,0
BRDA:378,47,0,0
BRDA:378,47,1,0
BRDA:379,48,0,0
BRDA:379,48,1,0
BRDA:382,49,0,0
BRDA:382,49,1,0
BRDA:383,50,0,0
BRDA:383,50,1,0
BRDA:386,51,0,0
BRDA:386,51,1,0
BRDA:387,52,0,0
BRDA:387,52,1,0
BRDA:400,53,0,0
BRDA:400,53,1,0
BRF:111
BRH:0
end_of_record
TN:
SF:src/hooks/use-mobile.ts
FN:5,useIsMobile
FN:8,(anonymous_1)
FN:10,(anonymous_2)
FN:15,(anonymous_3)
FNF:4
FNH:0
FNDA:0,useIsMobile
FNDA:0,(anonymous_1)
FNDA:0,(anonymous_2)
FNDA:0,(anonymous_3)
DA:1,0
DA:3,0
DA:5,0
DA:6,0
DA:8,0
DA:9,0
DA:10,0
DA:11,0
DA:13,0
DA:14,0
DA:15,0
DA:18,0
LF:12
LH:0
BRF:0
BRH:0
end_of_record
TN:
SF:src/hooks/useAccessibilityPreferences.ts
FN:15,useAccessibilityPreferences
FN:16,(anonymous_1)
FN:19,(anonymous_2)
FN:23,(anonymous_3)
FN:26,(anonymous_4)
FN:34,(anonymous_5)
FN:38,(anonymous_6)
FN:42,(anonymous_7)
FN:58,useReducedMotion
FN:63,useHighContrast
FN:68,useDarkMode
FN:73,useScreenReader
FN:78,useTouchDevice
FN:83,useFontScale
FN:97,useAccessibleAnimation
FN:100,(anonymous_15)
FN:132,useAccessibleTouch
FN:135,(anonymous_17)
FN:141,(anonymous_18)
FN:158,useAccessibleFocus
FN:161,(anonymous_20)
FN:178,useAccessibleColors
FN:181,(anonymous_22)
FN:187,(anonymous_23)
FNF:24
FNH:0
FNDA:0,useAccessibilityPreferences
FNDA:0,(anonymous_1)
FNDA:0,(anonymous_2)
FNDA:0,(anonymous_3)
FNDA:0,(anonymous_4)
FNDA:0,(anonymous_5)
FNDA:0,(anonymous_6)
FNDA:0,(anonymous_7)
FNDA:0,useReducedMotion
FNDA:0,useHighContrast
FNDA:0,useDarkMode
FNDA:0,useScreenReader
FNDA:0,useTouchDevice
FNDA:0,useFontScale
FNDA:0,useAccessibleAnimation
FNDA:0,(anonymous_15)
FNDA:0,useAccessibleTouch
FNDA:0,(anonymous_17)
FNDA:0,(anonymous_18)
FNDA:0,useAccessibleFocus
FNDA:0,(anonymous_20)
FNDA:0,useAccessibleColors
FNDA:0,(anonymous_22)
FNDA:0,(anonymous_23)
DA:6,0
DA:7,0
DA:15,0
DA:16,0
DA:17,0
DA:19,0
DA:20,0
DA:23,0
DA:24,0
DA:26,0
DA:27,0
DA:28,0
DA:31,0
DA:34,0
DA:35,0
DA:38,0
DA:39,0
DA:42,0
DA:43,0
DA:46,0
DA:58,0
DA:59,0
DA:60,0
DA:63,0
DA:64,0
DA:65,0
DA:68,0
DA:69,0
DA:70,0
DA:73,0
DA:74,0
DA:75,0
DA:78,0
DA:79,0
DA:80,0
DA:83,0
DA:84,0
DA:85,0
DA:91,0
DA:97,0
DA:98,0
DA:100,0
DA:105,0
DA:106,0
DA:113,0
DA:120,0
DA:122,0
DA:132,0
DA:133,0
DA:135,0
DA:141,0
DA:142,0
DA:143,0
DA:147,0
DA:158,0
DA:159,0
DA:161,0
DA:168,0
DA:178,0
DA:179,0
DA:181,0
DA:187,0
DA:188,0
DA:191,0
DA:200,0
DA:203,0
DA:211,0
LF:67
LH:0
BRDA:60,0,0,0
BRDA:60,0,1,0
BRDA:65,1,0,0
BRDA:65,1,1,0
BRDA:70,2,0,0
BRDA:70,2,1,0
BRDA:100,3,0,0
BRDA:105,4,0,0
BRDA:105,4,1,0
BRDA:114,5,0,0
BRDA:114,5,1,0
BRDA:114,6,0,0
BRDA:114,6,1,0
BRDA:115,7,0,0
BRDA:115,7,1,0
BRDA:115,8,0,0
BRDA:115,8,1,0
BRDA:116,9,0,0
BRDA:116,9,1,0
BRDA:116,10,0,0
BRDA:116,10,1,0
BRDA:136,11,0,0
BRDA:136,11,1,0
BRDA:142,12,0,0
BRDA:142,12,1,0
BRDA:142,13,0,0
BRDA:142,13,1,0
BRDA:187,14,0,0
BRDA:188,15,0,0
BRDA:188,15,1,0
BRDA:200,16,0,0
BRDA:200,16,1,0
BRF:32
BRH:0
end_of_record
TN:
SF:src/hooks/useDynamicFocus.ts
FN:26,useDynamicFocus
FN:43,(anonymous_1)
FN:70,(anonymous_2)
FN:85,(anonymous_3)
FN:105,(anonymous_4)
FN:112,(anonymous_5)
FN:132,(anonymous_6)
FN:140,(anonymous_7)
FN:152,(anonymous_8)
FN:182,(anonymous_9)
FN:203,(anonymous_10)
FN:214,(anonymous_11)
FN:221,(anonymous_12)
FN:228,(anonymous_13)
FN:246,(anonymous_14)
FN:255,(anonymous_15)
FN:274,(anonymous_16)
FN:288,(anonymous_17)
FN:296,(anonymous_18)
FN:309,(anonymous_19)
FNF:20
FNH:0
FNDA:0,useDynamicFocus
FNDA:0,(anonymous_1)
FNDA:0,(anonymous_2)
FNDA:0,(anonymous_3)
FNDA:0,(anonymous_4)
FNDA:0,(anonymous_5)
FNDA:0,(anonymous_6)
FNDA:0,(anonymous_7)
FNDA:0,(anonymous_8)
FNDA:0,(anonymous_9)
FNDA:0,(anonymous_10)
FNDA:0,(anonymous_11)
FNDA:0,(anonymous_12)
FNDA:0,(anonymous_13)
FNDA:0,(anonymous_14)
FNDA:0,(anonymous_15)
FNDA:0,(anonymous_16)
FNDA:0,(anonymous_17)
FNDA:0,(anonymous_18)
FNDA:0,(anonymous_19)
DA:6,0
DA:26,0
DA:33,0
DA:35,0
DA:36,0
DA:37,0
DA:38,0
DA:43,0
DA:44,0
DA:45,0
DA:46,0
DA:47,0
DA:48,0
DA:49,0
DA:50,0
DA:62,0
DA:63,0
DA:70,0
DA:71,0
DA:72,0
DA:73,0
DA:76,0
DA:77,0
DA:78,0
DA:85,0
DA:86,0
DA:88,0
DA:90,0
DA:93,0
DA:94,0
DA:97,0
DA:99,0
DA:101,0
DA:102,0
DA:105,0
DA:106,0
DA:107,0
DA:108,0
DA:110,0
DA:112,0
DA:113,0
DA:114,0
DA:119,0
DA:123,0
DA:124,0
DA:129,0
DA:131,0
DA:132,0
DA:133,0
DA:134,0
DA:139,0
DA:140,0
DA:141,0
DA:142,0
DA:152,0
DA:153,0
DA:155,0
DA:157,0
DA:159,0
DA:161,0
DA:162,0
DA:164,0
DA:165,0
DA:167,0
DA:168,0
DA:172,0
DA:173,0
DA:177,0
DA:179,0
DA:182,0
DA:183,0
DA:184,0
DA:186,0
DA:187,0
DA:188,0
DA:191,0
DA:193,0
DA:203,0
DA:204,0
DA:205,0
DA:207,0
DA:214,0
DA:215,0
DA:221,0
DA:222,0
DA:228,0
DA:229,0
DA:234,0
DA:235,0
DA:236,0
DA:239,0
DA:240,0
DA:243,0
DA:246,0
DA:247,0
DA:255,0
DA:256,0
DA:265,0
DA:269,0
DA:271,0
DA:272,0
DA:274,0
DA:275,0
DA:277,0
DA:278,0
DA:279,0
DA:280,0
DA:281,0
DA:282,0
DA:286,0
DA:288,0
DA:289,0
DA:296,0
DA:297,0
DA:298,0
DA:299,0
DA:301,0
DA:309,0
DA:310,0
DA:311,0
DA:314,0
DA:327,0
LF:122
LH:0
BRDA:26,0,0,0
BRDA:28,1,0,0
BRDA:29,2,0,0
BRDA:30,3,0,0
BRDA:31,4,0,0
BRDA:32,5,0,0
BRDA:44,6,0,0
BRDA:44,6,1,0
BRDA:44,7,0,0
BRDA:44,7,1,0
BRDA:71,8,0,0
BRDA:71,8,1,0
BRDA:71,9,0,0
BRDA:71,9,1,0
BRDA:76,10,0,0
BRDA:76,10,1,0
BRDA:86,11,0,0
BRDA:86,11,1,0
BRDA:86,12,0,0
BRDA:86,12,1,0
BRDA:90,13,0,0
BRDA:90,13,1,0
BRDA:93,14,0,0
BRDA:93,14,1,0
BRDA:93,15,0,0
BRDA:93,15,1,0
BRDA:97,16,0,0
BRDA:97,16,1,0
BRDA:101,17,0,0
BRDA:101,17,1,0
BRDA:106,18,0,0
BRDA:106,18,1,0
BRDA:106,19,0,0
BRDA:106,19,1,0
BRDA:110,20,0,0
BRDA:110,20,1,0
BRDA:113,21,0,0
BRDA:113,21,1,0
BRDA:123,22,0,0
BRDA:123,22,1,0
BRDA:123,23,0,0
BRDA:123,23,1,0
BRDA:123,23,2,0
BRDA:131,24,0,0
BRDA:131,24,1,0
BRDA:133,25,0,0
BRDA:133,25,1,0
BRDA:139,26,0,0
BRDA:139,26,1,0
BRDA:139,27,0,0
BRDA:139,27,1,0
BRDA:141,28,0,0
BRDA:141,28,1,0
BRDA:155,29,0,0
BRDA:155,29,1,0
BRDA:159,30,0,0
BRDA:159,30,1,0
BRDA:159,30,2,0
BRDA:161,31,0,0
BRDA:161,31,1,0
BRDA:164,32,0,0
BRDA:164,32,1,0
BRDA:167,33,0,0
BRDA:167,33,1,0
BRDA:172,34,0,0
BRDA:172,34,1,0
BRDA:177,35,0,0
BRDA:177,35,1,0
BRDA:177,36,0,0
BRDA:177,36,1,0
BRDA:177,37,0,0
BRDA:177,37,1,0
BRDA:177,38,0,0
BRDA:177,38,1,0
BRDA:183,39,0,0
BRDA:183,39,1,0
BRDA:183,40,0,0
BRDA:183,40,1,0
BRDA:186,41,0,0
BRDA:186,41,1,0
BRDA:186,42,0,0
BRDA:186,42,1,0
BRDA:203,43,0,0
BRDA:203,44,0,0
BRDA:204,45,0,0
BRDA:204,45,1,0
BRDA:229,46,0,0
BRDA:229,46,1,0
BRDA:229,46,2,0
BRDA:229,46,3,0
BRDA:234,47,0,0
BRDA:234,47,1,0
BRDA:235,48,0,0
BRDA:235,48,1,0
BRDA:239,49,0,0
BRDA:239,49,1,0
BRDA:269,50,0,0
BRDA:269,50,1,0
BRDA:275,51,0,0
BRDA:275,51,1,0
BRDA:277,52,0,0
BRDA:277,52,1,0
BRDA:277,53,0,0
BRDA:277,53,1,0
BRDA:280,54,0,0
BRDA:280,54,1,0
BRDA:280,55,0,0
BRDA:280,55,1,0
BRDA:297,56,0,0
BRDA:297,56,1,0
BRDA:297,57,0,0
BRDA:297,57,1,0
BRF:112
BRH:0
end_of_record
TN:
SF:src/hooks/useFocusRestoration.ts
FN:18,useFocusRestoration
FN:32,(anonymous_1)
FN:65,(anonymous_2)
FN:96,(anonymous_3)
FN:113,(anonymous_4)
FN:144,(anonymous_5)
FN:179,(anonymous_6)
FN:187,(anonymous_7)
FN:197,(anonymous_8)
FN:224,(anonymous_9)
FN:226,(anonymous_10)
FNF:11
FNH:0
FNDA:0,useFocusRestoration
FNDA:0,(anonymous_1)
FNDA:0,(anonymous_2)
FNDA:0,(anonymous_3)
FNDA:0,(anonymous_4)
FNDA:0,(anonymous_5)
FNDA:0,(anonymous_6)
FNDA:0,(anonymous_7)
FNDA:0,(anonymous_8)
FNDA:0,(anonymous_9)
FNDA:0,(anonymous_10)
DA:6,0
DA:18,0
DA:24,0
DA:26,0
DA:27,0
DA:32,0
DA:33,0
DA:34,0
DA:38,0
DA:39,0
DA:44,0
DA:47,0
DA:51,0
DA:54,0
DA:55,0
DA:56,0
DA:59,0
DA:65,0
DA:67,0
DA:68,0
DA:72,0
DA:73,0
DA:77,0
DA:79,0
DA:80,0
DA:81,0
DA:86,0
DA:87,0
DA:90,0
DA:96,0
DA:97,0
DA:99,0
DA:100,0
DA:103,0
DA:104,0
DA:105,0
DA:113,0
DA:114,0
DA:117,0
DA:118,0
DA:119,0
DA:121,0
DA:122,0
DA:127,0
DA:128,0
DA:129,0
DA:130,0
DA:141,0
DA:143,0
DA:144,0
DA:145,0
DA:146,0
DA:151,0
DA:153,0
DA:158,0
DA:159,0
DA:160,0
DA:161,0
DA:163,0
DA:164,0
DA:167,0
DA:169,0
DA:173,0
DA:179,0
DA:180,0
DA:181,0
DA:187,0
DA:188,0
DA:189,0
DA:191,0
DA:197,0
DA:198,0
DA:199,0
DA:200,0
DA:201,0
DA:203,0
DA:208,0
DA:209,0
DA:210,0
DA:211,0
DA:212,0
DA:214,0
DA:218,0
DA:224,0
DA:225,0
DA:226,0
DA:227,0
DA:228,0
DA:229,0
DA:231,0
DA:233,0
DA:234,0
DA:235,0
DA:236,0
DA:238,0
DA:246,0
DA:258,0
LF:97
LH:0
BRDA:18,0,0,0
BRDA:20,1,0,0
BRDA:22,2,0,0
BRDA:23,3,0,0
BRDA:33,4,0,0
BRDA:33,4,1,0
BRDA:33,5,0,0
BRDA:33,5,1,0
BRDA:39,6,0,0
BRDA:39,6,1,0
BRDA:39,6,2,0
BRDA:39,6,3,0
BRDA:44,7,0,0
BRDA:44,7,1,0
BRDA:47,8,0,0
BRDA:47,8,1,0
BRDA:47,8,2,0
BRDA:51,9,0,0
BRDA:51,9,1,0
BRDA:55,10,0,0
BRDA:55,10,1,0
BRDA:55,11,0,0
BRDA:55,11,1,0
BRDA:67,12,0,0
BRDA:67,12,1,0
BRDA:67,13,0,0
BRDA:67,13,1,0
BRDA:72,14,0,0
BRDA:72,14,1,0
BRDA:72,15,0,0
BRDA:72,15,1,0
BRDA:80,16,0,0
BRDA:80,16,1,0
BRDA:86,17,0,0
BRDA:86,17,1,0
BRDA:86,18,0,0
BRDA:86,18,1,0
BRDA:97,19,0,0
BRDA:97,19,1,0
BRDA:99,20,0,0
BRDA:99,20,1,0
BRDA:99,21,0,0
BRDA:99,21,1,0
BRDA:104,22,0,0
BRDA:104,22,1,0
BRDA:104,23,0,0
BRDA:104,23,1,0
BRDA:114,24,0,0
BRDA:114,24,1,0
BRDA:117,25,0,0
BRDA:117,25,1,0
BRDA:117,26,0,0
BRDA:117,26,1,0
BRDA:121,27,0,0
BRDA:121,27,1,0
BRDA:122,28,0,0
BRDA:122,28,1,0
BRDA:122,28,2,0
BRDA:145,29,0,0
BRDA:145,29,1,0
BRDA:159,30,0,0
BRDA:159,30,1,0
BRDA:163,31,0,0
BRDA:163,31,1,0
BRDA:188,32,0,0
BRDA:188,32,1,0
BRDA:188,33,0,0
BRDA:188,33,1,0
BRDA:198,34,0,0
BRDA:198,34,1,0
BRDA:198,35,0,0
BRDA:198,35,1,0
BRDA:209,36,0,0
BRDA:209,36,1,0
BRDA:227,37,0,0
BRDA:227,37,1,0
BRDA:227,38,0,0
BRDA:227,38,1,0
BRDA:234,39,0,0
BRDA:234,39,1,0
BRF:80
BRH:0
end_of_record
TN:
SF:src/hooks/useFocusTrap.ts
FN:28,useFocusTrap
FN:48,(anonymous_1)
FN:69,(anonymous_2)
FN:82,(anonymous_3)
FN:86,(anonymous_4)
FN:108,(anonymous_5)
FN:130,(anonymous_6)
FN:145,(anonymous_7)
FN:196,(anonymous_8)
FN:219,(anonymous_9)
FN:224,(anonymous_10)
FN:243,(anonymous_11)
FN:254,(anonymous_12)
FN:262,(anonymous_13)
FN:283,(anonymous_14)
FN:293,(anonymous_15)
FN:308,(anonymous_16)
FN:318,(anonymous_17)
FN:345,(anonymous_18)
FN:372,(anonymous_19)
FN:385,(anonymous_20)
FN:386,(anonymous_21)
FN:397,(anonymous_22)
FNF:23
FNH:0
FNDA:0,useFocusTrap
FNDA:0,(anonymous_1)
FNDA:0,(anonymous_2)
FNDA:0,(anonymous_3)
FNDA:0,(anonymous_4)
FNDA:0,(anonymous_5)
FNDA:0,(anonymous_6)
FNDA:0,(anonymous_7)
FNDA:0,(anonymous_8)
FNDA:0,(anonymous_9)
FNDA:0,(anonymous_10)
FNDA:0,(anonymous_11)
FNDA:0,(anonymous_12)
FNDA:0,(anonymous_13)
FNDA:0,(anonymous_14)
FNDA:0,(anonymous_15)
FNDA:0,(anonymous_16)
FNDA:0,(anonymous_17)
FNDA:0,(anonymous_18)
FNDA:0,(anonymous_19)
FNDA:0,(anonymous_20)
FNDA:0,(anonymous_21)
FNDA:0,(anonymous_22)
DA:6,0
DA:28,0
DA:39,0
DA:40,0
DA:41,0
DA:42,0
DA:43,0
DA:48,0
DA:49,0
DA:66,0
DA:68,0
DA:71,0
DA:72,0
DA:77,0
DA:80,0
DA:82,0
DA:88,0
DA:89,0
DA:90,0
DA:91,0
DA:95,0
DA:108,0
DA:109,0
DA:112,0
DA:113,0
DA:114,0
DA:117,0
DA:119,0
DA:120,0
DA:123,0
DA:130,0
DA:131,0
DA:133,0
DA:135,0
DA:136,0
DA:138,0
DA:145,0
DA:146,0
DA:149,0
DA:150,0
DA:151,0
DA:152,0
DA:153,0
DA:157,0
DA:159,0
DA:161,0
DA:163,0
DA:164,0
DA:167,0
DA:168,0
DA:169,0
DA:172,0
DA:173,0
DA:174,0
DA:175,0
DA:179,0
DA:180,0
DA:181,0
DA:182,0
DA:186,0
DA:187,0
DA:188,0
DA:189,0
DA:196,0
DA:197,0
DA:199,0
DA:202,0
DA:203,0
DA:204,0
DA:207,0
DA:208,0
DA:209,0
DA:211,0
DA:219,0
DA:220,0
DA:223,0
DA:224,0
DA:227,0
DA:228,0
DA:229,0
DA:230,0
DA:231,0
DA:243,0
DA:244,0
DA:245,0
DA:248,0
DA:249,0
DA:250,0
DA:251,0
DA:252,0
DA:254,0
DA:255,0
DA:256,0
DA:262,0
DA:263,0
DA:264,0
DA:265,0
DA:266,0
DA:267,0
DA:278,0
DA:280,0
DA:283,0
DA:284,0
DA:285,0
DA:293,0
DA:294,0
DA:297,0
DA:300,0
DA:303,0
DA:304,0
DA:305,0
DA:308,0
DA:309,0
DA:310,0
DA:313,0
DA:314,0
DA:318,0
DA:320,0
DA:321,0
DA:322,0
DA:325,0
DA:326,0
DA:328,0
DA:329,0
DA:345,0
DA:346,0
DA:348,0
DA:350,0
DA:352,0
DA:353,0
DA:355,0
DA:358,0
DA:359,0
DA:364,0
DA:365,0
DA:372,0
DA:373,0
DA:374,0
DA:375,0
DA:377,0
DA:378,0
DA:385,0
DA:386,0
DA:387,0
DA:388,0
DA:393,0
DA:397,0
DA:401,0
LF:148
LH:0
BRDA:30,0,0,0
BRDA:31,1,0,0
BRDA:32,2,0,0
BRDA:72,3,0,0
BRDA:72,3,1,0
BRDA:72,3,2,0
BRDA:72,3,3,0
BRDA:77,4,0,0
BRDA:77,4,1,0
BRDA:80,5,0,0
BRDA:80,5,1,0
BRDA:84,6,0,0
BRDA:84,6,1,0
BRDA:88,7,0,0
BRDA:88,7,1,0
BRDA:89,8,0,0
BRDA:89,8,1,0
BRDA:90,9,0,0
BRDA:90,9,1,0
BRDA:96,10,0,0
BRDA:96,10,1,0
BRDA:96,11,0,0
BRDA:96,11,1,0
BRDA:96,12,0,0
BRDA:96,12,1,0
BRDA:99,13,0,0
BRDA:99,13,1,0
BRDA:99,14,0,0
BRDA:99,14,1,0
BRDA:99,15,0,0
BRDA:99,15,1,0
BRDA:109,16,0,0
BRDA:109,16,1,0
BRDA:112,17,0,0
BRDA:112,17,1,0
BRDA:112,18,0,0
BRDA:112,18,1,0
BRDA:112,19,0,0
BRDA:112,19,1,0
BRDA:119,20,0,0
BRDA:119,20,1,0
BRDA:131,21,0,0
BRDA:131,21,1,0
BRDA:135,22,0,0
BRDA:135,22,1,0
BRDA:146,23,0,0
BRDA:146,23,1,0
BRDA:146,24,0,0
BRDA:146,24,1,0
BRDA:149,25,0,0
BRDA:149,25,1,0
BRDA:149,26,0,0
BRDA:149,26,1,0
BRDA:157,27,0,0
BRDA:157,27,1,0
BRDA:161,28,0,0
BRDA:161,28,1,0
BRDA:172,29,0,0
BRDA:172,29,1,0
BRDA:172,30,0,0
BRDA:172,30,1,0
BRDA:179,31,0,0
BRDA:179,31,1,0
BRDA:179,32,0,0
BRDA:179,32,1,0
BRDA:186,33,0,0
BRDA:186,33,1,0
BRDA:186,34,0,0
BRDA:186,34,1,0
BRDA:197,35,0,0
BRDA:197,35,1,0
BRDA:197,36,0,0
BRDA:197,36,1,0
BRDA:197,36,2,0
BRDA:202,37,0,0
BRDA:202,37,1,0
BRDA:208,38,0,0
BRDA:208,38,1,0
BRDA:220,39,0,0
BRDA:220,39,1,0
BRDA:284,40,0,0
BRDA:284,40,1,0
BRDA:294,41,0,0
BRDA:294,41,1,0
BRDA:294,42,0,0
BRDA:294,42,1,0
BRDA:313,43,0,0
BRDA:313,43,1,0
BRDA:325,44,0,0
BRDA:325,44,1,0
BRDA:325,45,0,0
BRDA:325,45,1,0
BRDA:325,46,0,0
BRDA:325,46,1,0
BRDA:328,47,0,0
BRDA:328,47,1,0
BRDA:328,48,0,0
BRDA:328,48,1,0
BRDA:328,49,0,0
BRDA:328,49,1,0
BRDA:346,50,0,0
BRDA:346,50,1,0
BRDA:348,51,0,0
BRDA:348,51,1,0
BRDA:348,52,0,0
BRDA:348,52,1,0
BRDA:348,53,0,0
BRDA:348,53,1,0
BRDA:350,54,0,0
BRDA:350,54,1,0
BRDA:350,55,0,0
BRDA:350,55,1,0
BRDA:353,56,0,0
BRDA:353,56,1,0
BRDA:355,57,0,0
BRDA:355,57,1,0
BRDA:358,58,0,0
BRDA:358,58,1,0
BRDA:358,59,0,0
BRDA:358,59,1,0
BRDA:364,60,0,0
BRDA:364,60,1,0
BRDA:373,61,0,0
BRDA:373,61,1,0
BRDA:375,62,0,0
BRDA:375,62,1,0
BRDA:387,63,0,0
BRDA:387,63,1,0
BRDA:397,64,0,0
BRDA:397,64,1,0
BRF:130
BRH:0
end_of_record
TN:
SF:src/hooks/useFormAnnouncements.ts
FN:14,useFormAnnouncements
FN:20,(anonymous_1)
FN:37,(anonymous_2)
FN:46,(anonymous_3)
FN:92,(anonymous_4)
FN:108,(anonymous_5)
FN:119,(anonymous_6)
FN:128,(anonymous_7)
FN:142,(anonymous_8)
FN:152,(anonymous_9)
FN:161,(anonymous_10)
FN:171,(anonymous_11)
FN:181,(anonymous_12)
FN:202,(anonymous_13)
FN:214,(anonymous_14)
FN:215,(anonymous_15)
FNF:16
FNH:0
FNDA:0,useFormAnnouncements
FNDA:0,(anonymous_1)
FNDA:0,(anonymous_2)
FNDA:0,(anonymous_3)
FNDA:0,(anonymous_4)
FNDA:0,(anonymous_5)
FNDA:0,(anonymous_6)
FNDA:0,(anonymous_7)
FNDA:0,(anonymous_8)
FNDA:0,(anonymous_9)
FNDA:0,(anonymous_10)
FNDA:0,(anonymous_11)
FNDA:0,(anonymous_12)
FNDA:0,(anonymous_13)
FNDA:0,(anonymous_14)
FNDA:0,(anonymous_15)
DA:2,0
DA:3,0
DA:5,0
DA:14,0
DA:15,0
DA:16,0
DA:17,0
DA:20,0
DA:21,0
DA:24,0
DA:25,0
DA:29,0
DA:30,0
DA:33,0
DA:36,0
DA:37,0
DA:38,0
DA:42,0
DA:46,0
DA:47,0
DA:49,0
DA:51,0
DA:52,0
DA:53,0
DA:55,0
DA:56,0
DA:58,0
DA:59,0
DA:60,0
DA:66,0
DA:68,0
DA:69,0
DA:71,0
DA:72,0
DA:73,0
DA:74,0
DA:75,0
DA:77,0
DA:80,0
DA:84,0
DA:92,0
DA:93,0
DA:94,0
DA:100,0
DA:108,0
DA:109,0
DA:111,0
DA:119,0
DA:120,0
DA:121,0
DA:123,0
DA:125,0
DA:126,0
DA:128,0
DA:129,0
DA:132,0
DA:134,0
DA:142,0
DA:143,0
DA:144,0
DA:152,0
DA:153,0
DA:161,0
DA:162,0
DA:163,0
DA:171,0
DA:172,0
DA:173,0
DA:181,0
DA:182,0
DA:183,0
DA:184,0
DA:186,0
DA:187,0
DA:188,0
DA:193,0
DA:197,0
DA:202,0
DA:203,0
DA:204,0
DA:206,0
DA:214,0
DA:215,0
DA:216,0
DA:217,0
DA:222,0
DA:236,0
LF:87
LH:0
BRDA:20,0,0,0
BRDA:21,1,0,0
BRDA:24,2,0,0
BRDA:24,2,1,0
BRDA:33,3,0,0
BRDA:33,3,1,0
BRDA:36,4,0,0
BRDA:36,4,1,0
BRDA:36,5,0,0
BRDA:36,5,1,0
BRDA:49,6,0,0
BRDA:49,6,1,0
BRDA:49,6,2,0
BRDA:49,6,3,0
BRDA:49,6,4,0
BRDA:55,7,0,0
BRDA:55,7,1,0
BRDA:58,8,0,0
BRDA:58,8,1,0
BRDA:60,9,0,0
BRDA:60,9,1,0
BRDA:62,10,0,0
BRDA:62,10,1,0
BRDA:71,11,0,0
BRDA:71,11,1,0
BRDA:72,12,0,0
BRDA:72,12,1,0
BRDA:74,13,0,0
BRDA:74,13,1,0
BRDA:93,14,0,0
BRDA:93,14,1,0
BRDA:94,15,0,0
BRDA:94,15,1,0
BRDA:96,16,0,0
BRDA:96,16,1,0
BRDA:123,17,0,0
BRDA:123,17,1,0
BRDA:125,18,0,0
BRDA:125,18,1,0
BRDA:142,19,0,0
BRDA:143,20,0,0
BRDA:143,20,1,0
BRDA:152,21,0,0
BRDA:162,22,0,0
BRDA:162,22,1,0
BRDA:171,23,0,0
BRDA:172,24,0,0
BRDA:172,24,1,0
BRDA:182,25,0,0
BRDA:182,25,1,0
BRDA:182,26,0,0
BRDA:182,26,1,0
BRDA:184,27,0,0
BRDA:184,27,1,0
BRDA:187,28,0,0
BRDA:187,28,1,0
BRDA:203,29,0,0
BRDA:203,29,1,0
BRDA:204,30,0,0
BRDA:204,30,1,0
BRDA:216,31,0,0
BRDA:216,31,1,0
BRF:62
BRH:0
end_of_record
TN:
SF:src/hooks/useKeyboardNavigation.ts
FN:28,useKeyboardNavigation
FN:29,(anonymous_1)
FN:30,(anonymous_2)
FN:33,(anonymous_3)
FN:36,(anonymous_4)
FN:43,(anonymous_5)
FN:57,(anonymous_6)
FN:58,(anonymous_7)
FN:69,(anonymous_8)
FN:76,(anonymous_9)
FN:81,(anonymous_10)
FN:86,(anonymous_11)
FN:105,useKeyboardNavigationEvents
FN:108,(anonymous_13)
FN:113,(anonymous_14)
FN:118,(anonymous_15)
FN:123,(anonymous_16)
FN:128,(anonymous_17)
FN:137,(anonymous_18)
FN:149,useKeyboardFocusTrap
FN:152,(anonymous_20)
FN:169,(anonymous_21)
FN:171,(anonymous_22)
FN:177,(anonymous_23)
FN:209,(anonymous_24)
FN:218,useRovingFocus
FN:224,(anonymous_26)
FN:234,(anonymous_27)
FN:240,(anonymous_28)
FN:297,(anonymous_29)
FNF:30
FNH:0
FNDA:0,useKeyboardNavigation
FNDA:0,(anonymous_1)
FNDA:0,(anonymous_2)
FNDA:0,(anonymous_3)
FNDA:0,(anonymous_4)
FNDA:0,(anonymous_5)
FNDA:0,(anonymous_6)
FNDA:0,(anonymous_7)
FNDA:0,(anonymous_8)
FNDA:0,(anonymous_9)
FNDA:0,(anonymous_10)
FNDA:0,(anonymous_11)
FNDA:0,useKeyboardNavigationEvents
FNDA:0,(anonymous_13)
FNDA:0,(anonymous_14)
FNDA:0,(anonymous_15)
FNDA:0,(anonymous_16)
FNDA:0,(anonymous_17)
FNDA:0,(anonymous_18)
FNDA:0,useKeyboardFocusTrap
FNDA:0,(anonymous_20)
FNDA:0,(anonymous_21)
FNDA:0,(anonymous_22)
FNDA:0,(anonymous_23)
FNDA:0,(anonymous_24)
FNDA:0,useRovingFocus
FNDA:0,(anonymous_26)
FNDA:0,(anonymous_27)
FNDA:0,(anonymous_28)
FNDA:0,(anonymous_29)
DA:6,0
DA:7,0
DA:8,0
DA:28,0
DA:29,0
DA:30,0
DA:31,0
DA:33,0
DA:34,0
DA:36,0
DA:37,0
DA:40,0
DA:43,0
DA:44,0
DA:45,0
DA:46,0
DA:57,0
DA:58,0
DA:59,0
DA:60,0
DA:61,0
DA:65,0
DA:66,0
DA:67,0
DA:69,0
DA:70,0
DA:71,0
DA:72,0
DA:76,0
DA:77,0
DA:78,0
DA:81,0
DA:82,0
DA:83,0
DA:86,0
DA:87,0
DA:88,0
DA:89,0
DA:92,0
DA:105,0
DA:106,0
DA:108,0
DA:109,0
DA:110,0
DA:113,0
DA:114,0
DA:115,0
DA:118,0
DA:119,0
DA:120,0
DA:123,0
DA:124,0
DA:125,0
DA:128,0
DA:129,0
DA:132,0
DA:133,0
DA:134,0
DA:135,0
DA:137,0
DA:138,0
DA:139,0
DA:140,0
DA:141,0
DA:149,0
DA:150,0
DA:152,0
DA:153,0
DA:154,0
DA:157,0
DA:158,0
DA:169,0
DA:170,0
DA:172,0
DA:173,0
DA:177,0
DA:178,0
DA:180,0
DA:181,0
DA:183,0
DA:184,0
DA:186,0
DA:188,0
DA:189,0
DA:190,0
DA:194,0
DA:195,0
DA:196,0
DA:202,0
DA:203,0
DA:204,0
DA:207,0
DA:209,0
DA:210,0
DA:218,0
DA:222,0
DA:224,0
DA:225,0
DA:226,0
DA:229,0
DA:232,0
DA:234,0
DA:235,0
DA:236,0
DA:238,0
DA:241,0
DA:242,0
DA:245,0
DA:246,0
DA:248,0
DA:250,0
DA:251,0
DA:253,0
DA:254,0
DA:255,0
DA:257,0
DA:258,0
DA:259,0
DA:261,0
DA:262,0
DA:263,0
DA:265,0
DA:266,0
DA:267,0
DA:270,0
DA:272,0
DA:273,0
DA:274,0
DA:276,0
DA:277,0
DA:278,0
DA:280,0
DA:281,0
DA:282,0
DA:284,0
DA:285,0
DA:286,0
DA:290,0
DA:291,0
DA:295,0
DA:297,0
DA:298,0
DA:299,0
DA:304,0
LF:144
LH:0
BRDA:109,0,0,0
BRDA:109,0,1,0
BRDA:149,1,0,0
BRDA:153,2,0,0
BRDA:153,2,1,0
BRDA:153,3,0,0
BRDA:153,3,1,0
BRDA:153,3,2,0
BRDA:173,4,0,0
BRDA:173,4,1,0
BRDA:178,5,0,0
BRDA:178,5,1,0
BRDA:181,6,0,0
BRDA:181,6,1,0
BRDA:186,7,0,0
BRDA:186,7,1,0
BRDA:188,8,0,0
BRDA:188,8,1,0
BRDA:188,9,0,0
BRDA:188,9,1,0
BRDA:194,10,0,0
BRDA:194,10,1,0
BRDA:194,11,0,0
BRDA:194,11,1,0
BRDA:203,12,0,0
BRDA:203,12,1,0
BRDA:220,13,0,0
BRDA:225,14,0,0
BRDA:225,14,1,0
BRDA:225,15,0,0
BRDA:225,15,1,0
BRDA:236,16,0,0
BRDA:236,16,1,0
BRDA:242,17,0,0
BRDA:242,17,1,0
BRDA:246,18,0,0
BRDA:246,18,1,0
BRDA:250,19,0,0
BRDA:250,19,1,0
BRDA:251,20,0,0
BRDA:251,20,1,0
BRDA:251,20,2,0
BRDA:251,20,3,0
BRDA:270,21,0,0
BRDA:270,21,1,0
BRDA:270,21,2,0
BRDA:270,21,3,0
BRDA:290,22,0,0
BRDA:290,22,1,0
BRF:49
BRH:0
end_of_record
TN:
SF:src/hooks/useProfileAnnouncements.ts
FN:6,useProfileAnnouncements
FN:10,(anonymous_1)
FN:23,(anonymous_2)
FN:46,(anonymous_3)
FN:61,(anonymous_4)
FN:81,(anonymous_5)
FN:101,(anonymous_6)
FN:113,(anonymous_7)
FN:130,(anonymous_8)
FN:143,(anonymous_9)
FN:152,(anonymous_10)
FN:165,(anonymous_11)
FN:174,(anonymous_12)
FN:183,(anonymous_13)
FN:198,(anonymous_14)
FN:213,(anonymous_15)
FNF:16
FNH:0
FNDA:0,useProfileAnnouncements
FNDA:0,(anonymous_1)
FNDA:0,(anonymous_2)
FNDA:0,(anonymous_3)
FNDA:0,(anonymous_4)
FNDA:0,(anonymous_5)
FNDA:0,(anonymous_6)
FNDA:0,(anonymous_7)
FNDA:0,(anonymous_8)
FNDA:0,(anonymous_9)
FNDA:0,(anonymous_10)
FNDA:0,(anonymous_11)
FNDA:0,(anonymous_12)
FNDA:0,(anonymous_13)
FNDA:0,(anonymous_14)
FNDA:0,(anonymous_15)
DA:2,0
DA:3,0
DA:6,0
DA:7,0
DA:10,0
DA:11,0
DA:15,0
DA:23,0
DA:24,0
DA:26,0
DA:27,0
DA:28,0
DA:29,0
DA:30,0
DA:31,0
DA:34,0
DA:35,0
DA:38,0
DA:46,0
DA:47,0
DA:53,0
DA:61,0
DA:62,0
DA:71,0
DA:73,0
DA:81,0
DA:82,0
DA:83,0
DA:85,0
DA:86,0
DA:87,0
DA:88,0
DA:89,0
DA:91,0
DA:93,0
DA:101,0
DA:102,0
DA:103,0
DA:105,0
DA:113,0
DA:114,0
DA:115,0
DA:121,0
DA:130,0
DA:131,0
DA:135,0
DA:143,0
DA:144,0
DA:152,0
DA:153,0
DA:157,0
DA:165,0
DA:166,0
DA:174,0
DA:175,0
DA:183,0
DA:184,0
DA:190,0
DA:198,0
DA:199,0
DA:201,0
DA:202,0
DA:205,0
DA:213,0
DA:214,0
DA:218,0
DA:225,0
DA:244,0
LF:68
LH:0
BRDA:11,0,0,0
BRDA:11,0,1,0
BRDA:26,1,0,0
BRDA:26,1,1,0
BRDA:27,2,0,0
BRDA:27,2,1,0
BRDA:28,3,0,0
BRDA:28,3,1,0
BRDA:30,4,0,0
BRDA:30,4,1,0
BRDA:34,5,0,0
BRDA:34,5,1,0
BRDA:71,6,0,0
BRDA:71,6,1,0
BRDA:85,7,0,0
BRDA:85,7,1,0
BRDA:86,8,0,0
BRDA:86,8,1,0
BRDA:87,9,0,0
BRDA:87,9,1,0
BRDA:88,10,0,0
BRDA:88,10,1,0
BRDA:91,11,0,0
BRDA:91,11,1,0
BRDA:102,12,0,0
BRDA:102,12,1,0
BRDA:103,13,0,0
BRDA:103,13,1,0
BRDA:114,14,0,0
BRDA:114,14,1,0
BRDA:130,15,0,0
BRDA:131,16,0,0
BRDA:131,16,1,0
BRDA:152,17,0,0
BRDA:153,18,0,0
BRDA:153,18,1,0
BRDA:184,19,0,0
BRDA:184,19,1,0
BRDA:186,20,0,0
BRDA:186,20,1,0
BRDA:201,21,0,0
BRDA:201,21,1,0
BRDA:213,22,0,0
BRDA:214,23,0,0
BRDA:214,23,1,0
BRF:45
BRH:0
end_of_record
TN:
SF:src/hooks/useSettingsAnnouncements.ts
FN:14,useSettingsAnnouncements
FN:19,(anonymous_1)
FN:32,(anonymous_2)
FN:47,(anonymous_3)
FN:58,(anonymous_4)
FN:76,(anonymous_5)
FN:88,(anonymous_6)
FN:108,(anonymous_7)
FN:119,(anonymous_8)
FN:128,(anonymous_9)
FN:141,(anonymous_10)
FN:150,(anonymous_11)
FN:167,(anonymous_12)
FNF:13
FNH:0
FNDA:0,useSettingsAnnouncements
FNDA:0,(anonymous_1)
FNDA:0,(anonymous_2)
FNDA:0,(anonymous_3)
FNDA:0,(anonymous_4)
FNDA:0,(anonymous_5)
FNDA:0,(anonymous_6)
FNDA:0,(anonymous_7)
FNDA:0,(anonymous_8)
FNDA:0,(anonymous_9)
FNDA:0,(anonymous_10)
FNDA:0,(anonymous_11)
FNDA:0,(anonymous_12)
DA:2,0
DA:3,0
DA:5,0
DA:14,0
DA:15,0
DA:16,0
DA:19,0
DA:20,0
DA:24,0
DA:32,0
DA:33,0
DA:39,0
DA:47,0
DA:48,0
DA:50,0
DA:58,0
DA:59,0
DA:60,0
DA:68,0
DA:76,0
DA:77,0
DA:78,0
DA:80,0
DA:88,0
DA:90,0
DA:91,0
DA:93,0
DA:94,0
DA:95,0
DA:96,0
DA:97,0
DA:98,0
DA:100,0
DA:108,0
DA:109,0
DA:111,0
DA:119,0
DA:120,0
DA:128,0
DA:129,0
DA:133,0
DA:141,0
DA:142,0
DA:150,0
DA:151,0
DA:152,0
DA:158,0
DA:167,0
DA:168,0
DA:169,0
DA:176,0
DA:192,0
LF:52
LH:0
BRDA:20,0,0,0
BRDA:20,0,1,0
BRDA:58,1,0,0
BRDA:59,2,0,0
BRDA:59,2,1,0
BRDA:60,3,0,0
BRDA:60,3,1,0
BRDA:61,4,0,0
BRDA:61,4,1,0
BRDA:64,5,0,0
BRDA:64,5,1,0
BRDA:71,6,0,0
BRDA:71,6,1,0
BRDA:71,7,0,0
BRDA:71,7,1,0
BRDA:77,8,0,0
BRDA:77,8,1,0
BRDA:78,9,0,0
BRDA:78,9,1,0
BRDA:91,10,0,0
BRDA:91,10,1,0
BRDA:94,11,0,0
BRDA:94,11,1,0
BRDA:95,12,0,0
BRDA:95,12,1,0
BRDA:96,13,0,0
BRDA:96,13,1,0
BRDA:97,14,0,0
BRDA:97,14,1,0
BRDA:109,15,0,0
BRDA:109,15,1,0
BRDA:129,16,0,0
BRDA:129,16,1,0
BRDA:151,17,0,0
BRDA:151,17,1,0
BRDA:167,18,0,0
BRDA:168,19,0,0
BRDA:168,19,1,0
BRF:38
BRH:0
end_of_record
TN:
SF:src/services/accessibility-preferences.ts
FN:89,(anonymous_0)
FN:95,(anonymous_1)
FN:105,(anonymous_2)
FN:110,(anonymous_3)
FN:115,(anonymous_4)
FN:120,(anonymous_5)
FN:125,(anonymous_6)
FN:135,(anonymous_7)
FN:167,(anonymous_8)
FN:189,(anonymous_9)
FN:204,(anonymous_10)
FN:221,(anonymous_11)
FN:232,(anonymous_12)
FN:262,(anonymous_13)
FN:275,(anonymous_14)
FN:421,(anonymous_15)
FN:436,(anonymous_16)
FN:441,(anonymous_17)
FN:454,(anonymous_18)
FN:461,(anonymous_19)
FN:477,(anonymous_20)
FN:488,(anonymous_21)
FN:490,(anonymous_22)
FN:501,(anonymous_23)
FN:502,(anonymous_24)
FN:514,(anonymous_25)
FN:527,(anonymous_26)
FN:528,(anonymous_27)
FNF:28
FNH:0
FNDA:0,(anonymous_0)
FNDA:0,(anonymous_1)
FNDA:0,(anonymous_2)
FNDA:0,(anonymous_3)
FNDA:0,(anonymous_4)
FNDA:0,(anonymous_5)
FNDA:0,(anonymous_6)
FNDA:0,(anonymous_7)
FNDA:0,(anonymous_8)
FNDA:0,(anonymous_9)
FNDA:0,(anonymous_10)
FNDA:0,(anonymous_11)
FNDA:0,(anonymous_12)
FNDA:0,(anonymous_13)
FNDA:0,(anonymous_14)
FNDA:0,(anonymous_15)
FNDA:0,(anonymous_16)
FNDA:0,(anonymous_17)
FNDA:0,(anonymous_18)
FNDA:0,(anonymous_19)
FNDA:0,(anonymous_20)
FNDA:0,(anonymous_21)
FNDA:0,(anonymous_22)
FNDA:0,(anonymous_23)
FNDA:0,(anonymous_24)
FNDA:0,(anonymous_25)
FNDA:0,(anonymous_26)
FNDA:0,(anonymous_27)
DA:52,0
DA:53,0
DA:56,0
DA:90,0
DA:91,0
DA:92,0
DA:96,0
DA:97,0
DA:99,0
DA:107,0
DA:108,0
DA:109,0
DA:110,0
DA:113,0
DA:114,0
DA:115,0
DA:118,0
DA:119,0
DA:120,0
DA:123,0
DA:124,0
DA:125,0
DA:129,0
DA:137,0
DA:152,0
DA:154,0
DA:155,0
DA:168,0
DA:171,0
DA:172,0
DA:175,0
DA:176,0
DA:179,0
DA:180,0
DA:183,0
DA:190,0
DA:191,0
DA:193,0
DA:194,0
DA:195,0
DA:197,0
DA:205,0
DA:206,0
DA:207,0
DA:208,0
DA:209,0
DA:212,0
DA:215,0
DA:222,0
DA:223,0
DA:225,0
DA:233,0
DA:234,0
DA:237,0
DA:238,0
DA:239,0
DA:242,0
DA:243,0
DA:244,0
DA:245,0
DA:246,0
DA:247,0
DA:248,0
DA:249,0
DA:250,0
DA:253,0
DA:256,0
DA:263,0
DA:269,0
DA:276,0
DA:277,0
DA:280,0
DA:281,0
DA:283,0
DA:414,0
DA:415,0
DA:422,0
DA:423,0
DA:425,0
DA:426,0
DA:428,0
DA:437,0
DA:440,0
DA:441,0
DA:442,0
DA:444,0
DA:446,0
DA:447,0
DA:448,0
DA:455,0
DA:462,0
DA:478,0
DA:479,0
DA:480,0
DA:481,0
DA:482,0
DA:489,0
DA:490,0
DA:491,0
DA:492,0
DA:493,0
DA:502,0
DA:503,0
DA:504,0
DA:506,0
DA:516,0
DA:517,0
DA:528,0
DA:529,0
DA:531,0
DA:533,0
DA:534,0
DA:537,0
DA:541,0
LF:114
LH:0
BRDA:96,0,0,0
BRDA:96,0,1,0
BRDA:107,1,0,0
BRDA:107,1,1,0
BRDA:139,2,0,0
BRDA:139,2,1,0
BRDA:143,3,0,0
BRDA:143,3,1,0
BRDA:149,4,0,0
BRDA:149,4,1,0
BRDA:149,5,0,0
BRDA:149,5,1,0
BRDA:154,6,0,0
BRDA:154,6,1,0
BRDA:154,7,0,0
BRDA:154,7,1,0
BRDA:171,8,0,0
BRDA:171,8,1,0
BRDA:171,9,0,0
BRDA:171,9,1,0
BRDA:175,10,0,0
BRDA:175,10,1,0
BRDA:175,11,0,0
BRDA:175,11,1,0
BRDA:179,12,0,0
BRDA:179,12,1,0
BRDA:179,13,0,0
BRDA:179,13,1,0
BRDA:191,14,0,0
BRDA:191,14,1,0
BRDA:207,15,0,0
BRDA:207,15,1,0
BRDA:276,16,0,0
BRDA:276,16,1,0
BRDA:422,17,0,0
BRDA:422,17,1,0
BRDA:422,18,0,0
BRDA:422,18,1,0
BRDA:440,19,0,0
BRDA:440,19,1,0
BRDA:464,20,0,0
BRDA:464,20,1,0
BRDA:464,21,0,0
BRDA:464,21,1,0
BRDA:464,22,0,0
BRDA:464,22,1,0
BRDA:464,23,0,0
BRDA:464,23,1,0
BRDA:465,24,0,0
BRDA:465,24,1,0
BRDA:465,25,0,0
BRDA:465,25,1,0
BRDA:465,26,0,0
BRDA:465,26,1,0
BRDA:465,27,0,0
BRDA:465,27,1,0
BRDA:466,28,0,0
BRDA:466,28,1,0
BRDA:466,29,0,0
BRDA:466,29,1,0
BRDA:466,30,0,0
BRDA:466,30,1,0
BRDA:466,31,0,0
BRDA:466,31,1,0
BRDA:470,32,0,0
BRDA:470,32,1,0
BRDA:470,33,0,0
BRDA:470,33,1,0
BRDA:470,34,0,0
BRDA:470,34,1,0
BRDA:470,35,0,0
BRDA:470,35,1,0
BRDA:492,36,0,0
BRDA:492,36,1,0
BRDA:533,37,0,0
BRDA:533,37,1,0
BRF:76
BRH:0
end_of_record
TN:
SF:src/services/capacitor.ts
FN:14,(anonymous_7)
FN:14,(anonymous_8)
FN:53,(anonymous_9)
FN:53,(anonymous_10)
FN:63,(anonymous_11)
FN:63,(anonymous_12)
FN:73,(anonymous_13)
FN:83,(anonymous_14)
FN:111,(anonymous_15)
FN:111,(anonymous_16)
FN:124,(anonymous_17)
FN:126,(anonymous_18)
FN:142,(anonymous_19)
FN:147,(anonymous_20)
FN:151,(anonymous_21)
FN:155,(anonymous_22)
FN:159,(anonymous_23)
FN:164,(anonymous_24)
FN:164,(anonymous_25)
FN:166,(anonymous_26)
FNF:20
FNH:0
FNDA:0,(anonymous_7)
FNDA:0,(anonymous_8)
FNDA:0,(anonymous_9)
FNDA:0,(anonymous_10)
FNDA:0,(anonymous_11)
FNDA:0,(anonymous_12)
FNDA:0,(anonymous_13)
FNDA:0,(anonymous_14)
FNDA:0,(anonymous_15)
FNDA:0,(anonymous_16)
FNDA:0,(anonymous_17)
FNDA:0,(anonymous_18)
FNDA:0,(anonymous_19)
FNDA:0,(anonymous_20)
FNDA:0,(anonymous_21)
FNDA:0,(anonymous_22)
FNDA:0,(anonymous_23)
FNDA:0,(anonymous_24)
FNDA:0,(anonymous_25)
FNDA:0,(anonymous_26)
DA:1,0
DA:2,0
DA:3,0
DA:4,0
DA:5,0
DA:14,0
DA:15,0
DA:16,0
DA:18,0
DA:20,0
DA:22,0
DA:23,0
DA:24,0
DA:28,0
DA:29,0
DA:33,0
DA:34,0
DA:36,0
DA:43,0
DA:44,0
DA:53,0
DA:54,0
DA:55,0
DA:56,0
DA:58,0
DA:59,0
DA:63,0
DA:64,0
DA:65,0
DA:66,0
DA:68,0
DA:69,0
DA:73,0
DA:83,0
DA:84,0
DA:85,0
DA:104,0
DA:106,0
DA:107,0
DA:111,0
DA:112,0
DA:113,0
DA:117,0
DA:119,0
DA:120,0
DA:124,0
DA:126,0
DA:127,0
DA:130,0
DA:131,0
DA:132,0
DA:134,0
DA:142,0
DA:143,0
DA:147,0
DA:148,0
DA:151,0
DA:152,0
DA:155,0
DA:156,0
DA:159,0
DA:160,0
DA:164,0
DA:165,0
DA:166,0
DA:167,0
DA:169,0
DA:172,0
DA:173,0
LF:69
LH:0
BRDA:22,0,0,0
BRDA:22,0,1,0
BRDA:28,1,0,0
BRDA:28,1,1,0
BRDA:130,2,0,0
BRDA:130,2,1,0
BRDA:131,3,0,0
BRDA:131,3,1,0
BRDA:131,4,0,0
BRDA:131,4,1,0
BRDA:132,5,0,0
BRDA:132,5,1,0
BRDA:164,6,0,0
BRDA:172,7,0,0
BRDA:172,7,1,0
BRF:15
BRH:0
end_of_record
TN:
SF:src/services/enhanced-cache-manager.ts
FN:53,(anonymous_7)
FN:60,(anonymous_8)
FN:91,(anonymous_9)
FN:107,(anonymous_11)
FN:108,(anonymous_13)
FN:111,(anonymous_14)
FN:112,(anonymous_15)
FN:117,(anonymous_16)
FN:145,(anonymous_17)
FN:155,(anonymous_19)
FN:168,(anonymous_21)
FN:169,(anonymous_22)
FN:189,(anonymous_23)
FN:193,(anonymous_24)
FN:229,(anonymous_26)
FN:265,(anonymous_28)
FN:274,(anonymous_30)
FN:276,(anonymous_31)
FN:280,(anonymous_32)
FN:288,(anonymous_33)
FN:297,(anonymous_35)
FN:299,(anonymous_36)
FN:300,(anonymous_37)
FN:302,(anonymous_38)
FN:304,(anonymous_39)
FN:305,(anonymous_40)
FN:313,(anonymous_41)
FN:325,(anonymous_43)
FN:329,(anonymous_44)
FN:337,(anonymous_45)
FN:341,(anonymous_46)
FN:347,(anonymous_47)
FN:381,(anonymous_49)
FN:399,(anonymous_51)
FN:404,(anonymous_53)
FN:426,(anonymous_54)
FN:428,(anonymous_55)
FN:457,(anonymous_56)
FN:461,(anonymous_57)
FN:464,(anonymous_58)
FN:466,(anonymous_59)
FN:470,(anonymous_60)
FN:472,(anonymous_61)
FN:476,(anonymous_62)
FN:478,(anonymous_63)
FN:482,(anonymous_64)
FN:510,(anonymous_66)
FN:532,(anonymous_67)
FN:538,(anonymous_69)
FN:550,(anonymous_70)
FN:556,(anonymous_72)
FN:558,(anonymous_73)
FN:559,(anonymous_74)
FN:563,(anonymous_75)
FN:569,(anonymous_77)
FN:571,(anonymous_78)
FN:572,(anonymous_79)
FN:576,(anonymous_80)
FN:582,(anonymous_82)
FN:584,(anonymous_83)
FN:585,(anonymous_84)
FN:589,(anonymous_85)
FN:593,(anonymous_87)
FN:598,(anonymous_88)
FN:607,(anonymous_90)
FN:621,(anonymous_91)
FN:623,(anonymous_93)
FN:623,(anonymous_94)
FN:628,(anonymous_95)
FN:628,(anonymous_96)
FN:633,(anonymous_97)
FN:633,(anonymous_98)
FN:638,(anonymous_99)
FN:641,(anonymous_101)
FN:653,(anonymous_102)
FN:657,(anonymous_103)
FN:662,(anonymous_104)
FN:667,(anonymous_105)
FNF:78
FNH:0
FNDA:0,(anonymous_7)
FNDA:0,(anonymous_8)
FNDA:0,(anonymous_9)
FNDA:0,(anonymous_11)
FNDA:0,(anonymous_13)
FNDA:0,(anonymous_14)
FNDA:0,(anonymous_15)
FNDA:0,(anonymous_16)
FNDA:0,(anonymous_17)
FNDA:0,(anonymous_19)
FNDA:0,(anonymous_21)
FNDA:0,(anonymous_22)
FNDA:0,(anonymous_23)
FNDA:0,(anonymous_24)
FNDA:0,(anonymous_26)
FNDA:0,(anonymous_28)
FNDA:0,(anonymous_30)
FNDA:0,(anonymous_31)
FNDA:0,(anonymous_32)
FNDA:0,(anonymous_33)
FNDA:0,(anonymous_35)
FNDA:0,(anonymous_36)
FNDA:0,(anonymous_37)
FNDA:0,(anonymous_38)
FNDA:0,(anonymous_39)
FNDA:0,(anonymous_40)
FNDA:0,(anonymous_41)
FNDA:0,(anonymous_43)
FNDA:0,(anonymous_44)
FNDA:0,(anonymous_45)
FNDA:0,(anonymous_46)
FNDA:0,(anonymous_47)
FNDA:0,(anonymous_49)
FNDA:0,(anonymous_51)
FNDA:0,(anonymous_53)
FNDA:0,(anonymous_54)
FNDA:0,(anonymous_55)
FNDA:0,(anonymous_56)
FNDA:0,(anonymous_57)
FNDA:0,(anonymous_58)
FNDA:0,(anonymous_59)
FNDA:0,(anonymous_60)
FNDA:0,(anonymous_61)
FNDA:0,(anonymous_62)
FNDA:0,(anonymous_63)
FNDA:0,(anonymous_64)
FNDA:0,(anonymous_66)
FNDA:0,(anonymous_67)
FNDA:0,(anonymous_69)
FNDA:0,(anonymous_70)
FNDA:0,(anonymous_72)
FNDA:0,(anonymous_73)
FNDA:0,(anonymous_74)
FNDA:0,(anonymous_75)
FNDA:0,(anonymous_77)
FNDA:0,(anonymous_78)
FNDA:0,(anonymous_79)
FNDA:0,(anonymous_80)
FNDA:0,(anonymous_82)
FNDA:0,(anonymous_83)
FNDA:0,(anonymous_84)
FNDA:0,(anonymous_85)
FNDA:0,(anonymous_87)
FNDA:0,(anonymous_88)
FNDA:0,(anonymous_90)
FNDA:0,(anonymous_91)
FNDA:0,(anonymous_93)
FNDA:0,(anonymous_94)
FNDA:0,(anonymous_95)
FNDA:0,(anonymous_96)
FNDA:0,(anonymous_97)
FNDA:0,(anonymous_98)
FNDA:0,(anonymous_99)
FNDA:0,(anonymous_101)
FNDA:0,(anonymous_102)
FNDA:0,(anonymous_103)
FNDA:0,(anonymous_104)
FNDA:0,(anonymous_105)
DA:42,0
DA:43,0
DA:44,0
DA:45,0
DA:46,0
DA:50,0
DA:51,0
DA:54,0
DA:55,0
DA:57,0
DA:61,0
DA:70,0
DA:82,0
DA:92,0
DA:94,0
DA:95,0
DA:96,0
DA:97,0
DA:98,0
DA:100,0
DA:101,0
DA:103,0
DA:108,0
DA:109,0
DA:111,0
DA:112,0
DA:113,0
DA:114,0
DA:117,0
DA:118,0
DA:121,0
DA:122,0
DA:123,0
DA:124,0
DA:125,0
DA:126,0
DA:127,0
DA:128,0
DA:132,0
DA:133,0
DA:134,0
DA:138,0
DA:139,0
DA:146,0
DA:149,0
DA:151,0
DA:156,0
DA:158,0
DA:159,0
DA:162,0
DA:163,0
DA:165,0
DA:166,0
DA:168,0
DA:169,0
DA:170,0
DA:172,0
DA:173,0
DA:176,0
DA:177,0
DA:178,0
DA:179,0
DA:182,0
DA:184,0
DA:185,0
DA:189,0
DA:194,0
DA:196,0
DA:198,0
DA:200,0
DA:201,0
DA:202,0
DA:203,0
DA:207,0
DA:209,0
DA:211,0
DA:212,0
DA:215,0
DA:216,0
DA:217,0
DA:220,0
DA:221,0
DA:223,0
DA:224,0
DA:225,0
DA:230,0
DA:232,0
DA:233,0
DA:237,0
DA:240,0
DA:241,0
DA:245,0
DA:246,0
DA:247,0
DA:250,0
DA:253,0
DA:254,0
DA:257,0
DA:258,0
DA:260,0
DA:261,0
DA:266,0
DA:267,0
DA:269,0
DA:271,0
DA:272,0
DA:274,0
DA:275,0
DA:276,0
DA:277,0
DA:278,0
DA:280,0
DA:283,0
DA:284,0
DA:289,0
DA:290,0
DA:292,0
DA:294,0
DA:296,0
DA:298,0
DA:299,0
DA:300,0
DA:303,0
DA:304,0
DA:305,0
DA:309,0
DA:314,0
DA:316,0
DA:317,0
DA:318,0
DA:321,0
DA:324,0
DA:326,0
DA:329,0
DA:333,0
DA:334,0
DA:336,0
DA:337,0
DA:341,0
DA:344,0
DA:348,0
DA:351,0
DA:352,0
DA:354,0
DA:356,0
DA:373,0
DA:374,0
DA:376,0
DA:382,0
DA:384,0
DA:386,0
DA:389,0
DA:391,0
DA:392,0
DA:393,0
DA:396,0
DA:400,0
DA:401,0
DA:404,0
DA:405,0
DA:408,0
DA:409,0
DA:413,0
DA:415,0
DA:417,0
DA:419,0
DA:422,0
DA:428,0
DA:429,0
DA:430,0
DA:431,0
DA:434,0
DA:437,0
DA:440,0
DA:443,0
DA:446,0
DA:447,0
DA:448,0
DA:451,0
DA:453,0
DA:457,0
DA:460,0
DA:461,0
DA:465,0
DA:466,0
DA:471,0
DA:472,0
DA:477,0
DA:478,0
DA:483,0
DA:484,0
DA:487,0
DA:489,0
DA:492,0
DA:493,0
DA:495,0
DA:496,0
DA:497,0
DA:498,0
DA:499,0
DA:501,0
DA:503,0
DA:505,0
DA:506,0
DA:511,0
DA:514,0
DA:517,0
DA:518,0
DA:519,0
DA:522,0
DA:523,0
DA:526,0
DA:529,0
DA:533,0
DA:534,0
DA:537,0
DA:538,0
DA:540,0
DA:541,0
DA:542,0
DA:545,0
DA:546,0
DA:551,0
DA:553,0
DA:554,0
DA:556,0
DA:557,0
DA:558,0
DA:559,0
DA:564,0
DA:566,0
DA:567,0
DA:569,0
DA:570,0
DA:571,0
DA:572,0
DA:577,0
DA:579,0
DA:580,0
DA:582,0
DA:583,0
DA:584,0
DA:585,0
DA:590,0
DA:592,0
DA:593,0
DA:599,0
DA:600,0
DA:601,0
DA:604,0
DA:608,0
DA:623,0
DA:624,0
DA:628,0
DA:629,0
DA:633,0
DA:634,0
DA:639,0
DA:640,0
DA:641,0
DA:643,0
DA:644,0
DA:647,0
DA:648,0
DA:654,0
DA:658,0
DA:659,0
DA:663,0
DA:664,0
DA:668,0
DA:670,0
DA:671,0
DA:672,0
DA:674,0
DA:679,0
LF:275
LH:0
BRDA:54,0,0,0
BRDA:54,0,1,0
BRDA:92,1,0,0
BRDA:92,1,1,0
BRDA:121,2,0,0
BRDA:121,2,1,0
BRDA:132,3,0,0
BRDA:132,3,1,0
BRDA:138,4,0,0
BRDA:138,4,1,0
BRDA:156,5,0,0
BRDA:156,5,1,0
BRDA:172,6,0,0
BRDA:172,6,1,0
BRDA:172,7,0,0
BRDA:172,7,1,0
BRDA:177,8,0,0
BRDA:177,8,1,0
BRDA:177,9,0,0
BRDA:177,9,1,0
BRDA:177,9,2,0
BRDA:200,10,0,0
BRDA:200,10,1,0
BRDA:209,11,0,0
BRDA:209,11,1,0
BRDA:211,12,0,0
BRDA:211,12,1,0
BRDA:232,13,0,0
BRDA:232,13,1,0
BRDA:232,14,0,0
BRDA:232,14,1,0
BRDA:240,15,0,0
BRDA:240,15,1,0
BRDA:245,16,0,0
BRDA:245,16,1,0
BRDA:247,17,0,0
BRDA:247,17,1,0
BRDA:253,18,0,0
BRDA:253,18,1,0
BRDA:253,19,0,0
BRDA:253,19,1,0
BRDA:269,20,0,0
BRDA:269,20,1,0
BRDA:292,21,0,0
BRDA:292,21,1,0
BRDA:314,22,0,0
BRDA:314,22,1,0
BRDA:317,23,0,0
BRDA:317,23,1,0
BRDA:326,24,0,0
BRDA:326,24,1,0
BRDA:326,24,2,0
BRDA:329,25,0,0
BRDA:329,25,1,0
BRDA:329,26,0,0
BRDA:329,26,1,0
BRDA:352,27,0,0
BRDA:352,27,1,0
BRDA:384,28,0,0
BRDA:384,28,1,0
BRDA:384,29,0,0
BRDA:384,29,1,0
BRDA:405,30,0,0
BRDA:405,30,1,0
BRDA:408,31,0,0
BRDA:408,31,1,0
BRDA:413,32,0,0
BRDA:413,32,1,0
BRDA:413,32,2,0
BRDA:413,32,3,0
BRDA:413,32,4,0
BRDA:431,33,0,0
BRDA:431,33,1,0
BRDA:446,34,0,0
BRDA:446,34,1,0
BRDA:447,35,0,0
BRDA:447,35,1,0
BRDA:448,36,0,0
BRDA:448,36,1,0
BRDA:451,37,0,0
BRDA:451,37,1,0
BRDA:483,38,0,0
BRDA:483,38,1,0
BRDA:483,39,0,0
BRDA:483,39,1,0
BRDA:518,40,0,0
BRDA:518,40,1,0
BRDA:522,41,0,0
BRDA:522,41,1,0
BRDA:533,42,0,0
BRDA:533,42,1,0
BRDA:534,43,0,0
BRDA:534,43,1,0
BRDA:545,44,0,0
BRDA:545,44,1,0
BRDA:551,45,0,0
BRDA:551,45,1,0
BRDA:558,46,0,0
BRDA:558,46,1,0
BRDA:564,47,0,0
BRDA:564,47,1,0
BRDA:577,48,0,0
BRDA:577,48,1,0
BRDA:584,49,0,0
BRDA:584,49,1,0
BRDA:593,50,0,0
BRDA:593,50,1,0
BRDA:641,51,0,0
BRDA:641,51,1,0
BRDA:647,52,0,0
BRDA:647,52,1,0
BRF:111
BRH:0
end_of_record
TN:
SF:src/services/lazy-audio-loader.ts
FN:45,(anonymous_7)
FN:52,(anonymous_8)
FN:60,(anonymous_9)
FN:61,(anonymous_10)
FN:88,(anonymous_11)
FN:103,(anonymous_12)
FN:107,(anonymous_13)
FN:122,(anonymous_14)
FN:123,(anonymous_15)
FN:127,(anonymous_16)
FN:128,(anonymous_17)
FN:135,(anonymous_18)
FN:137,(anonymous_19)
FN:140,(anonymous_20)
FN:147,(anonymous_21)
FN:152,(anonymous_23)
FN:153,(anonymous_24)
FN:185,(anonymous_25)
FN:185,(anonymous_26)
FN:229,(anonymous_27)
FN:237,(anonymous_28)
FN:245,(anonymous_29)
FN:253,(anonymous_30)
FN:258,(anonymous_31)
FN:267,(anonymous_32)
FN:272,(anonymous_33)
FN:281,(anonymous_34)
FN:283,(anonymous_35)
FN:288,(anonymous_36)
FN:300,(anonymous_37)
FN:303,(anonymous_39)
FN:309,(anonymous_40)
FN:339,(anonymous_41)
FN:342,(anonymous_42)
FN:349,(anonymous_44)
FN:364,(anonymous_45)
FNF:36
FNH:0
FNDA:0,(anonymous_7)
FNDA:0,(anonymous_8)
FNDA:0,(anonymous_9)
FNDA:0,(anonymous_10)
FNDA:0,(anonymous_11)
FNDA:0,(anonymous_12)
FNDA:0,(anonymous_13)
FNDA:0,(anonymous_14)
FNDA:0,(anonymous_15)
FNDA:0,(anonymous_16)
FNDA:0,(anonymous_17)
FNDA:0,(anonymous_18)
FNDA:0,(anonymous_19)
FNDA:0,(anonymous_20)
FNDA:0,(anonymous_21)
FNDA:0,(anonymous_23)
FNDA:0,(anonymous_24)
FNDA:0,(anonymous_25)
FNDA:0,(anonymous_26)
FNDA:0,(anonymous_27)
FNDA:0,(anonymous_28)
FNDA:0,(anonymous_29)
FNDA:0,(anonymous_30)
FNDA:0,(anonymous_31)
FNDA:0,(anonymous_32)
FNDA:0,(anonymous_33)
FNDA:0,(anonymous_34)
FNDA:0,(anonymous_35)
FNDA:0,(anonymous_36)
FNDA:0,(anonymous_37)
FNDA:0,(anonymous_39)
FNDA:0,(anonymous_40)
FNDA:0,(anonymous_41)
FNDA:0,(anonymous_42)
FNDA:0,(anonymous_44)
FNDA:0,(anonymous_45)
DA:1,0
DA:27,0
DA:28,0
DA:29,0
DA:30,0
DA:31,0
DA:32,0
DA:41,0
DA:42,0
DA:43,0
DA:46,0
DA:47,0
DA:49,0
DA:54,0
DA:61,0
DA:69,0
DA:72,0
DA:73,0
DA:74,0
DA:75,0
DA:79,0
DA:80,0
DA:81,0
DA:82,0
DA:88,0
DA:89,0
DA:104,0
DA:105,0
DA:108,0
DA:109,0
DA:114,0
DA:115,0
DA:123,0
DA:126,0
DA:127,0
DA:130,0
DA:132,0
DA:135,0
DA:136,0
DA:138,0
DA:140,0
DA:148,0
DA:151,0
DA:152,0
DA:154,0
DA:155,0
DA:156,0
DA:159,0
DA:160,0
DA:161,0
DA:162,0
DA:164,0
DA:166,0
DA:167,0
DA:168,0
DA:169,0
DA:170,0
DA:171,0
DA:174,0
DA:175,0
DA:177,0
DA:185,0
DA:195,0
DA:198,0
DA:200,0
DA:201,0
DA:203,0
DA:204,0
DA:206,0
DA:207,0
DA:211,0
DA:212,0
DA:213,0
DA:214,0
DA:220,0
DA:222,0
DA:231,0
DA:238,0
DA:239,0
DA:246,0
DA:247,0
DA:254,0
DA:255,0
DA:256,0
DA:257,0
DA:258,0
DA:261,0
DA:271,0
DA:272,0
DA:283,0
DA:286,0
DA:287,0
DA:288,0
DA:291,0
DA:292,0
DA:294,0
DA:297,0
DA:301,0
DA:303,0
DA:304,0
DA:307,0
DA:308,0
DA:309,0
DA:310,0
DA:313,0
DA:314,0
DA:315,0
DA:317,0
DA:318,0
DA:319,0
DA:321,0
DA:323,0
DA:324,0
DA:327,0
DA:328,0
DA:330,0
DA:332,0
DA:333,0
DA:335,0
DA:339,0
DA:343,0
DA:351,0
DA:353,0
DA:354,0
DA:355,0
DA:356,0
DA:357,0
DA:358,0
DA:360,0
DA:365,0
DA:366,0
DA:367,0
DA:370,0
DA:371,0
DA:372,0
DA:373,0
DA:374,0
DA:375,0
DA:377,0
DA:378,0
DA:381,0
DA:386,0
DA:387,0
DA:388,0
DA:389,0
DA:390,0
DA:392,0
DA:397,0
LF:148
LH:0
BRDA:46,0,0,0
BRDA:46,0,1,0
BRDA:62,1,0,0
BRDA:73,2,0,0
BRDA:73,2,1,0
BRDA:81,3,0,0
BRDA:81,3,1,0
BRDA:81,4,0,0
BRDA:81,4,1,0
BRDA:81,5,0,0
BRDA:81,5,1,0
BRDA:81,6,0,0
BRDA:81,6,1,0
BRDA:104,7,0,0
BRDA:104,7,1,0
BRDA:104,8,0,0
BRDA:104,8,1,0
BRDA:104,9,0,0
BRDA:104,9,1,0
BRDA:104,10,0,0
BRDA:104,10,1,0
BRDA:108,11,0,0
BRDA:108,11,1,0
BRDA:108,12,0,0
BRDA:108,12,1,0
BRDA:108,13,0,0
BRDA:108,13,1,0
BRDA:108,14,0,0
BRDA:108,14,1,0
BRDA:124,15,0,0
BRDA:130,16,0,0
BRDA:130,16,1,0
BRDA:152,17,0,0
BRDA:152,17,1,0
BRDA:166,18,0,0
BRDA:166,18,1,0
BRDA:168,19,0,0
BRDA:168,19,1,0
BRDA:170,20,0,0
BRDA:170,20,1,0
BRDA:185,21,0,0
BRDA:195,22,0,0
BRDA:195,23,0,0
BRDA:198,24,0,0
BRDA:198,24,1,0
BRDA:198,24,2,0
BRDA:212,25,0,0
BRDA:212,25,1,0
BRDA:220,26,0,0
BRDA:220,26,1,0
BRDA:220,27,0,0
BRDA:220,27,1,0
BRDA:220,28,0,0
BRDA:220,28,1,0
BRDA:256,29,0,0
BRDA:256,29,1,0
BRDA:257,30,0,0
BRDA:257,30,1,0
BRDA:291,31,0,0
BRDA:291,31,1,0
BRDA:301,32,0,0
BRDA:301,32,1,0
BRDA:301,33,0,0
BRDA:301,33,1,0
BRDA:308,34,0,0
BRDA:308,34,1,0
BRDA:323,35,0,0
BRDA:323,35,1,0
BRDA:328,36,0,0
BRDA:328,36,1,0
BRDA:330,37,0,0
BRDA:330,37,1,0
BRDA:330,38,0,0
BRDA:330,38,1,0
BRDA:333,39,0,0
BRDA:333,39,1,0
BRDA:333,40,0,0
BRDA:333,40,1,0
BRDA:353,41,0,0
BRDA:353,41,1,0
BRDA:355,42,0,0
BRDA:355,42,1,0
BRDA:357,43,0,0
BRDA:357,43,1,0
BRDA:372,44,0,0
BRDA:372,44,1,0
BRDA:377,45,0,0
BRDA:377,45,1,0
BRDA:377,46,0,0
BRDA:377,46,1,0
BRF:90
BRH:0
end_of_record
TN:
SF:src/services/privacy-compliance.ts
FN:70,(anonymous_7)
FN:75,(anonymous_8)
FN:85,(anonymous_9)
FN:109,(anonymous_10)
FN:151,(anonymous_11)
FN:156,(anonymous_12)
FN:166,(anonymous_13)
FN:173,(anonymous_14)
FN:180,(anonymous_15)
FN:187,(anonymous_16)
FN:194,(anonymous_17)
FN:201,(anonymous_18)
FN:208,(anonymous_19)
FN:223,(anonymous_20)
FN:230,(anonymous_21)
FN:246,(anonymous_22)
FN:290,(anonymous_24)
FN:312,(anonymous_26)
FN:329,(anonymous_27)
FN:331,(anonymous_28)
FN:339,(anonymous_29)
FN:356,(anonymous_30)
FN:384,(anonymous_31)
FN:413,(anonymous_32)
FN:426,(anonymous_33)
FN:437,(anonymous_34)
FN:454,(anonymous_35)
FN:469,(anonymous_36)
FN:481,(anonymous_37)
FN:485,(anonymous_38)
FN:506,(anonymous_39)
FN:521,(anonymous_40)
FN:530,(anonymous_41)
FN:543,(anonymous_43)
FN:555,(anonymous_45)
FN:566,(anonymous_47)
FN:574,(anonymous_49)
FN:582,(anonymous_51)
FNF:38
FNH:0
FNDA:0,(anonymous_7)
FNDA:0,(anonymous_8)
FNDA:0,(anonymous_9)
FNDA:0,(anonymous_10)
FNDA:0,(anonymous_11)
FNDA:0,(anonymous_12)
FNDA:0,(anonymous_13)
FNDA:0,(anonymous_14)
FNDA:0,(anonymous_15)
FNDA:0,(anonymous_16)
FNDA:0,(anonymous_17)
FNDA:0,(anonymous_18)
FNDA:0,(anonymous_19)
FNDA:0,(anonymous_20)
FNDA:0,(anonymous_21)
FNDA:0,(anonymous_22)
FNDA:0,(anonymous_24)
FNDA:0,(anonymous_26)
FNDA:0,(anonymous_27)
FNDA:0,(anonymous_28)
FNDA:0,(anonymous_29)
FNDA:0,(anonymous_30)
FNDA:0,(anonymous_31)
FNDA:0,(anonymous_32)
FNDA:0,(anonymous_33)
FNDA:0,(anonymous_34)
FNDA:0,(anonymous_35)
FNDA:0,(anonymous_36)
FNDA:0,(anonymous_37)
FNDA:0,(anonymous_38)
FNDA:0,(anonymous_39)
FNDA:0,(anonymous_40)
FNDA:0,(anonymous_41)
FNDA:0,(anonymous_43)
FNDA:0,(anonymous_45)
FNDA:0,(anonymous_47)
FNDA:0,(anonymous_49)
FNDA:0,(anonymous_51)
DA:45,0
DA:46,0
DA:47,0
DA:48,0
DA:51,0
DA:61,0
DA:71,0
DA:72,0
DA:76,0
DA:77,0
DA:79,0
DA:86,0
DA:88,0
DA:90,0
DA:93,0
DA:96,0
DA:98,0
DA:99,0
DA:102,0
DA:115,0
DA:118,0
DA:121,0
DA:131,0
DA:134,0
DA:137,0
DA:140,0
DA:156,0
DA:157,0
DA:158,0
DA:167,0
DA:174,0
DA:181,0
DA:188,0
DA:195,0
DA:202,0
DA:209,0
DA:214,0
DA:217,0
DA:224,0
DA:231,0
DA:232,0
DA:234,0
DA:235,0
DA:239,0
DA:240,0
DA:247,0
DA:249,0
DA:257,0
DA:259,0
DA:261,0
DA:263,0
DA:275,0
DA:277,0
DA:278,0
DA:281,0
DA:282,0
DA:283,0
DA:291,0
DA:293,0
DA:301,0
DA:303,0
DA:304,0
DA:307,0
DA:308,0
DA:309,0
DA:312,0
DA:314,0
DA:316,0
DA:317,0
DA:320,0
DA:321,0
DA:322,0
DA:330,0
DA:331,0
DA:333,0
DA:345,0
DA:362,0
DA:365,0
DA:368,0
DA:371,0
DA:373,0
DA:385,0
DA:386,0
DA:387,0
DA:388,0
DA:389,0
DA:393,0
DA:394,0
DA:395,0
DA:396,0
DA:400,0
DA:401,0
DA:402,0
DA:406,0
DA:414,0
DA:415,0
DA:416,0
DA:417,0
DA:419,0
DA:427,0
DA:428,0
DA:430,0
DA:438,0
DA:439,0
DA:440,0
DA:441,0
DA:443,0
DA:445,0
DA:446,0
DA:457,0
DA:470,0
DA:482,0
DA:485,0
DA:486,0
DA:489,0
DA:490,0
DA:491,0
DA:495,0
DA:496,0
DA:497,0
DA:500,0
DA:507,0
DA:510,0
DA:511,0
DA:512,0
DA:515,0
DA:524,0
DA:532,0
DA:545,0
DA:556,0
DA:568,0
DA:576,0
DA:584,0
DA:588,0
LF:134
LH:0
BRDA:76,0,0,0
BRDA:76,0,1,0
BRDA:86,1,0,0
BRDA:86,1,1,0
BRDA:112,2,0,0
BRDA:140,3,0,0
BRDA:140,3,1,0
BRDA:153,4,0,0
BRDA:157,5,0,0
BRDA:157,5,1,0
BRDA:181,6,0,0
BRDA:181,6,1,0
BRDA:188,7,0,0
BRDA:188,7,1,0
BRDA:195,8,0,0
BRDA:195,8,1,0
BRDA:202,9,0,0
BRDA:202,9,1,0
BRDA:234,10,0,0
BRDA:234,10,1,0
BRDA:234,11,0,0
BRDA:234,11,1,0
BRDA:330,12,0,0
BRDA:330,12,1,0
BRDA:387,13,0,0
BRDA:387,13,1,0
BRDA:394,14,0,0
BRDA:394,14,1,0
BRDA:401,15,0,0
BRDA:401,15,1,0
BRDA:439,16,0,0
BRDA:439,16,1,0
BRDA:443,17,0,0
BRDA:443,17,1,0
BRDA:486,18,0,0
BRDA:486,18,1,0
BRDA:489,19,0,0
BRDA:489,19,1,0
BRDA:489,20,0,0
BRDA:489,20,1,0
BRDA:489,20,2,0
BRDA:495,21,0,0
BRDA:495,21,1,0
BRDA:510,22,0,0
BRDA:510,22,1,0
BRDA:510,23,0,0
BRDA:510,23,1,0
BRF:47
BRH:0
end_of_record
TN:
SF:src/services/sleep-analysis.ts
FN:86,(anonymous_7)
FN:92,(anonymous_9)
FN:122,(anonymous_11)
FN:122,(anonymous_12)
FN:145,(anonymous_13)
FN:155,(anonymous_15)
FN:160,(anonymous_16)
FN:167,(anonymous_17)
FN:168,(anonymous_18)
FN:169,(anonymous_19)
FN:170,(anonymous_20)
FN:171,(anonymous_21)
FN:191,(anonymous_22)
FN:245,(anonymous_24)
FN:280,(anonymous_26)
FN:285,(anonymous_27)
FN:292,(anonymous_28)
FN:306,(anonymous_29)
FN:323,(anonymous_30)
FN:326,(anonymous_31)
FN:336,(anonymous_32)
FN:338,(anonymous_33)
FN:341,(anonymous_34)
FN:342,(anonymous_35)
FN:346,(anonymous_36)
FN:351,(anonymous_37)
FN:352,(anonymous_38)
FN:361,(anonymous_39)
FN:372,(anonymous_40)
FN:373,(anonymous_41)
FN:374,(anonymous_42)
FN:375,(anonymous_43)
FN:379,(anonymous_44)
FN:382,(anonymous_45)
FN:383,(anonymous_46)
FN:384,(anonymous_47)
FN:385,(anonymous_48)
FN:390,(anonymous_49)
FN:393,(anonymous_50)
FN:394,(anonymous_51)
FN:395,(anonymous_52)
FN:396,(anonymous_53)
FN:404,(anonymous_54)
FN:405,(anonymous_55)
FN:419,(anonymous_56)
FN:424,(anonymous_57)
FN:432,(anonymous_58)
FN:442,(anonymous_59)
FN:443,(anonymous_60)
FN:452,(anonymous_61)
FN:462,(anonymous_62)
FN:475,(anonymous_63)
FN:484,(anonymous_64)
FN:494,(anonymous_65)
FN:499,(anonymous_66)
FN:506,(anonymous_67)
FN:508,(anonymous_68)
FN:509,(anonymous_69)
FN:513,(anonymous_70)
FN:521,(anonymous_72)
FN:534,(anonymous_73)
FNF:61
FNH:0
FNDA:0,(anonymous_7)
FNDA:0,(anonymous_9)
FNDA:0,(anonymous_11)
FNDA:0,(anonymous_12)
FNDA:0,(anonymous_13)
FNDA:0,(anonymous_15)
FNDA:0,(anonymous_16)
FNDA:0,(anonymous_17)
FNDA:0,(anonymous_18)
FNDA:0,(anonymous_19)
FNDA:0,(anonymous_20)
FNDA:0,(anonymous_21)
FNDA:0,(anonymous_22)
FNDA:0,(anonymous_24)
FNDA:0,(anonymous_26)
FNDA:0,(anonymous_27)
FNDA:0,(anonymous_28)
FNDA:0,(anonymous_29)
FNDA:0,(anonymous_30)
FNDA:0,(anonymous_31)
FNDA:0,(anonymous_32)
FNDA:0,(anonymous_33)
FNDA:0,(anonymous_34)
FNDA:0,(anonymous_35)
FNDA:0,(anonymous_36)
FNDA:0,(anonymous_37)
FNDA:0,(anonymous_38)
FNDA:0,(anonymous_39)
FNDA:0,(anonymous_40)
FNDA:0,(anonymous_41)
FNDA:0,(anonymous_42)
FNDA:0,(anonymous_43)
FNDA:0,(anonymous_44)
FNDA:0,(anonymous_45)
FNDA:0,(anonymous_46)
FNDA:0,(anonymous_47)
FNDA:0,(anonymous_48)
FNDA:0,(anonymous_49)
FNDA:0,(anonymous_50)
FNDA:0,(anonymous_51)
FNDA:0,(anonymous_52)
FNDA:0,(anonymous_53)
FNDA:0,(anonymous_54)
FNDA:0,(anonymous_55)
FNDA:0,(anonymous_56)
FNDA:0,(anonymous_57)
FNDA:0,(anonymous_58)
FNDA:0,(anonymous_59)
FNDA:0,(anonymous_60)
FNDA:0,(anonymous_61)
FNDA:0,(anonymous_62)
FNDA:0,(anonymous_63)
FNDA:0,(anonymous_64)
FNDA:0,(anonymous_65)
FNDA:0,(anonymous_66)
FNDA:0,(anonymous_67)
FNDA:0,(anonymous_68)
FNDA:0,(anonymous_69)
FNDA:0,(anonymous_70)
FNDA:0,(anonymous_72)
FNDA:0,(anonymous_73)
DA:1,0
DA:83,0
DA:84,0
DA:87,0
DA:88,0
DA:93,0
DA:95,0
DA:96,0
DA:114,0
DA:115,0
DA:117,0
DA:118,0
DA:122,0
DA:123,0
DA:125,0
DA:126,0
DA:127,0
DA:129,0
DA:136,0
DA:137,0
DA:139,0
DA:140,0
DA:146,0
DA:148,0
DA:149,0
DA:150,0
DA:151,0
DA:152,0
DA:155,0
DA:156,0
DA:157,0
DA:160,0
DA:161,0
DA:162,0
DA:165,0
DA:167,0
DA:168,0
DA:169,0
DA:170,0
DA:171,0
DA:181,0
DA:183,0
DA:185,0
DA:186,0
DA:192,0
DA:193,0
DA:194,0
DA:195,0
DA:198,0
DA:199,0
DA:200,0
DA:202,0
DA:203,0
DA:207,0
DA:208,0
DA:209,0
DA:211,0
DA:217,0
DA:218,0
DA:221,0
DA:233,0
DA:234,0
DA:237,0
DA:239,0
DA:240,0
DA:246,0
DA:247,0
DA:250,0
DA:251,0
DA:252,0
DA:255,0
DA:256,0
DA:259,0
DA:267,0
DA:268,0
DA:269,0
DA:273,0
DA:277,0
DA:281,0
DA:282,0
DA:283,0
DA:285,0
DA:286,0
DA:289,0
DA:292,0
DA:298,0
DA:307,0
DA:324,0
DA:326,0
DA:327,0
DA:328,0
DA:329,0
DA:332,0
DA:333,0
DA:337,0
DA:338,0
DA:342,0
DA:343,0
DA:344,0
DA:345,0
DA:346,0
DA:348,0
DA:352,0
DA:353,0
DA:354,0
DA:355,0
DA:358,0
DA:362,0
DA:363,0
DA:371,0
DA:372,0
DA:373,0
DA:374,0
DA:375,0
DA:381,0
DA:382,0
DA:383,0
DA:384,0
DA:385,0
DA:388,0
DA:390,0
DA:391,0
DA:392,0
DA:393,0
DA:394,0
DA:395,0
DA:396,0
DA:401,0
DA:405,0
DA:406,0
DA:410,0
DA:412,0
DA:413,0
DA:414,0
DA:415,0
DA:416,0
DA:424,0
DA:425,0
DA:426,0
DA:429,0
DA:432,0
DA:433,0
DA:434,0
DA:436,0
DA:443,0
DA:444,0
DA:445,0
DA:446,0
DA:449,0
DA:453,0
DA:459,0
DA:463,0
DA:466,0
DA:467,0
DA:470,0
DA:472,0
DA:476,0
DA:479,0
DA:480,0
DA:481,0
DA:485,0
DA:491,0
DA:495,0
DA:496,0
DA:500,0
DA:501,0
DA:502,0
DA:503,0
DA:508,0
DA:509,0
DA:510,0
DA:514,0
DA:515,0
DA:517,0
DA:522,0
DA:524,0
DA:525,0
DA:526,0
DA:528,0
DA:529,0
DA:535,0
DA:536,0
DA:537,0
DA:539,0
DA:552,0
LF:185
LH:0
BRDA:93,0,0,0
BRDA:93,0,1,0
BRDA:114,1,0,0
BRDA:114,1,1,0
BRDA:122,2,0,0
BRDA:123,3,0,0
BRDA:123,3,1,0
BRDA:136,4,0,0
BRDA:136,4,1,0
BRDA:146,5,0,0
BRDA:146,5,1,0
BRDA:150,6,0,0
BRDA:150,6,1,0
BRDA:157,7,0,0
BRDA:157,7,1,0
BRDA:162,8,0,0
BRDA:162,8,1,0
BRDA:194,9,0,0
BRDA:194,9,1,0
BRDA:202,10,0,0
BRDA:202,10,1,0
BRDA:202,11,0,0
BRDA:202,11,1,0
BRDA:217,12,0,0
BRDA:217,12,1,0
BRDA:233,13,0,0
BRDA:233,13,1,0
BRDA:233,14,0,0
BRDA:233,14,1,0
BRDA:247,15,0,0
BRDA:247,15,1,0
BRDA:286,16,0,0
BRDA:286,16,1,0
BRDA:289,17,0,0
BRDA:289,17,1,0
BRDA:295,18,0,0
BRDA:295,18,1,0
BRDA:295,19,0,0
BRDA:295,19,1,0
BRDA:316,20,0,0
BRDA:316,20,1,0
BRDA:317,21,0,0
BRDA:317,21,1,0
BRDA:324,22,0,0
BRDA:324,22,1,0
BRDA:337,23,0,0
BRDA:337,23,1,0
BRDA:346,24,0,0
BRDA:346,24,1,0
BRDA:362,25,0,0
BRDA:362,25,1,0
BRDA:391,26,0,0
BRDA:391,26,1,0
BRDA:412,27,0,0
BRDA:412,27,1,0
BRDA:413,28,0,0
BRDA:413,28,1,0
BRDA:414,29,0,0
BRDA:414,29,1,0
BRDA:415,30,0,0
BRDA:415,30,1,0
BRDA:426,31,0,0
BRDA:426,31,1,0
BRDA:429,32,0,0
BRDA:429,32,1,0
BRDA:446,33,0,0
BRDA:446,33,1,0
BRDA:449,34,0,0
BRDA:449,34,1,0
BRDA:466,35,0,0
BRDA:466,35,1,0
BRDA:467,36,0,0
BRDA:467,36,1,0
BRDA:479,37,0,0
BRDA:479,37,1,0
BRDA:480,38,0,0
BRDA:480,38,1,0
BRDA:508,39,0,0
BRDA:508,39,1,0
BRDA:509,40,0,0
BRDA:509,40,1,0
BRDA:522,41,0,0
BRDA:522,41,1,0
BRDA:526,42,0,0
BRDA:526,42,1,0
BRF:85
BRH:0
end_of_record
TN:
SF:src/utils/accessibility.ts
FN:14,(anonymous_0)
FN:26,(anonymous_1)
FN:27,(anonymous_2)
FN:38,(anonymous_3)
FN:58,(anonymous_4)
FN:103,(anonymous_5)
FN:149,(anonymous_6)
FN:169,(anonymous_7)
FN:174,(anonymous_8)
FN:188,(anonymous_9)
FN:200,(anonymous_10)
FN:210,(anonymous_11)
FN:217,(anonymous_12)
FN:225,(anonymous_13)
FN:249,(anonymous_14)
FN:258,(anonymous_15)
FN:273,(anonymous_16)
FN:283,(anonymous_17)
FN:300,(anonymous_18)
FN:307,(anonymous_19)
FN:319,(anonymous_20)
FN:364,(anonymous_21)
FN:376,(anonymous_22)
FN:380,(anonymous_23)
FN:384,(anonymous_24)
FN:388,(anonymous_25)
FN:398,(anonymous_26)
FNF:27
FNH:0
FNDA:0,(anonymous_0)
FNDA:0,(anonymous_1)
FNDA:0,(anonymous_2)
FNDA:0,(anonymous_3)
FNDA:0,(anonymous_4)
FNDA:0,(anonymous_5)
FNDA:0,(anonymous_6)
FNDA:0,(anonymous_7)
FNDA:0,(anonymous_8)
FNDA:0,(anonymous_9)
FNDA:0,(anonymous_10)
FNDA:0,(anonymous_11)
FNDA:0,(anonymous_12)
FNDA:0,(anonymous_13)
FNDA:0,(anonymous_14)
FNDA:0,(anonymous_15)
FNDA:0,(anonymous_16)
FNDA:0,(anonymous_17)
FNDA:0,(anonymous_18)
FNDA:0,(anonymous_19)
FNDA:0,(anonymous_20)
FNDA:0,(anonymous_21)
FNDA:0,(anonymous_22)
FNDA:0,(anonymous_23)
FNDA:0,(anonymous_24)
FNDA:0,(anonymous_25)
FNDA:0,(anonymous_26)
DA:14,0
DA:15,0
DA:16,0
DA:26,0
DA:27,0
DA:28,0
DA:29,0
DA:32,0
DA:38,0
DA:39,0
DA:40,0
DA:42,0
DA:43,0
DA:46,0
DA:47,0
DA:49,0
DA:50,0
DA:52,0
DA:58,0
DA:63,0
DA:66,0
DA:67,0
DA:68,0
DA:69,0
DA:71,0
DA:72,0
DA:74,0
DA:75,0
DA:77,0
DA:78,0
DA:79,0
DA:80,0
DA:81,0
DA:82,0
DA:83,0
DA:84,0
DA:86,0
DA:87,0
DA:88,0
DA:89,0
DA:92,0
DA:103,0
DA:108,0
DA:109,0
DA:111,0
DA:112,0
DA:115,0
DA:118,0
DA:124,0
DA:126,0
DA:127,0
DA:131,0
DA:137,0
DA:139,0
DA:140,0
DA:143,0
DA:149,0
DA:154,0
DA:156,0
DA:157,0
DA:158,0
DA:159,0
DA:160,0
DA:161,0
DA:162,0
DA:164,0
DA:168,0
DA:169,0
DA:170,0
DA:174,0
DA:175,0
DA:182,0
DA:183,0
DA:189,0
DA:190,0
DA:191,0
DA:194,0
DA:201,0
DA:202,0
DA:203,0
DA:211,0
DA:218,0
DA:222,0
DA:223,0
DA:225,0
DA:226,0
DA:228,0
DA:229,0
DA:230,0
DA:231,0
DA:234,0
DA:235,0
DA:236,0
DA:241,0
DA:244,0
DA:245,0
DA:249,0
DA:250,0
DA:258,0
DA:259,0
DA:260,0
DA:273,0
DA:274,0
DA:277,0
DA:283,0
DA:285,0
DA:286,0
DA:290,0
DA:291,0
DA:294,0
DA:300,0
DA:301,0
DA:307,0
DA:315,0
DA:316,0
DA:317,0
DA:319,0
DA:320,0
DA:321,0
DA:325,0
DA:326,0
DA:328,0
DA:330,0
DA:331,0
DA:333,0
DA:334,0
DA:336,0
DA:338,0
DA:339,0
DA:340,0
DA:342,0
DA:343,0
DA:344,0
DA:346,0
DA:347,0
DA:348,0
DA:350,0
DA:351,0
DA:352,0
DA:355,0
DA:356,0
DA:359,0
DA:360,0
DA:361,0
DA:364,0
DA:365,0
DA:366,0
DA:367,0
DA:369,0
DA:370,0
DA:371,0
DA:372,0
DA:376,0
DA:377,0
DA:380,0
DA:381,0
DA:384,0
DA:385,0
DA:388,0
DA:389,0
DA:392,0
DA:393,0
DA:394,0
DA:395,0
DA:398,0
DA:399,0
DA:400,0
DA:401,0
DA:402,0
DA:403,0
DA:407,0
LF:171
LH:0
BRDA:16,0,0,0
BRDA:16,0,1,0
BRDA:29,1,0,0
BRDA:29,1,1,0
BRDA:42,2,0,0
BRDA:42,2,1,0
BRDA:42,3,0,0
BRDA:42,3,1,0
BRDA:61,4,0,0
BRDA:71,5,0,0
BRDA:71,5,1,0
BRDA:72,6,0,0
BRDA:72,6,1,0
BRDA:77,7,0,0
BRDA:77,7,1,0
BRDA:79,8,0,0
BRDA:79,8,1,0
BRDA:81,9,0,0
BRDA:81,9,1,0
BRDA:96,10,0,0
BRDA:96,10,1,0
BRDA:106,11,0,0
BRDA:111,12,0,0
BRDA:111,12,1,0
BRDA:111,13,0,0
BRDA:111,13,1,0
BRDA:126,14,0,0
BRDA:126,14,1,0
BRDA:139,15,0,0
BRDA:139,15,1,0
BRDA:151,16,0,0
BRDA:156,17,0,0
BRDA:156,17,1,0
BRDA:190,18,0,0
BRDA:190,18,1,0
BRDA:190,19,0,0
BRDA:190,19,1,0
BRDA:202,20,0,0
BRDA:202,20,1,0
BRDA:202,21,0,0
BRDA:202,21,1,0
BRDA:226,22,0,0
BRDA:226,22,1,0
BRDA:228,23,0,0
BRDA:228,23,1,0
BRDA:229,24,0,0
BRDA:229,24,1,0
BRDA:234,25,0,0
BRDA:234,25,1,0
BRDA:244,26,0,0
BRDA:244,26,1,0
BRDA:261,27,0,0
BRDA:261,27,1,0
BRDA:261,27,2,0
BRDA:261,27,3,0
BRDA:261,27,4,0
BRDA:261,27,5,0
BRDA:285,28,0,0
BRDA:285,28,1,0
BRDA:290,29,0,0
BRDA:290,29,1,0
BRDA:310,30,0,0
BRDA:315,31,0,0
BRDA:315,32,0,0
BRDA:336,33,0,0
BRDA:336,33,1,0
BRDA:336,33,2,0
BRDA:336,33,3,0
BRDA:365,34,0,0
BRDA:365,34,1,0
BRDA:370,35,0,0
BRDA:370,35,1,0
BRF:72
BRH:0
end_of_record
TN:
SF:src/utils/enhanced-focus.ts
FN:48,(anonymous_0)
FN:65,(anonymous_1)
FN:72,(anonymous_2)
FN:78,(anonymous_3)
FN:152,(anonymous_4)
FN:160,(anonymous_5)
FN:177,(anonymous_6)
FN:188,(anonymous_7)
FN:197,(anonymous_8)
FN:202,(anonymous_9)
FN:208,(anonymous_10)
FN:222,(anonymous_11)
FN:242,(anonymous_12)
FN:250,(anonymous_13)
FN:254,(anonymous_14)
FN:266,(anonymous_15)
FN:270,(anonymous_16)
FN:273,(anonymous_17)
FN:289,(anonymous_18)
FN:300,(anonymous_19)
FN:325,(anonymous_20)
FN:335,(anonymous_21)
FN:339,(anonymous_22)
FN:343,(anonymous_23)
FN:360,(anonymous_24)
FN:362,(anonymous_25)
FN:367,(anonymous_26)
FN:369,(anonymous_27)
FN:374,(anonymous_28)
FN:387,(anonymous_29)
FN:394,(anonymous_30)
FN:404,(anonymous_31)
FN:424,(anonymous_32)
FN:434,(anonymous_33)
FN:448,(anonymous_34)
FN:456,(anonymous_35)
FNF:36
FNH:0
FNDA:0,(anonymous_0)
FNDA:0,(anonymous_1)
FNDA:0,(anonymous_2)
FNDA:0,(anonymous_3)
FNDA:0,(anonymous_4)
FNDA:0,(anonymous_5)
FNDA:0,(anonymous_6)
FNDA:0,(anonymous_7)
FNDA:0,(anonymous_8)
FNDA:0,(anonymous_9)
FNDA:0,(anonymous_10)
FNDA:0,(anonymous_11)
FNDA:0,(anonymous_12)
FNDA:0,(anonymous_13)
FNDA:0,(anonymous_14)
FNDA:0,(anonymous_15)
FNDA:0,(anonymous_16)
FNDA:0,(anonymous_17)
FNDA:0,(anonymous_18)
FNDA:0,(anonymous_19)
FNDA:0,(anonymous_20)
FNDA:0,(anonymous_21)
FNDA:0,(anonymous_22)
FNDA:0,(anonymous_23)
FNDA:0,(anonymous_24)
FNDA:0,(anonymous_25)
FNDA:0,(anonymous_26)
FNDA:0,(anonymous_27)
FNDA:0,(anonymous_28)
FNDA:0,(anonymous_29)
FNDA:0,(anonymous_30)
FNDA:0,(anonymous_31)
FNDA:0,(anonymous_32)
FNDA:0,(anonymous_33)
FNDA:0,(anonymous_34)
FNDA:0,(anonymous_35)
DA:37,0
DA:44,0
DA:45,0
DA:46,0
DA:49,0
DA:62,0
DA:66,0
DA:67,0
DA:69,0
DA:73,0
DA:74,0
DA:75,0
DA:80,0
DA:81,0
DA:84,0
DA:85,0
DA:86,0
DA:87,0
DA:149,0
DA:153,0
DA:154,0
DA:155,0
DA:156,0
DA:157,0
DA:161,0
DA:162,0
DA:164,0
DA:166,0
DA:167,0
DA:170,0
DA:171,0
DA:174,0
DA:178,0
DA:179,0
DA:181,0
DA:183,0
DA:184,0
DA:190,0
DA:192,0
DA:193,0
DA:198,0
DA:199,0
DA:203,0
DA:204,0
DA:209,0
DA:210,0
DA:213,0
DA:214,0
DA:215,0
DA:216,0
DA:219,0
DA:223,0
DA:225,0
DA:226,0
DA:227,0
DA:228,0
DA:230,0
DA:231,0
DA:232,0
DA:233,0
DA:234,0
DA:235,0
DA:238,0
DA:243,0
DA:244,0
DA:245,0
DA:246,0
DA:251,0
DA:255,0
DA:267,0
DA:271,0
DA:273,0
DA:274,0
DA:275,0
DA:277,0
DA:278,0
DA:279,0
DA:285,0
DA:289,0
DA:290,0
DA:291,0
DA:292,0
DA:296,0
DA:297,0
DA:302,0
DA:303,0
DA:306,0
DA:307,0
DA:308,0
DA:309,0
DA:313,0
DA:314,0
DA:315,0
DA:319,0
DA:327,0
DA:328,0
DA:330,0
DA:331,0
DA:332,0
DA:333,0
DA:335,0
DA:336,0
DA:339,0
DA:340,0
DA:343,0
DA:344,0
DA:345,0
DA:346,0
DA:347,0
DA:348,0
DA:352,0
DA:353,0
DA:354,0
DA:356,0
DA:357,0
DA:361,0
DA:362,0
DA:363,0
DA:368,0
DA:369,0
DA:370,0
DA:375,0
DA:386,0
DA:388,0
DA:389,0
DA:390,0
DA:395,0
DA:397,0
DA:398,0
DA:399,0
DA:404,0
DA:405,0
DA:406,0
DA:407,0
DA:408,0
DA:410,0
DA:411,0
DA:412,0
DA:413,0
DA:414,0
DA:416,0
DA:417,0
DA:420,0
DA:424,0
DA:425,0
DA:428,0
DA:429,0
DA:431,0
DA:436,0
DA:437,0
DA:438,0
DA:439,0
DA:440,0
DA:443,0
DA:444,0
DA:448,0
DA:449,0
DA:450,0
DA:453,0
DA:456,0
DA:457,0
DA:458,0
DA:461,0
DA:464,0
DA:465,0
DA:469,0
DA:472,0
DA:476,0
LF:168
LH:0
BRDA:66,0,0,0
BRDA:66,0,1,0
BRDA:80,1,0,0
BRDA:80,1,1,0
BRDA:80,2,0,0
BRDA:80,2,1,0
BRDA:162,3,0,0
BRDA:162,3,1,0
BRDA:166,4,0,0
BRDA:166,4,1,0
BRDA:166,5,0,0
BRDA:166,5,1,0
BRDA:170,6,0,0
BRDA:170,6,1,0
BRDA:179,7,0,0
BRDA:179,7,1,0
BRDA:183,8,0,0
BRDA:183,8,1,0
BRDA:190,9,0,0
BRDA:190,9,1,0
BRDA:190,10,0,0
BRDA:190,10,1,0
BRDA:190,10,2,0
BRDA:190,10,3,0
BRDA:190,10,4,0
BRDA:203,11,0,0
BRDA:203,11,1,0
BRDA:209,12,0,0
BRDA:209,12,1,0
BRDA:209,13,0,0
BRDA:209,13,1,0
BRDA:223,14,0,0
BRDA:223,14,1,0
BRDA:223,15,0,0
BRDA:223,15,1,0
BRDA:227,16,0,0
BRDA:227,16,1,0
BRDA:228,17,0,0
BRDA:228,17,1,0
BRDA:245,18,0,0
BRDA:245,18,1,0
BRDA:271,19,0,0
BRDA:271,19,1,0
BRDA:277,20,0,0
BRDA:277,20,1,0
BRDA:291,21,0,0
BRDA:291,21,1,0
BRDA:303,22,0,0
BRDA:303,22,1,0
BRDA:307,23,0,0
BRDA:307,23,1,0
BRDA:309,24,0,0
BRDA:309,24,1,0
BRDA:309,25,0,0
BRDA:309,25,1,0
BRDA:313,26,0,0
BRDA:313,26,1,0
BRDA:315,27,0,0
BRDA:315,27,1,0
BRDA:315,28,0,0
BRDA:315,28,1,0
BRDA:319,29,0,0
BRDA:319,29,1,0
BRDA:319,29,2,0
BRDA:319,29,3,0
BRDA:328,30,0,0
BRDA:328,30,1,0
BRDA:346,31,0,0
BRDA:346,31,1,0
BRDA:390,32,0,0
BRDA:390,32,1,0
BRDA:395,33,0,0
BRDA:395,33,1,0
BRDA:400,34,0,0
BRDA:400,34,1,0
BRDA:401,35,0,0
BRDA:401,35,1,0
BRDA:407,36,0,0
BRDA:407,36,1,0
BRDA:408,37,0,0
BRDA:408,37,1,0
BRDA:416,38,0,0
BRDA:416,38,1,0
BRDA:443,39,0,0
BRDA:443,39,1,0
BRDA:443,40,0,0
BRDA:443,40,1,0
BRDA:449,41,0,0
BRDA:449,41,1,0
BRDA:457,42,0,0
BRDA:457,42,1,0
BRDA:464,43,0,0
BRDA:464,43,1,0
BRDA:464,44,0,0
BRDA:464,44,1,0
BRF:95
BRH:0
end_of_record
TN:
SF:src/utils/index.ts
FN:64,(anonymous_7)
FN:72,(anonymous_8)
FN:80,(anonymous_9)
FN:84,(anonymous_10)
FN:112,(anonymous_11)
FN:116,(anonymous_12)
FN:117,(anonymous_13)
FN:120,(anonymous_14)
FN:133,(anonymous_15)
FN:134,(anonymous_16)
FN:143,(anonymous_17)
FN:173,(anonymous_18)
FN:173,(anonymous_19)
FN:182,(anonymous_20)
FNF:14
FNH:0
FNDA:0,(anonymous_7)
FNDA:0,(anonymous_8)
FNDA:0,(anonymous_9)
FNDA:0,(anonymous_10)
FNDA:0,(anonymous_11)
FNDA:0,(anonymous_12)
FNDA:0,(anonymous_13)
FNDA:0,(anonymous_14)
FNDA:0,(anonymous_15)
FNDA:0,(anonymous_16)
FNDA:0,(anonymous_17)
FNDA:0,(anonymous_18)
FNDA:0,(anonymous_19)
FNDA:0,(anonymous_20)
DA:3,0
DA:54,0
DA:64,0
DA:65,0
DA:66,0
DA:67,0
DA:68,0
DA:69,0
DA:72,0
DA:73,0
DA:74,0
DA:75,0
DA:76,0
DA:78,0
DA:80,0
DA:84,0
DA:85,0
DA:87,0
DA:88,0
DA:91,0
DA:92,0
DA:94,0
DA:95,0
DA:99,0
DA:100,0
DA:101,0
DA:102,0
DA:104,0
DA:105,0
DA:109,0
DA:112,0
DA:113,0
DA:116,0
DA:117,0
DA:120,0
DA:121,0
DA:123,0
DA:124,0
DA:126,0
DA:133,0
DA:134,0
DA:136,0
DA:137,0
DA:140,0
DA:141,0
DA:143,0
DA:144,0
DA:145,0
DA:146,0
DA:147,0
DA:151,0
DA:152,0
DA:155,0
DA:156,0
DA:157,0
DA:158,0
DA:160,0
DA:161,0
DA:166,0
DA:173,0
DA:174,0
DA:175,0
DA:176,0
DA:178,0
DA:182,0
DA:183,0
DA:185,0
DA:186,0
DA:189,0
DA:190,0
DA:193,0
DA:194,0
DA:197,0
DA:198,0
DA:201,0
LF:75
LH:0
BRDA:67,0,0,0
BRDA:67,0,1,0
BRDA:68,1,0,0
BRDA:68,1,1,0
BRDA:73,2,0,0
BRDA:73,2,1,0
BRDA:74,3,0,0
BRDA:74,3,1,0
BRDA:75,4,0,0
BRDA:75,4,1,0
BRDA:75,5,0,0
BRDA:75,5,1,0
BRDA:75,5,2,0
BRDA:76,6,0,0
BRDA:76,6,1,0
BRDA:76,7,0,0
BRDA:76,7,1,0
BRDA:76,7,2,0
BRDA:85,8,0,0
BRDA:85,8,1,0
BRDA:85,9,0,0
BRDA:85,9,1,0
BRDA:94,10,0,0
BRDA:94,10,1,0
BRDA:94,11,0,0
BRDA:94,11,1,0
BRDA:104,12,0,0
BRDA:104,12,1,0
BRDA:117,13,0,0
BRDA:117,13,1,0
BRDA:121,14,0,0
BRDA:121,14,1,0
BRDA:127,15,0,0
BRDA:127,15,1,0
BRDA:127,15,2,0
BRDA:134,16,0,0
BRDA:134,16,1,0
BRDA:136,17,0,0
BRDA:136,17,1,0
BRDA:145,18,0,0
BRDA:145,18,1,0
BRDA:145,19,0,0
BRDA:145,19,1,0
BRDA:145,19,2,0
BRDA:151,20,0,0
BRDA:151,20,1,0
BRDA:151,21,0,0
BRDA:151,21,1,0
BRDA:160,22,0,0
BRDA:160,22,1,0
BRDA:185,23,0,0
BRDA:185,23,1,0
BRDA:185,24,0,0
BRDA:185,24,1,0
BRDA:189,25,0,0
BRDA:189,25,1,0
BRDA:189,26,0,0
BRDA:189,26,1,0
BRDA:193,27,0,0
BRDA:193,27,1,0
BRDA:193,28,0,0
BRDA:193,28,1,0
BRDA:197,29,0,0
BRDA:197,29,1,0
BRF:64
BRH:0
end_of_record
TN:
SF:src/utils/keyboard-navigation.ts
FN:39,(anonymous_0)
FN:56,(anonymous_1)
FN:66,(anonymous_2)
FN:72,(anonymous_3)
FN:79,(anonymous_4)
FN:86,(anonymous_5)
FN:93,(anonymous_6)
FN:102,(anonymous_7)
FN:109,(anonymous_8)
FN:116,(anonymous_9)
FN:123,(anonymous_10)
FN:132,(anonymous_11)
FN:139,(anonymous_12)
FN:146,(anonymous_13)
FN:153,(anonymous_14)
FN:162,(anonymous_15)
FN:169,(anonymous_16)
FN:175,(anonymous_17)
FN:186,(anonymous_18)
FN:194,(anonymous_19)
FN:202,(anonymous_20)
FN:210,(anonymous_21)
FN:222,(anonymous_22)
FN:224,(anonymous_23)
FN:235,(anonymous_24)
FN:241,(anonymous_25)
FN:257,(anonymous_26)
FN:263,(anonymous_27)
FN:269,(anonymous_28)
FN:281,(anonymous_29)
FN:298,(anonymous_30)
FN:334,(anonymous_31)
FN:353,(anonymous_32)
FN:360,(anonymous_33)
FN:417,(anonymous_34)
FN:435,(anonymous_35)
FN:448,(anonymous_36)
FN:454,(anonymous_37)
FN:462,(anonymous_38)
FN:479,(anonymous_39)
FN:498,(anonymous_40)
FN:515,(anonymous_41)
FN:533,(anonymous_42)
FN:550,(anonymous_43)
FN:578,(anonymous_44)
FN:611,(anonymous_45)
FN:626,(anonymous_46)
FN:640,(anonymous_47)
FN:667,(anonymous_48)
FN:683,(anonymous_49)
FN:690,(anonymous_50)
FN:700,(anonymous_51)
FN:710,(anonymous_52)
FN:720,(anonymous_53)
FN:741,(anonymous_54)
FN:744,(anonymous_55)
FN:745,(anonymous_56)
FN:750,(anonymous_57)
FN:763,(anonymous_58)
FN:770,(anonymous_59)
FN:777,(anonymous_60)
FN:785,(anonymous_61)
FN:794,(anonymous_62)
FN:801,(anonymous_63)
FN:803,(anonymous_64)
FN:809,(anonymous_65)
FN:816,(anonymous_66)
FN:821,(anonymous_67)
FN:833,(anonymous_68)
FN:853,(anonymous_69)
FN:861,(anonymous_70)
FNF:71
FNH:0
FNDA:0,(anonymous_0)
FNDA:0,(anonymous_1)
FNDA:0,(anonymous_2)
FNDA:0,(anonymous_3)
FNDA:0,(anonymous_4)
FNDA:0,(anonymous_5)
FNDA:0,(anonymous_6)
FNDA:0,(anonymous_7)
FNDA:0,(anonymous_8)
FNDA:0,(anonymous_9)
FNDA:0,(anonymous_10)
FNDA:0,(anonymous_11)
FNDA:0,(anonymous_12)
FNDA:0,(anonymous_13)
FNDA:0,(anonymous_14)
FNDA:0,(anonymous_15)
FNDA:0,(anonymous_16)
FNDA:0,(anonymous_17)
FNDA:0,(anonymous_18)
FNDA:0,(anonymous_19)
FNDA:0,(anonymous_20)
FNDA:0,(anonymous_21)
FNDA:0,(anonymous_22)
FNDA:0,(anonymous_23)
FNDA:0,(anonymous_24)
FNDA:0,(anonymous_25)
FNDA:0,(anonymous_26)
FNDA:0,(anonymous_27)
FNDA:0,(anonymous_28)
FNDA:0,(anonymous_29)
FNDA:0,(anonymous_30)
FNDA:0,(anonymous_31)
FNDA:0,(anonymous_32)
FNDA:0,(anonymous_33)
FNDA:0,(anonymous_34)
FNDA:0,(anonymous_35)
FNDA:0,(anonymous_36)
FNDA:0,(anonymous_37)
FNDA:0,(anonymous_38)
FNDA:0,(anonymous_39)
FNDA:0,(anonymous_40)
FNDA:0,(anonymous_41)
FNDA:0,(anonymous_42)
FNDA:0,(anonymous_43)
FNDA:0,(anonymous_44)
FNDA:0,(anonymous_45)
FNDA:0,(anonymous_46)
FNDA:0,(anonymous_47)
FNDA:0,(anonymous_48)
FNDA:0,(anonymous_49)
FNDA:0,(anonymous_50)
FNDA:0,(anonymous_51)
FNDA:0,(anonymous_52)
FNDA:0,(anonymous_53)
FNDA:0,(anonymous_54)
FNDA:0,(anonymous_55)
FNDA:0,(anonymous_56)
FNDA:0,(anonymous_57)
FNDA:0,(anonymous_58)
FNDA:0,(anonymous_59)
FNDA:0,(anonymous_60)
FNDA:0,(anonymous_61)
FNDA:0,(anonymous_62)
FNDA:0,(anonymous_63)
FNDA:0,(anonymous_64)
FNDA:0,(anonymous_65)
FNDA:0,(anonymous_66)
FNDA:0,(anonymous_67)
FNDA:0,(anonymous_68)
FNDA:0,(anonymous_69)
FNDA:0,(anonymous_70)
DA:5,0
DA:6,0
DA:29,0
DA:31,0
DA:34,0
DA:35,0
DA:40,0
DA:47,0
DA:48,0
DA:50,0
DA:51,0
DA:52,0
DA:53,0
DA:57,0
DA:58,0
DA:60,0
DA:67,0
DA:72,0
DA:79,0
DA:86,0
DA:93,0
DA:102,0
DA:109,0
DA:116,0
DA:123,0
DA:132,0
DA:139,0
DA:146,0
DA:153,0
DA:162,0
DA:169,0
DA:175,0
DA:176,0
DA:187,0
DA:188,0
DA:195,0
DA:196,0
DA:203,0
DA:204,0
DA:211,0
DA:212,0
DA:213,0
DA:216,0
DA:224,0
DA:225,0
DA:229,0
DA:237,0
DA:238,0
DA:241,0
DA:242,0
DA:243,0
DA:248,0
DA:251,0
DA:258,0
DA:259,0
DA:260,0
DA:261,0
DA:263,0
DA:264,0
DA:265,0
DA:269,0
DA:270,0
DA:271,0
DA:272,0
DA:283,0
DA:289,0
DA:300,0
DA:301,0
DA:302,0
DA:306,0
DA:308,0
DA:311,0
DA:312,0
DA:313,0
DA:314,0
DA:315,0
DA:317,0
DA:318,0
DA:320,0
DA:321,0
DA:322,0
DA:325,0
DA:326,0
DA:335,0
DA:336,0
DA:337,0
DA:338,0
DA:341,0
DA:342,0
DA:346,0
DA:361,0
DA:364,0
DA:366,0
DA:367,0
DA:369,0
DA:370,0
DA:372,0
DA:373,0
DA:375,0
DA:377,0
DA:379,0
DA:382,0
DA:383,0
DA:384,0
DA:387,0
DA:388,0
DA:389,0
DA:391,0
DA:392,0
DA:393,0
DA:395,0
DA:396,0
DA:397,0
DA:399,0
DA:402,0
DA:403,0
DA:406,0
DA:407,0
DA:408,0
DA:409,0
DA:419,0
DA:420,0
DA:421,0
DA:425,0
DA:427,0
DA:429,0
DA:436,0
DA:447,0
DA:448,0
DA:455,0
DA:456,0
DA:463,0
DA:465,0
DA:466,0
DA:468,0
DA:480,0
DA:481,0
DA:483,0
DA:485,0
DA:486,0
DA:487,0
DA:488,0
DA:489,0
DA:491,0
DA:492,0
DA:499,0
DA:503,0
DA:504,0
DA:507,0
DA:516,0
DA:519,0
DA:520,0
DA:523,0
DA:524,0
DA:525,0
DA:527,0
DA:534,0
DA:535,0
DA:537,0
DA:538,0
DA:540,0
DA:541,0
DA:544,0
DA:552,0
DA:553,0
DA:556,0
DA:557,0
DA:558,0
DA:559,0
DA:563,0
DA:564,0
DA:565,0
DA:569,0
DA:579,0
DA:580,0
DA:581,0
DA:582,0
DA:586,0
DA:588,0
DA:589,0
DA:590,0
DA:593,0
DA:594,0
DA:595,0
DA:598,0
DA:599,0
DA:600,0
DA:601,0
DA:602,0
DA:605,0
DA:612,0
DA:613,0
DA:615,0
DA:616,0
DA:617,0
DA:619,0
DA:626,0
DA:627,0
DA:628,0
DA:629,0
DA:632,0
DA:633,0
DA:634,0
DA:636,0
DA:637,0
DA:638,0
DA:640,0
DA:641,0
DA:642,0
DA:643,0
DA:644,0
DA:647,0
DA:648,0
DA:651,0
DA:652,0
DA:657,0
DA:658,0
DA:661,0
DA:669,0
DA:672,0
DA:674,0
DA:677,0
DA:678,0
DA:679,0
DA:684,0
DA:687,0
DA:691,0
DA:692,0
DA:693,0
DA:696,0
DA:701,0
DA:702,0
DA:703,0
DA:706,0
DA:711,0
DA:712,0
DA:713,0
DA:716,0
DA:722,0
DA:723,0
DA:724,0
DA:725,0
DA:726,0
DA:727,0
DA:729,0
DA:733,0
DA:734,0
DA:735,0
DA:736,0
DA:742,0
DA:743,0
DA:744,0
DA:745,0
DA:748,0
DA:749,0
DA:750,0
DA:753,0
DA:757,0
DA:760,0
DA:764,0
DA:765,0
DA:771,0
DA:772,0
DA:773,0
DA:778,0
DA:779,0
DA:780,0
DA:781,0
DA:786,0
DA:787,0
DA:788,0
DA:795,0
DA:802,0
DA:803,0
DA:810,0
DA:817,0
DA:818,0
DA:819,0
DA:820,0
DA:821,0
DA:822,0
DA:823,0
DA:826,0
DA:840,0
DA:841,0
DA:854,0
DA:855,0
DA:862,0
DA:863,0
DA:864,0
DA:867,0
DA:868,0
DA:872,0
DA:873,0
DA:874,0
DA:879,0
LF:296
LH:0
BRDA:57,0,0,0
BRDA:57,0,1,0
BRDA:242,1,0,0
BRDA:242,1,1,0
BRDA:259,2,0,0
BRDA:259,2,1,0
BRDA:260,3,0,0
BRDA:260,3,1,0
BRDA:301,4,0,0
BRDA:301,4,1,0
BRDA:301,5,0,0
BRDA:301,5,1,0
BRDA:306,6,0,0
BRDA:306,6,1,0
BRDA:306,7,0,0
BRDA:306,7,1,0
BRDA:312,8,0,0
BRDA:312,8,1,0
BRDA:313,9,0,0
BRDA:313,9,1,0
BRDA:314,10,0,0
BRDA:314,10,1,0
BRDA:315,11,0,0
BRDA:315,11,1,0
BRDA:320,12,0,0
BRDA:320,12,1,0
BRDA:320,13,0,0
BRDA:320,13,1,0
BRDA:325,14,0,0
BRDA:325,14,1,0
BRDA:325,15,0,0
BRDA:325,15,1,0
BRDA:336,16,0,0
BRDA:336,16,1,0
BRDA:336,17,0,0
BRDA:336,17,1,0
BRDA:341,18,0,0
BRDA:341,18,1,0
BRDA:364,19,0,0
BRDA:364,19,1,0
BRDA:364,20,0,0
BRDA:364,20,1,0
BRDA:367,21,0,0
BRDA:367,21,1,0
BRDA:370,22,0,0
BRDA:370,22,1,0
BRDA:375,23,0,0
BRDA:375,23,1,0
BRDA:379,24,0,0
BRDA:379,24,1,0
BRDA:379,24,2,0
BRDA:379,24,3,0
BRDA:379,24,4,0
BRDA:379,24,5,0
BRDA:379,24,6,0
BRDA:402,25,0,0
BRDA:402,25,1,0
BRDA:406,26,0,0
BRDA:406,26,1,0
BRDA:406,27,0,0
BRDA:406,27,1,0
BRDA:421,28,0,0
BRDA:421,28,1,0
BRDA:421,29,0,0
BRDA:421,29,1,0
BRDA:421,29,2,0
BRDA:421,29,3,0
BRDA:456,30,0,0
BRDA:456,30,1,0
BRDA:463,31,0,0
BRDA:463,31,1,0
BRDA:466,32,0,0
BRDA:466,32,1,0
BRDA:466,33,0,0
BRDA:466,33,1,0
BRDA:468,34,0,0
BRDA:468,34,1,0
BRDA:468,34,2,0
BRDA:468,34,3,0
BRDA:470,35,0,0
BRDA:470,35,1,0
BRDA:483,36,0,0
BRDA:483,36,1,0
BRDA:486,37,0,0
BRDA:486,37,1,0
BRDA:487,38,0,0
BRDA:487,38,1,0
BRDA:488,39,0,0
BRDA:488,39,1,0
BRDA:489,40,0,0
BRDA:489,40,1,0
BRDA:491,41,0,0
BRDA:491,41,1,0
BRDA:503,42,0,0
BRDA:503,42,1,0
BRDA:507,43,0,0
BRDA:507,43,1,0
BRDA:507,43,2,0
BRDA:519,44,0,0
BRDA:519,44,1,0
BRDA:519,45,0,0
BRDA:519,45,1,0
BRDA:535,46,0,0
BRDA:535,46,1,0
BRDA:538,47,0,0
BRDA:538,47,1,0
BRDA:538,48,0,0
BRDA:538,48,1,0
BRDA:540,49,0,0
BRDA:540,49,1,0
BRDA:541,50,0,0
BRDA:541,50,1,0
BRDA:553,51,0,0
BRDA:553,51,1,0
BRDA:557,52,0,0
BRDA:557,52,1,0
BRDA:559,53,0,0
BRDA:559,53,1,0
BRDA:559,54,0,0
BRDA:559,54,1,0
BRDA:563,55,0,0
BRDA:563,55,1,0
BRDA:565,56,0,0
BRDA:565,56,1,0
BRDA:565,57,0,0
BRDA:565,57,1,0
BRDA:569,58,0,0
BRDA:569,58,1,0
BRDA:569,58,2,0
BRDA:569,58,3,0
BRDA:580,59,0,0
BRDA:580,59,1,0
BRDA:582,60,0,0
BRDA:582,60,1,0
BRDA:582,61,0,0
BRDA:582,61,1,0
BRDA:588,62,0,0
BRDA:588,62,1,0
BRDA:590,63,0,0
BRDA:590,63,1,0
BRDA:593,64,0,0
BRDA:593,64,1,0
BRDA:595,65,0,0
BRDA:595,65,1,0
BRDA:598,66,0,0
BRDA:598,66,1,0
BRDA:600,67,0,0
BRDA:600,67,1,0
BRDA:601,68,0,0
BRDA:601,68,1,0
BRDA:602,69,0,0
BRDA:602,69,1,0
BRDA:605,70,0,0
BRDA:605,70,1,0
BRDA:613,71,0,0
BRDA:613,71,1,0
BRDA:633,72,0,0
BRDA:633,72,1,0
BRDA:634,73,0,0
BRDA:634,73,1,0
BRDA:643,74,0,0
BRDA:643,74,1,0
BRDA:647,75,0,0
BRDA:647,75,1,0
BRDA:651,76,0,0
BRDA:651,76,1,0
BRDA:651,77,0,0
BRDA:651,77,1,0
BRDA:678,78,0,0
BRDA:678,78,1,0
BRDA:678,79,0,0
BRDA:678,79,1,0
BRDA:692,80,0,0
BRDA:692,80,1,0
BRDA:702,81,0,0
BRDA:702,81,1,0
BRDA:712,82,0,0
BRDA:712,82,1,0
BRDA:723,83,0,0
BRDA:723,83,1,0
BRDA:726,84,0,0
BRDA:726,84,1,0
BRDA:733,85,0,0
BRDA:733,85,1,0
BRDA:735,86,0,0
BRDA:735,86,1,0
BRDA:735,87,0,0
BRDA:735,87,1,0
BRDA:748,88,0,0
BRDA:748,88,1,0
BRDA:750,89,0,0
BRDA:750,89,1,0
BRDA:772,90,0,0
BRDA:772,90,1,0
BRDA:780,91,0,0
BRDA:780,91,1,0
BRDA:818,92,0,0
BRDA:818,92,1,0
BRDA:818,93,0,0
BRDA:818,93,1,0
BRDA:820,94,0,0
BRDA:820,94,1,0
BRDA:822,95,0,0
BRDA:822,95,1,0
BRDA:867,96,0,0
BRDA:867,96,1,0
BRDA:873,97,0,0
BRDA:873,97,1,0
BRF:208
BRH:0
end_of_record
TN:
SF:src/utils/mobile-accessibility.ts
FN:53,(anonymous_0)
FN:76,(anonymous_1)
FN:86,(anonymous_2)
FN:116,(anonymous_3)
FN:120,(anonymous_4)
FN:128,(anonymous_5)
FN:136,(anonymous_6)
FN:144,(anonymous_7)
FN:152,(anonymous_8)
FN:160,(anonymous_9)
FN:168,(anonymous_10)
FN:176,(anonymous_11)
FN:184,(anonymous_12)
FN:201,(anonymous_13)
FN:204,(anonymous_14)
FN:211,(anonymous_15)
FN:219,(anonymous_16)
FN:229,(anonymous_17)
FN:248,(anonymous_18)
FN:267,(anonymous_19)
FN:296,(anonymous_20)
FN:309,(anonymous_21)
FN:335,(anonymous_22)
FN:356,(anonymous_23)
FN:377,(anonymous_24)
FN:378,(anonymous_25)
FN:388,(anonymous_26)
FN:415,(anonymous_27)
FN:445,(anonymous_28)
FN:476,(anonymous_29)
FN:509,(anonymous_30)
FN:524,(anonymous_31)
FN:543,(anonymous_32)
FN:551,(anonymous_33)
FN:558,(anonymous_34)
FN:565,(anonymous_35)
FN:572,(anonymous_36)
FN:579,(anonymous_37)
FN:586,(anonymous_38)
FN:593,(anonymous_39)
FN:600,(anonymous_40)
FN:612,(anonymous_41)
FN:633,(anonymous_42)
FN:644,(anonymous_43)
FN:672,(anonymous_44)
FN:693,(anonymous_45)
FN:705,(anonymous_46)
FN:712,(anonymous_47)
FN:719,(anonymous_48)
FN:721,(anonymous_49)
FN:727,(anonymous_50)
FN:737,(anonymous_51)
FNF:52
FNH:0
FNDA:0,(anonymous_0)
FNDA:0,(anonymous_1)
FNDA:0,(anonymous_2)
FNDA:0,(anonymous_3)
FNDA:0,(anonymous_4)
FNDA:0,(anonymous_5)
FNDA:0,(anonymous_6)
FNDA:0,(anonymous_7)
FNDA:0,(anonymous_8)
FNDA:0,(anonymous_9)
FNDA:0,(anonymous_10)
FNDA:0,(anonymous_11)
FNDA:0,(anonymous_12)
FNDA:0,(anonymous_13)
FNDA:0,(anonymous_14)
FNDA:0,(anonymous_15)
FNDA:0,(anonymous_16)
FNDA:0,(anonymous_17)
FNDA:0,(anonymous_18)
FNDA:0,(anonymous_19)
FNDA:0,(anonymous_20)
FNDA:0,(anonymous_21)
FNDA:0,(anonymous_22)
FNDA:0,(anonymous_23)
FNDA:0,(anonymous_24)
FNDA:0,(anonymous_25)
FNDA:0,(anonymous_26)
FNDA:0,(anonymous_27)
FNDA:0,(anonymous_28)
FNDA:0,(anonymous_29)
FNDA:0,(anonymous_30)
FNDA:0,(anonymous_31)
FNDA:0,(anonymous_32)
FNDA:0,(anonymous_33)
FNDA:0,(anonymous_34)
FNDA:0,(anonymous_35)
FNDA:0,(anonymous_36)
FNDA:0,(anonymous_37)
FNDA:0,(anonymous_38)
FNDA:0,(anonymous_39)
FNDA:0,(anonymous_40)
FNDA:0,(anonymous_41)
FNDA:0,(anonymous_42)
FNDA:0,(anonymous_43)
FNDA:0,(anonymous_44)
FNDA:0,(anonymous_45)
FNDA:0,(anonymous_46)
FNDA:0,(anonymous_47)
FNDA:0,(anonymous_48)
FNDA:0,(anonymous_49)
FNDA:0,(anonymous_50)
FNDA:0,(anonymous_51)
DA:4,0
DA:40,0
DA:42,0
DA:47,0
DA:48,0
DA:49,0
DA:50,0
DA:51,0
DA:54,0
DA:55,0
DA:56,0
DA:58,0
DA:71,0
DA:72,0
DA:73,0
DA:77,0
DA:78,0
DA:80,0
DA:87,0
DA:88,0
DA:89,0
DA:90,0
DA:91,0
DA:94,0
DA:95,0
DA:97,0
DA:98,0
DA:100,0
DA:103,0
DA:117,0
DA:120,0
DA:128,0
DA:136,0
DA:144,0
DA:152,0
DA:160,0
DA:168,0
DA:176,0
DA:177,0
DA:185,0
DA:187,0
DA:188,0
DA:189,0
DA:192,0
DA:195,0
DA:203,0
DA:204,0
DA:205,0
DA:206,0
DA:210,0
DA:211,0
DA:212,0
DA:213,0
DA:214,0
DA:218,0
DA:219,0
DA:220,0
DA:221,0
DA:222,0
DA:230,0
DA:232,0
DA:233,0
DA:234,0
DA:240,0
DA:241,0
DA:249,0
DA:252,0
DA:253,0
DA:254,0
DA:255,0
DA:258,0
DA:259,0
DA:268,0
DA:270,0
DA:271,0
DA:272,0
DA:274,0
DA:275,0
DA:276,0
DA:279,0
DA:281,0
DA:282,0
DA:284,0
DA:285,0
DA:287,0
DA:290,0
DA:297,0
DA:299,0
DA:300,0
DA:302,0
DA:310,0
DA:312,0
DA:313,0
DA:315,0
DA:317,0
DA:318,0
DA:320,0
DA:324,0
DA:325,0
DA:327,0
DA:336,0
DA:338,0
DA:339,0
DA:341,0
DA:344,0
DA:347,0
DA:348,0
DA:349,0
DA:357,0
DA:358,0
DA:361,0
DA:364,0
DA:367,0
DA:368,0
DA:370,0
DA:378,0
DA:379,0
DA:380,0
DA:381,0
DA:389,0
DA:392,0
DA:394,0
DA:395,0
DA:398,0
DA:399,0
DA:400,0
DA:401,0
DA:405,0
DA:408,0
DA:409,0
DA:416,0
DA:417,0
DA:439,0
DA:446,0
DA:447,0
DA:448,0
DA:449,0
DA:450,0
DA:463,0
DA:465,0
DA:466,0
DA:467,0
DA:468,0
DA:477,0
DA:478,0
DA:479,0
DA:480,0
DA:481,0
DA:496,0
DA:498,0
DA:499,0
DA:500,0
DA:501,0
DA:510,0
DA:511,0
DA:513,0
DA:515,0
DA:517,0
DA:525,0
DA:527,0
DA:533,0
DA:534,0
DA:536,0
DA:544,0
DA:545,0
DA:552,0
DA:555,0
DA:559,0
DA:562,0
DA:566,0
DA:569,0
DA:573,0
DA:576,0
DA:580,0
DA:581,0
DA:587,0
DA:590,0
DA:594,0
DA:597,0
DA:602,0
DA:603,0
DA:604,0
DA:605,0
DA:614,0
DA:615,0
DA:616,0
DA:617,0
DA:618,0
DA:619,0
DA:622,0
DA:623,0
DA:624,0
DA:625,0
DA:626,0
DA:627,0
DA:634,0
DA:635,0
DA:636,0
DA:637,0
DA:645,0
DA:648,0
DA:649,0
DA:666,0
DA:673,0
DA:676,0
DA:677,0
DA:687,0
DA:694,0
DA:697,0
DA:699,0
DA:706,0
DA:713,0
DA:720,0
DA:721,0
DA:728,0
DA:729,0
DA:730,0
DA:738,0
DA:739,0
DA:740,0
DA:741,0
DA:744,0
DA:752,0
LF:223
LH:0
BRDA:77,0,0,0
BRDA:77,0,1,0
BRDA:95,1,0,0
BRDA:95,1,1,0
BRDA:95,2,0,0
BRDA:95,2,1,0
BRDA:98,3,0,0
BRDA:98,3,1,0
BRDA:104,4,0,0
BRDA:104,4,1,0
BRDA:109,5,0,0
BRDA:109,5,1,0
BRDA:185,6,0,0
BRDA:185,6,1,0
BRDA:230,7,0,0
BRDA:230,7,1,0
BRDA:240,8,0,0
BRDA:240,8,1,0
BRDA:249,9,0,0
BRDA:249,9,1,0
BRDA:249,10,0,0
BRDA:249,10,1,0
BRDA:252,11,0,0
BRDA:252,11,1,0
BRDA:258,12,0,0
BRDA:258,12,1,0
BRDA:258,13,0,0
BRDA:258,13,1,0
BRDA:268,14,0,0
BRDA:268,14,1,0
BRDA:268,15,0,0
BRDA:268,15,1,0
BRDA:279,16,0,0
BRDA:279,16,1,0
BRDA:279,17,0,0
BRDA:279,17,1,0
BRDA:282,18,0,0
BRDA:282,18,1,0
BRDA:282,19,0,0
BRDA:282,19,1,0
BRDA:285,20,0,0
BRDA:285,20,1,0
BRDA:285,21,0,0
BRDA:285,21,1,0
BRDA:297,22,0,0
BRDA:297,22,1,0
BRDA:300,23,0,0
BRDA:300,23,1,0
BRDA:310,24,0,0
BRDA:310,24,1,0
BRDA:315,25,0,0
BRDA:315,25,1,0
BRDA:317,26,0,0
BRDA:317,26,1,0
BRDA:324,27,0,0
BRDA:324,27,1,0
BRDA:338,28,0,0
BRDA:338,28,1,0
BRDA:347,29,0,0
BRDA:347,29,1,0
BRDA:358,30,0,0
BRDA:358,30,1,0
BRDA:358,31,0,0
BRDA:358,31,1,0
BRDA:379,32,0,0
BRDA:379,32,1,0
BRDA:389,33,0,0
BRDA:389,33,1,0
BRDA:394,34,0,0
BRDA:394,34,1,0
BRDA:398,35,0,0
BRDA:398,35,1,0
BRDA:400,36,0,0
BRDA:400,36,1,0
BRDA:446,37,0,0
BRDA:446,37,1,0
BRDA:467,38,0,0
BRDA:467,38,1,0
BRDA:477,39,0,0
BRDA:477,39,1,0
BRDA:500,40,0,0
BRDA:500,40,1,0
BRDA:513,41,0,0
BRDA:513,41,1,0
BRDA:513,42,0,0
BRDA:513,42,1,0
BRDA:524,43,0,0
BRDA:525,44,0,0
BRDA:525,44,1,0
BRDA:525,45,0,0
BRDA:525,45,1,0
BRDA:544,46,0,0
BRDA:544,46,1,0
BRDA:603,47,0,0
BRDA:603,47,1,0
BRDA:603,48,0,0
BRDA:603,48,1,0
BRDA:603,48,2,0
BRDA:634,49,0,0
BRDA:634,49,1,0
BRDA:636,50,0,0
BRDA:636,50,1,0
BRDA:729,51,0,0
BRDA:729,51,1,0
BRF:104
BRH:0
end_of_record
