src/App.tsx(1112,9): error TS1005: ',' expected.
src/App.tsx(1388,7): error TS1005: ',' expected.
src/App.tsx(1488,7): error TS1005: ',' expected.
src/App.tsx(1489,7): error TS1005: ',' expected.
src/App.tsx(1493,10): error TS1005: ')' expected.
src/App.tsx(1551,7): error TS1005: ',' expected.
src/App.tsx(1815,9): error TS1005: ',' expected.
src/App.tsx(2057,25): error TS1005: ',' expected.
src/App.tsx(2057,56): error TS1005: ',' expected.
src/App.tsx(2058,24): error TS1109: Expression expected.
src/App.tsx(2059,21): error TS1109: Expression expected.
src/App.tsx(2082,17): error TS1005: ')' expected.
src/components/AchievementBadges.tsx(155,3): error TS1005: ',' expected.
src/components/AchievementBadges.tsx(157,3): error TS1109: Expression expected.
src/components/AchievementBadges.tsx(306,28): error TS1005: ')' expected.
src/components/AchievementBadges.tsx(306,44): error TS1005: ',' expected.
src/components/AchievementBadges.tsx(306,49): error TS1005: ',' expected.
src/components/AchievementBadges.tsx(306,76): error TS1109: Expression expected.
src/components/AchievementBadges.tsx(307,9): error TS1109: Expression expected.
src/components/AchievementBadges.tsx(307,10): error TS1005: '}' expected.
src/components/AchievementBadges.tsx(339,24): error TS1005: ')' expected.
src/components/AchievementBadges.tsx(339,40): error TS1005: ',' expected.
src/components/AchievementBadges.tsx(339,45): error TS1005: ',' expected.
src/components/AchievementBadges.tsx(341,21): error TS1005: ',' expected.
src/components/AchievementBadges.tsx(341,30): error TS1005: ',' expected.
src/components/AchievementBadges.tsx(353,22): error TS1005: ',' expected.
src/components/AchievementBadges.tsx(357,13): error TS1005: ')' expected.
src/components/AchievementBadges.tsx(369,36): error TS1005: ')' expected.
src/components/AchievementBadges.tsx(369,52): error TS1005: ',' expected.
src/components/AchievementBadges.tsx(369,57): error TS1005: ',' expected.
src/components/AchievementBadges.tsx(369,84): error TS1109: Expression expected.
src/components/AchievementBadges.tsx(370,17): error TS1109: Expression expected.
src/components/AchievementBadges.tsx(370,18): error TS1005: '}' expected.
src/components/AchievementBadges.tsx(390,7): error TS1005: ')' expected.
src/components/AchievementBadges.tsx(434,13): error TS1005: '}' expected.
src/components/AchievementBadges.tsx(435,11): error TS1005: ')' expected.
src/components/AchievementBadges.tsx(436,9): error TS1128: Declaration or statement expected.
src/components/AchievementBadges.tsx(436,10): error TS1128: Declaration or statement expected.
src/components/AchievementBadges.tsx(437,7): error TS1128: Declaration or statement expected.
src/components/AchievementBadges.tsx(438,5): error TS1109: Expression expected.
src/components/AchievementBadges.tsx(439,3): error TS1109: Expression expected.
src/components/AchievementBadges.tsx(440,1): error TS1128: Declaration or statement expected.
src/components/ActiveAlarm.tsx(101,5): error TS1005: ',' expected.
src/components/ActiveAlarm.tsx(341,25): error TS1005: '}' expected.
src/components/AdaptiveAlarmList.tsx(76,5): error TS1005: ',' expected.
src/components/AdaptiveAlarmList.tsx(313,11): error TS1005: ')' expected.
src/components/AdaptiveAlarmList.tsx(313,21): error TS1005: ',' expected.
src/components/AdaptiveAlarmList.tsx(314,11): error TS1005: ',' expected.
src/components/AdaptiveAlarmList.tsx(315,11): error TS1005: ',' expected.
src/components/AdaptiveAlarmList.tsx(316,11): error TS1005: ',' expected.
src/components/AdaptiveAlarmList.tsx(317,11): error TS1005: ',' expected.
src/components/AdaptiveAlarmList.tsx(318,11): error TS1005: ',' expected.
src/components/AdaptiveAlarmList.tsx(319,11): error TS1005: ',' expected.
src/components/AdaptiveAlarmList.tsx(320,10): error TS1109: Expression expected.
src/components/AdaptiveAlarmList.tsx(321,7): error TS1109: Expression expected.
src/components/AdaptiveAlarmList.tsx(321,8): error TS1005: '}' expected.
src/components/AdaptiveImage.tsx(239,7): error TS1005: ',' expected.
src/components/AdaptiveModal.tsx(287,11): error TS1005: '}' expected.
src/components/AdaptiveModal.tsx(344,3): error TS1109: Expression expected.
src/components/AdvancedAlarmScheduling.tsx(210,11): error TS1005: ')' expected.
src/components/AdvancedAlarmScheduling.tsx(210,21): error TS1005: ',' expected.
src/components/AdvancedAlarmScheduling.tsx(211,11): error TS1005: ',' expected.
src/components/AdvancedAlarmScheduling.tsx(211,77): error TS1005: ',' expected.
src/components/AdvancedAlarmScheduling.tsx(237,25): error TS1005: ',' expected.
src/components/AdvancedAlarmScheduling.tsx(238,23): error TS1005: ',' expected.
src/components/AdvancedAlarmScheduling.tsx(247,25): error TS1005: ',' expected.
src/components/AdvancedAlarmScheduling.tsx(248,23): error TS1005: ',' expected.
src/components/AdvancedAlarmScheduling.tsx(257,25): error TS1005: ',' expected.
src/components/AdvancedAlarmScheduling.tsx(258,23): error TS1005: ',' expected.
src/components/AdvancedAlarmScheduling.tsx(304,8): error TS1005: ',' expected.
src/components/AdvancedAlarmScheduling.tsx(305,5): error TS1128: Declaration or statement expected.
src/components/AdvancedAlarmScheduling.tsx(306,3): error TS1109: Expression expected.
src/components/AdvancedAlarmScheduling.tsx(351,18): error TS1109: Expression expected.
src/components/AdvancedAlarmScheduling.tsx(352,15): error TS1109: Expression expected.
src/components/AdvancedAlarmScheduling.tsx(361,19): error TS1005: ')' expected.
src/components/AdvancedAlarmScheduling.tsx(362,18): error TS1109: Expression expected.
src/components/AdvancedAlarmScheduling.tsx(363,15): error TS1109: Expression expected.
src/components/AdvancedAlarmScheduling.tsx(385,17): error TS1005: ')' expected.
src/components/AdvancedAlarmScheduling.tsx(406,17): error TS1005: ')' expected.
src/components/AdvancedAlarmScheduling.tsx(416,16): error TS1109: Expression expected.
src/components/AdvancedAlarmScheduling.tsx(418,13): error TS1005: ')' expected.
src/components/AdvancedAlarmScheduling.tsx(422,9): error TS1005: ')' expected.
src/components/AdvancedAlarmScheduling.tsx(826,7): error TS1128: Declaration or statement expected.
src/components/AdvancedAlarmScheduling.tsx(827,5): error TS1109: Expression expected.
src/components/AdvancedAlarmScheduling.tsx(828,3): error TS1109: Expression expected.
src/components/AdvancedAlarmScheduling.tsx(1078,19): error TS1005: '}' expected.
src/components/AdvancedAlarmScheduling.tsx(1106,7): error TS1005: ')' expected.
src/components/AdvancedAlarmScheduling.tsx(1133,5): error TS1128: Declaration or statement expected.
src/components/AdvancedAlarmScheduling.tsx(1134,3): error TS1109: Expression expected.
src/components/AdvancedAlarmScheduling.tsx(1135,1): error TS1128: Declaration or statement expected.
src/components/AlarmForm.tsx(287,9): error TS1005: ',' expected.
src/components/AlarmForm.tsx(335,12): error TS1005: ',' expected.
src/components/AlarmForm.tsx(444,9): error TS1005: ',' expected.
src/components/AlarmForm.tsx(543,44): error TS1005: ':' expected.
src/components/AlarmForm.tsx(545,38): error TS1005: ':' expected.
src/components/AlarmForm.tsx(549,16): error TS1005: ')' expected.
src/components/AlarmForm.tsx(550,15): error TS1005: '}' expected.
src/components/AlarmForm.tsx(605,45): error TS1005: ':' expected.
src/components/AlarmForm.tsx(607,38): error TS1005: ':' expected.
src/components/AlarmForm.tsx(611,16): error TS1005: ')' expected.
src/components/AlarmForm.tsx(612,15): error TS1005: '}' expected.
src/components/AlarmForm.tsx(866,19): error TS1005: ')' expected.
src/components/AlarmForm.tsx(867,19): error TS1005: '}' expected.
src/components/AlarmForm.tsx(1133,27): error TS1005: ')' expected.
src/components/AlarmForm.tsx(1133,37): error TS1005: ',' expected.
src/components/AlarmForm.tsx(1134,27): error TS1005: ',' expected.
src/components/AlarmForm.tsx(1138,29): error TS1005: ',' expected.
src/components/AlarmForm.tsx(1181,19): error TS1005: ')' expected.
src/components/AlarmForm.tsx(1372,7): error TS1005: ')' expected.
src/components/AlarmForm.tsx(1384,5): error TS1128: Declaration or statement expected.
src/components/AlarmForm.tsx(1385,3): error TS1109: Expression expected.
src/components/AlarmForm.tsx(1386,1): error TS1128: Declaration or statement expected.
src/components/AlarmList.tsx(120,7): error TS1005: ',' expected.
src/components/AlarmList.tsx(120,32): error TS1005: ')' expected.
src/components/AlarmList.tsx(145,5): error TS1005: ',' expected.
src/components/AlarmList.tsx(145,36): error TS1005: ')' expected.
src/components/AlarmList.tsx(168,5): error TS1005: ',' expected.
src/components/AlarmList.tsx(168,32): error TS1005: ')' expected.
src/components/AlarmList.tsx(460,11): error TS1005: ',' expected.
src/components/AlarmManagement.tsx(245,9): error TS1005: ',' expected.
src/components/AlarmManagement.tsx(308,25): error TS1005: ')' expected.
src/components/AlarmManagement.tsx(309,24): error TS1109: Expression expected.
src/components/AlarmManagement.tsx(310,21): error TS1109: Expression expected.
src/components/AlarmManagement.tsx(321,25): error TS1005: ')' expected.
src/components/AlarmManagement.tsx(322,24): error TS1109: Expression expected.
src/components/AlarmManagement.tsx(323,21): error TS1109: Expression expected.
src/components/AlarmManagement.tsx(367,23): error TS1005: ')' expected.
src/components/AlarmManagement.tsx(410,17): error TS1005: ')' expected.
src/components/AlarmManagement.tsx(488,11): error TS1005: ')' expected.
src/components/AlarmManagement.tsx(508,7): error TS1005: ')' expected.
src/components/AlarmManagement.tsx(526,18): error TS1109: Expression expected.
src/components/AlarmManagement.tsx(527,15): error TS1109: Expression expected.
src/components/AlarmManagement.tsx(536,18): error TS1109: Expression expected.
src/components/AlarmManagement.tsx(537,15): error TS1109: Expression expected.
src/components/AlarmManagement.tsx(576,15): error TS1005: ')' expected.
src/components/AlarmManagement.tsx(656,18): error TS1109: Expression expected.
src/components/AlarmManagement.tsx(657,15): error TS1109: Expression expected.
src/components/AlarmManagement.tsx(696,7): error TS1128: Declaration or statement expected.
src/components/AlarmManagement.tsx(701,21): error TS1005: ';' expected.
src/components/AlarmManagement.tsx(705,38): error TS1005: ',' expected.
src/components/AlarmManagement.tsx(705,41): error TS1005: ',' expected.
src/components/AlarmManagement.tsx(705,60): error TS1005: ',' expected.
src/components/AlarmManagement.tsx(705,71): error TS1128: Declaration or statement expected.
src/components/AlarmManagement.tsx(706,64): error TS1005: '{' expected.
src/components/AlarmManagement.tsx(711,10): error TS1128: Declaration or statement expected.
src/components/AlarmManagement.tsx(713,5): error TS1128: Declaration or statement expected.
src/components/AlarmManagement.tsx(714,3): error TS1109: Expression expected.
src/components/AlarmManagement.tsx(715,1): error TS1128: Declaration or statement expected.
src/components/AlarmTester.tsx(559,11): error TS1005: '}' expected.
src/components/AlarmTester.tsx(569,14): error TS1109: Expression expected.
src/components/AlarmTester.tsx(573,11): error TS1005: '}' expected.
src/components/AlarmTester.tsx(611,5): error TS1005: ')' expected.
src/components/AlarmTester.tsx(612,3): error TS1109: Expression expected.
src/components/AlarmThemeBrowser.tsx(325,17): error TS1005: '}' expected.
src/components/AlarmThemeBrowser.tsx(334,15): error TS1005: '}' expected.
src/components/AlarmThemeBrowser.tsx(450,23): error TS1005: '}' expected.
src/components/AlarmThemeBrowser.tsx(462,23): error TS1005: '}' expected.
src/components/AlarmThemeBrowser.tsx(506,19): error TS1005: ')' expected.
src/components/AlarmThemeBrowser.tsx(506,29): error TS1005: ',' expected.
src/components/AlarmThemeBrowser.tsx(507,19): error TS1005: ',' expected.
src/components/AlarmThemeBrowser.tsx(508,19): error TS1005: ',' expected.
src/components/AlarmThemeBrowser.tsx(508,45): error TS1005: ',' expected.
src/components/AlarmThemeBrowser.tsx(508,57): error TS1005: ',' expected.
src/components/AlarmThemeBrowser.tsx(533,19): error TS1005: ')' expected.
src/components/AlarmThemeBrowser.tsx(533,34): error TS1005: ',' expected.
src/components/AlarmThemeBrowser.tsx(534,19): error TS1005: ',' expected.
src/components/AlarmThemeBrowser.tsx(535,19): error TS1005: ',' expected.
src/components/AlarmThemeBrowser.tsx(535,50): error TS1005: ',' expected.
src/components/AlarmThemeBrowser.tsx(538,19): error TS1005: ',' expected.
src/components/AlarmThemeBrowser.tsx(539,19): error TS1005: ',' expected.
src/components/AlarmThemeBrowser.tsx(540,19): error TS1005: ',' expected.
src/components/AlarmThemeBrowser.tsx(541,19): error TS1005: ',' expected.
src/components/AlarmThemeBrowser.tsx(542,19): error TS1005: ',' expected.
src/components/AlarmThemeBrowser.tsx(543,18): error TS1109: Expression expected.
src/components/AlarmThemeBrowser.tsx(544,15): error TS1109: Expression expected.
src/components/AlarmThemeBrowser.tsx(544,16): error TS1005: '}' expected.
src/components/AlarmThemeBrowser.tsx(558,19): error TS1005: ')' expected.
src/components/AlarmThemeBrowser.tsx(558,29): error TS1005: ',' expected.
src/components/AlarmThemeBrowser.tsx(559,19): error TS1005: ',' expected.
src/components/AlarmThemeBrowser.tsx(560,19): error TS1005: ',' expected.
src/components/AlarmThemeBrowser.tsx(560,45): error TS1005: ',' expected.
src/components/AlarmThemeBrowser.tsx(560,57): error TS1005: ',' expected.
src/components/AlarmThemeBrowser.tsx(581,19): error TS1005: ')' expected.
src/components/AlarmThemeBrowser.tsx(581,29): error TS1005: ',' expected.
src/components/AlarmThemeBrowser.tsx(582,19): error TS1005: ',' expected.
src/components/AlarmThemeBrowser.tsx(583,19): error TS1005: ',' expected.
src/components/AlarmThemeBrowser.tsx(583,45): error TS1005: ',' expected.
src/components/AlarmThemeBrowser.tsx(583,57): error TS1005: ',' expected.
src/components/AlarmThemeBrowser.tsx(796,11): error TS1005: ')' expected.
src/components/AlarmThemeBrowser.tsx(796,21): error TS1005: ',' expected.
src/components/AlarmThemeBrowser.tsx(797,11): error TS1005: ',' expected.
src/components/AlarmThemeBrowser.tsx(798,11): error TS1005: ',' expected.
src/components/AlarmThemeBrowser.tsx(798,37): error TS1005: ',' expected.
src/components/AlarmThemeBrowser.tsx(798,49): error TS1005: ',' expected.
src/components/AlarmThemeSelector.tsx(246,15): error TS1005: '}' expected.
src/components/AlarmThemeSelector.tsx(254,13): error TS1005: '}' expected.
src/components/BattleSystem.tsx(340,6): error TS1005: ':' expected.
src/components/BattleSystem.tsx(640,29): error TS1005: '}' expected.
src/components/CommunityChallenge.tsx(118,5): error TS1005: ',' expected.
src/components/CommunityChallenge.tsx(122,5): error TS1005: ',' expected.
src/components/CommunityChallenge.tsx(424,23): error TS1005: ')' expected.
src/components/CommunityChallenge.tsx(424,37): error TS1005: ',' expected.
src/components/CommunityChallenge.tsx(425,23): error TS1005: ',' expected.
src/components/CommunityChallenge.tsx(426,23): error TS1005: ',' expected.
src/components/CommunityChallenge.tsx(426,58): error TS1005: ',' expected.
src/components/CommunityChallenge.tsx(458,21): error TS1005: ')' expected.
src/components/CommunityChallenge.tsx(458,35): error TS1005: ',' expected.
src/components/CommunityChallenge.tsx(459,21): error TS1005: ',' expected.
src/components/CommunityChallenge.tsx(460,21): error TS1005: ',' expected.
src/components/CommunityChallenge.tsx(460,42): error TS1005: ':' expected.
src/components/CommunityChallenge.tsx(461,20): error TS1109: Expression expected.
src/components/CommunityChallenge.tsx(462,17): error TS1109: Expression expected.
src/components/CommunityChallenge.tsx(462,18): error TS1005: '}' expected.
src/components/CommunityChallenge.tsx(483,5): error TS1005: ')' expected.
src/components/CommunityChallenge.tsx(484,3): error TS1109: Expression expected.
src/components/CommunityChallenge.tsx(485,1): error TS1128: Declaration or statement expected.
src/components/CompleteThemeSystemDemo.tsx(87,17): error TS1005: '}' expected.
src/components/CompleteThemeSystemDemo.tsx(252,29): error TS1005: ',' expected.
src/components/CompleteThemeSystemDemo.tsx(367,19): error TS1005: '}' expected.
src/components/CompleteThemeSystemDemo.tsx(376,19): error TS1005: '}' expected.
src/components/CompleteThemeSystemDemo.tsx(556,14): error TS1005: ':' expected.
src/components/CompleteThemeSystemDemo.tsx(556,20): error TS1005: ',' expected.
src/components/CompleteThemeSystemDemo.tsx(557,7): error TS1005: ')' expected.
src/components/CompleteThemeSystemDemo.tsx(560,14): error TS1005: ':' expected.
src/components/CompleteThemeSystemDemo.tsx(560,19): error TS1005: ',' expected.
src/components/CompleteThemeSystemDemo.tsx(562,3): error TS1005: ')' expected.
src/components/CompleteThemeSystemDemo.tsx(758,4): error TS1005: ')' expected.
src/components/CompleteThemeSystemDemo.tsx(804,1): error TS1005: '}' expected.
src/components/ComprehensiveSecurityDashboard.tsx(275,19): error TS1005: '}' expected.
src/components/ComprehensiveSecurityDashboard.tsx(593,21): error TS1005: ')' expected.
src/components/ComprehensiveSecurityDashboard.tsx(593,31): error TS1005: ',' expected.
src/components/ComprehensiveSecurityDashboard.tsx(594,21): error TS1005: ',' expected.
src/components/ComprehensiveSecurityDashboard.tsx(595,21): error TS1005: ',' expected.
src/components/ComprehensiveSecurityDashboard.tsx(596,21): error TS1005: ',' expected.
src/components/ComprehensiveSecurityDashboard.tsx(596,37): error TS1005: ',' expected.
src/components/ComprehensiveSecurityDashboard.tsx(647,18): error TS1005: '}' expected.
src/components/ComprehensiveSecurityDashboard.tsx(852,5): error TS1005: ')' expected.
src/components/ComprehensiveSecurityDashboard.tsx(853,3): error TS1109: Expression expected.
src/components/ComprehensiveSecurityDashboard.tsx(854,1): error TS1128: Declaration or statement expected.
src/components/CustomSoundThemeCreator.tsx(601,21): error TS1005: ',' expected.
src/components/CustomSoundThemeCreator.tsx(601,33): error TS1005: ',' expected.
src/components/CustomSoundThemeCreator.tsx(602,53): error TS1005: '}' expected.
src/components/CustomSoundThemeCreator.tsx(610,13): error TS1005: ')' expected.
src/components/CustomSoundThemeCreator.tsx(614,5): error TS1005: ')' expected.
src/components/CustomSoundThemeCreator.tsx(615,3): error TS1109: Expression expected.
src/components/CustomSoundThemeCreator.tsx(616,1): error TS1128: Declaration or statement expected.
src/components/CustomSoundThemeCreator.tsx(631,9): error TS1005: '}' expected.
src/components/CustomSoundThemeCreator.tsx(641,9): error TS1005: '}' expected.
src/components/CustomSoundThemeCreator.tsx(670,9): error TS1005: '}' expected.
src/components/CustomSoundThemeCreator.tsx(686,7): error TS1005: '}' expected.
src/components/CustomSoundThemeCreator.tsx(688,7): error TS1005: ',' expected.
src/components/CustomSoundThemeCreator.tsx(793,9): error TS1005: ',' expected.
src/components/CustomThemeManager.tsx(145,8): error TS1005: ')' expected.
src/components/CustomThemeManager.tsx(151,5): error TS1005: ',' expected.
src/components/CustomThemeManager.tsx(176,26): error TS1005: ',' expected.
src/components/CustomThemeManager.tsx(181,5): error TS1005: ',' expected.
src/components/CustomThemeManager.tsx(181,26): error TS1005: ')' expected.
src/components/CustomThemeManager.tsx(189,7): error TS1005: ',' expected.
src/components/CustomThemeManager.tsx(288,7): error TS1005: ',' expected.
src/components/CustomThemeManager.tsx(352,11): error TS1005: ',' expected.
src/components/CustomThemeManager.tsx(352,15): error TS1005: ',' expected.
src/components/CustomThemeManager.tsx(352,41): error TS1005: ')' expected.
src/components/CustomThemeManager.tsx(380,81): error TS1005: ',' expected.
src/components/CustomThemeManager.tsx(415,3): error TS1005: ',' expected.
src/components/CustomThemeManager.tsx(439,9): error TS1005: ',' expected.
src/components/CustomThemeManager.tsx(804,17): error TS1005: '}' expected.
src/components/Dashboard.tsx(50,3): error TS1005: ',' expected.
src/components/Dashboard.tsx(365,17): error TS1005: ')' expected.
src/components/Dashboard.tsx(365,29): error TS1005: ',' expected.
src/components/Dashboard.tsx(366,17): error TS1005: ',' expected.
src/components/Dashboard.tsx(398,15): error TS1005: ',' expected.
src/components/Dashboard.tsx(401,9): error TS1005: ')' expected.
src/components/Dashboard.tsx(526,5): error TS1128: Declaration or statement expected.
src/components/Dashboard.tsx(527,3): error TS1109: Expression expected.
src/components/Dashboard.tsx(528,1): error TS1128: Declaration or statement expected.
src/components/EnhancedBattles.tsx(390,19): error TS1005: ')' expected.
src/components/EnhancedBattles.tsx(390,30): error TS1005: ',' expected.
src/components/EnhancedBattles.tsx(391,19): error TS1005: ',' expected.
src/components/EnhancedBattles.tsx(416,17): error TS1005: ',' expected.
src/components/EnhancedBattles.tsx(522,5): error TS1005: ')' expected.
src/components/EnhancedBattles.tsx(523,3): error TS1109: Expression expected.
src/components/EnhancedDashboard.tsx(53,3): error TS1005: ',' expected.
src/components/EnhancedDashboard.tsx(372,13): error TS1005: ')' expected.
src/components/EnhancedDashboard.tsx(372,24): error TS1005: ',' expected.
src/components/EnhancedDashboard.tsx(373,13): error TS1005: ',' expected.
src/components/EnhancedDashboard.tsx(374,13): error TS1005: ',' expected.
src/components/EnhancedDashboard.tsx(374,27): error TS1005: ',' expected.
src/components/EnhancedDashboard.tsx(514,17): error TS1005: ')' expected.
src/components/EnhancedDashboard.tsx(514,29): error TS1005: ',' expected.
src/components/EnhancedDashboard.tsx(515,17): error TS1005: ',' expected.
src/components/EnhancedDashboard.tsx(547,15): error TS1005: ',' expected.
src/components/EnhancedDashboard.tsx(550,9): error TS1005: ')' expected.
src/components/EnhancedDashboard.tsx(680,13): error TS1005: ')' expected.
src/components/EnhancedDashboard.tsx(680,29): error TS1005: ',' expected.
src/components/EnhancedDashboard.tsx(681,13): error TS1005: ',' expected.
src/components/EnhancedDashboard.tsx(682,13): error TS1005: ',' expected.
src/components/EnhancedDashboard.tsx(682,31): error TS1005: ',' expected.
src/components/EnhancedDashboard.tsx(682,38): error TS1005: ',' expected.
src/components/EnhancedDashboard.tsx(685,34): error TS1005: ',' expected.
src/components/EnhancedDashboard.tsx(687,14): error TS1128: Declaration or statement expected.
src/components/EnhancedDashboard.tsx(688,25): error TS1005: ';' expected.
src/components/EnhancedDashboard.tsx(690,14): error TS1128: Declaration or statement expected.
src/components/EnhancedDashboard.tsx(692,9): error TS1128: Declaration or statement expected.
src/components/EnhancedDashboard.tsx(692,10): error TS1128: Declaration or statement expected.
src/components/EnhancedDashboard.tsx(692,11): error TS1128: Declaration or statement expected.
src/components/EnhancedDashboard.tsx(693,5): error TS1128: Declaration or statement expected.
src/components/EnhancedDashboard.tsx(694,3): error TS1109: Expression expected.
src/components/EnhancedDashboard.tsx(695,1): error TS1128: Declaration or statement expected.
src/components/EnhancedMediaContent.tsx(273,11): error TS1005: ':' expected.
src/components/EnhancedMediaContent.tsx(275,31): error TS1005: ',' expected.
src/components/EnhancedMediaContent.tsx(275,39): error TS1005: ',' expected.
src/components/EnhancedMediaContent.tsx(275,41): error TS1005: ',' expected.
src/components/EnhancedMediaContent.tsx(276,29): error TS1005: ',' expected.
src/components/EnhancedMediaContent.tsx(276,44): error TS1005: ',' expected.
src/components/EnhancedMediaContent.tsx(277,29): error TS1005: ',' expected.
src/components/EnhancedMediaContent.tsx(277,44): error TS1005: ',' expected.
src/components/EnhancedMediaContent.tsx(281,9): error TS1005: ',' expected.
src/components/EnhancedMediaContent.tsx(323,9): error TS1005: ',' expected.
src/components/EnhancedMediaContent.tsx(338,6): error TS1128: Declaration or statement expected.
src/components/EnhancedMediaContent.tsx(340,3): error TS1128: Declaration or statement expected.
src/components/EnhancedMediaContent.tsx(361,9): error TS1005: ')' expected.
src/components/EnhancedMediaContent.tsx(370,13): error TS1005: ':' expected.
src/components/EnhancedMediaContent.tsx(370,78): error TS1005: ',' expected.
src/components/EnhancedMediaContent.tsx(372,13): error TS1005: ',' expected.
src/components/EnhancedMediaContent.tsx(372,33): error TS1005: ',' expected.
src/components/EnhancedMediaContent.tsx(372,39): error TS1005: ',' expected.
src/components/EnhancedMediaContent.tsx(372,40): error TS1005: ')' expected.
src/components/EnhancedMediaContent.tsx(614,18): error TS1109: Expression expected.
src/components/EnhancedMediaContent.tsx(615,15): error TS1109: Expression expected.
src/components/EnhancedMediaContent.tsx(623,17): error TS1005: '}' expected.
src/components/EnhancedMediaContent.tsx(908,1): error TS1005: ',' expected.
src/components/EnhancedSmartAlarmSettings.tsx(137,6): error TS1005: ')' expected.
src/components/EnhancedSmartAlarmSettings.tsx(395,23): error TS1005: '}' expected.
src/components/EnhancedSmartAlarmSettings.tsx(418,27): error TS1005: '}' expected.
src/components/EnhancedSmartAlarmSettings.tsx(439,27): error TS1005: '}' expected.
src/components/EnhancedSmartAlarmSettings.tsx(480,25): error TS1005: '}' expected.
src/components/ExtendedScreenReaderTester.tsx(299,40): error TS1005: ',' expected.
src/components/ExtendedScreenReaderTester.tsx(309,41): error TS1005: ',' expected.
src/components/ExtendedScreenReaderTester.tsx(322,7): error TS1005: ',' expected.
src/components/ExtendedScreenReaderTester.tsx(358,5): error TS1005: ',' expected.
src/components/ExtendedScreenReaderTester.tsx(395,5): error TS1005: ',' expected.
src/components/ExtendedScreenReaderTester.tsx(402,5): error TS1005: ',' expected.
src/components/ExtendedScreenReaderTester.tsx(568,15): error TS1005: ')' expected.
src/components/ExtendedScreenReaderTester.tsx(569,14): error TS1109: Expression expected.
src/components/ExtendedScreenReaderTester.tsx(571,11): error TS1005: ',' expected.
src/components/ExtendedScreenReaderTester.tsx(580,15): error TS1005: ')' expected.
src/components/ExtendedScreenReaderTester.tsx(581,14): error TS1109: Expression expected.
src/components/ExtendedScreenReaderTester.tsx(583,11): error TS1005: ',' expected.
src/components/ExtendedScreenReaderTester.tsx(622,21): error TS1005: ')' expected.
src/components/ExtendedScreenReaderTester.tsx(623,21): error TS1005: ',' expected.
src/components/ExtendedScreenReaderTester.tsx(626,19): error TS1005: ',' expected.
src/components/ExtendedScreenReaderTester.tsx(642,9): error TS1005: ')' expected.
src/components/ExtendedScreenReaderTester.tsx(712,5): error TS1128: Declaration or statement expected.
src/components/ExtendedScreenReaderTester.tsx(713,3): error TS1109: Expression expected.
src/components/ExtendedScreenReaderTester.tsx(714,1): error TS1128: Declaration or statement expected.
src/components/ForgotPasswordForm.tsx(155,15): error TS1005: '}' expected.
src/components/FriendsManager.tsx(368,15): error TS1005: '}' expected.
src/components/HabitCelebration.tsx(135,6): error TS1005: ')' expected.
src/components/HabitCelebration.tsx(171,30): error TS1005: ',' expected.
src/components/HabitCelebration.tsx(199,17): error TS1005: ')' expected.
src/components/HabitCelebration.tsx(199,27): error TS1005: ',' expected.
src/components/HabitCelebration.tsx(200,17): error TS1005: ',' expected.
src/components/HabitCelebration.tsx(201,17): error TS1005: ',' expected.
src/components/HabitCelebration.tsx(208,18): error TS1005: ',' expected.
src/components/HabitCelebration.tsx(445,30): error TS1005: ')' expected.
src/components/HabitCelebration.tsx(445,40): error TS1005: ',' expected.
src/components/HabitCelebration.tsx(445,60): error TS1005: ',' expected.
src/components/HabitCelebration.tsx(447,23): error TS1005: ',' expected.
src/components/HabitCelebration.tsx(450,17): error TS1005: ')' expected.
src/components/HabitCelebration.tsx(465,5): error TS1005: ')' expected.
src/components/HabitCelebration.tsx(466,3): error TS1109: Expression expected.
src/components/HabitCelebration.tsx(467,1): error TS1128: Declaration or statement expected.
src/components/LoginForm.tsx(108,15): error TS1005: '}' expected.
src/components/LoginForm.tsx(149,15): error TS1005: '}' expected.
src/components/MediaContent.tsx(413,17): error TS1005: '}' expected.
src/components/MobileAlarmCard.tsx(294,6): error TS1005: ')' expected.
src/components/MobileAlarmCard.tsx(303,3): error TS1005: ',' expected.
src/components/MobileAlarmCard.tsx(307,5): error TS1005: ',' expected.
src/components/MobileAlarmCard.tsx(325,11): error TS1005: ')' expected.
src/components/MobileAlarmCard.tsx(325,21): error TS1005: ',' expected.
src/components/MobileAlarmCard.tsx(326,11): error TS1005: ',' expected.
src/components/MobileAlarmCard.tsx(327,11): error TS1005: ',' expected.
src/components/MobileAlarmCard.tsx(328,11): error TS1005: ',' expected.
src/components/MobileAlarmCard.tsx(329,11): error TS1005: ',' expected.
src/components/MobileAlarmCard.tsx(330,11): error TS1005: ',' expected.
src/components/MobileAlarmCard.tsx(331,10): error TS1109: Expression expected.
src/components/MobileAlarmCard.tsx(332,7): error TS1109: Expression expected.
src/components/MobileAlarmCard.tsx(332,8): error TS1005: '}' expected.
src/components/MobileNavigation.tsx(70,15): error TS1005: ')' expected.
src/components/MobileNavigation.tsx(70,24): error TS1005: ',' expected.
src/components/MobileNavigation.tsx(71,15): error TS1005: ',' expected.
src/components/MobileNavigation.tsx(72,15): error TS1005: ',' expected.
src/components/MobileNavigation.tsx(72,37): error TS1005: ',' expected.
src/components/MobileNavigation.tsx(72,50): error TS1005: ',' expected.
src/components/MobileTester.tsx(102,7): error TS1005: ',' expected.
src/components/MobileTester.tsx(611,21): error TS1005: ',' expected.
src/components/MobileTester.tsx(617,21): error TS1005: ',' expected.
src/components/MobileTester.tsx(623,21): error TS1005: ',' expected.
src/components/MobileTester.tsx(629,21): error TS1005: ',' expected.
src/components/NuclearModeBattle.tsx(187,9): error TS1005: ',' expected.
src/components/NuclearModeBattle.tsx(190,9): error TS1005: ',' expected.
src/components/NuclearModeBattle.tsx(221,5): error TS1005: ',' expected.
src/components/NuclearModeBattle.tsx(223,13): error TS1005: ')' expected.
src/components/NuclearModeChallenge.tsx(140,9): error TS1005: ',' expected.
src/components/NuclearModeChallenge.tsx(141,9): error TS1005: ',' expected.
src/components/NuclearModeChallenge.tsx(141,15): error TS1005: ':' expected.
src/components/NuclearModeChallenge.tsx(143,5): error TS1005: ')' expected.
src/components/NuclearModeChallenge.tsx(177,13): error TS1005: '}' expected.
src/components/NuclearModeChallenge.tsx(181,12): error TS1109: Expression expected.
src/components/NuclearModeChallenge.tsx(190,9): error TS1005: '}' expected.
src/components/NuclearModeChallenge.tsx(772,1): error TS1005: '}' expected.
src/components/NuclearModeSelector.tsx(123,5): error TS1005: ',' expected.
src/components/NuclearModeSelector.tsx(136,7): error TS1005: ',' expected.
src/components/NuclearModeSelector.tsx(353,15): error TS1005: '}' expected.
src/components/OfflineDiagnostics.tsx(515,16): error TS1005: ')' expected.
src/components/OfflineDiagnostics.tsx(515,26): error TS1005: ',' expected.
src/components/OfflineDiagnostics.tsx(515,31): error TS1005: ',' expected.
src/components/OfflineDiagnostics.tsx(539,11): error TS1005: ',' expected.
src/components/OfflineDiagnostics.tsx(552,5): error TS1005: ')' expected.
src/components/OfflineDiagnostics.tsx(553,3): error TS1109: Expression expected.
src/components/OfflineDiagnostics.tsx(554,1): error TS1128: Declaration or statement expected.
src/components/PerformanceDashboard.tsx(129,3): error TS1005: ')' expected.
src/components/PerformanceDashboard.tsx(129,4): error TS1128: Declaration or statement expected.
src/components/PerformanceDashboard.tsx(129,8): error TS1005: ';' expected.
src/components/PerformanceDashboard.tsx(250,13): error TS1005: ')' expected.
src/components/PerformanceDashboard.tsx(254,15): error TS1005: ',' expected.
src/components/PerformanceDashboard.tsx(308,19): error TS1005: ')' expected.
src/components/PerformanceDashboard.tsx(308,29): error TS1005: ',' expected.
src/components/PerformanceDashboard.tsx(309,19): error TS1005: ',' expected.
src/components/PerformanceDashboard.tsx(309,31): error TS1005: ',' expected.
src/components/PerformanceDashboard.tsx(310,19): error TS1005: ',' expected.
src/components/PerformanceDashboard.tsx(311,26): error TS1005: ',' expected.
src/components/PerformanceDashboard.tsx(315,19): error TS1005: ',' expected.
src/components/PerformanceDashboard.tsx(315,32): error TS1005: ',' expected.
src/components/PerformanceDashboard.tsx(316,19): error TS1005: ',' expected.
src/components/PerformanceDashboard.tsx(316,122): error TS1005: ',' expected.
src/components/PerformanceProfilerWrapper.tsx(128,19): error TS1005: ')' expected.
src/components/PerformanceProfilerWrapper.tsx(128,28): error TS1005: ',' expected.
src/components/PerformanceProfilerWrapper.tsx(129,19): error TS1005: ',' expected.
src/components/PerformanceProfilerWrapper.tsx(135,17): error TS1005: ',' expected.
src/components/PerformanceProfilerWrapper.tsx(138,11): error TS1005: ')' expected.
src/components/PerformanceProfilerWrapper.tsx(150,19): error TS1005: ')' expected.
src/components/PerformanceProfilerWrapper.tsx(150,28): error TS1005: ',' expected.
src/components/PerformanceProfilerWrapper.tsx(151,19): error TS1005: ',' expected.
src/components/PerformanceProfilerWrapper.tsx(157,17): error TS1005: ',' expected.
src/components/PerformanceProfilerWrapper.tsx(160,11): error TS1005: ')' expected.
src/components/PerformanceProfilerWrapper.tsx(170,15): error TS1005: '}' expected.
src/components/PerformanceProfilerWrapper.tsx(205,7): error TS1128: Declaration or statement expected.
src/components/PerformanceProfilerWrapper.tsx(206,5): error TS1109: Expression expected.
src/components/PerformanceProfilerWrapper.tsx(207,3): error TS1109: Expression expected.
src/components/PerformanceProfilerWrapper.tsx(208,1): error TS1128: Declaration or statement expected.
src/components/PerformanceProfilerWrapper.tsx(233,31): error TS1005: ')' expected.
src/components/PersonaAnalyticsDashboard.tsx(364,17): error TS1005: '}' expected.
src/components/PersonaAnalyticsDashboard.tsx(390,17): error TS1005: '}' expected.
src/components/PersonaAnalyticsDashboard.tsx(415,17): error TS1005: '}' expected.
src/components/PersonaFocusDashboard.tsx(364,15): error TS1005: '}' expected.
src/components/PersonaFocusDashboard.tsx(436,26): error TS1005: ')' expected.
src/components/PersonaFocusDashboard.tsx(436,38): error TS1005: ',' expected.
src/components/PersonaFocusDashboard.tsx(436,50): error TS1005: ',' expected.
src/components/PersonaFocusDashboard.tsx(436,69): error TS1109: Expression expected.
src/components/PersonaFocusDashboard.tsx(437,11): error TS1109: Expression expected.
src/components/PersonaFocusDashboard.tsx(437,12): error TS1005: '}' expected.
src/components/PersonalizationSettings.tsx(388,13): error TS1005: '}' expected.
src/components/PersonalizationSettings.tsx(424,13): error TS1005: '}' expected.
src/components/PersonalizationSettings.tsx(483,13): error TS1005: '}' expected.
src/components/PersonalizationSettings.tsx(513,11): error TS1005: '}' expected.
src/components/PersonalizationSettings.tsx(534,13): error TS1005: '}' expected.
src/components/PersonalizationSettings.tsx(548,13): error TS1005: '}' expected.
src/components/PersonalizationSettings.tsx(564,11): error TS1005: '}' expected.
src/components/PersonalizationSettings.tsx(579,11): error TS1005: '}' expected.
src/components/PersonalizationSettings.tsx(621,13): error TS1005: '}' expected.
src/components/PersonalizationSettings.tsx(635,13): error TS1005: '}' expected.
src/components/PremiumDashboard.tsx(185,9): error TS1005: ':' expected.
src/components/PremiumDashboard.tsx(186,13): error TS1005: ':' expected.
src/components/PremiumDashboard.tsx(193,11): error TS1005: ',' expected.
src/components/PremiumDashboard.tsx(195,21): error TS1005: ',' expected.
src/components/PremiumDashboard.tsx(195,28): error TS1005: ',' expected.
src/components/PremiumDashboard.tsx(203,9): error TS1005: ';' expected.
src/components/PremiumDashboard.tsx(204,5): error TS1128: Declaration or statement expected.
src/components/PremiumDashboard.tsx(204,7): error TS1005: 'try' expected.
src/components/PremiumDashboard.tsx(208,3): error TS1005: ')' expected.
src/components/PremiumDashboard.tsx(222,4): error TS1005: ')' expected.
src/components/PremiumDashboard.tsx(430,13): error TS1005: ')' expected.
src/components/PremiumDashboard.tsx(431,12): error TS1109: Expression expected.
src/components/PremiumDashboard.tsx(432,9): error TS1109: Expression expected.
src/components/PremiumThemeSettings.tsx(221,9): error TS1005: ':' expected.
src/components/PremiumThemeSettings.tsx(222,13): error TS1005: ':' expected.
src/components/PremiumThemeSettings.tsx(225,8): error TS1005: ',' expected.
src/components/PremiumThemeSettings.tsx(226,21): error TS1005: ',' expected.
src/components/PremiumThemeSettings.tsx(226,28): error TS1005: ',' expected.
src/components/PremiumThemeSettings.tsx(231,9): error TS1005: ';' expected.
src/components/PremiumThemeSettings.tsx(232,5): error TS1128: Declaration or statement expected.
src/components/PremiumThemeSettings.tsx(232,7): error TS1005: 'try' expected.
src/components/PremiumThemeSettings.tsx(236,3): error TS1005: ')' expected.
src/components/PremiumThemeSettings.tsx(245,4): error TS1005: ')' expected.
src/components/PremiumThemeShowcase.tsx(199,15): error TS1005: '}' expected.
src/components/PremiumUsageTracker.tsx(51,9): error TS1005: ':' expected.
src/components/PremiumUsageTracker.tsx(52,13): error TS1005: ':' expected.
src/components/PremiumUsageTracker.tsx(52,72): error TS1005: ',' expected.
src/components/PremiumUsageTracker.tsx(55,25): error TS1005: ':' expected.
src/components/PremiumUsageTracker.tsx(57,7): error TS1005: ',' expected.
src/components/PremiumUsageTracker.tsx(57,30): error TS1005: ',' expected.
src/components/PremiumUsageTracker.tsx(57,32): error TS1005: ',' expected.
src/components/PremiumUsageTracker.tsx(57,33): error TS1005: ')' expected.
src/components/PremiumUsageTracker.tsx(58,7): error TS1005: ',' expected.
src/components/PremiumUsageTracker.tsx(236,1): error TS1128: Declaration or statement expected.
src/components/PushNotificationSettings.tsx(185,17): error TS1005: '}' expected.
src/components/PushNotificationSettings.tsx(513,27): error TS1005: '}' expected.
src/components/PushNotificationTester.tsx(392,15): error TS1005: ',' expected.
src/components/PushNotificationTester.tsx(398,15): error TS1005: ',' expected.
src/components/PushNotificationTester.tsx(421,17): error TS1005: ')' expected.
src/components/PushNotificationTester.tsx(421,28): error TS1005: ',' expected.
src/components/PushNotificationTester.tsx(422,17): error TS1005: ',' expected.
src/components/PushNotificationTester.tsx(457,15): error TS1005: ',' expected.
src/components/PushNotificationTester.tsx(460,9): error TS1005: ')' expected.
src/components/PushNotificationTester.tsx(481,5): error TS1128: Declaration or statement expected.
src/components/PushNotificationTester.tsx(482,3): error TS1109: Expression expected.
src/components/PushNotificationTester.tsx(483,1): error TS1128: Declaration or statement expected.
src/components/QuickAlarmSetup.tsx(74,6): error TS1005: ':' expected.
src/components/QuickAlarmSetup.tsx(116,15): error TS1005: '}' expected.
src/components/QuickAlarmSetup.tsx(126,15): error TS1005: '}' expected.
src/components/RewardsDashboard.tsx(466,19): error TS1005: ',' expected.
src/components/RewardsDashboard.tsx(483,19): error TS1005: ')' expected.
src/components/RewardsDashboard.tsx(483,31): error TS1005: ',' expected.
src/components/RewardsDashboard.tsx(484,19): error TS1005: ',' expected.
src/components/RewardsDashboard.tsx(484,93): error TS1005: ',' expected.
src/components/RewardsDashboard.tsx(539,9): error TS1005: ')' expected.
src/components/RewardsDashboard.tsx(594,19): error TS1005: ')' expected.
src/components/RewardsDashboard.tsx(594,29): error TS1005: ',' expected.
src/components/RewardsDashboard.tsx(595,19): error TS1005: ',' expected.
src/components/RewardsDashboard.tsx(662,19): error TS1005: ',' expected.
src/components/RewardsDashboard.tsx(662,25): error TS1005: ',' expected.
src/components/RewardsDashboard.tsx(672,17): error TS1005: ',' expected.
src/components/RewardsDashboard.tsx(684,9): error TS1005: ')' expected.
src/components/RewardsDashboard.tsx(685,7): error TS1109: Expression expected.
src/components/RewardsDashboard.tsx(747,5): error TS1128: Declaration or statement expected.
src/components/RewardsDashboard.tsx(748,3): error TS1109: Expression expected.
src/components/RewardsDashboard.tsx(749,1): error TS1128: Declaration or statement expected.
src/components/SettingsPage.tsx(271,13): error TS1005: '}' expected.
src/components/SettingsPage.tsx(322,13): error TS1005: '}' expected.
src/components/SettingsPage.tsx(657,13): error TS1005: '}' expected.
src/components/SettingsPage.tsx(693,13): error TS1005: '}' expected.
src/components/SettingsPage.tsx(729,13): error TS1005: '}' expected.
src/components/SettingsPage.tsx(795,13): error TS1005: '}' expected.
src/components/SettingsPage.tsx(869,19): error TS1005: '}' expected.
src/components/SettingsPage.tsx(893,13): error TS1005: '}' expected.
src/components/SettingsPage.tsx(929,13): error TS1005: '}' expected.
src/components/SettingsPage.tsx(1019,21): error TS1005: '}' expected.
src/components/SettingsPage.tsx(1042,21): error TS1005: '}' expected.
src/components/SettingsPage.tsx(1064,13): error TS1005: '}' expected.
src/components/SettingsPage.tsx(1100,13): error TS1005: '}' expected.
src/components/SettingsPage.tsx(1180,15): error TS1005: '}' expected.
src/components/SignUpForm.tsx(97,15): error TS1005: ',' expected.
src/components/SignUpForm.tsx(97,31): error TS1005: ',' expected.
src/components/SignUpForm.tsx(98,42): error TS1005: ',' expected.
src/components/SignUpForm.tsx(98,71): error TS1005: ',' expected.
src/components/SignUpForm.tsx(105,3): error TS1005: ')' expected.
src/components/SignUpForm.tsx(179,15): error TS1005: '}' expected.
src/components/SignUpForm.tsx(220,15): error TS1005: '}' expected.
src/components/SignUpForm.tsx(261,15): error TS1005: '}' expected.
src/components/SignUpForm.tsx(370,15): error TS1005: '}' expected.
src/components/SleepTracker.tsx(221,23): error TS1005: ')' expected.
src/components/SleepTracker.tsx(222,22): error TS1109: Expression expected.
src/components/SleepTracker.tsx(223,19): error TS1109: Expression expected.
src/components/SleepTracker.tsx(241,25): error TS1005: ')' expected.
src/components/SleepTracker.tsx(242,24): error TS1109: Expression expected.
src/components/SleepTracker.tsx(243,21): error TS1109: Expression expected.
src/components/SleepTracker.tsx(260,25): error TS1005: ')' expected.
src/components/SleepTracker.tsx(261,24): error TS1109: Expression expected.
src/components/SleepTracker.tsx(262,21): error TS1109: Expression expected.
src/components/SmartAlarmDashboard.tsx(70,9): error TS1005: ',' expected.
src/components/SmartAlarmDashboard.tsx(80,7): error TS1005: ',' expected.
src/components/SmartAlarmDashboard.tsx(115,3): error TS1005: ',' expected.
src/components/SmartAlarmDashboard.tsx(416,23): error TS1005: ',' expected.
src/components/SmartAlarmDashboard.tsx(428,33): error TS1005: ')' expected.
src/components/SmartAlarmDashboard.tsx(428,47): error TS1005: ',' expected.
src/components/SmartAlarmDashboard.tsx(429,33): error TS1005: ',' expected.
src/components/SmartAlarmDashboard.tsx(443,31): error TS1005: ',' expected.
src/components/SmartAlarmDashboard.tsx(446,23): error TS1005: ')' expected.
src/components/SmartAlarmDashboard.tsx(450,13): error TS1005: ',' expected.
src/components/SmartAlarmDashboard.tsx(454,5): error TS1005: ')' expected.
src/components/SmartAlarmDashboard.tsx(455,3): error TS1109: Expression expected.
src/components/SmartAlarmDashboard.tsx(456,1): error TS1128: Declaration or statement expected.
src/components/SmartAlarmSettings.tsx(211,23): error TS1005: '}' expected.
src/components/SmartAlarmSettings.tsx(233,27): error TS1005: '}' expected.
src/components/SmartAlarmSettings.tsx(265,29): error TS1005: '}' expected.
src/components/SmartAlarmSettings.tsx(285,29): error TS1005: '}' expected.
src/components/SmartAlarmSettings.tsx(305,29): error TS1005: '}' expected.
src/components/SocialProof.tsx(59,13): error TS1005: ')' expected.
src/components/SocialProof.tsx(70,13): error TS1005: ')' expected.
src/components/SocialProof.tsx(81,13): error TS1005: ')' expected.
src/components/SocialProof.tsx(95,19): error TS1005: ')' expected.
src/components/SocialProof.tsx(406,2): error TS1005: ')' expected.
src/components/SocialProof.tsx(408,1): error TS1005: '}' expected.
src/components/SoundPicker.tsx(106,5): error TS1005: ',' expected.
src/components/SoundPicker.tsx(299,25): error TS1005: '}' expected.
src/components/SoundPicker.tsx(350,19): error TS1005: '}' expected.
src/components/SoundPicker.tsx(350,41): error TS1005: '...' expected.
src/components/SoundPicker.tsx(565,28): error TS1109: Expression expected.
src/components/SoundPicker.tsx(566,25): error TS1109: Expression expected.
src/components/SoundPicker.tsx(593,5): error TS1005: ')' expected.
src/components/SoundPicker.tsx(594,3): error TS1109: Expression expected.
src/components/SoundPicker.tsx(595,1): error TS1128: Declaration or statement expected.
src/components/SoundSettings.tsx(179,9): error TS1005: ':' expected.
src/components/SoundSettings.tsx(180,13): error TS1005: ':' expected.
src/components/SoundSettings.tsx(180,46): error TS1005: ',' expected.
src/components/SoundSettings.tsx(181,27): error TS1005: ',' expected.
src/components/SoundSettings.tsx(181,34): error TS1005: ',' expected.
src/components/SoundSettings.tsx(184,21): error TS1005: ')' expected.
src/components/SoundSettings.tsx(186,15): error TS1005: ')' expected.
src/components/SoundSettings.tsx(187,7): error TS1005: 'try' expected.
src/components/SoundSettings.tsx(190,3): error TS1005: ')' expected.
src/components/SoundSettings.tsx(293,13): error TS1005: '}' expected.
src/components/SoundSettings.tsx(308,17): error TS1005: ',' expected.
src/components/SoundSettings.tsx(308,26): error TS1005: ',' expected.
src/components/SoundSettings.tsx(314,17): error TS1005: ')' expected.
src/components/SoundSettings.tsx(314,27): error TS1005: ',' expected.
src/components/SoundSettings.tsx(315,17): error TS1005: ',' expected.
src/components/SoundSettings.tsx(319,19): error TS1005: ',' expected.
src/components/SoundSettings.tsx(405,20): error TS1109: Expression expected.
src/components/SoundSettings.tsx(406,17): error TS1109: Expression expected.
src/components/SoundSettings.tsx(419,21): error TS1005: '}' expected.
src/components/SoundSettings.tsx(456,21): error TS1005: '}' expected.
src/components/SoundSettings.tsx(477,20): error TS1109: Expression expected.
src/components/SoundSettings.tsx(478,17): error TS1109: Expression expected.
src/components/SoundSettings.tsx(491,21): error TS1005: '}' expected.
src/components/SoundSettings.tsx(528,21): error TS1005: '}' expected.
src/components/SoundSettings.tsx(779,5): error TS1005: ')' expected.
src/components/SoundSettings.tsx(780,3): error TS1109: Expression expected.
src/components/SoundSettings.tsx(781,1): error TS1128: Declaration or statement expected.
src/components/SoundThemeDemo.tsx(178,25): error TS1005: ',' expected.
src/components/SoundThemeDemo.tsx(178,32): error TS1005: ')' expected.
src/components/SoundThemeDemo.tsx(180,9): error TS1005: ':' expected.
src/components/SoundThemeDemo.tsx(182,13): error TS1005: ':' expected.
src/components/SoundThemeDemo.tsx(182,64): error TS1005: ',' expected.
src/components/SoundThemeDemo.tsx(183,19): error TS1005: ',' expected.
src/components/SoundThemeDemo.tsx(183,36): error TS1005: ',' expected.
src/components/SoundThemeDemo.tsx(196,7): error TS1005: ')' expected.
src/components/SoundThemeDemo.tsx(199,7): error TS1005: ')' expected.
src/components/SoundThemeDemo.tsx(202,14): error TS1005: ')' expected.
src/components/SoundThemeDemo.tsx(204,3): error TS1005: ',' expected.
src/components/SoundThemeDemo.tsx(214,11): error TS1005: ',' expected.
src/components/SoundThemeDemo.tsx(216,5): error TS1005: ',' expected.
src/components/SoundThemeDemo.tsx(216,19): error TS1005: ')' expected.
src/components/SoundThemeDemo.tsx(218,13): error TS1005: ')' expected.
src/components/SoundUploader.tsx(206,7): error TS1005: ',' expected.
src/components/SoundUploader.tsx(243,46): error TS1005: ',' expected.
src/components/SoundUploader.tsx(261,6): error TS1005: ')' expected.
src/components/SoundUploader.tsx(267,7): error TS1005: ',' expected.
src/components/SoundUploader.tsx(274,5): error TS1005: ',' expected.
src/components/SoundUploader.tsx(282,9): error TS1005: ',' expected.
src/components/SoundUploader.tsx(282,35): error TS1005: ')' expected.
src/components/SoundUploader.tsx(415,21): error TS1005: ')' expected.
src/components/SoundUploader.tsx(415,30): error TS1005: ',' expected.
src/components/SoundUploader.tsx(416,21): error TS1005: ',' expected.
src/components/SoundUploader.tsx(418,40): error TS1005: ',' expected.
src/components/SoundUploader.tsx(418,47): error TS1005: ',' expected.
src/components/SoundUploader.tsx(467,18): error TS1005: '}' expected.
src/components/SoundUploader.tsx(471,9): error TS1128: Declaration or statement expected.
src/components/SoundUploader.tsx(472,7): error TS1109: Expression expected.
src/components/SoundUploader.tsx(499,21): error TS1005: ')' expected.
src/components/SoundUploader.tsx(499,31): error TS1005: ',' expected.
src/components/SoundUploader.tsx(500,21): error TS1005: ',' expected.
src/components/SoundUploader.tsx(574,19): error TS1005: ',' expected.
src/components/SoundUploader.tsx(577,13): error TS1005: ')' expected.
src/components/SoundUploader.tsx(578,11): error TS1128: Declaration or statement expected.
src/components/SoundUploader.tsx(578,12): error TS1128: Declaration or statement expected.
src/components/SoundUploader.tsx(579,9): error TS1128: Declaration or statement expected.
src/components/SoundUploader.tsx(580,7): error TS1109: Expression expected.
src/components/SoundUploader.tsx(581,5): error TS1109: Expression expected.
src/components/SoundUploader.tsx(582,3): error TS1109: Expression expected.
src/components/SoundUploader.tsx(583,1): error TS1128: Declaration or statement expected.
src/components/SoundUploader.tsx(643,11): error TS1005: '}' expected.
src/components/SoundUploader.tsx(653,11): error TS1005: '}' expected.
src/components/SoundUploader.tsx(683,11): error TS1005: '}' expected.
src/components/SyncStatus.tsx(63,6): error TS1005: ')' expected.
src/components/SyncStatus.tsx(67,6): error TS1005: ')' expected.
src/components/SyncStatus.tsx(80,8): error TS1005: ',' expected.
src/components/TabProtectionSettings.tsx(95,12): error TS1109: Expression expected.
src/components/TabProtectionSettings.tsx(99,9): error TS1005: '}' expected.
src/components/TabProtectionSettings.tsx(341,17): error TS1005: '}' expected.
src/components/TabProtectionWarning.tsx(193,25): error TS1005: ')' expected.
src/components/TabProtectionWarning.tsx(193,35): error TS1005: ',' expected.
src/components/TabProtectionWarning.tsx(194,25): error TS1005: ',' expected.
src/components/TabProtectionWarning.tsx(200,23): error TS1005: ',' expected.
src/components/TabProtectionWarning.tsx(209,15): error TS1005: ')' expected.
src/components/TabProtectionWarning.tsx(229,5): error TS1005: ')' expected.
src/components/TabProtectionWarning.tsx(230,3): error TS1109: Expression expected.
src/components/TabProtectionWarning.tsx(231,1): error TS1128: Declaration or statement expected.
src/components/ThemeCreator.tsx(345,9): error TS1005: '}' expected.
src/components/ThemeCreator.tsx(372,11): error TS1005: '}' expected.
src/components/ThemeCreator.tsx(490,19): error TS1005: '}' expected.
src/components/ThemeCreator.tsx(551,23): error TS1005: '}' expected.
src/components/ThemeCreator.tsx(562,23): error TS1005: '}' expected.
src/components/ThemeCustomizationStudio.tsx(27,9): error TS1005: '}' expected.
src/components/ThemeCustomizationStudio.tsx(33,9): error TS1005: '}' expected.
src/components/ThemeCustomizationStudio.tsx(62,10): error TS1109: Expression expected.
src/components/ThemeCustomizationStudio.tsx(64,7): error TS1005: '}' expected.
src/components/ThemeCustomizationStudio.tsx(282,15): error TS1005: '}' expected.
src/components/ThemeGallery.tsx(270,7): error TS1005: ')' expected.
src/components/ThemeGallery.tsx(333,5): error TS1005: ',' expected.
src/components/ThemeGallery.tsx(333,35): error TS1005: ')' expected.
src/components/ThemeGallery.tsx(337,5): error TS1005: ',' expected.
src/components/ThemeGallery.tsx(337,71): error TS1005: ')' expected.
src/components/ThemeGallery.tsx(453,17): error TS1005: ')' expected.
src/components/ThemeGallery.tsx(454,17): error TS1005: ',' expected.
src/components/ThemeGallery.tsx(457,15): error TS1005: ',' expected.
src/components/ThemeGallery.tsx(458,14): error TS1005: '}' expected.
src/components/ThemeGallery.tsx(509,5): error TS1005: ')' expected.
src/components/ThemeGallery.tsx(510,3): error TS1109: Expression expected.
src/components/ThemeGallery.tsx(550,13): error TS1005: '}' expected.
src/components/ThemeGallery.tsx(559,13): error TS1005: '}' expected.
src/components/ThemeGallery.tsx(571,13): error TS1005: '}' expected.
src/components/ThemeGallery.tsx(719,1): error TS1128: Declaration or statement expected.
src/components/ThemeManager.tsx(297,21): error TS1005: ')' expected.
src/components/ThemeManager.tsx(297,37): error TS1005: ',' expected.
src/components/ThemeManager.tsx(298,21): error TS1005: ',' expected.
src/components/ThemeManager.tsx(298,33): error TS1005: ',' expected.
src/components/ThemeManager.tsx(338,13): error TS1005: ')' expected.
src/components/ThemeManager.tsx(370,21): error TS1005: ',' expected.
src/components/ThemeManager.tsx(376,7): error TS1128: Declaration or statement expected.
src/components/ThemeManager.tsx(376,9): error TS1109: Expression expected.
src/components/ThemeManager.tsx(377,5): error TS1109: Expression expected.
src/components/ThemeManager.tsx(378,3): error TS1128: Declaration or statement expected.
src/components/ThemeManager.tsx(520,19): error TS1005: ')' expected.
src/components/ThemeManager.tsx(520,35): error TS1005: ',' expected.
src/components/ThemeManager.tsx(521,19): error TS1005: ',' expected.
src/components/ThemeManager.tsx(521,31): error TS1005: ',' expected.
src/components/ThemeManager.tsx(553,13): error TS1005: ')' expected.
src/components/ThemeManager.tsx(607,19): error TS1005: ',' expected.
src/components/ThemeManager.tsx(607,74): error TS1128: Declaration or statement expected.
src/components/ThemeManager.tsx(608,5): error TS1128: Declaration or statement expected.
src/components/ThemeManager.tsx(608,7): error TS1109: Expression expected.
src/components/ThemeManager.tsx(609,3): error TS1109: Expression expected.
src/components/ThemeManager.tsx(610,1): error TS1128: Declaration or statement expected.
src/components/TranslationDashboard.tsx(354,23): error TS1005: ')' expected.
src/components/TranslationDashboard.tsx(354,32): error TS1005: ',' expected.
src/components/TranslationDashboard.tsx(355,23): error TS1005: ',' expected.
src/components/TranslationDashboard.tsx(356,23): error TS1005: ',' expected.
src/components/TranslationDashboard.tsx(356,35): error TS1005: ',' expected.
src/components/TranslationDashboard.tsx(392,15): error TS1005: ')' expected.
src/components/TranslationDashboard.tsx(399,24): error TS1005: ')' expected.
src/components/TranslationDashboard.tsx(399,33): error TS1005: ',' expected.
src/components/TranslationDashboard.tsx(399,44): error TS1005: ',' expected.
src/components/TranslationDashboard.tsx(436,21): error TS1005: ',' expected.
src/components/TranslationDashboard.tsx(436,26): error TS1005: ',' expected.
src/components/TranslationDashboard.tsx(448,19): error TS1005: ',' expected.
src/components/TranslationDashboard.tsx(449,18): error TS1005: '}' expected.
src/components/TranslationDashboard.tsx(461,24): error TS1005: ',' expected.
src/components/TranslationDashboard.tsx(468,29): error TS1005: ')' expected.
src/components/TranslationDashboard.tsx(468,38): error TS1005: ',' expected.
src/components/TranslationDashboard.tsx(469,29): error TS1005: ',' expected.
src/components/TranslationDashboard.tsx(479,27): error TS1005: ',' expected.
src/components/TranslationDashboard.tsx(494,27): error TS1005: ')' expected.
src/components/TranslationDashboard.tsx(494,36): error TS1005: ',' expected.
src/components/TranslationDashboard.tsx(495,27): error TS1005: ',' expected.
src/components/TranslationDashboard.tsx(505,25): error TS1005: ',' expected.
src/components/TranslationDashboard.tsx(519,27): error TS1005: ')' expected.
src/components/TranslationDashboard.tsx(519,36): error TS1005: ',' expected.
src/components/TranslationDashboard.tsx(520,27): error TS1005: ',' expected.
src/components/TranslationDashboard.tsx(530,25): error TS1005: ',' expected.
src/components/TranslationDashboard.tsx(533,17): error TS1005: ')' expected.
src/components/TranslationDashboard.tsx(534,15): error TS1109: Expression expected.
src/components/TranslationDashboard.tsx(535,13): error TS1109: Expression expected.
src/components/TranslationDashboard.tsx(535,14): error TS1128: Declaration or statement expected.
src/components/TranslationDashboard.tsx(606,11): error TS1128: Declaration or statement expected.
src/components/TranslationDashboard.tsx(607,9): error TS1109: Expression expected.
src/components/TranslationDashboard.tsx(610,14): error TS1005: ';' expected.
src/components/TranslationDashboard.tsx(617,9): error TS1128: Declaration or statement expected.
src/components/TranslationDashboard.tsx(618,7): error TS1109: Expression expected.
src/components/TranslationDashboard.tsx(619,5): error TS1109: Expression expected.
src/components/TranslationDashboard.tsx(620,3): error TS1109: Expression expected.
src/components/TranslationDashboard.tsx(621,1): error TS1128: Declaration or statement expected.
src/components/UserProfile.tsx(46,7): error TS1005: ')' expected.
src/components/UserProfile.tsx(47,24): error TS1005: ',' expected.
src/components/UserProfile.tsx(47,31): error TS1005: ',' expected.
src/components/UserProfile.tsx(50,9): error TS1005: ';' expected.
src/components/UserProfile.tsx(54,3): error TS1128: Declaration or statement expected.
src/components/UserProfile.tsx(145,1): error TS1128: Declaration or statement expected.
src/components/VirtualScroll.tsx(49,6): error TS1005: ')' expected.
src/components/VirtualScroll.tsx(54,6): error TS1005: ')' expected.
src/components/VoiceAnalyticsDashboard.tsx(262,17): error TS1005: '}' expected.
src/components/VoiceAnalyticsDashboard.tsx(584,25): error TS1005: ')' expected.
src/components/VoiceAnalyticsDashboard.tsx(584,34): error TS1005: ',' expected.
src/components/VoiceAnalyticsDashboard.tsx(585,25): error TS1005: ',' expected.
src/components/VoiceAnalyticsDashboard.tsx(607,23): error TS1005: ',' expected.
src/components/VoiceAnalyticsDashboard.tsx(611,15): error TS1005: ')' expected.
src/components/VoiceAnalyticsDashboard.tsx(705,5): error TS1005: ')' expected.
src/components/VoiceAnalyticsDashboard.tsx(706,3): error TS1109: Expression expected.
src/components/VoiceAnalyticsDashboard.tsx(707,1): error TS1128: Declaration or statement expected.
src/components/VoiceCloning.tsx(88,58): error TS1005: ',' expected.
src/components/VoiceCloning.tsx(99,7): error TS1005: ',' expected.
src/components/VoiceCloning.tsx(145,5): error TS1005: ',' expected.
src/components/VoiceCloning.tsx(183,5): error TS1005: ',' expected.
src/components/VoiceCloning.tsx(190,5): error TS1005: ',' expected.
src/components/VoiceCloning.tsx(208,7): error TS1005: ',' expected.
src/components/VoiceCloning.tsx(419,21): error TS1005: ')' expected.
src/components/VoiceCloning.tsx(419,32): error TS1005: ',' expected.
src/components/VoiceCloning.tsx(420,21): error TS1005: ',' expected.
src/components/VoiceCloning.tsx(450,19): error TS1005: ',' expected.
src/components/VoiceCloning.tsx(453,13): error TS1005: ')' expected.
src/components/VoiceCloning.tsx(473,15): error TS1005: ',' expected.
src/components/VoiceCloning.tsx(504,7): error TS1005: ')' expected.
src/components/VoiceCloning.tsx(505,5): error TS1109: Expression expected.
src/components/VoiceCloning.tsx(506,3): error TS1109: Expression expected.
src/components/VoiceCloning.tsx(507,1): error TS1128: Declaration or statement expected.
src/components/VoiceSelector.tsx(128,19): error TS1005: ')' expected.
src/components/VoiceSelector.tsx(129,19): error TS1005: ',' expected.
src/components/VoiceSelector.tsx(129,116): error TS1005: ',' expected.
src/components/VoiceSelector.tsx(140,11): error TS1005: ')' expected.
src/components/VoiceSelector.tsx(181,5): error TS1005: ')' expected.
src/components/VoiceSelector.tsx(182,3): error TS1109: Expression expected.
src/components/VoiceSelector.tsx(183,1): error TS1128: Declaration or statement expected.
src/components/VoiceSelector.tsx(352,17): error TS1005: ',' expected.
src/components/VoiceSettings.tsx(176,3): error TS1005: ',' expected.
src/components/VoiceSettings.tsx(217,19): error TS1005: ')' expected.
src/components/VoiceSettings.tsx(217,32): error TS1005: ',' expected.
src/components/VoiceSettings.tsx(218,19): error TS1005: ',' expected.
src/components/VoiceSettings.tsx(222,21): error TS1005: ',' expected.
src/components/VoiceSettings.tsx(323,23): error TS1005: '}' expected.
src/components/VoiceSettings.tsx(327,33): error TS1005: ')' expected.
src/components/VoiceSettings.tsx(327,43): error TS1005: ',' expected.
src/components/VoiceSettings.tsx(327,48): error TS1005: ',' expected.
src/components/VoiceSettings.tsx(327,60): error TS1005: ',' expected.
src/components/VoiceSettings.tsx(327,65): error TS1005: ',' expected.
src/components/VoiceSettings.tsx(328,33): error TS1005: ',' expected.
src/components/VoiceSettings.tsx(328,47): error TS1005: ',' expected.
src/components/VoiceSettings.tsx(328,63): error TS1005: ',' expected.
src/components/VoiceSettings.tsx(329,25): error TS1005: ',' expected.
src/components/VoiceSettings.tsx(332,19): error TS1005: ')' expected.
src/components/VoiceSettings.tsx(456,9): error TS1005: ')' expected.
src/components/VoiceSettings.tsx(471,7): error TS1128: Declaration or statement expected.
src/components/VoiceSettings.tsx(472,5): error TS1109: Expression expected.
src/components/VoiceSettings.tsx(473,3): error TS1109: Expression expected.
src/components/VoiceSettings.tsx(474,1): error TS1128: Declaration or statement expected.
src/components/WakeUpFeedbackModal.tsx(105,4): error TS1005: ')' expected.
src/components/WakeUpFeedbackModal.tsx(168,19): error TS1005: '}' expected.
src/components/WakeUpFeedbackModal.tsx(332,15): error TS1005: '}' expected.
src/components/WakeUpFeedbackModal.tsx(368,1): error TS1005: '}' expected.
src/components/animations/AnimationLibrary.tsx(613,5): error TS1005: ',' expected.
src/components/animations/MicroInteractions.tsx(136,11): error TS1005: '}' expected.
src/components/animations/MicroInteractions.tsx(236,4): error TS1005: ')' expected.
src/components/animations/MicroInteractions.tsx(492,7): error TS1005: ',' expected.
src/components/animations/MicroInteractions.tsx(492,14): error TS1005: ',' expected.
src/components/animations/MicroInteractions.tsx(531,13): error TS1005: ')' expected.
src/components/animations/MicroInteractions.tsx(531,24): error TS1005: ',' expected.
src/components/animations/MicroInteractions.tsx(532,13): error TS1005: ',' expected.
src/components/animations/MicroInteractions.tsx(533,13): error TS1005: ',' expected.
src/components/animations/MicroInteractions.tsx(538,14): error TS1005: ',' expected.
src/components/premium/EnhancedUpgradePrompt.tsx(78,13): error TS1005: ')' expected.
src/components/premium/EnhancedUpgradePrompt.tsx(498,2): error TS1005: ')' expected.
src/components/premium/EnhancedUpgradePrompt.tsx(501,1): error TS1005: '}' expected.
src/components/premium/PaymentFlow.tsx(457,23): error TS1005: '}' expected.
src/components/premium/PaymentFlow.tsx(474,23): error TS1005: '}' expected.
src/components/premium/PaymentFlow.tsx(491,23): error TS1005: '}' expected.
src/components/premium/PaymentFlow.tsx(508,23): error TS1005: '}' expected.
src/components/premium/PaymentFlow.tsx(629,17): error TS1005: '}' expected.
src/components/premium/PremiumAlarmFeatures.tsx(61,17): error TS1005: '}' expected.
src/components/premium/PremiumFeaturePreview.tsx(51,13): error TS1005: ')' expected.
src/components/premium/PremiumFeaturePreview.tsx(54,3): error TS1005: ',' expected.
src/components/premium/PremiumFeaturePreview.tsx(54,4): error TS1128: Declaration or statement expected.
src/components/premium/PremiumFeaturePreview.tsx(54,26): error TS1005: ';' expected.
src/components/premium/PremiumTeamFeatures.tsx(154,15): error TS1005: ')' expected.
src/components/premium/PremiumTeamFeatures.tsx(154,26): error TS1005: ',' expected.
src/components/premium/PremiumTeamFeatures.tsx(155,15): error TS1005: ',' expected.
src/components/premium/PremiumTeamFeatures.tsx(181,13): error TS1005: ',' expected.
src/components/premium/PremiumTeamFeatures.tsx(196,5): error TS1005: ')' expected.
src/components/premium/PremiumTeamFeatures.tsx(197,3): error TS1109: Expression expected.
src/components/premium/PremiumTeamFeatures.tsx(306,15): error TS1005: ')' expected.
src/components/premium/PremiumTeamFeatures.tsx(306,29): error TS1005: ',' expected.
src/components/premium/PremiumTeamFeatures.tsx(307,15): error TS1005: ',' expected.
src/components/premium/PremiumTeamFeatures.tsx(326,13): error TS1005: ',' expected.
src/components/premium/PremiumTeamFeatures.tsx(335,5): error TS1005: ')' expected.
src/components/premium/PremiumTeamFeatures.tsx(336,3): error TS1109: Expression expected.
src/components/premium/PremiumTeamFeatures.tsx(377,17): error TS1005: ')' expected.
src/components/premium/PremiumTeamFeatures.tsx(377,29): error TS1005: ',' expected.
src/components/premium/PremiumTeamFeatures.tsx(378,17): error TS1005: ',' expected.
src/components/premium/PremiumTeamFeatures.tsx(396,15): error TS1005: ',' expected.
src/components/premium/PremiumTeamFeatures.tsx(406,17): error TS1005: ')' expected.
src/components/premium/PremiumTeamFeatures.tsx(406,29): error TS1005: ',' expected.
src/components/premium/PremiumTeamFeatures.tsx(407,17): error TS1005: ',' expected.
src/components/premium/PremiumTeamFeatures.tsx(425,15): error TS1005: ',' expected.
src/components/premium/PremiumTeamFeatures.tsx(426,14): error TS1005: '}' expected.
src/components/premium/PremiumTeamFeatures.tsx(447,7): error TS1128: Declaration or statement expected.
src/components/premium/PremiumTeamFeatures.tsx(448,5): error TS1109: Expression expected.
src/components/premium/PremiumTeamFeatures.tsx(449,3): error TS1109: Expression expected.
src/components/premium/PremiumTeamFeatures.tsx(450,1): error TS1128: Declaration or statement expected.
src/components/premium/PremiumTeamFeatures.tsx(555,16): error TS1109: Expression expected.
src/components/premium/PremiumTeamFeatures.tsx(556,13): error TS1109: Expression expected.
src/components/premium/PremiumVoiceFeatures.tsx(125,17): error TS1005: ')' expected.
src/components/premium/PremiumVoiceFeatures.tsx(125,25): error TS1005: ':' expected.
src/components/premium/PremiumVoiceFeatures.tsx(126,17): error TS1005: ',' expected.
src/components/premium/PremiumVoiceFeatures.tsx(126,25): error TS1005: ':' expected.
src/components/premium/PremiumVoiceFeatures.tsx(127,17): error TS1005: ',' expected.
src/components/premium/PremiumVoiceFeatures.tsx(127,26): error TS1005: ':' expected.
src/components/premium/PremiumVoiceFeatures.tsx(128,16): error TS1109: Expression expected.
src/components/premium/PremiumVoiceFeatures.tsx(129,13): error TS1109: Expression expected.
src/components/premium/PremiumVoiceFeatures.tsx(140,17): error TS1005: ')' expected.
src/components/premium/PremiumVoiceFeatures.tsx(140,25): error TS1005: ':' expected.
src/components/premium/PremiumVoiceFeatures.tsx(141,17): error TS1005: ',' expected.
src/components/premium/PremiumVoiceFeatures.tsx(141,25): error TS1005: ':' expected.
src/components/premium/PremiumVoiceFeatures.tsx(142,17): error TS1005: ',' expected.
src/components/premium/PremiumVoiceFeatures.tsx(142,26): error TS1005: ':' expected.
src/components/premium/PremiumVoiceFeatures.tsx(143,16): error TS1109: Expression expected.
src/components/premium/PremiumVoiceFeatures.tsx(144,13): error TS1109: Expression expected.
src/components/premium/PremiumVoiceFeatures.tsx(157,17): error TS1005: ')' expected.
src/components/premium/PremiumVoiceFeatures.tsx(157,25): error TS1005: ':' expected.
src/components/premium/PremiumVoiceFeatures.tsx(158,17): error TS1005: ',' expected.
src/components/premium/PremiumVoiceFeatures.tsx(158,25): error TS1005: ':' expected.
src/components/premium/PremiumVoiceFeatures.tsx(159,17): error TS1005: ',' expected.
src/components/premium/PremiumVoiceFeatures.tsx(159,26): error TS1005: ':' expected.
src/components/premium/PremiumVoiceFeatures.tsx(160,16): error TS1109: Expression expected.
src/components/premium/PremiumVoiceFeatures.tsx(161,13): error TS1109: Expression expected.
src/components/premium/PremiumVoiceFeatures.tsx(186,21): error TS1005: ',' expected.
src/components/premium/PremiumVoiceFeatures.tsx(248,15): error TS1005: '}' expected.
src/components/premium/PremiumVoiceFeatures.tsx(287,12): error TS1109: Expression expected.
src/components/premium/PremiumVoiceFeatures.tsx(292,12): error TS1109: Expression expected.
src/components/premium/PremiumVoiceFeatures.tsx(296,9): error TS1005: '}' expected.
src/components/premium/PremiumVoiceFeatures.tsx(352,18): error TS1109: Expression expected.
src/components/premium/PremiumVoiceFeatures.tsx(353,15): error TS1109: Expression expected.
src/components/premium/PremiumVoiceFeatures.tsx(401,14): error TS1109: Expression expected.
src/components/premium/PremiumVoiceFeatures.tsx(407,36): error TS1005: ',' expected.
src/components/premium/PremiumVoiceFeatures.tsx(413,11): error TS1005: '}' expected.
src/components/premium/PremiumVoiceFeatures.tsx(487,15): error TS1005: '}' expected.
src/components/premium/PsychologyDrivenCTA.tsx(86,5): error TS1005: ',' expected.
src/components/premium/SubscriptionManagement.tsx(371,25): error TS1005: ')' expected.
src/components/premium/SubscriptionManagement.tsx(430,21): error TS1005: ')' expected.
src/components/premium/SubscriptionManagement.tsx(510,15): error TS1005: ')' expected.
src/components/premium/SubscriptionManagement.tsx(531,7): error TS1005: ')' expected.
src/components/premium/SubscriptionManagement.tsx(615,5): error TS1128: Declaration or statement expected.
src/components/premium/SubscriptionManagement.tsx(616,3): error TS1109: Expression expected.
src/components/ui/sidebar.tsx(96,3): error TS1109: Expression expected.
src/components/user-testing/BetaTestingProgram.tsx(209,7): error TS1005: ',' expected.
src/components/user-testing/BetaTestingProgram.tsx(209,19): error TS1005: ',' expected.
src/components/user-testing/BetaTestingProgram.tsx(210,7): error TS1005: ',' expected.
src/components/user-testing/BetaTestingProgram.tsx(210,14): error TS1005: ',' expected.
src/components/user-testing/BetaTestingProgram.tsx(211,5): error TS1005: ',' expected.
src/components/user-testing/BetaTestingProgram.tsx(227,5): error TS1005: ',' expected.
src/components/user-testing/BetaTestingProgram.tsx(229,6): error TS1005: ')' expected.
src/components/user-testing/BetaTestingProgram.tsx(252,6): error TS1005: ')' expected.
src/components/user-testing/BetaTestingProgram.tsx(394,21): error TS1005: ')' expected.
src/components/user-testing/BetaTestingProgram.tsx(394,33): error TS1005: ',' expected.
src/components/user-testing/BetaTestingProgram.tsx(489,15): error TS1005: ',' expected.
src/components/user-testing/BetaTestingProgram.tsx(497,21): error TS1005: ')' expected.
src/components/user-testing/BetaTestingProgram.tsx(497,32): error TS1005: ',' expected.
src/components/user-testing/BetaTestingProgram.tsx(506,38): error TS1005: ',' expected.
src/components/user-testing/BetaTestingProgram.tsx(549,15): error TS1005: ',' expected.
src/components/user-testing/BetaTestingProgram.tsx(552,9): error TS1005: ')' expected.
src/components/user-testing/BetaTestingProgram.tsx(557,21): error TS1005: ')' expected.
src/components/user-testing/BetaTestingProgram.tsx(557,30): error TS1005: ',' expected.
src/components/user-testing/BetaTestingProgram.tsx(583,21): error TS1005: ',' expected.
src/components/user-testing/BetaTestingProgram.tsx(587,15): error TS1005: ',' expected.
src/components/user-testing/BetaTestingProgram.tsx(590,9): error TS1128: Declaration or statement expected.
src/components/user-testing/BetaTestingProgram.tsx(591,7): error TS1109: Expression expected.
src/components/user-testing/BetaTestingProgram.tsx(594,15): error TS1005: ';' expected.
src/components/user-testing/BetaTestingProgram.tsx(594,40): error TS1005: ';' expected.
src/components/user-testing/BetaTestingProgram.tsx(608,19): error TS1005: '}' expected.
src/components/user-testing/BetaTestingProgram.tsx(687,25): error TS1005: '}' expected.
src/components/user-testing/BetaTestingProgram.tsx(716,7): error TS1128: Declaration or statement expected.
src/components/user-testing/BetaTestingProgram.tsx(719,15): error TS1005: ';' expected.
src/components/user-testing/BetaTestingProgram.tsx(719,38): error TS1005: ';' expected.
src/components/user-testing/BetaTestingProgram.tsx(732,17): error TS1005: '}' expected.
src/components/user-testing/BetaTestingProgram.tsx(756,7): error TS1128: Declaration or statement expected.
src/components/user-testing/BetaTestingProgram.tsx(757,5): error TS1109: Expression expected.
src/components/user-testing/BetaTestingProgram.tsx(758,3): error TS1109: Expression expected.
src/components/user-testing/BugReportModal.tsx(156,3): error TS1005: ',' expected.
src/components/user-testing/BugReportModal.tsx(169,9): error TS1005: ',' expected.
src/components/user-testing/BugReportModal.tsx(169,25): error TS1005: ',' expected.
src/components/user-testing/BugReportModal.tsx(170,23): error TS1005: ',' expected.
src/components/user-testing/BugReportModal.tsx(173,19): error TS1005: ',' expected.
src/components/user-testing/BugReportModal.tsx(270,21): error TS1005: '}' expected.
src/components/user-testing/BugReportModal.tsx(282,21): error TS1005: '}' expected.
src/components/user-testing/BugReportModal.tsx(375,21): error TS1005: '}' expected.
src/components/user-testing/BugReportModal.tsx(387,21): error TS1005: '}' expected.
src/components/user-testing/BugReportModal.tsx(419,29): error TS1005: '}' expected.
src/components/user-testing/BugReportModal.tsx(445,23): error TS1005: '}' expected.
src/components/user-testing/BugReportModal.tsx(464,27): error TS1005: ')' expected.
src/components/user-testing/BugReportModal.tsx(465,27): error TS1005: ',' expected.
src/components/user-testing/BugReportModal.tsx(466,27): error TS1005: ',' expected.
src/components/user-testing/BugReportModal.tsx(470,29): error TS1005: ',' expected.
src/components/user-testing/BugReportModal.tsx(471,29): error TS1005: ',' expected.
src/components/user-testing/BugReportModal.tsx(471,41): error TS1005: ',' expected.
src/components/user-testing/BugReportModal.tsx(476,25): error TS1005: ')' expected.
src/components/user-testing/BugReportModal.tsx(602,7): error TS1005: ')' expected.
src/components/user-testing/BugReportModal.tsx(603,5): error TS1109: Expression expected.
src/components/user-testing/BugReportModal.tsx(604,3): error TS1109: Expression expected.
src/components/user-testing/FeedbackModal.tsx(273,19): error TS1005: '}' expected.
src/components/user-testing/FeedbackModal.tsx(285,19): error TS1005: '}' expected.
src/components/user-testing/RedesignedFeedbackModal.tsx(214,15): error TS1005: ',' expected.
src/components/user-testing/RedesignedFeedbackModal.tsx(214,58): error TS1005: ',' expected.
src/components/user-testing/RedesignedFeedbackModal.tsx(215,9): error TS1005: ')' expected.
src/components/user-testing/RedesignedFeedbackModal.tsx(216,7): error TS1005: ',' expected.
src/components/user-testing/RedesignedFeedbackModal.tsx(224,5): error TS1005: ',' expected.
src/components/user-testing/RedesignedFeedbackModal.tsx(230,5): error TS1005: ',' expected.
src/components/user-testing/RedesignedFeedbackModal.tsx(369,15): error TS1005: ')' expected.
src/components/user-testing/RedesignedFeedbackModal.tsx(373,17): error TS1005: ',' expected.
src/components/user-testing/RedesignedFeedbackModal.tsx(452,15): error TS1005: ')' expected.
src/components/user-testing/RedesignedFeedbackModal.tsx(462,9): error TS1005: ')' expected.
src/components/user-testing/RedesignedFeedbackModal.tsx(495,7): error TS1128: Declaration or statement expected.
src/components/user-testing/RedesignedFeedbackModal.tsx(496,5): error TS1109: Expression expected.
src/components/user-testing/RedesignedFeedbackModal.tsx(513,13): error TS1005: ')' expected.
src/components/user-testing/RedesignedFeedbackModal.tsx(514,13): error TS1005: ',' expected.
src/components/user-testing/RedesignedFeedbackModal.tsx(515,13): error TS1005: ',' expected.
src/components/user-testing/RedesignedFeedbackModal.tsx(516,12): error TS1109: Expression expected.
src/components/user-testing/RedesignedFeedbackModal.tsx(517,9): error TS1109: Expression expected.
src/components/user-testing/RedesignedFeedbackModal.tsx(529,13): error TS1005: ')' expected.
src/components/user-testing/RedesignedFeedbackModal.tsx(530,13): error TS1005: ',' expected.
src/components/user-testing/RedesignedFeedbackModal.tsx(531,13): error TS1005: ',' expected.
src/components/user-testing/RedesignedFeedbackModal.tsx(531,20): error TS1005: ':' expected.
src/components/user-testing/RedesignedFeedbackModal.tsx(532,12): error TS1109: Expression expected.
src/components/user-testing/RedesignedFeedbackModal.tsx(543,9): error TS1005: ',' expected.
src/components/user-testing/RedesignedFeedbackModal.tsx(558,14): error TS1109: Expression expected.
src/components/user-testing/RedesignedFeedbackModal.tsx(559,11): error TS1109: Expression expected.
src/components/user-testing/RedesignedFeedbackModal.tsx(583,17): error TS1005: ')' expected.
src/components/user-testing/RedesignedFeedbackModal.tsx(587,19): error TS1005: ',' expected.
src/components/user-testing/RedesignedFeedbackModal.tsx(653,24): error TS1005: ')' expected.
src/components/user-testing/RedesignedFeedbackModal.tsx(654,21): error TS1005: '}' expected.
src/components/user-testing/RedesignedFeedbackModal.tsx(685,25): error TS1005: ',' expected.
src/components/user-testing/RedesignedFeedbackModal.tsx(888,1): error TS1128: Declaration or statement expected.
src/components/user-testing/RedesignedFeedbackWidget.tsx(154,7): error TS1005: ',' expected.
src/components/user-testing/RedesignedFeedbackWidget.tsx(155,5): error TS1005: ',' expected.
src/components/user-testing/UsabilityAnalyticsDashboard.tsx(130,7): error TS1005: ',' expected.
src/components/user-testing/UsabilityAnalyticsDashboard.tsx(130,17): error TS1005: ',' expected.
src/components/user-testing/UsabilityAnalyticsDashboard.tsx(146,8): error TS1005: ')' expected.
src/components/user-testing/UsabilityAnalyticsDashboard.tsx(157,8): error TS1005: ')' expected.
src/components/user-testing/UsabilityAnalyticsDashboard.tsx(168,8): error TS1005: ')' expected.
src/components/user-testing/UsabilityAnalyticsDashboard.tsx(202,8): error TS1005: ')' expected.
src/components/user-testing/UsabilityAnalyticsDashboard.tsx(275,13): error TS1005: '}' expected.
src/components/user-testing/UsabilityAnalyticsDashboard.tsx(507,26): error TS1005: ')' expected.
src/components/user-testing/UsabilityAnalyticsDashboard.tsx(507,39): error TS1005: ',' expected.
src/components/user-testing/UsabilityAnalyticsDashboard.tsx(507,44): error TS1005: ',' expected.
src/components/user-testing/UsabilityAnalyticsDashboard.tsx(541,21): error TS1005: ',' expected.
src/components/user-testing/UsabilityAnalyticsDashboard.tsx(542,20): error TS1005: ':' expected.
src/components/user-testing/UsabilityAnalyticsDashboard.tsx(562,26): error TS1005: ')' expected.
src/components/user-testing/UsabilityAnalyticsDashboard.tsx(562,34): error TS1005: ',' expected.
src/components/user-testing/UsabilityAnalyticsDashboard.tsx(562,39): error TS1005: ',' expected.
src/components/user-testing/UsabilityAnalyticsDashboard.tsx(589,21): error TS1005: ',' expected.
src/components/user-testing/UsabilityAnalyticsDashboard.tsx(590,20): error TS1005: ':' expected.
src/components/user-testing/UsabilityAnalyticsDashboard.tsx(628,7): error TS1005: ')' expected.
src/components/user-testing/UsabilityAnalyticsDashboard.tsx(629,5): error TS1109: Expression expected.
src/components/user-testing/UsabilityAnalyticsDashboard.tsx(630,3): error TS1109: Expression expected.
src/hooks/useABTesting.tsx(79,9): error TS1005: ':' expected.
src/hooks/useABTesting.tsx(81,11): error TS1005: ',' expected.
src/hooks/useABTesting.tsx(82,70): error TS1005: ',' expected.
src/hooks/useABTesting.tsx(90,7): error TS1005: ',' expected.
src/hooks/useABTesting.tsx(90,13): error TS1005: ':' expected.
src/hooks/useABTesting.tsx(90,73): error TS1005: ',' expected.
src/hooks/useABTesting.tsx(91,13): error TS1005: ':' expected.
src/hooks/useABTesting.tsx(91,86): error TS1005: ',' expected.
src/hooks/useABTesting.tsx(93,21): error TS1005: ',' expected.
src/hooks/useABTesting.tsx(93,38): error TS1005: ',' expected.
src/hooks/useABTesting.tsx(93,40): error TS1005: ',' expected.
src/hooks/useABTesting.tsx(95,13): error TS1005: ',' expected.
src/hooks/useABTesting.tsx(95,55): error TS1005: ',' expected.
src/hooks/useABTesting.tsx(96,13): error TS1005: ',' expected.
src/hooks/useABTesting.tsx(96,32): error TS1005: ',' expected.
src/hooks/useABTesting.tsx(98,22): error TS1005: ',' expected.
src/hooks/useABTesting.tsx(98,51): error TS1005: ',' expected.
src/hooks/useABTesting.tsx(98,53): error TS1005: ';' expected.
src/hooks/useABTesting.tsx(101,11): error TS1128: Declaration or statement expected.
src/hooks/useABTesting.tsx(121,9): error TS1005: ',' expected.
src/hooks/useABTesting.tsx(122,17): error TS1005: ',' expected.
src/hooks/useABTesting.tsx(128,5): error TS1128: Declaration or statement expected.
src/hooks/useABTesting.tsx(128,7): error TS1005: 'try' expected.
src/hooks/useABTesting.tsx(136,3): error TS1128: Declaration or statement expected.
src/hooks/useABTesting.tsx(256,1): error TS1128: Declaration or statement expected.
src/hooks/useAccessibility.ts(234,5): error TS1005: ',' expected.
src/hooks/useAccessibility.ts(234,38): error TS1005: ')' expected.
src/hooks/useAdvancedAlarms.ts(47,21): error TS1005: ',' expected.
src/hooks/useAdvancedAlarms.ts(64,8): error TS1005: ')' expected.
src/hooks/useAdvancedAlarms.ts(80,7): error TS1005: ',' expected.
src/hooks/useAdvancedAlarms.ts(80,21): error TS1005: ')' expected.
src/hooks/useAudioLazyLoading.ts(36,9): error TS1005: ':' expected.
src/hooks/useAudioLazyLoading.ts(37,13): error TS1005: ':' expected.
src/hooks/useAudioLazyLoading.ts(61,9): error TS1005: ',' expected.
src/hooks/useAudioLazyLoading.ts(64,21): error TS1005: ',' expected.
src/hooks/useAudioLazyLoading.ts(64,28): error TS1005: ',' expected.
src/hooks/useAudioLazyLoading.ts(69,9): error TS1005: ';' expected.
src/hooks/useAudioLazyLoading.ts(70,7): error TS1005: 'try' expected.
src/hooks/useAudioLazyLoading.ts(77,3): error TS1128: Declaration or statement expected.
src/hooks/useAudioLazyLoading.ts(77,4): error TS1128: Declaration or statement expected.
src/hooks/useAudioLazyLoading.ts(77,23): error TS1005: ';' expected.
src/hooks/useAudioLazyLoading.ts(93,1): error TS1128: Declaration or statement expected.
src/hooks/useAuth.ts(287,18): error TS1005: ',' expected.
src/hooks/useAuth.ts(287,65): error TS1005: ',' expected.
src/hooks/useAuth.ts(288,15): error TS1005: ':' expected.
src/hooks/useAuth.ts(291,7): error TS1005: ')' expected.
src/hooks/useAuth.ts(311,7): error TS1005: 'try' expected.
src/hooks/useAuth.ts(363,18): error TS1005: ',' expected.
src/hooks/useAuth.ts(363,65): error TS1005: ',' expected.
src/hooks/useAuth.ts(364,15): error TS1005: ':' expected.
src/hooks/useAuth.ts(367,7): error TS1005: ')' expected.
src/hooks/useAuth.ts(387,7): error TS1005: 'try' expected.
src/hooks/useAuth.ts(411,9): error TS1005: ':' expected.
src/hooks/useAuth.ts(412,13): error TS1005: ':' expected.
src/hooks/useAuth.ts(412,55): error TS1005: ',' expected.
src/hooks/useAuth.ts(413,13): error TS1005: ':' expected.
src/hooks/useAuth.ts(413,40): error TS1005: ',' expected.
src/hooks/useAuth.ts(415,13): error TS1005: ':' expected.
src/hooks/useAuth.ts(415,56): error TS1005: ',' expected.
src/hooks/useAuth.ts(419,15): error TS1005: ':' expected.
src/hooks/useAuth.ts(422,7): error TS1005: ')' expected.
src/hooks/useAuth.ts(427,10): error TS1005: ')' expected.
src/hooks/useAuth.ts(430,7): error TS1005: ',' expected.
src/hooks/useAuth.ts(449,4): error TS1005: ',' expected.
src/hooks/useAuth.ts(451,9): error TS1005: ':' expected.
src/hooks/useAuth.ts(479,18): error TS1005: ',' expected.
src/hooks/useAuth.ts(479,80): error TS1005: ',' expected.
src/hooks/useAuth.ts(480,15): error TS1005: ':' expected.
src/hooks/useAuth.ts(483,7): error TS1005: ')' expected.
src/hooks/useAuth.ts(488,10): error TS1005: ')' expected.
src/hooks/useAuth.ts(491,7): error TS1005: 'try' expected.
src/hooks/useAuth.ts(514,4): error TS1005: ')' expected.
src/hooks/useAuth.ts(523,9): error TS1005: ':' expected.
src/hooks/useAuth.ts(524,13): error TS1005: ':' expected.
src/hooks/useAuth.ts(524,55): error TS1005: ',' expected.
src/hooks/useAuth.ts(527,13): error TS1005: ':' expected.
src/hooks/useAuth.ts(534,37): error TS1005: ',' expected.
src/hooks/useAuth.ts(538,15): error TS1005: ':' expected.
src/hooks/useAuth.ts(542,7): error TS1005: ')' expected.
src/hooks/useAuth.ts(558,7): error TS1005: ',' expected.
src/hooks/useAuth.ts(577,4): error TS1005: ',' expected.
src/hooks/useAuth.ts(579,10): error TS1005: ':' expected.
src/hooks/useAuth.ts(590,4): error TS1005: ',' expected.
src/hooks/useAuth.ts(593,1): error TS1005: ')' expected.
src/hooks/useAuth.ts(594,1): error TS1005: '}' expected.
src/hooks/useCriticalPreloading.ts(48,9): error TS1005: ':' expected.
src/hooks/useCriticalPreloading.ts(49,13): error TS1005: ':' expected.
src/hooks/useCriticalPreloading.ts(49,83): error TS1005: ',' expected.
src/hooks/useCriticalPreloading.ts(52,13): error TS1005: ':' expected.
src/hooks/useCriticalPreloading.ts(52,40): error TS1005: ',' expected.
src/hooks/useCriticalPreloading.ts(53,18): error TS1005: ',' expected.
src/hooks/useCriticalPreloading.ts(53,24): error TS1005: ',' expected.
src/hooks/useCriticalPreloading.ts(53,27): error TS1005: ',' expected.
src/hooks/useCriticalPreloading.ts(60,7): error TS1005: ',' expected.
src/hooks/useCriticalPreloading.ts(60,21): error TS1005: ',' expected.
src/hooks/useCriticalPreloading.ts(60,28): error TS1005: ',' expected.
src/hooks/useCriticalPreloading.ts(65,9): error TS1005: ';' expected.
src/hooks/useCriticalPreloading.ts(68,7): error TS1005: 'try' expected.
src/hooks/useCriticalPreloading.ts(72,3): error TS1005: ')' expected.
src/hooks/useCriticalPreloading.ts(72,4): error TS1128: Declaration or statement expected.
src/hooks/useCriticalPreloading.ts(72,33): error TS1005: ';' expected.
src/hooks/useCriticalPreloading.ts(77,9): error TS1005: ')' expected.
src/hooks/useCriticalPreloading.ts(107,1): error TS1005: ',' expected.
src/hooks/useDeviceCapabilities.tsx(119,9): error TS1005: ',' expected.
src/hooks/useDeviceCapabilities.tsx(122,11): error TS1005: ')' expected.
src/hooks/useDeviceCapabilities.tsx(124,18): error TS1005: ':' expected.
src/hooks/useDeviceCapabilities.tsx(124,34): error TS1005: ',' expected.
src/hooks/useDeviceCapabilities.tsx(126,7): error TS1005: ',' expected.
src/hooks/useDeviceCapabilities.tsx(126,8): error TS1128: Declaration or statement expected.
src/hooks/useDeviceCapabilities.tsx(171,3): error TS1005: ',' expected.
src/hooks/useDeviceCapabilities.tsx(177,5): error TS1005: ',' expected.
src/hooks/useEmotionalNotifications.ts(61,11): error TS1005: ':' expected.
src/hooks/useEmotionalNotifications.ts(62,15): error TS1005: ':' expected.
src/hooks/useEmotionalNotifications.ts(63,83): error TS1005: ',' expected.
src/hooks/useEmotionalNotifications.ts(65,23): error TS1005: ',' expected.
src/hooks/useEmotionalNotifications.ts(65,30): error TS1005: ',' expected.
src/hooks/useEmotionalNotifications.ts(69,11): error TS1005: ';' expected.
src/hooks/useEmotionalNotifications.ts(81,9): error TS1005: 'try' expected.
src/hooks/useEmotionalNotifications.ts(95,5): error TS1128: Declaration or statement expected.
src/hooks/useEmotionalNotifications.ts(95,6): error TS1128: Declaration or statement expected.
src/hooks/useEmotionalNotifications.ts(95,25): error TS1005: ';' expected.
src/hooks/useEmotionalNotifications.ts(146,11): error TS1005: ':' expected.
src/hooks/useEmotionalNotifications.ts(149,23): error TS1005: ',' expected.
src/hooks/useEmotionalNotifications.ts(149,30): error TS1005: ',' expected.
src/hooks/useEmotionalNotifications.ts(155,11): error TS1005: ';' expected.
src/hooks/useEmotionalNotifications.ts(161,7): error TS1128: Declaration or statement expected.
src/hooks/useEmotionalNotifications.ts(161,9): error TS1005: 'try' expected.
src/hooks/useEmotionalNotifications.ts(168,5): error TS1128: Declaration or statement expected.
src/hooks/useEmotionalNotifications.ts(168,6): error TS1128: Declaration or statement expected.
src/hooks/useEmotionalNotifications.ts(170,3): error TS1128: Declaration or statement expected.
src/hooks/useEmotionalNotifications.ts(205,25): error TS1005: ',' expected.
src/hooks/useEmotionalNotifications.ts(209,11): error TS1005: ',' expected.
src/hooks/useEmotionalNotifications.ts(210,9): error TS1005: ')' expected.
src/hooks/useEmotionalNotifications.ts(215,3): error TS1128: Declaration or statement expected.
src/hooks/useEmotionalNotifications.ts(221,21): error TS1005: ',' expected.
src/hooks/useEmotionalNotifications.ts(223,7): error TS1005: ',' expected.
src/hooks/useEmotionalNotifications.ts(224,15): error TS1005: ')' expected.
src/hooks/useEmotionalNotifications.ts(277,1): error TS1005: ',' expected.
src/hooks/useEmotionalNotifications.ts(323,11): error TS1005: ':' expected.
src/hooks/useEmotionalNotifications.ts(324,25): error TS1005: ',' expected.
src/hooks/useEmotionalNotifications.ts(327,11): error TS1005: ',' expected.
src/hooks/useEmotionalNotifications.ts(328,9): error TS1005: ',' expected.
src/hooks/useEmotionalNotifications.ts(333,4): error TS1005: ')' expected.
src/hooks/useEmotionalNotifications.ts(337,1): error TS1005: ')' expected.
src/hooks/useEnhancedCaching.ts(61,9): error TS1005: ':' expected.
src/hooks/useEnhancedCaching.ts(62,13): error TS1005: ',' expected.
src/hooks/useEnhancedCaching.ts(62,33): error TS1005: ',' expected.
src/hooks/useEnhancedCaching.ts(62,44): error TS1005: ',' expected.
src/hooks/useEnhancedCaching.ts(63,26): error TS1005: ',' expected.
src/hooks/useEnhancedCaching.ts(63,33): error TS1005: ',' expected.
src/hooks/useEnhancedCaching.ts(66,9): error TS1005: ';' expected.
src/hooks/useEnhancedCaching.ts(67,7): error TS1005: 'try' expected.
src/hooks/useEnhancedCaching.ts(71,3): error TS1005: ')' expected.
src/hooks/useEnhancedCaching.ts(71,4): error TS1128: Declaration or statement expected.
src/hooks/useEnhancedCaching.ts(71,19): error TS1005: ';' expected.
src/hooks/useEnhancedCaching.ts(77,11): error TS1005: ':' expected.
src/hooks/useEnhancedCaching.ts(78,15): error TS1005: ',' expected.
src/hooks/useEnhancedCaching.ts(78,35): error TS1005: ',' expected.
src/hooks/useEnhancedCaching.ts(78,53): error TS1005: ',' expected.
src/hooks/useEnhancedCaching.ts(79,9): error TS1005: ',' expected.
src/hooks/useEnhancedCaching.ts(79,17): error TS1005: ':' expected.
src/hooks/useEnhancedCaching.ts(80,28): error TS1005: ',' expected.
src/hooks/useEnhancedCaching.ts(80,35): error TS1005: ',' expected.
src/hooks/useEnhancedCaching.ts(83,5): error TS1005: ')' expected.
src/hooks/useEnhancedCaching.ts(83,6): error TS1128: Declaration or statement expected.
src/hooks/useEnhancedCaching.ts(85,3): error TS1128: Declaration or statement expected.
src/hooks/useEnhancedCaching.ts(121,1): error TS1128: Declaration or statement expected.
src/hooks/useEnhancedCaching.ts(233,5): error TS1005: ',' expected.
src/hooks/useEnhancedServiceWorker.ts(29,13): error TS1005: ':' expected.
src/hooks/useEnhancedServiceWorker.ts(29,62): error TS1005: ',' expected.
src/hooks/useEnhancedServiceWorker.ts(41,9): error TS1005: ',' expected.
src/hooks/useEnhancedServiceWorker.ts(41,14): error TS1005: ':' expected.
src/hooks/useEnhancedServiceWorker.ts(42,23): error TS1005: ',' expected.
src/hooks/useEnhancedServiceWorker.ts(42,30): error TS1005: ',' expected.
src/hooks/useEnhancedServiceWorker.ts(45,11): error TS1005: ';' expected.
src/hooks/useEnhancedServiceWorker.ts(47,5): error TS1128: Declaration or statement expected.
src/hooks/useEnhancedServiceWorker.ts(47,7): error TS1005: 'try' expected.
src/hooks/useEnhancedServiceWorker.ts(54,3): error TS1128: Declaration or statement expected.
src/hooks/useEnhancedServiceWorker.ts(54,4): error TS1128: Declaration or statement expected.
src/hooks/useEnhancedServiceWorker.ts(54,8): error TS1005: ';' expected.
src/hooks/useEnhancedServiceWorker.ts(90,15): error TS1005: ':' expected.
src/hooks/useEnhancedServiceWorker.ts(90,72): error TS1005: ',' expected.
src/hooks/useEnhancedServiceWorker.ts(94,11): error TS1005: ',' expected.
src/hooks/useEnhancedServiceWorker.ts(94,16): error TS1005: ':' expected.
src/hooks/useEnhancedServiceWorker.ts(95,25): error TS1005: ',' expected.
src/hooks/useEnhancedServiceWorker.ts(95,32): error TS1005: ',' expected.
src/hooks/useEnhancedServiceWorker.ts(98,13): error TS1005: ';' expected.
src/hooks/useEnhancedServiceWorker.ts(99,9): error TS1128: Declaration or statement expected.
src/hooks/useEnhancedServiceWorker.ts(102,7): error TS1128: Declaration or statement expected.
src/hooks/useEnhancedServiceWorker.ts(102,9): error TS1005: 'try' expected.
src/hooks/useEnhancedServiceWorker.ts(110,5): error TS1128: Declaration or statement expected.
src/hooks/useEnhancedServiceWorker.ts(110,6): error TS1128: Declaration or statement expected.
src/hooks/useEnhancedServiceWorker.ts(112,3): error TS1128: Declaration or statement expected.
src/hooks/useEnhancedServiceWorker.ts(120,15): error TS1005: ':' expected.
src/hooks/useEnhancedServiceWorker.ts(120,72): error TS1005: ',' expected.
src/hooks/useEnhancedServiceWorker.ts(124,11): error TS1005: ',' expected.
src/hooks/useEnhancedServiceWorker.ts(124,16): error TS1005: ':' expected.
src/hooks/useEnhancedServiceWorker.ts(125,25): error TS1005: ',' expected.
src/hooks/useEnhancedServiceWorker.ts(125,32): error TS1005: ',' expected.
src/hooks/useEnhancedServiceWorker.ts(128,13): error TS1005: ';' expected.
src/hooks/useEnhancedServiceWorker.ts(129,9): error TS1128: Declaration or statement expected.
src/hooks/useEnhancedServiceWorker.ts(132,7): error TS1128: Declaration or statement expected.
src/hooks/useEnhancedServiceWorker.ts(132,9): error TS1005: 'try' expected.
src/hooks/useEnhancedServiceWorker.ts(140,5): error TS1128: Declaration or statement expected.
src/hooks/useEnhancedServiceWorker.ts(140,6): error TS1128: Declaration or statement expected.
src/hooks/useEnhancedServiceWorker.ts(142,3): error TS1128: Declaration or statement expected.
src/hooks/useEnhancedServiceWorker.ts(150,15): error TS1005: ':' expected.
src/hooks/useEnhancedServiceWorker.ts(150,72): error TS1005: ',' expected.
src/hooks/useEnhancedServiceWorker.ts(154,11): error TS1005: ',' expected.
src/hooks/useEnhancedServiceWorker.ts(154,16): error TS1005: ':' expected.
src/hooks/useEnhancedServiceWorker.ts(155,25): error TS1005: ',' expected.
src/hooks/useEnhancedServiceWorker.ts(155,32): error TS1005: ',' expected.
src/hooks/useEnhancedServiceWorker.ts(158,13): error TS1005: ';' expected.
src/hooks/useEnhancedServiceWorker.ts(159,9): error TS1128: Declaration or statement expected.
src/hooks/useEnhancedServiceWorker.ts(162,7): error TS1128: Declaration or statement expected.
src/hooks/useEnhancedServiceWorker.ts(162,9): error TS1005: 'try' expected.
src/hooks/useEnhancedServiceWorker.ts(170,5): error TS1128: Declaration or statement expected.
src/hooks/useEnhancedServiceWorker.ts(170,6): error TS1128: Declaration or statement expected.
src/hooks/useEnhancedServiceWorker.ts(172,3): error TS1128: Declaration or statement expected.
src/hooks/useEnhancedServiceWorker.ts(179,13): error TS1005: ':' expected.
src/hooks/useEnhancedServiceWorker.ts(179,73): error TS1005: ',' expected.
src/hooks/useEnhancedServiceWorker.ts(181,22): error TS1005: ',' expected.
src/hooks/useEnhancedServiceWorker.ts(181,44): error TS1005: ',' expected.
src/hooks/useEnhancedServiceWorker.ts(182,23): error TS1005: ',' expected.
src/hooks/useEnhancedServiceWorker.ts(182,30): error TS1005: ',' expected.
src/hooks/useEnhancedServiceWorker.ts(187,11): error TS1005: ';' expected.
src/hooks/useEnhancedServiceWorker.ts(190,7): error TS1128: Declaration or statement expected.
src/hooks/useEnhancedServiceWorker.ts(190,9): error TS1128: Declaration or statement expected.
src/hooks/useEnhancedServiceWorker.ts(197,5): error TS1128: Declaration or statement expected.
src/hooks/useEnhancedServiceWorker.ts(197,7): error TS1005: 'try' expected.
src/hooks/useEnhancedServiceWorker.ts(205,3): error TS1128: Declaration or statement expected.
src/hooks/useEnhancedServiceWorker.ts(205,4): error TS1128: Declaration or statement expected.
src/hooks/useEnhancedServiceWorker.ts(205,8): error TS1005: ';' expected.
src/hooks/useEnhancedServiceWorker.ts(212,13): error TS1005: ':' expected.
src/hooks/useEnhancedServiceWorker.ts(212,84): error TS1005: ',' expected.
src/hooks/useEnhancedServiceWorker.ts(214,21): error TS1005: ',' expected.
src/hooks/useEnhancedServiceWorker.ts(214,28): error TS1005: ')' expected.
src/hooks/useEnhancedServiceWorker.ts(217,9): error TS1005: ';' expected.
src/hooks/useEnhancedServiceWorker.ts(220,5): error TS1128: Declaration or statement expected.
src/hooks/useEnhancedServiceWorker.ts(220,7): error TS1005: 'try' expected.
src/hooks/useEnhancedServiceWorker.ts(228,3): error TS1128: Declaration or statement expected.
src/hooks/useEnhancedServiceWorker.ts(228,4): error TS1128: Declaration or statement expected.
src/hooks/useEnhancedServiceWorker.ts(228,8): error TS1005: ';' expected.
src/hooks/useEnhancedServiceWorker.ts(282,1): error TS1128: Declaration or statement expected.
src/hooks/useEnhancedSmartAlarms.ts(113,12): error TS1005: ')' expected.
src/hooks/useEnhancedSmartAlarms.ts(146,7): error TS1005: ',' expected.
src/hooks/useEnhancedSmartAlarms.ts(168,12): error TS1005: ')' expected.
src/hooks/useFeatureGate.ts(262,16): error TS1005: ',' expected.
src/hooks/useFeatureGate.ts(266,9): error TS1005: ',' expected.
src/hooks/useFeatureGate.ts(268,14): error TS1005: ':' expected.
src/hooks/useFeatureGate.ts(268,18): error TS1005: ',' expected.
src/hooks/useFeatureGate.ts(272,5): error TS1005: ')' expected.
src/hooks/useFeatureGate.ts(277,7): error TS1005: ')' expected.
src/hooks/useFeatureGate.ts(280,4): error TS1128: Declaration or statement expected.
src/hooks/useFeatureGate.ts(280,58): error TS1005: ';' expected.
src/hooks/useFocusTrap.ts(248,5): error TS1005: ',' expected.
src/hooks/useMobilePerformance.ts(98,6): error TS1005: ')' expected.
src/hooks/useMobilePerformance.ts(104,8): error TS1005: ',' expected.
src/hooks/usePWA.ts(273,7): error TS1005: ',' expected.
src/hooks/usePushNotifications.ts(76,9): error TS1005: ':' expected.
src/hooks/usePushNotifications.ts(79,7): error TS1005: ',' expected.
src/hooks/usePushNotifications.ts(79,13): error TS1005: ':' expected.
src/hooks/usePushNotifications.ts(79,65): error TS1005: ',' expected.
src/hooks/usePushNotifications.ts(81,13): error TS1005: ',' expected.
src/hooks/usePushNotifications.ts(83,7): error TS1005: ',' expected.
src/hooks/usePushNotifications.ts(83,22): error TS1005: ',' expected.
src/hooks/usePushNotifications.ts(83,29): error TS1005: ',' expected.
src/hooks/usePushNotifications.ts(87,9): error TS1005: ';' expected.
src/hooks/usePushNotifications.ts(99,5): error TS1128: Declaration or statement expected.
src/hooks/usePushNotifications.ts(99,7): error TS1005: 'try' expected.
src/hooks/usePushNotifications.ts(115,3): error TS1128: Declaration or statement expected.
src/hooks/usePushNotifications.ts(115,4): error TS1128: Declaration or statement expected.
src/hooks/usePushNotifications.ts(115,27): error TS1005: ';' expected.
src/hooks/usePushNotifications.ts(123,9): error TS1005: ':' expected.
src/hooks/usePushNotifications.ts(127,7): error TS1005: ',' expected.
src/hooks/usePushNotifications.ts(127,13): error TS1005: ':' expected.
src/hooks/usePushNotifications.ts(127,65): error TS1005: ',' expected.
src/hooks/usePushNotifications.ts(129,13): error TS1005: ',' expected.
src/hooks/usePushNotifications.ts(131,7): error TS1005: ',' expected.
src/hooks/usePushNotifications.ts(131,22): error TS1005: ',' expected.
src/hooks/usePushNotifications.ts(131,29): error TS1005: ',' expected.
src/hooks/usePushNotifications.ts(135,9): error TS1005: ',' expected.
src/hooks/usePushNotifications.ts(135,14): error TS1005: ':' expected.
src/hooks/usePushNotifications.ts(139,7): error TS1005: ',' expected.
src/hooks/usePushNotifications.ts(139,14): error TS1005: ':' expected.
src/hooks/usePushNotifications.ts(139,21): error TS1005: ',' expected.
src/hooks/usePushNotifications.ts(140,7): error TS1005: ')' expected.
src/hooks/usePushNotifications.ts(155,3): error TS1128: Declaration or statement expected.
src/hooks/usePushNotifications.ts(155,4): error TS1128: Declaration or statement expected.
src/hooks/usePushNotifications.ts(155,27): error TS1005: ';' expected.
src/hooks/usePushNotifications.ts(164,11): error TS1005: ':' expected.
src/hooks/usePushNotifications.ts(166,34): error TS1005: ',' expected.
src/hooks/usePushNotifications.ts(167,10): error TS1005: ',' expected.
src/hooks/usePushNotifications.ts(167,11): error TS1005: ')' expected.
src/hooks/usePushNotifications.ts(176,26): error TS1005: ',' expected.
src/hooks/usePushNotifications.ts(179,11): error TS1005: ')' expected.
src/hooks/usePushNotifications.ts(180,9): error TS1005: ',' expected.
src/hooks/usePushNotifications.ts(193,5): error TS1128: Declaration or statement expected.
src/hooks/usePushNotifications.ts(193,6): error TS1128: Declaration or statement expected.
src/hooks/usePushNotifications.ts(201,3): error TS1128: Declaration or statement expected.
src/hooks/usePushNotifications.ts(226,25): error TS1005: ',' expected.
src/hooks/usePushNotifications.ts(228,11): error TS1005: ')' expected.
src/hooks/usePushNotifications.ts(254,5): error TS1005: ')' expected.
src/hooks/usePushNotifications.ts(254,6): error TS1128: Declaration or statement expected.
src/hooks/usePushNotifications.ts(256,3): error TS1128: Declaration or statement expected.
src/hooks/usePushNotifications.ts(281,5): error TS1005: ')' expected.
src/hooks/usePushNotifications.ts(281,6): error TS1128: Declaration or statement expected.
src/hooks/usePushNotifications.ts(283,3): error TS1128: Declaration or statement expected.
src/hooks/usePushNotifications.ts(291,9): error TS1005: ':' expected.
src/hooks/usePushNotifications.ts(294,7): error TS1005: ',' expected.
src/hooks/usePushNotifications.ts(294,13): error TS1005: ',' expected.
src/hooks/usePushNotifications.ts(294,36): error TS1005: ',' expected.
src/hooks/usePushNotifications.ts(294,59): error TS1005: ',' expected.
src/hooks/usePushNotifications.ts(296,22): error TS1005: ',' expected.
src/hooks/usePushNotifications.ts(296,29): error TS1005: ',' expected.
src/hooks/usePushNotifications.ts(299,7): error TS1005: ')' expected.
src/hooks/usePushNotifications.ts(312,3): error TS1128: Declaration or statement expected.
src/hooks/usePushNotifications.ts(312,4): error TS1128: Declaration or statement expected.
src/hooks/usePushNotifications.ts(312,13): error TS1005: ';' expected.
src/hooks/usePushNotifications.ts(320,9): error TS1005: ':' expected.
src/hooks/usePushNotifications.ts(324,7): error TS1005: ',' expected.
src/hooks/usePushNotifications.ts(324,13): error TS1005: ',' expected.
src/hooks/usePushNotifications.ts(324,36): error TS1005: ',' expected.
src/hooks/usePushNotifications.ts(324,71): error TS1005: ',' expected.
src/hooks/usePushNotifications.ts(326,13): error TS1005: ',' expected.
src/hooks/usePushNotifications.ts(328,7): error TS1005: ',' expected.
src/hooks/usePushNotifications.ts(328,22): error TS1005: ',' expected.
src/hooks/usePushNotifications.ts(328,29): error TS1005: ',' expected.
src/hooks/usePushNotifications.ts(334,9): error TS1005: ';' expected.
src/hooks/usePushNotifications.ts(337,5): error TS1128: Declaration or statement expected.
src/hooks/usePushNotifications.ts(337,7): error TS1005: 'try' expected.
src/hooks/usePushNotifications.ts(350,3): error TS1128: Declaration or statement expected.
src/hooks/usePushNotifications.ts(350,4): error TS1128: Declaration or statement expected.
src/hooks/usePushNotifications.ts(350,27): error TS1005: ';' expected.
src/hooks/usePushNotifications.ts(431,1): error TS1128: Declaration or statement expected.
src/hooks/useSubscription.ts(159,11): error TS1005: ':' expected.
src/hooks/useSubscription.ts(160,15): error TS1005: ':' expected.
src/hooks/useSubscription.ts(161,77): error TS1005: ',' expected.
src/hooks/useSubscription.ts(162,15): error TS1005: ':' expected.
src/hooks/useSubscription.ts(163,69): error TS1005: ',' expected.
src/hooks/useSubscription.ts(164,15): error TS1005: ':' expected.
src/hooks/useSubscription.ts(164,79): error TS1005: ',' expected.
src/hooks/useSubscription.ts(166,23): error TS1005: ',' expected.
src/hooks/useSubscription.ts(166,30): error TS1005: ',' expected.
src/hooks/useSubscription.ts(179,11): error TS1005: ';' expected.
src/hooks/useSubscription.ts(188,9): error TS1005: 'try' expected.
src/hooks/useSubscription.ts(202,5): error TS1128: Declaration or statement expected.
src/hooks/useSubscription.ts(205,3): error TS1128: Declaration or statement expected.
src/hooks/useSubscription.ts(205,4): error TS1128: Declaration or statement expected.
src/hooks/useSubscription.ts(205,14): error TS1005: ';' expected.
src/hooks/useSubscription.ts(325,11): error TS1005: ':' expected.
src/hooks/useSubscription.ts(326,15): error TS1005: ':' expected.
src/hooks/useSubscription.ts(330,10): error TS1005: ',' expected.
src/hooks/useSubscription.ts(332,19): error TS1005: ',' expected.
src/hooks/useSubscription.ts(332,27): error TS1005: ',' expected.
src/hooks/useSubscription.ts(332,29): error TS1005: ',' expected.
src/hooks/useSubscription.ts(333,17): error TS1005: ':' expected.
src/hooks/useSubscription.ts(333,38): error TS1005: ',' expected.
src/hooks/useSubscription.ts(335,24): error TS1005: ',' expected.
src/hooks/useSubscription.ts(335,32): error TS1005: ',' expected.
src/hooks/useSubscription.ts(335,34): error TS1005: ';' expected.
src/hooks/useSubscription.ts(347,9): error TS1005: ',' expected.
src/hooks/useSubscription.ts(348,16): error TS1005: ':' expected.
src/hooks/useSubscription.ts(348,22): error TS1005: ',' expected.
src/hooks/useSubscription.ts(349,9): error TS1005: ')' expected.
src/hooks/useSubscription.ts(353,16): error TS1005: ':' expected.
src/hooks/useSubscription.ts(353,55): error TS1005: ',' expected.
src/hooks/useSubscription.ts(355,5): error TS1005: ')' expected.
src/hooks/useSubscription.ts(355,6): error TS1128: Declaration or statement expected.
src/hooks/useSubscription.ts(357,3): error TS1128: Declaration or statement expected.
src/hooks/useSubscription.ts(367,11): error TS1005: ':' expected.
src/hooks/useSubscription.ts(368,15): error TS1005: ':' expected.
src/hooks/useSubscription.ts(372,10): error TS1005: ',' expected.
src/hooks/useSubscription.ts(374,19): error TS1005: ',' expected.
src/hooks/useSubscription.ts(374,27): error TS1005: ',' expected.
src/hooks/useSubscription.ts(374,29): error TS1005: ',' expected.
src/hooks/useSubscription.ts(375,17): error TS1005: ':' expected.
src/hooks/useSubscription.ts(375,38): error TS1005: ',' expected.
src/hooks/useSubscription.ts(377,24): error TS1005: ',' expected.
src/hooks/useSubscription.ts(377,32): error TS1005: ',' expected.
src/hooks/useSubscription.ts(377,34): error TS1005: ';' expected.
src/hooks/useSubscription.ts(389,9): error TS1005: ',' expected.
src/hooks/useSubscription.ts(390,16): error TS1005: ':' expected.
src/hooks/useSubscription.ts(390,22): error TS1005: ',' expected.
src/hooks/useSubscription.ts(391,9): error TS1005: ')' expected.
src/hooks/useSubscription.ts(395,16): error TS1005: ':' expected.
src/hooks/useSubscription.ts(395,55): error TS1005: ',' expected.
src/hooks/useSubscription.ts(397,5): error TS1005: ')' expected.
src/hooks/useSubscription.ts(397,6): error TS1128: Declaration or statement expected.
src/hooks/useSubscription.ts(399,3): error TS1128: Declaration or statement expected.
src/hooks/useSubscription.ts(433,7): error TS1005: ')' expected.
src/hooks/useSubscription.ts(433,9): error TS1005: 'try' expected.
src/hooks/useSubscription.ts(438,3): error TS1128: Declaration or statement expected.
src/hooks/useSubscription.ts(562,9): error TS1005: ')' expected.
src/hooks/useSubscription.ts(595,7): error TS1005: ',' expected.
src/hooks/useSubscription.ts(597,7): error TS1005: ',' expected.
src/hooks/useSubscription.ts(634,1): error TS1005: ',' expected.
src/hooks/useTheme.tsx(2203,5): error TS1005: ',' expected.
src/hooks/useTheme.tsx(2403,7): error TS1005: ',' expected.
src/hooks/useTheme.tsx(2416,3): error TS1109: Expression expected.
src/services/advanced-analytics.ts(527,9): error TS1005: ',' expected.
src/services/advanced-analytics.ts(527,24): error TS1005: ',' expected.
src/services/advanced-analytics.ts(528,15): error TS1005: ',' expected.
src/services/advanced-analytics.ts(536,7): error TS1005: ',' expected.
src/services/advanced-conditions-helper.ts(156,5): error TS1005: ',' expected.
src/services/advanced-conditions-helper.ts(172,6): error TS1005: ')' expected.
src/services/advanced-conditions-helper.ts(267,5): error TS1005: ',' expected.
src/services/advanced-conditions-helper.ts(272,5): error TS1005: ',' expected.
src/services/advanced-conditions-helper.ts(288,7): error TS1005: ',' expected.
src/services/advanced-conditions-helper.ts(288,11): error TS1005: ',' expected.
src/services/advanced-conditions-helper.ts(291,11): error TS1005: ',' expected.
src/services/advanced-conditions-helper.ts(294,11): error TS1005: ',' expected.
src/services/advanced-conditions-helper.ts(295,5): error TS1005: ',' expected.
src/services/alarm-backup-redundancy.ts(658,19): error TS1005: ')' expected.
src/services/capacitor-enhanced.ts(310,5): error TS1005: ',' expected.
src/services/email-campaigns.ts(487,7): error TS1005: ',' expected.
src/services/offline-manager.ts(233,84): error TS1005: ')' expected.
src/services/offline-manager.ts(517,7): error TS1005: ',' expected.
src/services/predictive-analytics-service.ts(767,5): error TS1005: ',' expected.
src/services/premium.ts(429,9): error TS1005: ',' expected.
src/services/premium.ts(429,23): error TS1005: ',' expected.
src/services/realtime-service.ts(626,5): error TS1005: ',' expected.
src/services/revenue-analytics.ts(224,5): error TS1005: ',' expected.
src/services/revenue-analytics.ts(289,3): error TS1005: ',' expected.
src/services/revenue-analytics.ts(289,11): error TS1005: ',' expected.
src/services/revenue-analytics.ts(289,17): error TS1005: ',' expected.
src/services/revenue-analytics.ts(289,36): error TS1005: ',' expected.
src/services/revenue-analytics.ts(291,11): error TS1005: ':' expected.
src/services/revenue-analytics.ts(291,18): error TS1005: ',' expected.
src/services/revenue-analytics.ts(291,30): error TS1005: ',' expected.
src/services/revenue-analytics.ts(291,31): error TS1109: Expression expected.
src/services/revenue-analytics.ts(291,33): error TS1005: ':' expected.
src/services/revenue-analytics.ts(291,37): error TS1005: ',' expected.
src/services/revenue-analytics.ts(293,11): error TS1005: ':' expected.
src/services/revenue-analytics.ts(293,43): error TS1005: ',' expected.
src/services/revenue-analytics.ts(295,16): error TS1005: ',' expected.
src/services/revenue-analytics.ts(295,22): error TS1005: ',' expected.
src/services/revenue-analytics.ts(295,25): error TS1005: ',' expected.
src/services/revenue-analytics.ts(300,5): error TS1005: ',' expected.
src/services/revenue-analytics.ts(300,12): error TS1005: ':' expected.
src/services/revenue-analytics.ts(300,19): error TS1005: ',' expected.
src/services/revenue-analytics.ts(306,3): error TS1005: ',' expected.
src/services/revenue-analytics.ts(306,10): error TS1005: ',' expected.
src/services/revenue-analytics.ts(306,16): error TS1005: ',' expected.
src/services/revenue-analytics.ts(306,43): error TS1005: ',' expected.
src/services/revenue-analytics.ts(307,11): error TS1005: ':' expected.
src/services/revenue-analytics.ts(307,40): error TS1005: ',' expected.
src/services/revenue-analytics.ts(308,11): error TS1005: ':' expected.
src/services/revenue-analytics.ts(308,48): error TS1005: ',' expected.
src/services/revenue-analytics.ts(309,17): error TS1005: '{' expected.
src/services/revenue-analytics.ts(309,24): error TS1005: ':' expected.
src/services/revenue-analytics.ts(309,30): error TS1005: ',' expected.
src/services/revenue-analytics.ts(311,11): error TS1005: ':' expected.
src/services/revenue-analytics.ts(318,6): error TS1005: ',' expected.
src/services/revenue-analytics.ts(320,11): error TS1005: ':' expected.
src/services/revenue-analytics.ts(320,18): error TS1005: ',' expected.
src/services/revenue-analytics.ts(320,42): error TS1005: ',' expected.
src/services/revenue-analytics.ts(320,43): error TS1109: Expression expected.
src/services/revenue-analytics.ts(320,45): error TS1005: ':' expected.
src/services/revenue-analytics.ts(320,49): error TS1005: ',' expected.
src/services/revenue-analytics.ts(322,16): error TS1005: ',' expected.
src/services/revenue-analytics.ts(322,24): error TS1005: ',' expected.
src/services/revenue-analytics.ts(322,27): error TS1005: ',' expected.
src/services/revenue-analytics.ts(327,5): error TS1005: ',' expected.
src/services/revenue-analytics.ts(327,9): error TS1005: ':' expected.
src/services/revenue-analytics.ts(327,42): error TS1005: ',' expected.
src/services/revenue-analytics.ts(328,12): error TS1005: ':' expected.
src/services/revenue-analytics.ts(328,19): error TS1005: ',' expected.
src/services/revenue-analytics.ts(334,3): error TS1005: ',' expected.
src/services/revenue-analytics.ts(334,10): error TS1005: ',' expected.
src/services/revenue-analytics.ts(334,16): error TS1005: ',' expected.
src/services/revenue-analytics.ts(334,37): error TS1005: ',' expected.
src/services/revenue-analytics.ts(334,46): error TS1005: ',' expected.
src/services/revenue-analytics.ts(335,11): error TS1005: ':' expected.
src/services/revenue-analytics.ts(339,47): error TS1005: ',' expected.
src/services/revenue-analytics.ts(341,16): error TS1005: '{' expected.
src/services/revenue-analytics.ts(341,22): error TS1005: ':' expected.
src/services/revenue-analytics.ts(341,27): error TS1005: ',' expected.
src/services/revenue-analytics.ts(343,11): error TS1005: ':' expected.
src/services/revenue-analytics.ts(343,18): error TS1005: ',' expected.
src/services/revenue-analytics.ts(356,6): error TS1005: ',' expected.
src/services/revenue-analytics.ts(359,12): error TS1005: ',' expected.
src/services/revenue-analytics.ts(361,52): error TS1005: ',' expected.
src/services/revenue-analytics.ts(363,16): error TS1005: ',' expected.
src/services/revenue-analytics.ts(363,34): error TS1005: ',' expected.
src/services/revenue-analytics.ts(363,36): error TS1005: ';' expected.
src/services/secure-alarm-storage.ts(340,19): error TS1005: ')' expected.
src/services/secure-alarm-storage.ts(407,19): error TS1005: ')' expected.
src/services/subscription-service.ts(857,5): error TS1005: ',' expected.
src/services/subscription-service.ts(859,5): error TS1005: ',' expected.
src/test-setup.ts(105,1): error TS1005: ',' expected.
src/test-setup.ts(108,1): error TS1005: ',' expected.
src/utils/performance-alerts.tsx(910,3): error TS1005: ',' expected.
src/utils/performance-alerts.tsx(931,17): error TS1005: ')' expected.
src/utils/performance-alerts.tsx(931,27): error TS1005: ',' expected.
src/utils/performance-alerts.tsx(932,17): error TS1005: ',' expected.
src/utils/performance-alerts.tsx(940,19): error TS1005: ',' expected.
src/utils/performance-alerts.tsx(960,9): error TS1005: ')' expected.
src/utils/performance-alerts.tsx(970,17): error TS1005: ')' expected.
src/utils/performance-alerts.tsx(970,32): error TS1005: ',' expected.
src/utils/performance-alerts.tsx(971,17): error TS1005: ',' expected.
src/utils/performance-alerts.tsx(979,19): error TS1005: ',' expected.
src/utils/performance-alerts.tsx(1004,9): error TS1005: ')' expected.
src/utils/performance-alerts.tsx(1005,7): error TS1109: Expression expected.
src/utils/performance-alerts.tsx(1006,5): error TS1128: Declaration or statement expected.
src/utils/performance-alerts.tsx(1007,3): error TS1109: Expression expected.
src/utils/performance-alerts.tsx(1008,1): error TS1128: Declaration or statement expected.
src/utils/progressive-loading.tsx(430,9): error TS1005: ':' expected.
src/utils/progressive-loading.tsx(431,13): error TS1005: ':' expected.
src/utils/progressive-loading.tsx(431,79): error TS1005: ',' expected.
src/utils/progressive-loading.tsx(433,7): error TS1005: ',' expected.
src/utils/progressive-loading.tsx(433,21): error TS1005: ',' expected.
src/utils/progressive-loading.tsx(433,28): error TS1005: ',' expected.
src/utils/progressive-loading.tsx(434,14): error TS1005: ':' expected.
src/utils/progressive-loading.tsx(434,20): error TS1005: ',' expected.
src/utils/progressive-loading.tsx(435,7): error TS1005: ')' expected.
src/utils/progressive-loading.tsx(444,4): error TS1128: Declaration or statement expected.
src/utils/progressive-loading.tsx(444,26): error TS1005: ';' expected.
src/utils/progressive-loading.tsx(466,1): error TS1128: Declaration or statement expected.
