src/App.tsx(253,43): error TS7006: Parameter 'alarm' implicitly has an 'any' type.
src/App.tsx(273,21): error TS7006: Parameter 'prev' implicitly has an 'any' type.
src/App.tsx(303,21): error TS7006: Parameter 'prev' implicitly has an 'any' type.
src/App.tsx(316,23): error TS7006: Parameter 'prev' implicitly has an 'any' type.
src/App.tsx(344,21): error TS7006: Parameter 'prev' implicitly has an 'any' type.
src/App.tsx(379,21): error TS7006: Parameter 'prev' implicitly has an 'any' type.
src/App.tsx(403,21): error TS7006: Parameter 'prev' implicitly has an 'any' type.
src/App.tsx(417,25): error TS7006: Parameter 'prev' implicitly has an 'any' type.
src/App.tsx(455,27): error TS7006: Parameter 'prev' implicitly has an 'any' type.
src/App.tsx(488,19): error TS7006: Parameter 'prev' implicitly has an 'any' type.
src/App.tsx(704,21): error TS7006: Parameter 'prev' implicitly has an 'any' type.
src/App.tsx(796,17): error TS7006: Parameter 'prev' implicitly has an 'any' type.
src/App.tsx(1102,54): error TS7006: Parameter 'alarm' implicitly has an 'any' type.
src/App.tsx(1113,55): error TS7006: Parameter 'alarm' implicitly has an 'any' type.
src/App.tsx(1280,19): error TS7006: Parameter 'prev' implicitly has an 'any' type.
src/App.tsx(1377,50): error TS7006: Parameter 'a' implicitly has an 'any' type.
src/App.tsx(1398,49): error TS7006: Parameter 'alarm' implicitly has an 'any' type.
src/App.tsx(1402,19): error TS7006: Parameter 'prev' implicitly has an 'any' type.
src/App.tsx(1476,50): error TS7006: Parameter 'a' implicitly has an 'any' type.
src/App.tsx(1477,52): error TS7006: Parameter 'alarm' implicitly has an 'any' type.
src/App.tsx(1478,19): error TS7006: Parameter 'prev' implicitly has an 'any' type.
src/App.tsx(1538,50): error TS7006: Parameter 'a' implicitly has an 'any' type.
src/App.tsx(1559,49): error TS7006: Parameter 'alarm' implicitly has an 'any' type.
src/App.tsx(1563,19): error TS7006: Parameter 'prev' implicitly has an 'any' type.
src/App.tsx(1622,17): error TS7006: Parameter 'prev' implicitly has an 'any' type.
src/App.tsx(1651,21): error TS7006: Parameter 'prev' implicitly has an 'any' type.
src/App.tsx(1674,21): error TS7006: Parameter 'prev' implicitly has an 'any' type.
src/App.tsx(1771,44): error TS7006: Parameter 'prev' implicitly has an 'any' type.
src/App.tsx(1797,48): error TS7006: Parameter 'a' implicitly has an 'any' type.
src/App.tsx(1813,29): error TS7006: Parameter 'prev' implicitly has an 'any' type.
src/App.tsx(1827,28): error TS7006: Parameter 'alarm' implicitly has an 'any' type.
src/App.tsx(1857,31): error TS7006: Parameter 'battle' implicitly has an 'any' type.
src/App.tsx(1876,29): error TS7006: Parameter 'prev' implicitly has an 'any' type.
src/App.tsx(1884,29): error TS7006: Parameter 'battleId' implicitly has an 'any' type.
src/App.tsx(1889,33): error TS7006: Parameter 'battleId' implicitly has an 'any' type.
src/App.tsx(1889,43): error TS7006: Parameter 'message' implicitly has an 'any' type.
src/App.tsx(1949,26): error TS7006: Parameter 'plan' implicitly has an 'any' type.
src/App.tsx(2037,63): error TS7006: Parameter 'alarm' implicitly has an 'any' type.
src/App.tsx(2092,31): error TS7006: Parameter 'prev' implicitly has an 'any' type.
src/App.tsx(2109,31): error TS7006: Parameter 'e' implicitly has an 'any' type.
src/App.tsx(2116,31): error TS7006: Parameter 'e' implicitly has an 'any' type.
src/App.tsx(2140,31): error TS7006: Parameter 'prev' implicitly has an 'any' type.
src/App.tsx(2157,31): error TS7006: Parameter 'e' implicitly has an 'any' type.
src/App.tsx(2164,31): error TS7006: Parameter 'e' implicitly has an 'any' type.
src/App.tsx(2189,31): error TS7006: Parameter 'prev' implicitly has an 'any' type.
src/App.tsx(2222,31): error TS7006: Parameter 'prev' implicitly has an 'any' type.
src/App.tsx(2246,31): error TS7006: Parameter 'prev' implicitly has an 'any' type.
src/App.tsx(2270,31): error TS7006: Parameter 'prev' implicitly has an 'any' type.
src/App.tsx(2299,23): error TS7006: Parameter 'data' implicitly has an 'any' type.
src/__tests__/utils/hook-testing-utils.tsx(349,39): error TS7006: Parameter 'query' implicitly has an 'any' type.
src/components/AccessibilityDashboard.tsx(92,12): error TS7006: Parameter 'el' implicitly has an 'any' type.
src/components/AccessibilityDashboard.tsx(120,21): error TS7006: Parameter 'e' implicitly has an 'any' type.
src/components/AccessibilityDashboard.tsx(147,21): error TS7006: Parameter 'e' implicitly has an 'any' type.
src/components/AccessibilityDashboard.tsx(177,21): error TS7006: Parameter 'e' implicitly has an 'any' type.
src/components/AccessibilityDashboard.tsx(201,21): error TS7006: Parameter 'e' implicitly has an 'any' type.
src/components/AccessibilityDashboard.tsx(213,12): error TS7006: Parameter 'el' implicitly has an 'any' type.
src/components/AccessibilityDashboard.tsx(241,21): error TS7006: Parameter 'e' implicitly has an 'any' type.
src/components/AccessibilityDashboard.tsx(262,21): error TS7006: Parameter 'e' implicitly has an 'any' type.
src/components/AccessibilityDashboard.tsx(290,21): error TS7006: Parameter 'e' implicitly has an 'any' type.
src/components/AccessibilityDashboard.tsx(314,21): error TS7006: Parameter 'e' implicitly has an 'any' type.
src/components/AccessibilityDashboard.tsx(335,12): error TS7006: Parameter 'el' implicitly has an 'any' type.
src/components/AccessibilityDashboard.tsx(363,21): error TS7006: Parameter 'e' implicitly has an 'any' type.
src/components/AccessibilityDashboard.tsx(387,21): error TS7006: Parameter 'e' implicitly has an 'any' type.
src/components/AccessibilityDashboard.tsx(411,21): error TS7006: Parameter 'e' implicitly has an 'any' type.
src/components/AccessibilityDashboard.tsx(435,21): error TS7006: Parameter 'e' implicitly has an 'any' type.
src/components/AccessibilityDashboard.tsx(462,21): error TS7006: Parameter 'e' implicitly has an 'any' type.
src/components/AccessibilityDashboard.tsx(483,12): error TS7006: Parameter 'el' implicitly has an 'any' type.
src/components/AccessibilityDashboard.tsx(511,21): error TS7006: Parameter 'e' implicitly has an 'any' type.
src/components/AccessibilityDashboard.tsx(535,21): error TS7006: Parameter 'e' implicitly has an 'any' type.
src/components/AccessibilityDashboard.tsx(558,21): error TS7006: Parameter 'e' implicitly has an 'any' type.
src/components/AccessibilityDashboard.tsx(577,12): error TS7006: Parameter 'el' implicitly has an 'any' type.
src/components/AccessibilityDashboard.tsx(605,21): error TS7006: Parameter 'e' implicitly has an 'any' type.
src/components/AccessibilityDashboard.tsx(625,21): error TS7006: Parameter 'e' implicitly has an 'any' type.
src/components/AccessibilityDashboard.tsx(649,21): error TS7006: Parameter 'e' implicitly has an 'any' type.
src/components/AccessibilityDashboard.tsx(669,21): error TS7006: Parameter 'e' implicitly has an 'any' type.
src/components/AccessibilityDashboard.tsx(712,12): error TS7006: Parameter 'el' implicitly has an 'any' type.
src/components/AccessibilityDashboard.tsx(753,28): error TS7006: Parameter 'testId' implicitly has an 'any' type.
src/components/AccessibilityDashboard.tsx(753,36): error TS7006: Parameter 'success' implicitly has an 'any' type.
src/components/AccessibilityTester.tsx(223,31): error TS7006: Parameter 'e' implicitly has an 'any' type.
src/components/AccessibilityTester.tsx(235,31): error TS7006: Parameter 'e' implicitly has an 'any' type.
src/components/AccessibilityTester.tsx(247,31): error TS7006: Parameter 'e' implicitly has an 'any' type.
src/components/AccessibilityTester.tsx(262,31): error TS7006: Parameter 'e' implicitly has an 'any' type.
src/components/AccessibilityTester.tsx(286,31): error TS7006: Parameter 'e' implicitly has an 'any' type.
src/components/AccessibilityTester.tsx(298,31): error TS7006: Parameter 'e' implicitly has an 'any' type.
src/components/AccessibilityTester.tsx(310,31): error TS7006: Parameter 'e' implicitly has an 'any' type.
src/components/AccessibilityTester.tsx(322,31): error TS7006: Parameter 'e' implicitly has an 'any' type.
src/components/AccessibilityTester.tsx(405,43): error TS7006: Parameter 'result' implicitly has an 'any' type.
src/components/AccessibilityTester.tsx(405,51): error TS7006: Parameter 'index' implicitly has an 'any' type.
src/components/AchievementBadges.tsx(154,52): error TS7006: Parameter 'a' implicitly has an 'any' type.
src/components/AchievementBadges.tsx(155,50): error TS7006: Parameter 'a' implicitly has an 'any' type.
src/components/AchievementBadges.tsx(305,39): error TS7006: Parameter 'achievement' implicitly has an 'any' type.
src/components/AchievementBadges.tsx(338,43): error TS7006: Parameter 'achievement' implicitly has an 'any' type.
src/components/AchievementBadges.tsx(368,41): error TS7006: Parameter 'achievement' implicitly has an 'any' type.
src/components/AchievementBadges.tsx(405,24): error TS7006: Parameter 'e' implicitly has an 'any' type.
src/components/ActiveAlarm.tsx(100,19): error TS7006: Parameter 'prev' implicitly has an 'any' type.
src/components/ActiveAlarm.tsx(340,35): error TS7006: Parameter 'e' implicitly has an 'any' type.
src/components/AdaptiveAlarmList.tsx(75,29): error TS7006: Parameter 'day' implicitly has an 'any' type.
src/components/AdaptiveAlarmList.tsx(311,25): error TS7006: Parameter 'alarm' implicitly has an 'any' type.
src/components/AdaptiveAlarmList.tsx(374,5): error TS7006: Parameter 'props' implicitly has an 'any' type.
src/components/AdaptiveImage.tsx(238,44): error TS7006: Parameter 'v' implicitly has an 'any' type.
src/components/AdaptiveImage.tsx(242,14): error TS7006: Parameter 'variant' implicitly has an 'any' type.
src/components/AdaptiveModal.tsx(286,20): error TS7006: Parameter 'e' implicitly has an 'any' type.
src/components/AdaptiveModal.tsx(342,46): error TS7006: Parameter 'prev' implicitly has an 'any' type.
src/components/AdvancedAlarmScheduling.tsx(208,19): error TS7006: Parameter 'alarm' implicitly has an 'any' type.
src/components/AdvancedAlarmScheduling.tsx(236,58): error TS7006: Parameter 'o' implicitly has an 'any' type.
src/components/AdvancedAlarmScheduling.tsx(246,56): error TS7006: Parameter 'r' implicitly has an 'any' type.
src/components/AdvancedAlarmScheduling.tsx(256,56): error TS7006: Parameter 't' implicitly has an 'any' type.
src/components/AdvancedAlarmScheduling.tsx(282,36): error TS7006: Parameter 'checked' implicitly has an 'any' type.
src/components/AdvancedAlarmScheduling.tsx(348,29): error TS7006: Parameter 'e' implicitly has an 'any' type.
src/components/AdvancedAlarmScheduling.tsx(349,33): error TS7006: Parameter 'prev' implicitly has an 'any' type.
src/components/AdvancedAlarmScheduling.tsx(358,29): error TS7006: Parameter 'e' implicitly has an 'any' type.
src/components/AdvancedAlarmScheduling.tsx(359,33): error TS7006: Parameter 'prev' implicitly has an 'any' type.
src/components/AdvancedAlarmScheduling.tsx(368,34): error TS7006: Parameter 'value' implicitly has an 'any' type.
src/components/AdvancedAlarmScheduling.tsx(369,33): error TS7006: Parameter 'prev' implicitly has an 'any' type.
src/components/AdvancedAlarmScheduling.tsx(391,34): error TS7006: Parameter 'value' implicitly has an 'any' type.
src/components/AdvancedAlarmScheduling.tsx(392,33): error TS7006: Parameter 'prev' implicitly has an 'any' type.
src/components/AdvancedAlarmScheduling.tsx(413,34): error TS7006: Parameter 'checked' implicitly has an 'any' type.
src/components/AdvancedAlarmScheduling.tsx(414,31): error TS7006: Parameter 'prev' implicitly has an 'any' type.
src/components/AdvancedAlarmScheduling.tsx(443,31): error TS7006: Parameter 'e' implicitly has an 'any' type.
src/components/AdvancedAlarmScheduling.tsx(444,35): error TS7006: Parameter 'prev' implicitly has an 'any' type.
src/components/AdvancedAlarmScheduling.tsx(457,36): error TS7006: Parameter 'value' implicitly has an 'any' type.
src/components/AdvancedAlarmScheduling.tsx(458,35): error TS7006: Parameter 'prev' implicitly has an 'any' type.
src/components/AdvancedAlarmScheduling.tsx(489,40): error TS7006: Parameter 'checked' implicitly has an 'any' type.
src/components/AdvancedAlarmScheduling.tsx(491,39): error TS7006: Parameter 'prev' implicitly has an 'any' type.
src/components/AdvancedAlarmScheduling.tsx(501,39): error TS7006: Parameter 'prev' implicitly has an 'any' type.
src/components/AdvancedAlarmScheduling.tsx(521,33): error TS7006: Parameter 'e' implicitly has an 'any' type.
src/components/AdvancedAlarmScheduling.tsx(522,37): error TS7006: Parameter 'prev' implicitly has an 'any' type.
src/components/AdvancedAlarmScheduling.tsx(600,29): error TS7006: Parameter 'o' implicitly has an 'any' type.
src/components/AdvancedAlarmScheduling.tsx(603,42): error TS7006: Parameter 'checked' implicitly has an 'any' type.
src/components/AdvancedAlarmScheduling.tsx(607,29): error TS7006: Parameter 'o' implicitly has an 'any' type.
src/components/AdvancedAlarmScheduling.tsx(635,39): error TS7006: Parameter 'prev' implicitly has an 'any' type.
src/components/AdvancedAlarmScheduling.tsx(854,36): error TS7006: Parameter 'value' implicitly has an 'any' type.
src/components/AdvancedAlarmScheduling.tsx(855,33): error TS7006: Parameter 'prev' implicitly has an 'any' type.
src/components/AdvancedAlarmScheduling.tsx(873,36): error TS7006: Parameter 'value' implicitly has an 'any' type.
src/components/AdvancedAlarmScheduling.tsx(874,33): error TS7006: Parameter 'prev' implicitly has an 'any' type.
src/components/AdvancedAlarmScheduling.tsx(899,38): error TS7006: Parameter 'checked' implicitly has an 'any' type.
src/components/AdvancedAlarmScheduling.tsx(900,33): error TS7006: Parameter 'prev' implicitly has an 'any' type.
src/components/AdvancedAlarmScheduling.tsx(916,38): error TS7006: Parameter 'checked' implicitly has an 'any' type.
src/components/AdvancedAlarmScheduling.tsx(917,33): error TS7006: Parameter 'prev' implicitly has an 'any' type.
src/components/AdvancedAlarmScheduling.tsx(933,38): error TS7006: Parameter 'checked' implicitly has an 'any' type.
src/components/AdvancedAlarmScheduling.tsx(934,33): error TS7006: Parameter 'prev' implicitly has an 'any' type.
src/components/AdvancedAlarmScheduling.tsx(950,38): error TS7006: Parameter 'checked' implicitly has an 'any' type.
src/components/AdvancedAlarmScheduling.tsx(951,33): error TS7006: Parameter 'prev' implicitly has an 'any' type.
src/components/AdvancedAlarmScheduling.tsx(1077,46): error TS7006: Parameter 'value' implicitly has an 'any' type.
src/components/AlarmForm.tsx(284,17): error TS7006: Parameter 'prev' implicitly has an 'any' type.
src/components/AlarmForm.tsx(286,28): error TS7006: Parameter 'd' implicitly has an 'any' type.
src/components/AlarmForm.tsx(330,25): error TS7006: Parameter 'prev' implicitly has an 'any' type.
src/components/AlarmForm.tsx(331,21): error TS7006: Parameter 'prev' implicitly has an 'any' type.
src/components/AlarmForm.tsx(357,17): error TS7006: Parameter 'prev' implicitly has an 'any' type.
src/components/AlarmForm.tsx(365,17): error TS7006: Parameter 'prev' implicitly has an 'any' type.
src/components/AlarmForm.tsx(442,25): error TS7006: Parameter 'prev' implicitly has an 'any' type.
src/components/AlarmForm.tsx(442,45): error TS7006: Parameter 's' implicitly has an 'any' type.
src/components/AlarmForm.tsx(445,23): error TS7006: Parameter 'prev' implicitly has an 'any' type.
src/components/AlarmForm.tsx(538,25): error TS7006: Parameter 'e' implicitly has an 'any' type.
src/components/AlarmForm.tsx(540,29): error TS7006: Parameter 'prev' implicitly has an 'any' type.
src/components/AlarmForm.tsx(556,26): error TS7006: Parameter 'e' implicitly has an 'any' type.
src/components/AlarmForm.tsx(600,25): error TS7006: Parameter 'e' implicitly has an 'any' type.
src/components/AlarmForm.tsx(602,29): error TS7006: Parameter 'prev' implicitly has an 'any' type.
src/components/AlarmForm.tsx(620,26): error TS7006: Parameter 'e' implicitly has an 'any' type.
src/components/AlarmForm.tsx(676,30): error TS7006: Parameter 'e' implicitly has an 'any' type.
src/components/AlarmForm.tsx(763,30): error TS7006: Parameter 'e' implicitly has an 'any' type.
src/components/AlarmForm.tsx(858,33): error TS7006: Parameter 'prev' implicitly has an 'any' type.
src/components/AlarmForm.tsx(864,35): error TS7006: Parameter 'prev' implicitly has an 'any' type.
src/components/AlarmForm.tsx(896,33): error TS7006: Parameter 'prev' implicitly has an 'any' type.
src/components/AlarmForm.tsx(989,37): error TS7006: Parameter 'e' implicitly has an 'any' type.
src/components/AlarmForm.tsx(992,43): error TS7006: Parameter 'prev' implicitly has an 'any' type.
src/components/AlarmForm.tsx(997,43): error TS7006: Parameter 'prev' implicitly has an 'any' type.
src/components/AlarmForm.tsx(1000,35): error TS7006: Parameter 'c' implicitly has an 'any' type.
src/components/AlarmForm.tsx(1131,41): error TS7006: Parameter 'sound' implicitly has an 'any' type.
src/components/AlarmForm.tsx(1252,33): error TS7006: Parameter 'prev' implicitly has an 'any' type.
src/components/AlarmForm.tsx(1298,31): error TS7006: Parameter 'e' implicitly has an 'any' type.
src/components/AlarmForm.tsx(1299,35): error TS7006: Parameter 'prev' implicitly has an 'any' type.
src/components/AlarmForm.tsx(1328,31): error TS7006: Parameter 'e' implicitly has an 'any' type.
src/components/AlarmForm.tsx(1329,35): error TS7006: Parameter 'prev' implicitly has an 'any' type.
src/components/AlarmForm.tsx(1376,22): error TS7006: Parameter 'tier' implicitly has an 'any' type.
src/components/AlarmList.tsx(119,33): error TS7006: Parameter 'a' implicitly has an 'any' type.
src/components/AlarmList.tsx(144,31): error TS7006: Parameter 'a' implicitly has an 'any' type.
src/components/AlarmList.tsx(167,31): error TS7006: Parameter 'a' implicitly has an 'any' type.
src/components/AlarmList.tsx(214,21): error TS7006: Parameter 'alarm' implicitly has an 'any' type.
src/components/AlarmList.tsx(459,28): error TS7006: Parameter 'a' implicitly has an 'any' type.
src/components/AlarmManagement.tsx(207,37): error TS7006: Parameter 'dayNum' implicitly has an 'any' type.
src/components/AlarmManagement.tsx(241,17): error TS7006: Parameter 'prev' implicitly has an 'any' type.
src/components/AlarmManagement.tsx(244,28): error TS7006: Parameter 'd' implicitly has an 'any' type.
src/components/AlarmManagement.tsx(305,35): error TS7006: Parameter 'e' implicitly has an 'any' type.
src/components/AlarmManagement.tsx(306,39): error TS7006: Parameter 'prev' implicitly has an 'any' type.
src/components/AlarmManagement.tsx(318,35): error TS7006: Parameter 'e' implicitly has an 'any' type.
src/components/AlarmManagement.tsx(319,39): error TS7006: Parameter 'prev' implicitly has an 'any' type.
src/components/AlarmManagement.tsx(353,40): error TS7006: Parameter 'value' implicitly has an 'any' type.
src/components/AlarmManagement.tsx(354,39): error TS7006: Parameter 'prev' implicitly has an 'any' type.
src/components/AlarmManagement.tsx(375,40): error TS7006: Parameter 'value' implicitly has an 'any' type.
src/components/AlarmManagement.tsx(376,39): error TS7006: Parameter 'prev' implicitly has an 'any' type.
src/components/AlarmManagement.tsx(422,42): error TS7006: Parameter 'checked' implicitly has an 'any' type.
src/components/AlarmManagement.tsx(523,29): error TS7006: Parameter 'e' implicitly has an 'any' type.
src/components/AlarmManagement.tsx(524,33): error TS7006: Parameter 'prev' implicitly has an 'any' type.
src/components/AlarmManagement.tsx(533,29): error TS7006: Parameter 'e' implicitly has an 'any' type.
src/components/AlarmManagement.tsx(534,33): error TS7006: Parameter 'prev' implicitly has an 'any' type.
src/components/AlarmManagement.tsx(562,32): error TS7006: Parameter 'value' implicitly has an 'any' type.
src/components/AlarmManagement.tsx(563,31): error TS7006: Parameter 'prev' implicitly has an 'any' type.
src/components/AlarmManagement.tsx(583,32): error TS7006: Parameter 'value' implicitly has an 'any' type.
src/components/AlarmManagement.tsx(584,31): error TS7006: Parameter 'prev' implicitly has an 'any' type.
src/components/AlarmManagement.tsx(653,36): error TS7006: Parameter 'checked' implicitly has an 'any' type.
src/components/AlarmManagement.tsx(654,33): error TS7006: Parameter 'prev' implicitly has an 'any' type.
src/components/AlarmManagement.tsx(664,36): error TS7006: Parameter 'value' implicitly has an 'any' type.
src/components/AlarmManagement.tsx(665,35): error TS7006: Parameter 'prev' implicitly has an 'any' type.
src/components/AlarmTester.tsx(118,28): error TS7006: Parameter 'value' implicitly has an 'any' type.
src/components/AlarmTester.tsx(568,25): error TS7006: Parameter 'e' implicitly has an 'any' type.
src/components/AlarmThemeBrowser.tsx(149,32): error TS7006: Parameter 'combo' implicitly has an 'any' type.
src/components/AlarmThemeBrowser.tsx(166,24): error TS7006: Parameter 'a' implicitly has an 'any' type.
src/components/AlarmThemeBrowser.tsx(166,27): error TS7006: Parameter 'b' implicitly has an 'any' type.
src/components/AlarmThemeBrowser.tsx(170,12): error TS7006: Parameter 'a' implicitly has an 'any' type.
src/components/AlarmThemeBrowser.tsx(170,15): error TS7006: Parameter 'b' implicitly has an 'any' type.
src/components/AlarmThemeBrowser.tsx(174,24): error TS7006: Parameter 'a' implicitly has an 'any' type.
src/components/AlarmThemeBrowser.tsx(174,27): error TS7006: Parameter 'b' implicitly has an 'any' type.
src/components/AlarmThemeBrowser.tsx(177,24): error TS7006: Parameter 'a' implicitly has an 'any' type.
src/components/AlarmThemeBrowser.tsx(177,27): error TS7006: Parameter 'b' implicitly has an 'any' type.
src/components/AlarmThemeBrowser.tsx(180,24): error TS7006: Parameter 'a' implicitly has an 'any' type.
src/components/AlarmThemeBrowser.tsx(180,27): error TS7006: Parameter 'b' implicitly has an 'any' type.
src/components/AlarmThemeBrowser.tsx(324,27): error TS7006: Parameter 'e' implicitly has an 'any' type.
src/components/AlarmThemeBrowser.tsx(333,25): error TS7006: Parameter 'e' implicitly has an 'any' type.
src/components/AlarmThemeBrowser.tsx(378,31): error TS7006: Parameter 'e' implicitly has an 'any' type.
src/components/AlarmThemeBrowser.tsx(405,31): error TS7006: Parameter 'e' implicitly has an 'any' type.
src/components/AlarmThemeBrowser.tsx(426,31): error TS7006: Parameter 'e' implicitly has an 'any' type.
src/components/AlarmThemeBrowser.tsx(449,33): error TS7006: Parameter 'e' implicitly has an 'any' type.
src/components/AlarmThemeBrowser.tsx(461,33): error TS7006: Parameter 'e' implicitly has an 'any' type.
src/components/AlarmThemeBrowser.tsx(504,46): error TS7006: Parameter 'combo' implicitly has an 'any' type.
src/components/AlarmThemeBrowser.tsx(531,32): error TS7006: Parameter 'collection' implicitly has an 'any' type.
src/components/AlarmThemeBrowser.tsx(556,41): error TS7006: Parameter 'combo' implicitly has an 'any' type.
src/components/AlarmThemeBrowser.tsx(579,41): error TS7006: Parameter 'combo' implicitly has an 'any' type.
src/components/AlarmThemeBrowser.tsx(647,18): error TS7006: Parameter 'e' implicitly has an 'any' type.
src/components/AlarmThemeBrowser.tsx(725,60): error TS7006: Parameter 'weather' implicitly has an 'any' type.
src/components/AlarmThemeBrowser.tsx(725,69): error TS7006: Parameter 'index' implicitly has an 'any' type.
src/components/AlarmThemeBrowser.tsx(733,20): error TS7006: Parameter 'e' implicitly has an 'any' type.
src/components/AlarmThemeBrowser.tsx(794,25): error TS7006: Parameter 'combo' implicitly has an 'any' type.
src/components/AlarmThemeBrowser.tsx(894,20): error TS7006: Parameter 'e' implicitly has an 'any' type.
src/components/AlarmThemeBrowser.tsx(906,20): error TS7006: Parameter 'e' implicitly has an 'any' type.
src/components/AlarmThemeSelector.tsx(245,25): error TS7006: Parameter 'e' implicitly has an 'any' type.
src/components/AlarmThemeSelector.tsx(253,23): error TS7006: Parameter 'e' implicitly has an 'any' type.
src/components/AlarmThemeSelector.tsx(324,30): error TS7006: Parameter 'e' implicitly has an 'any' type.
src/components/AlarmThemeSelector.tsx(376,30): error TS7006: Parameter 'e' implicitly has an 'any' type.
src/components/AlarmThemeSelector.tsx(426,30): error TS7006: Parameter 'e' implicitly has an 'any' type.
src/components/AnalyticsProvider.tsx(224,47): error TS7006: Parameter 'props' implicitly has an 'any' type.
src/components/BattleSystem.tsx(338,24): error TS7006: Parameter 'prev' implicitly has an 'any' type.
src/components/BattleSystem.tsx(339,45): error TS7006: Parameter 'id' implicitly has an 'any' type.
src/components/BattleSystem.tsx(639,39): error TS7006: Parameter 'e' implicitly has an 'any' type.
src/components/CSRFProtection.tsx(60,36): error TS7006: Parameter 'props' implicitly has an 'any' type.
src/components/CSRFProtection.tsx(60,43): error TS7006: Parameter 'ref' implicitly has an 'any' type.
src/components/CSRFProtection.tsx(62,9): error TS7006: Parameter 'csrfToken' implicitly has an 'any' type.
src/components/CSRFProtection.tsx(62,20): error TS7006: Parameter 'isValid' implicitly has an 'any' type.
src/components/CommunityChallenge.tsx(117,34): error TS7006: Parameter 'c' implicitly has an 'any' type.
src/components/CommunityChallenge.tsx(121,34): error TS7006: Parameter 'c' implicitly has an 'any' type.
src/components/CommunityChallenge.tsx(390,29): error TS7006: Parameter 'e' implicitly has an 'any' type.
src/components/CommunityChallenge.tsx(406,29): error TS7006: Parameter 'e' implicitly has an 'any' type.
src/components/CommunityChallenge.tsx(422,43): error TS7006: Parameter 'challenge' implicitly has an 'any' type.
src/components/CommunityChallenge.tsx(456,37): error TS7006: Parameter 'challenge' implicitly has an 'any' type.
src/components/CommunityHub.tsx(580,36): error TS7006: Parameter 'e' implicitly has an 'any' type.
src/components/CompleteThemeSystemDemo.tsx(86,27): error TS7006: Parameter 'e' implicitly has an 'any' type.
src/components/CompleteThemeSystemDemo.tsx(92,27): error TS7006: Parameter 'e' implicitly has an 'any' type.
src/components/CompleteThemeSystemDemo.tsx(146,35): error TS7006: Parameter 'e' implicitly has an 'any' type.
src/components/CompleteThemeSystemDemo.tsx(182,35): error TS7006: Parameter 'e' implicitly has an 'any' type.
src/components/CompleteThemeSystemDemo.tsx(212,29): error TS7006: Parameter 'e' implicitly has an 'any' type.
src/components/CompleteThemeSystemDemo.tsx(217,30): error TS7006: Parameter 'tag' implicitly has an 'any' type.
src/components/CompleteThemeSystemDemo.tsx(242,35): error TS7006: Parameter 'e' implicitly has an 'any' type.
src/components/CompleteThemeSystemDemo.tsx(251,71): error TS7006: Parameter 't' implicitly has an 'any' type.
src/components/CompleteThemeSystemDemo.tsx(337,23): error TS7006: Parameter 'prev' implicitly has an 'any' type.
src/components/CompleteThemeSystemDemo.tsx(366,29): error TS7006: Parameter 'e' implicitly has an 'any' type.
src/components/CompleteThemeSystemDemo.tsx(375,29): error TS7006: Parameter 'e' implicitly has an 'any' type.
src/components/CompleteThemeSystemDemo.tsx(396,38): error TS7006: Parameter 'data' implicitly has an 'any' type.
src/components/CompleteThemeSystemDemo.tsx(396,44): error TS7006: Parameter 'index' implicitly has an 'any' type.
src/components/CompleteThemeSystemDemo.tsx(447,55): error TS7006: Parameter 'ctx' implicitly has an 'any' type.
src/components/CompleteThemeSystemDemo.tsx(447,60): error TS7006: Parameter 'index' implicitly has an 'any' type.
src/components/CompleteThemeSystemDemo.tsx(555,22): error TS7006: Parameter 'prev' implicitly has an 'any' type.
src/components/CompleteThemeSystemDemo.tsx(559,22): error TS7006: Parameter 'prev' implicitly has an 'any' type.
src/components/CompleteThemeSystemDemo.tsx(683,25): error TS7006: Parameter 'e' implicitly has an 'any' type.
src/components/CompleteThemeSystemDemo.tsx(696,25): error TS7006: Parameter 'e' implicitly has an 'any' type.
src/components/CompleteThemeSystemDemo.tsx(709,25): error TS7006: Parameter 'e' implicitly has an 'any' type.
src/components/CompleteThemeSystemDemo.tsx(722,25): error TS7006: Parameter 'e' implicitly has an 'any' type.
src/components/CompleteThemeSystemDemo.tsx(757,18): error TS7006: Parameter 'prev' implicitly has an 'any' type.
src/components/ComprehensiveSecurityDashboard.tsx(274,29): error TS7006: Parameter 'e' implicitly has an 'any' type.
src/components/ComprehensiveSecurityDashboard.tsx(389,56): error TS7006: Parameter 'rec' implicitly has an 'any' type.
src/components/ComprehensiveSecurityDashboard.tsx(389,61): error TS7006: Parameter 'index' implicitly has an 'any' type.
src/components/ComprehensiveSecurityDashboard.tsx(591,35): error TS7006: Parameter 'alert' implicitly has an 'any' type.
src/components/ConsentBanner.tsx(72,17): error TS7006: Parameter 'prev' implicitly has an 'any' type.
src/components/ConsentBanner.tsx(194,35): error TS7006: Parameter 'e' implicitly has an 'any' type.
src/components/CustomSoundThemeCreator.tsx(306,14): error TS7006: Parameter 'acc' implicitly has an 'any' type.
src/components/CustomSoundThemeCreator.tsx(306,19): error TS7006: Parameter 'sound' implicitly has an 'any' type.
src/components/CustomSoundThemeCreator.tsx(310,14): error TS7006: Parameter 'acc' implicitly has an 'any' type.
src/components/CustomSoundThemeCreator.tsx(310,19): error TS7006: Parameter 'sound' implicitly has an 'any' type.
src/components/CustomSoundThemeCreator.tsx(586,45): error TS7006: Parameter 'issue' implicitly has an 'any' type.
src/components/CustomSoundThemeCreator.tsx(586,52): error TS7006: Parameter 'index' implicitly has an 'any' type.
src/components/CustomSoundThemeCreator.tsx(599,48): error TS7006: Parameter 'issue' implicitly has an 'any' type.
src/components/CustomSoundThemeCreator.tsx(630,19): error TS7006: Parameter 'e' implicitly has an 'any' type.
src/components/CustomSoundThemeCreator.tsx(640,19): error TS7006: Parameter 'e' implicitly has an 'any' type.
src/components/CustomSoundThemeCreator.tsx(669,19): error TS7006: Parameter 'e' implicitly has an 'any' type.
src/components/CustomSoundThemeCreator.tsx(685,24): error TS7006: Parameter 'sound' implicitly has an 'any' type.
src/components/CustomSoundThemeCreator.tsx(686,23): error TS7006: Parameter 'soundId' implicitly has an 'any' type.
src/components/CustomSoundThemeCreator.tsx(687,47): error TS7006: Parameter 's' implicitly has an 'any' type.
src/components/CustomSoundThemeCreator.tsx(785,19): error TS7006: Parameter 'e' implicitly has an 'any' type.
src/components/CustomSoundThemeCreator.tsx(790,20): error TS7006: Parameter 'tag' implicitly has an 'any' type.
src/components/CustomSoundThemeCreator.tsx(865,52): error TS7006: Parameter 'suggestion' implicitly has an 'any' type.
src/components/CustomSoundThemeCreator.tsx(865,64): error TS7006: Parameter 'index' implicitly has an 'any' type.
src/components/CustomThemeManager.tsx(141,9): error TS7006: Parameter 'theme' implicitly has an 'any' type.
src/components/CustomThemeManager.tsx(144,27): error TS7006: Parameter 'tag' implicitly has an 'any' type.
src/components/CustomThemeManager.tsx(150,34): error TS7006: Parameter 'theme' implicitly has an 'any' type.
src/components/CustomThemeManager.tsx(154,20): error TS7006: Parameter 'a' implicitly has an 'any' type.
src/components/CustomThemeManager.tsx(154,23): error TS7006: Parameter 'b' implicitly has an 'any' type.
src/components/CustomThemeManager.tsx(175,15): error TS7006: Parameter 'prev' implicitly has an 'any' type.
src/components/CustomThemeManager.tsx(180,15): error TS7006: Parameter 'prev' implicitly has an 'any' type.
src/components/CustomThemeManager.tsx(180,32): error TS7006: Parameter 't' implicitly has an 'any' type.
src/components/CustomThemeManager.tsx(188,19): error TS7006: Parameter 'prev' implicitly has an 'any' type.
src/components/CustomThemeManager.tsx(188,39): error TS7006: Parameter 't' implicitly has an 'any' type.
src/components/CustomThemeManager.tsx(209,17): error TS7006: Parameter 'prev' implicitly has an 'any' type.
src/components/CustomThemeManager.tsx(287,44): error TS7006: Parameter 'theme' implicitly has an 'any' type.
src/components/CustomThemeManager.tsx(291,36): error TS7006: Parameter 'theme' implicitly has an 'any' type.
src/components/CustomThemeManager.tsx(351,45): error TS7006: Parameter 't' implicitly has an 'any' type.
src/components/CustomThemeManager.tsx(379,21): error TS7006: Parameter 'prev' implicitly has an 'any' type.
src/components/CustomThemeManager.tsx(402,23): error TS7006: Parameter 'prev' implicitly has an 'any' type.
src/components/CustomThemeManager.tsx(414,50): error TS7006: Parameter 't' implicitly has an 'any' type.
src/components/CustomThemeManager.tsx(438,19): error TS7006: Parameter 'prev' implicitly has an 'any' type.
src/components/CustomThemeManager.tsx(438,36): error TS7006: Parameter 't' implicitly has an 'any' type.
src/components/CustomThemeManager.tsx(456,19): error TS7006: Parameter 'prev' implicitly has an 'any' type.
src/components/CustomThemeManager.tsx(457,20): error TS7006: Parameter 'theme' implicitly has an 'any' type.
src/components/CustomThemeManager.tsx(803,27): error TS7006: Parameter 'e' implicitly has an 'any' type.
src/components/CustomThemeManager.tsx(949,31): error TS7006: Parameter 'theme' implicitly has an 'any' type.
src/components/Dashboard.tsx(49,39): error TS7006: Parameter 'a' implicitly has an 'any' type.
src/components/Dashboard.tsx(249,37): error TS7006: Parameter 'alarm' implicitly has an 'any' type.
src/components/Dashboard.tsx(334,43): error TS7006: Parameter 'suggestion' implicitly has an 'any' type.
src/components/Dashboard.tsx(334,55): error TS7006: Parameter 'index' implicitly has an 'any' type.
src/components/Dashboard.tsx(363,32): error TS7006: Parameter 'insight' implicitly has an 'any' type.
src/components/EmotionalNudgeModal.tsx(177,20): error TS7006: Parameter 'e' implicitly has an 'any' type.
src/components/EnhancedBattles.tsx(388,40): error TS7006: Parameter 'reward' implicitly has an 'any' type.
src/components/EnhancedDashboard.tsx(52,40): error TS7006: Parameter 'a' implicitly has an 'any' type.
src/components/EnhancedDashboard.tsx(283,35): error TS7006: Parameter 'achievement' implicitly has an 'any' type.
src/components/EnhancedDashboard.tsx(288,35): error TS7006: Parameter 'achievement' implicitly has an 'any' type.
src/components/EnhancedDashboard.tsx(316,28): error TS7006: Parameter 'challengeId' implicitly has an 'any' type.
src/components/EnhancedDashboard.tsx(320,29): error TS7006: Parameter 'challengeId' implicitly has an 'any' type.
src/components/EnhancedDashboard.tsx(324,29): error TS7006: Parameter 'challengeId' implicitly has an 'any' type.
src/components/EnhancedDashboard.tsx(370,28): error TS7006: Parameter 'prompt' implicitly has an 'any' type.
src/components/EnhancedDashboard.tsx(398,37): error TS7006: Parameter 'alarm' implicitly has an 'any' type.
src/components/EnhancedDashboard.tsx(483,43): error TS7006: Parameter 'suggestion' implicitly has an 'any' type.
src/components/EnhancedDashboard.tsx(483,55): error TS7006: Parameter 'index' implicitly has an 'any' type.
src/components/EnhancedDashboard.tsx(512,32): error TS7006: Parameter 'insight' implicitly has an 'any' type.
src/components/EnhancedDashboard.tsx(678,33): error TS7006: Parameter 'celebration' implicitly has an 'any' type.
src/components/EnhancedDashboard.tsx(682,22): error TS7006: Parameter 'platform' implicitly has an 'any' type.
src/components/EnhancedMediaContent.tsx(271,22): error TS7006: Parameter 'prev' implicitly has an 'any' type.
src/components/EnhancedMediaContent.tsx(284,28): error TS7006: Parameter 'prev' implicitly has an 'any' type.
src/components/EnhancedMediaContent.tsx(295,26): error TS7006: Parameter 'prev' implicitly has an 'any' type.
src/components/EnhancedMediaContent.tsx(309,30): error TS7006: Parameter 'prev' implicitly has an 'any' type.
src/components/EnhancedMediaContent.tsx(325,24): error TS7006: Parameter 'prev' implicitly has an 'any' type.
src/components/EnhancedMediaContent.tsx(347,20): error TS7006: Parameter 'prev' implicitly has an 'any' type.
src/components/EnhancedMediaContent.tsx(356,20): error TS7006: Parameter 'prev' implicitly has an 'any' type.
src/components/EnhancedMediaContent.tsx(367,22): error TS7006: Parameter 'prev' implicitly has an 'any' type.
src/components/EnhancedMediaContent.tsx(399,27): error TS7006: Parameter 'prev' implicitly has an 'any' type.
src/components/EnhancedMediaContent.tsx(613,29): error TS7006: Parameter 'e' implicitly has an 'any' type.
src/components/EnhancedMediaContent.tsx(622,27): error TS7006: Parameter 'e' implicitly has an 'any' type.
src/components/EnhancedSmartAlarmSettings.tsx(135,19): error TS7006: Parameter 'prev' implicitly has an 'any' type.
src/components/EnhancedSmartAlarmSettings.tsx(136,16): error TS7006: Parameter 'cond' implicitly has an 'any' type.
src/components/EnhancedSmartAlarmSettings.tsx(394,33): error TS7006: Parameter 'e' implicitly has an 'any' type.
src/components/EnhancedSmartAlarmSettings.tsx(417,37): error TS7006: Parameter 'e' implicitly has an 'any' type.
src/components/EnhancedSmartAlarmSettings.tsx(438,37): error TS7006: Parameter 'e' implicitly has an 'any' type.
src/components/EnhancedSmartAlarmSettings.tsx(457,35): error TS7006: Parameter 'e' implicitly has an 'any' type.
src/components/EnhancedSmartAlarmSettings.tsx(479,35): error TS7006: Parameter 'e' implicitly has an 'any' type.
src/components/EnhancedSmartAlarmSettings.tsx(499,31): error TS7006: Parameter 'condition' implicitly has an 'any' type.
src/components/EnhancedSmartAlarmSettings.tsx(526,41): error TS7006: Parameter 'e' implicitly has an 'any' type.
src/components/EnhancedSmartAlarmSettings.tsx(598,54): error TS7006: Parameter 'slot' implicitly has an 'any' type.
src/components/EnhancedSmartAlarmSettings.tsx(598,60): error TS7006: Parameter 'index' implicitly has an 'any' type.
src/components/EnhancedSmartAlarmSettings.tsx(652,47): error TS7006: Parameter 'rec' implicitly has an 'any' type.
src/components/EnhancedSmartAlarmSettings.tsx(652,52): error TS7006: Parameter 'index' implicitly has an 'any' type.
src/components/EnhancedSmartAlarmSettings.tsx(763,52): error TS7006: Parameter 'quality' implicitly has an 'any' type.
src/components/EnhancedSmartAlarmSettings.tsx(763,61): error TS7006: Parameter 'index' implicitly has an 'any' type.
src/components/EnhancedSmartAlarmSettings.tsx(779,61): error TS7006: Parameter 'condition' implicitly has an 'any' type.
src/components/EnhancedSmartAlarmSettings.tsx(779,72): error TS7006: Parameter 'index' implicitly has an 'any' type.
src/components/ExtendedScreenReaderTester.tsx(298,24): error TS7006: Parameter 'prev' implicitly has an 'any' type.
src/components/ExtendedScreenReaderTester.tsx(298,48): error TS7006: Parameter 'r' implicitly has an 'any' type.
src/components/ExtendedScreenReaderTester.tsx(308,24): error TS7006: Parameter 'prev' implicitly has an 'any' type.
src/components/ExtendedScreenReaderTester.tsx(308,48): error TS7006: Parameter 'r' implicitly has an 'any' type.
src/components/ExtendedScreenReaderTester.tsx(321,29): error TS7006: Parameter 'prev' implicitly has an 'any' type.
src/components/ExtendedScreenReaderTester.tsx(357,27): error TS7006: Parameter 'prev' implicitly has an 'any' type.
src/components/ExtendedScreenReaderTester.tsx(394,37): error TS7006: Parameter 'r' implicitly has an 'any' type.
src/components/ExtendedScreenReaderTester.tsx(401,43): error TS7006: Parameter 'r' implicitly has an 'any' type.
src/components/ExtendedScreenReaderTester.tsx(565,25): error TS7006: Parameter 'e' implicitly has an 'any' type.
src/components/ExtendedScreenReaderTester.tsx(566,32): error TS7006: Parameter 'prev' implicitly has an 'any' type.
src/components/ExtendedScreenReaderTester.tsx(577,25): error TS7006: Parameter 'e' implicitly has an 'any' type.
src/components/ExtendedScreenReaderTester.tsx(578,32): error TS7006: Parameter 'prev' implicitly has an 'any' type.
src/components/ExtendedScreenReaderTester.tsx(587,23): error TS7006: Parameter 'e' implicitly has an 'any' type.
src/components/ExtendedScreenReaderTester.tsx(588,30): error TS7006: Parameter 'prev' implicitly has an 'any' type.
src/components/ExtendedScreenReaderTester.tsx(620,39): error TS7006: Parameter 'tag' implicitly has an 'any' type.
src/components/ExtendedScreenReaderTester.tsx(647,28): error TS7006: Parameter 'test' implicitly has an 'any' type.
src/components/ExtendedScreenReaderTester.tsx(647,34): error TS7006: Parameter 'index' implicitly has an 'any' type.
src/components/FeatureLockOverlay.tsx(276,22): error TS7006: Parameter 'tier' implicitly has an 'any' type.
src/components/ForgotPasswordForm.tsx(154,25): error TS7006: Parameter 'e' implicitly has an 'any' type.
src/components/FriendsManager.tsx(367,25): error TS7006: Parameter 'e' implicitly has an 'any' type.
src/components/HabitCelebration.tsx(125,23): error TS7006: Parameter 'pieces' implicitly has an 'any' type.
src/components/HabitCelebration.tsx(127,14): error TS7006: Parameter 'piece' implicitly has an 'any' type.
src/components/HabitCelebration.tsx(134,17): error TS7006: Parameter 'piece' implicitly has an 'any' type.
src/components/HabitCelebration.tsx(170,25): error TS7006: Parameter 'prev' implicitly has an 'any' type.
src/components/HabitCelebration.tsx(197,33): error TS7006: Parameter 'piece' implicitly has an 'any' type.
src/components/HabitCelebration.tsx(343,49): error TS7006: Parameter 'reward' implicitly has an 'any' type.
src/components/HabitCelebration.tsx(343,57): error TS7006: Parameter 'index' implicitly has an 'any' type.
src/components/HabitCelebration.tsx(444,59): error TS7006: Parameter 'tag' implicitly has an 'any' type.
src/components/LoginForm.tsx(107,25): error TS7006: Parameter 'e' implicitly has an 'any' type.
src/components/LoginForm.tsx(148,25): error TS7006: Parameter 'e' implicitly has an 'any' type.
src/components/MediaContent.tsx(412,27): error TS7006: Parameter 'e' implicitly has an 'any' type.
src/components/MobileAlarmCard.tsx(292,15): error TS7006: Parameter 'prev' implicitly has an 'any' type.
src/components/MobileAlarmCard.tsx(293,16): error TS7006: Parameter 'alarm' implicitly has an 'any' type.
src/components/MobileAlarmCard.tsx(302,15): error TS7006: Parameter 'prev' implicitly has an 'any' type.
src/components/MobileAlarmCard.tsx(302,35): error TS7006: Parameter 'alarm' implicitly has an 'any' type.
src/components/MobileAlarmCard.tsx(306,31): error TS7006: Parameter 'a' implicitly has an 'any' type.
src/components/MobileAlarmCard.tsx(313,17): error TS7006: Parameter 'prev' implicitly has an 'any' type.
src/components/MobileAlarmCard.tsx(323,19): error TS7006: Parameter 'alarm' implicitly has an 'any' type.
src/components/MobileNavigation.tsx(68,34): error TS7006: Parameter 'item' implicitly has an 'any' type.
src/components/MobileNavigation.tsx(192,22): error TS7006: Parameter 'item' implicitly has an 'any' type.
src/components/MobileTester.tsx(100,20): error TS7006: Parameter 'prev' implicitly has an 'any' type.
src/components/MobileTester.tsx(101,34): error TS7006: Parameter 'r' implicitly has an 'any' type.
src/components/MobileTester.tsx(103,25): error TS7006: Parameter 'r' implicitly has an 'any' type.
src/components/MobileTester.tsx(575,35): error TS7006: Parameter 'result' implicitly has an 'any' type.
src/components/MobileTester.tsx(575,43): error TS7006: Parameter 'index' implicitly has an 'any' type.
src/components/MobileTester.tsx(610,43): error TS7006: Parameter 'r' implicitly has an 'any' type.
src/components/MobileTester.tsx(616,43): error TS7006: Parameter 'r' implicitly has an 'any' type.
src/components/MobileTester.tsx(622,43): error TS7006: Parameter 'r' implicitly has an 'any' type.
src/components/MobileTester.tsx(628,43): error TS7006: Parameter 'r' implicitly has an 'any' type.
src/components/NuclearModeBattle.tsx(149,24): error TS7006: Parameter 'prev' implicitly has an 'any' type.
src/components/NuclearModeBattle.tsx(186,23): error TS7006: Parameter 'prev' implicitly has an 'any' type.
src/components/NuclearModeBattle.tsx(187,32): error TS7006: Parameter 'prev' implicitly has an 'any' type.
src/components/NuclearModeBattle.tsx(218,19): error TS7006: Parameter 'prev' implicitly has an 'any' type.
src/components/NuclearModeChallenge.tsx(138,34): error TS7006: Parameter 'p' implicitly has an 'any' type.
src/components/NuclearModeChallenge.tsx(176,23): error TS7006: Parameter 'e' implicitly has an 'any' type.
src/components/NuclearModeChallenge.tsx(180,25): error TS7006: Parameter 'e' implicitly has an 'any' type.
src/components/NuclearModeChallenge.tsx(343,32): error TS7006: Parameter 'colorIndex' implicitly has an 'any' type.
src/components/NuclearModeChallenge.tsx(343,44): error TS7006: Parameter 'index' implicitly has an 'any' type.
src/components/NuclearModeChallenge.tsx(443,33): error TS7006: Parameter '_' implicitly has an 'any' type.
src/components/NuclearModeChallenge.tsx(443,36): error TS7006: Parameter 'index' implicitly has an 'any' type.
src/components/NuclearModeChallenge.tsx(589,24): error TS7006: Parameter 'prev' implicitly has an 'any' type.
src/components/NuclearModeResults.tsx(341,48): error TS7006: Parameter 'achievement' implicitly has an 'any' type.
src/components/NuclearModeResults.tsx(341,61): error TS7006: Parameter 'index' implicitly has an 'any' type.
src/components/NuclearModeResults.tsx(349,41): error TS7006: Parameter 'l' implicitly has an 'any' type.
src/components/NuclearModeResults.tsx(376,74): error TS7006: Parameter 'index' implicitly has an 'any' type.
src/components/NuclearModeSelector.tsx(122,52): error TS7006: Parameter 'c' implicitly has an 'any' type.
src/components/NuclearModeSelector.tsx(134,50): error TS7006: Parameter 'total' implicitly has an 'any' type.
src/components/NuclearModeSelector.tsx(134,57): error TS7006: Parameter 'challengeType' implicitly has an 'any' type.
src/components/NuclearModeSelector.tsx(135,45): error TS7006: Parameter 'c' implicitly has an 'any' type.
src/components/NuclearModeSelector.tsx(203,45): error TS7006: Parameter 'challenge' implicitly has an 'any' type.
src/components/NuclearModeSelector.tsx(247,39): error TS7006: Parameter 'challenge' implicitly has an 'any' type.
src/components/NuclearModeSelector.tsx(352,30): error TS7006: Parameter 'value' implicitly has an 'any' type.
src/components/NuclearModeSelector.tsx(375,35): error TS7006: Parameter 'challenge' implicitly has an 'any' type.
src/components/NuclearModeSelector.tsx(393,42): error TS7006: Parameter 'checked' implicitly has an 'any' type.
src/components/OfflineDiagnostics.tsx(514,26): error TS7006: Parameter 'check' implicitly has an 'any' type.
src/components/OnboardingFlow.tsx(82,19): error TS7006: Parameter 'prev' implicitly has an 'any' type.
src/components/OnboardingFlow.tsx(115,19): error TS7006: Parameter 'prev' implicitly has an 'any' type.
src/components/OnboardingFlow.tsx(129,19): error TS7006: Parameter 'prev' implicitly has an 'any' type.
src/components/PerformanceDashboard.tsx(67,16): error TS7006: Parameter 'prev' implicitly has an 'any' type.
src/components/PerformanceDashboard.tsx(127,16): error TS7006: Parameter 'prev' implicitly has an 'any' type.
src/components/PerformanceDashboard.tsx(248,24): error TS7006: Parameter 'prev' implicitly has an 'any' type.
src/components/PerformanceDashboard.tsx(306,52): error TS7006: Parameter 'vital' implicitly has an 'any' type.
src/components/PerformanceDashboard.tsx(369,61): error TS7006: Parameter 'metric' implicitly has an 'any' type.
src/components/PerformanceDashboard.tsx(369,69): error TS7006: Parameter 'index' implicitly has an 'any' type.
src/components/PerformanceDashboard.tsx(536,31): error TS7006: Parameter 'feature' implicitly has an 'any' type.
src/components/PerformanceDashboard.tsx(536,40): error TS7006: Parameter 'index' implicitly has an 'any' type.
src/components/PerformanceDashboard.tsx(603,26): error TS7006: Parameter 'page' implicitly has an 'any' type.
src/components/PerformanceDashboard.tsx(603,32): error TS7006: Parameter 'index' implicitly has an 'any' type.
src/components/PerformanceProfilerWrapper.tsx(126,55): error TS7006: Parameter 'comp' implicitly has an 'any' type.
src/components/PerformanceProfilerWrapper.tsx(148,59): error TS7006: Parameter 'comp' implicitly has an 'any' type.
src/components/PerformanceProfilerWrapper.tsx(169,25): error TS7006: Parameter 'e' implicitly has an 'any' type.
src/components/PerformanceProfilerWrapper.tsx(232,26): error TS7006: Parameter 'prev' implicitly has an 'any' type.
src/components/PerformanceProfilerWrapper.tsx(280,44): error TS7006: Parameter 'prev' implicitly has an 'any' type.
src/components/PersonaAnalyticsDashboard.tsx(105,27): error TS7006: Parameter 'data' implicitly has an 'any' type.
src/components/PersonaAnalyticsDashboard.tsx(138,29): error TS7006: Parameter 'data' implicitly has an 'any' type.
src/components/PersonaAnalyticsDashboard.tsx(152,52): error TS7006: Parameter 'sum' implicitly has an 'any' type.
src/components/PersonaAnalyticsDashboard.tsx(152,57): error TS7006: Parameter 'p' implicitly has an 'any' type.
src/components/PersonaAnalyticsDashboard.tsx(153,53): error TS7006: Parameter 'sum' implicitly has an 'any' type.
src/components/PersonaAnalyticsDashboard.tsx(153,58): error TS7006: Parameter 'p' implicitly has an 'any' type.
src/components/PersonaAnalyticsDashboard.tsx(154,49): error TS7006: Parameter 'sum' implicitly has an 'any' type.
src/components/PersonaAnalyticsDashboard.tsx(154,54): error TS7006: Parameter 'p' implicitly has an 'any' type.
src/components/PersonaAnalyticsDashboard.tsx(156,30): error TS7006: Parameter 'sum' implicitly has an 'any' type.
src/components/PersonaAnalyticsDashboard.tsx(156,35): error TS7006: Parameter 'p' implicitly has an 'any' type.
src/components/PersonaAnalyticsDashboard.tsx(337,38): error TS7006: Parameter 'entry' implicitly has an 'any' type.
src/components/PersonaAnalyticsDashboard.tsx(337,45): error TS7006: Parameter 'index' implicitly has an 'any' type.
src/components/PersonaAnalyticsDashboard.tsx(357,32): error TS7006: Parameter 'value' implicitly has an 'any' type.
src/components/PersonaAnalyticsDashboard.tsx(363,33): error TS7006: Parameter 'value' implicitly has an 'any' type.
src/components/PersonaAnalyticsDashboard.tsx(383,32): error TS7006: Parameter 'value' implicitly has an 'any' type.
src/components/PersonaAnalyticsDashboard.tsx(389,33): error TS7006: Parameter 'value' implicitly has an 'any' type.
src/components/PersonaAnalyticsDashboard.tsx(408,32): error TS7006: Parameter 'value' implicitly has an 'any' type.
src/components/PersonaAnalyticsDashboard.tsx(414,33): error TS7006: Parameter 'value' implicitly has an 'any' type.
src/components/PersonaAnalyticsDashboard.tsx(456,37): error TS7006: Parameter 'campaign' implicitly has an 'any' type.
src/components/PersonaAnalyticsDashboard.tsx(456,47): error TS7006: Parameter 'index' implicitly has an 'any' type.
src/components/PersonaDrivenUI.tsx(426,22): error TS7006: Parameter 'feature' implicitly has an 'any' type.
src/components/PersonaDrivenUI.tsx(426,31): error TS7006: Parameter 'index' implicitly has an 'any' type.
src/components/PersonaFocusDashboard.tsx(152,27): error TS7006: Parameter 'sum' implicitly has an 'any' type.
src/components/PersonaFocusDashboard.tsx(152,32): error TS7006: Parameter 'persona' implicitly has an 'any' type.
src/components/PersonaFocusDashboard.tsx(159,10): error TS7006: Parameter 'sum' implicitly has an 'any' type.
src/components/PersonaFocusDashboard.tsx(159,15): error TS7006: Parameter 'persona' implicitly has an 'any' type.
src/components/PersonaFocusDashboard.tsx(257,36): error TS7006: Parameter 'persona' implicitly has an 'any' type.
src/components/PersonaFocusDashboard.tsx(276,27): error TS7006: Parameter 'value' implicitly has an 'any' type.
src/components/PersonaFocusDashboard.tsx(276,34): error TS7006: Parameter 'name' implicitly has an 'any' type.
src/components/PersonaFocusDashboard.tsx(292,33): error TS7006: Parameter 'persona' implicitly has an 'any' type.
src/components/PersonaFocusDashboard.tsx(316,29): error TS7006: Parameter 'entry' implicitly has an 'any' type.
src/components/PersonaFocusDashboard.tsx(316,36): error TS7006: Parameter 'index' implicitly has an 'any' type.
src/components/PersonaFocusDashboard.tsx(321,26): error TS7006: Parameter 'value' implicitly has an 'any' type.
src/components/PersonaFocusDashboard.tsx(363,25): error TS7006: Parameter 'e' implicitly has an 'any' type.
src/components/PersonaFocusDashboard.tsx(406,38): error TS7006: Parameter 'sum' implicitly has an 'any' type.
src/components/PersonaFocusDashboard.tsx(406,43): error TS7006: Parameter 'p' implicitly has an 'any' type.
src/components/PersonaFocusDashboard.tsx(424,37): error TS7006: Parameter 'sum' implicitly has an 'any' type.
src/components/PersonaFocusDashboard.tsx(424,42): error TS7006: Parameter 'p' implicitly has an 'any' type.
src/components/PersonaFocusDashboard.tsx(435,24): error TS7006: Parameter 'persona' implicitly has an 'any' type.
src/components/PersonalizationSettings.tsx(212,25): error TS7006: Parameter 'e' implicitly has an 'any' type.
src/components/PersonalizationSettings.tsx(230,23): error TS7006: Parameter 'e' implicitly has an 'any' type.
src/components/PersonalizationSettings.tsx(252,23): error TS7006: Parameter 'e' implicitly has an 'any' type.
src/components/PersonalizationSettings.tsx(317,21): error TS7006: Parameter 'e' implicitly has an 'any' type.
src/components/PersonalizationSettings.tsx(337,21): error TS7006: Parameter 'e' implicitly has an 'any' type.
src/components/PersonalizationSettings.tsx(362,23): error TS7006: Parameter 'e' implicitly has an 'any' type.
src/components/PersonalizationSettings.tsx(387,23): error TS7006: Parameter 'e' implicitly has an 'any' type.
src/components/PersonalizationSettings.tsx(399,21): error TS7006: Parameter 'e' implicitly has an 'any' type.
src/components/PersonalizationSettings.tsx(423,23): error TS7006: Parameter 'e' implicitly has an 'any' type.
src/components/PersonalizationSettings.tsx(439,23): error TS7006: Parameter 'e' implicitly has an 'any' type.
src/components/PersonalizationSettings.tsx(457,23): error TS7006: Parameter 'e' implicitly has an 'any' type.
src/components/PersonalizationSettings.tsx(482,23): error TS7006: Parameter 'e' implicitly has an 'any' type.
src/components/PersonalizationSettings.tsx(499,21): error TS7006: Parameter 'e' implicitly has an 'any' type.
src/components/PersonalizationSettings.tsx(512,21): error TS7006: Parameter 'e' implicitly has an 'any' type.
src/components/PersonalizationSettings.tsx(533,23): error TS7006: Parameter 'e' implicitly has an 'any' type.
src/components/PersonalizationSettings.tsx(547,23): error TS7006: Parameter 'e' implicitly has an 'any' type.
src/components/PersonalizationSettings.tsx(563,21): error TS7006: Parameter 'e' implicitly has an 'any' type.
src/components/PersonalizationSettings.tsx(578,21): error TS7006: Parameter 'e' implicitly has an 'any' type.
src/components/PersonalizationSettings.tsx(598,21): error TS7006: Parameter 'e' implicitly has an 'any' type.
src/components/PersonalizationSettings.tsx(620,23): error TS7006: Parameter 'e' implicitly has an 'any' type.
src/components/PersonalizationSettings.tsx(634,23): error TS7006: Parameter 'e' implicitly has an 'any' type.
src/components/PremiumDashboard.tsx(183,14): error TS7006: Parameter 'prev' implicitly has an 'any' type.
src/components/PremiumDashboard.tsx(195,16): error TS7006: Parameter 'prev' implicitly has an 'any' type.
src/components/PremiumDashboard.tsx(206,16): error TS7006: Parameter 'prev' implicitly has an 'any' type.
src/components/PremiumDashboard.tsx(221,14): error TS7006: Parameter 'prev' implicitly has an 'any' type.
src/components/PremiumDashboard.tsx(274,27): error TS7006: Parameter 'benefit' implicitly has an 'any' type.
src/components/PremiumDashboard.tsx(274,36): error TS7006: Parameter 'index' implicitly has an 'any' type.
src/components/PremiumDashboard.tsx(428,24): error TS7006: Parameter 'prev' implicitly has an 'any' type.
src/components/PremiumFeatureCard.tsx(170,24): error TS7006: Parameter 'e' implicitly has an 'any' type.
src/components/PremiumFeatureCard.tsx(181,24): error TS7006: Parameter 'e' implicitly has an 'any' type.
src/components/PremiumFeatureTest.tsx(121,32): error TS7006: Parameter 'e' implicitly has an 'any' type.
src/components/PremiumThemeSettings.tsx(219,14): error TS7006: Parameter 'prev' implicitly has an 'any' type.
src/components/PremiumThemeSettings.tsx(226,16): error TS7006: Parameter 'prev' implicitly has an 'any' type.
src/components/PremiumThemeSettings.tsx(234,16): error TS7006: Parameter 'prev' implicitly has an 'any' type.
src/components/PremiumThemeSettings.tsx(243,14): error TS7006: Parameter 'prev' implicitly has an 'any' type.
src/components/PremiumThemeSettings.tsx(348,39): error TS7006: Parameter 'theme' implicitly has an 'any' type.
src/components/PremiumThemeSettings.tsx(348,46): error TS7006: Parameter 'index' implicitly has an 'any' type.
src/components/PremiumThemeSettings.tsx(364,23): error TS7006: Parameter 'theme' implicitly has an 'any' type.
src/components/PremiumThemeSettings.tsx(364,30): error TS7006: Parameter 'index' implicitly has an 'any' type.
src/components/PremiumThemeShowcase.tsx(198,25): error TS7006: Parameter 'e' implicitly has an 'any' type.
src/components/PremiumUsageTracker.tsx(49,18): error TS7006: Parameter 'prev' implicitly has an 'any' type.
src/components/PremiumUsageTracker.tsx(59,20): error TS7006: Parameter 'prev' implicitly has an 'any' type.
src/components/PushNotificationSettings.tsx(184,27): error TS7006: Parameter 'e' implicitly has an 'any' type.
src/components/PushNotificationSettings.tsx(247,31): error TS7006: Parameter 'e' implicitly has an 'any' type.
src/components/PushNotificationSettings.tsx(273,31): error TS7006: Parameter 'e' implicitly has an 'any' type.
src/components/PushNotificationSettings.tsx(299,31): error TS7006: Parameter 'e' implicitly has an 'any' type.
src/components/PushNotificationSettings.tsx(325,31): error TS7006: Parameter 'e' implicitly has an 'any' type.
src/components/PushNotificationSettings.tsx(351,31): error TS7006: Parameter 'e' implicitly has an 'any' type.
src/components/PushNotificationSettings.tsx(402,33): error TS7006: Parameter 'e' implicitly has an 'any' type.
src/components/PushNotificationSettings.tsx(428,33): error TS7006: Parameter 'e' implicitly has an 'any' type.
src/components/PushNotificationSettings.tsx(454,33): error TS7006: Parameter 'e' implicitly has an 'any' type.
src/components/PushNotificationSettings.tsx(481,35): error TS7006: Parameter 'e' implicitly has an 'any' type.
src/components/PushNotificationSettings.tsx(499,37): error TS7006: Parameter 'e' implicitly has an 'any' type.
src/components/PushNotificationSettings.tsx(512,37): error TS7006: Parameter 'e' implicitly has an 'any' type.
src/components/PushNotificationTester.tsx(95,22): error TS7006: Parameter 'prev' implicitly has an 'any' type.
src/components/PushNotificationTester.tsx(391,37): error TS7006: Parameter 'r' implicitly has an 'any' type.
src/components/PushNotificationTester.tsx(397,37): error TS7006: Parameter 'r' implicitly has an 'any' type.
src/components/PushNotificationTester.tsx(405,43): error TS7006: Parameter 'acc' implicitly has an 'any' type.
src/components/PushNotificationTester.tsx(405,48): error TS7006: Parameter 'r' implicitly has an 'any' type.
src/components/PushNotificationTester.tsx(419,30): error TS7006: Parameter 'result' implicitly has an 'any' type.
src/components/QuickAlarmSetup.tsx(72,21): error TS7006: Parameter 'prev' implicitly has an 'any' type.
src/components/QuickAlarmSetup.tsx(73,40): error TS7006: Parameter 'd' implicitly has an 'any' type.
src/components/QuickAlarmSetup.tsx(115,25): error TS7006: Parameter 'e' implicitly has an 'any' type.
src/components/QuickAlarmSetup.tsx(125,25): error TS7006: Parameter 'e' implicitly has an 'any' type.
src/components/RTLLayout/RTLForm.tsx(160,39): error TS7006: Parameter 'child' implicitly has an 'any' type.
src/components/RewardsDashboard.tsx(245,61): error TS7006: Parameter 'reward' implicitly has an 'any' type.
src/components/RewardsDashboard.tsx(316,32): error TS7006: Parameter 'action' implicitly has an 'any' type.
src/components/RewardsDashboard.tsx(316,40): error TS7006: Parameter 'index' implicitly has an 'any' type.
src/components/RewardsDashboard.tsx(371,49): error TS7006: Parameter 'reward' implicitly has an 'any' type.
src/components/RewardsDashboard.tsx(418,19): error TS7006: Parameter 'reward' implicitly has an 'any' type.
src/components/RewardsDashboard.tsx(419,56): error TS7006: Parameter 'ur' implicitly has an 'any' type.
src/components/RewardsDashboard.tsx(421,22): error TS7006: Parameter 'reward' implicitly has an 'any' type.
src/components/RewardsDashboard.tsx(481,44): error TS7006: Parameter 'insight' implicitly has an 'any' type.
src/components/RewardsDashboard.tsx(518,56): error TS7006: Parameter 'action' implicitly has an 'any' type.
src/components/RewardsDashboard.tsx(518,64): error TS7006: Parameter 'index' implicitly has an 'any' type.
src/components/RewardsDashboard.tsx(578,51): error TS7006: Parameter 'trait' implicitly has an 'any' type.
src/components/RewardsDashboard.tsx(578,58): error TS7006: Parameter 'index' implicitly has an 'any' type.
src/components/RewardsDashboard.tsx(592,40): error TS7006: Parameter 'habit' implicitly has an 'any' type.
src/components/SettingsPage.tsx(270,24): error TS7006: Parameter 'e' implicitly has an 'any' type.
src/components/SettingsPage.tsx(321,24): error TS7006: Parameter 'e' implicitly has an 'any' type.
src/components/SettingsPage.tsx(656,24): error TS7006: Parameter 'e' implicitly has an 'any' type.
src/components/SettingsPage.tsx(692,24): error TS7006: Parameter 'e' implicitly has an 'any' type.
src/components/SettingsPage.tsx(728,24): error TS7006: Parameter 'e' implicitly has an 'any' type.
src/components/SettingsPage.tsx(794,24): error TS7006: Parameter 'e' implicitly has an 'any' type.
src/components/SettingsPage.tsx(868,29): error TS7006: Parameter 'e' implicitly has an 'any' type.
src/components/SettingsPage.tsx(892,24): error TS7006: Parameter 'e' implicitly has an 'any' type.
src/components/SettingsPage.tsx(928,24): error TS7006: Parameter 'e' implicitly has an 'any' type.
src/components/SettingsPage.tsx(987,32): error TS7006: Parameter 'e' implicitly has an 'any' type.
src/components/SettingsPage.tsx(1018,31): error TS7006: Parameter 'e' implicitly has an 'any' type.
src/components/SettingsPage.tsx(1041,31): error TS7006: Parameter 'e' implicitly has an 'any' type.
src/components/SettingsPage.tsx(1063,24): error TS7006: Parameter 'e' implicitly has an 'any' type.
src/components/SettingsPage.tsx(1099,24): error TS7006: Parameter 'e' implicitly has an 'any' type.
src/components/SettingsPage.tsx(1179,26): error TS7006: Parameter 'e' implicitly has an 'any' type.
src/components/SignUpForm.tsx(94,17): error TS7006: Parameter 'prev' implicitly has an 'any' type.
src/components/SignUpForm.tsx(103,27): error TS7006: Parameter 'prev' implicitly has an 'any' type.
src/components/SignUpForm.tsx(178,25): error TS7006: Parameter 'e' implicitly has an 'any' type.
src/components/SignUpForm.tsx(219,25): error TS7006: Parameter 'e' implicitly has an 'any' type.
src/components/SignUpForm.tsx(260,25): error TS7006: Parameter 'e' implicitly has an 'any' type.
src/components/SignUpForm.tsx(332,31): error TS7006: Parameter 'suggestion' implicitly has an 'any' type.
src/components/SignUpForm.tsx(332,43): error TS7006: Parameter 'index' implicitly has an 'any' type.
src/components/SignUpForm.tsx(369,25): error TS7006: Parameter 'e' implicitly has an 'any' type.
src/components/SleepTracker.tsx(218,33): error TS7006: Parameter 'e' implicitly has an 'any' type.
src/components/SleepTracker.tsx(219,39): error TS7006: Parameter 'prev' implicitly has an 'any' type.
src/components/SleepTracker.tsx(238,35): error TS7006: Parameter 'e' implicitly has an 'any' type.
src/components/SleepTracker.tsx(239,41): error TS7006: Parameter 'prev' implicitly has an 'any' type.
src/components/SleepTracker.tsx(257,35): error TS7006: Parameter 'e' implicitly has an 'any' type.
src/components/SleepTracker.tsx(258,41): error TS7006: Parameter 'prev' implicitly has an 'any' type.
src/components/SleepTracker.tsx(276,33): error TS7006: Parameter 'e' implicitly has an 'any' type.
src/components/SleepTracker.tsx(277,39): error TS7006: Parameter 'prev' implicitly has an 'any' type.
src/components/SleepTracker.tsx(331,39): error TS7006: Parameter 'session' implicitly has an 'any' type.
src/components/SleepTracker.tsx(331,48): error TS7006: Parameter 'index' implicitly has an 'any' type.
src/components/SmartAlarmDashboard.tsx(69,41): error TS7006: Parameter 'a' implicitly has an 'any' type.
src/components/SmartAlarmDashboard.tsx(113,37): error TS7006: Parameter 'alarm' implicitly has an 'any' type.
src/components/SmartAlarmDashboard.tsx(182,26): error TS7006: Parameter 'alarm' implicitly has an 'any' type.
src/components/SmartAlarmDashboard.tsx(241,32): error TS7006: Parameter 'e' implicitly has an 'any' type.
src/components/SmartAlarmDashboard.tsx(313,46): error TS7006: Parameter 'factor' implicitly has an 'any' type.
src/components/SmartAlarmDashboard.tsx(313,54): error TS7006: Parameter 'index' implicitly has an 'any' type.
src/components/SmartAlarmDashboard.tsx(335,51): error TS7006: Parameter 'slot' implicitly has an 'any' type.
src/components/SmartAlarmDashboard.tsx(335,57): error TS7006: Parameter 'index' implicitly has an 'any' type.
src/components/SmartAlarmDashboard.tsx(415,60): error TS7006: Parameter 'c' implicitly has an 'any' type.
src/components/SmartAlarmDashboard.tsx(425,37): error TS7006: Parameter 'c' implicitly has an 'any' type.
src/components/SmartAlarmDashboard.tsx(426,34): error TS7006: Parameter 'condition' implicitly has an 'any' type.
src/components/SmartAlarmSettings.tsx(210,33): error TS7006: Parameter 'e' implicitly has an 'any' type.
src/components/SmartAlarmSettings.tsx(232,37): error TS7006: Parameter 'e' implicitly has an 'any' type.
src/components/SmartAlarmSettings.tsx(264,39): error TS7006: Parameter 'e' implicitly has an 'any' type.
src/components/SmartAlarmSettings.tsx(284,39): error TS7006: Parameter 'e' implicitly has an 'any' type.
src/components/SmartAlarmSettings.tsx(304,39): error TS7006: Parameter 'e' implicitly has an 'any' type.
src/components/SmartAlarmSettings.tsx(378,31): error TS7006: Parameter 'e' implicitly has an 'any' type.
src/components/SmartAlarmSettings.tsx(379,36): error TS7006: Parameter 'prev' implicitly has an 'any' type.
src/components/SmartAlarmSettings.tsx(406,33): error TS7006: Parameter 'e' implicitly has an 'any' type.
src/components/SmartAlarmSettings.tsx(407,38): error TS7006: Parameter 'prev' implicitly has an 'any' type.
src/components/SmartAlarmSettings.tsx(420,33): error TS7006: Parameter 'e' implicitly has an 'any' type.
src/components/SmartAlarmSettings.tsx(421,38): error TS7006: Parameter 'prev' implicitly has an 'any' type.
src/components/SmartAlarmSettings.tsx(445,35): error TS7006: Parameter 'e' implicitly has an 'any' type.
src/components/SmartAlarmSettings.tsx(446,40): error TS7006: Parameter 'prev' implicitly has an 'any' type.
src/components/SmartAlarmSettings.tsx(467,33): error TS7006: Parameter 'e' implicitly has an 'any' type.
src/components/SmartAlarmSettings.tsx(468,38): error TS7006: Parameter 'prev' implicitly has an 'any' type.
src/components/SmartAlarmSettings.tsx(576,64): error TS7006: Parameter 'rec' implicitly has an 'any' type.
src/components/SmartAlarmSettings.tsx(576,69): error TS7006: Parameter 'index' implicitly has an 'any' type.
src/components/SmartFeatures.tsx(763,36): error TS7006: Parameter 'checked' implicitly has an 'any' type.
src/components/SmartFeatures.tsx(779,36): error TS7006: Parameter 'checked' implicitly has an 'any' type.
src/components/SmartFeatures.tsx(795,36): error TS7006: Parameter 'checked' implicitly has an 'any' type.
src/components/SmartFeatures.tsx(811,36): error TS7006: Parameter 'checked' implicitly has an 'any' type.
src/components/SmartFeatures.tsx(826,29): error TS7006: Parameter 'e' implicitly has an 'any' type.
src/components/SmartUpgradePrompt.tsx(264,53): error TS7006: Parameter 'benefit' implicitly has an 'any' type.
src/components/SmartUpgradePrompt.tsx(264,62): error TS7006: Parameter 'index' implicitly has an 'any' type.
src/components/SocialProof.tsx(58,28): error TS7006: Parameter 'prev' implicitly has an 'any' type.
src/components/SocialProof.tsx(69,28): error TS7006: Parameter 'prev' implicitly has an 'any' type.
src/components/SocialProof.tsx(80,24): error TS7006: Parameter 'prev' implicitly has an 'any' type.
src/components/SocialProof.tsx(94,15): error TS7006: Parameter 'story' implicitly has an 'any' type.
src/components/SocialProof.tsx(369,43): error TS7006: Parameter '_' implicitly has an 'any' type.
src/components/SocialProof.tsx(369,46): error TS7006: Parameter 'index' implicitly has an 'any' type.
src/components/SoundPicker.tsx(104,24): error TS7006: Parameter 'tag' implicitly has an 'any' type.
src/components/SoundPicker.tsx(144,31): error TS7006: Parameter 'audio' implicitly has an 'any' type.
src/components/SoundPicker.tsx(298,35): error TS7006: Parameter 'e' implicitly has an 'any' type.
src/components/SoundPicker.tsx(321,34): error TS7006: Parameter 'value' implicitly has an 'any' type.
src/components/SoundPicker.tsx(401,42): error TS7006: Parameter 'e' implicitly has an 'any' type.
src/components/SoundPicker.tsx(443,40): error TS7006: Parameter 'e' implicitly has an 'any' type.
src/components/SoundPicker.tsx(475,57): error TS7006: Parameter 'prev' implicitly has an 'any' type.
src/components/SoundPicker.tsx(507,41): error TS7006: Parameter 'e' implicitly has an 'any' type.
src/components/SoundPicker.tsx(508,57): error TS7006: Parameter 'prev' implicitly has an 'any' type.
src/components/SoundPicker.tsx(527,41): error TS7006: Parameter 'e' implicitly has an 'any' type.
src/components/SoundPicker.tsx(528,57): error TS7006: Parameter 'prev' implicitly has an 'any' type.
src/components/SoundPicker.tsx(564,39): error TS7006: Parameter 'e' implicitly has an 'any' type.
src/components/SoundPreviewSystem.tsx(279,33): error TS7006: Parameter 'audio' implicitly has an 'any' type.
src/components/SoundPreviewSystem.tsx(284,36): error TS7006: Parameter 'interval' implicitly has an 'any' type.
src/components/SoundPreviewSystem.tsx(404,32): error TS7006: Parameter 'audio' implicitly has an 'any' type.
src/components/SoundPreviewSystem.tsx(404,39): error TS7006: Parameter 'soundId' implicitly has an 'any' type.
src/components/SoundPreviewSystem.tsx(470,23): error TS7006: Parameter 'prev' implicitly has an 'any' type.
src/components/SoundPreviewSystem.tsx(864,52): error TS7006: Parameter 'issue' implicitly has an 'any' type.
src/components/SoundPreviewSystem.tsx(864,59): error TS7006: Parameter 'index' implicitly has an 'any' type.
src/components/SoundPreviewSystem.tsx(902,61): error TS7006: Parameter 'rec' implicitly has an 'any' type.
src/components/SoundPreviewSystem.tsx(902,66): error TS7006: Parameter 'index' implicitly has an 'any' type.
src/components/SoundSettings.tsx(145,54): error TS7006: Parameter 'theme' implicitly has an 'any' type.
src/components/SoundSettings.tsx(177,20): error TS7006: Parameter 'prev' implicitly has an 'any' type.
src/components/SoundSettings.tsx(181,22): error TS7006: Parameter 'prev' implicitly has an 'any' type.
src/components/SoundSettings.tsx(185,24): error TS7006: Parameter 'prev' implicitly has an 'any' type.
src/components/SoundSettings.tsx(188,22): error TS7006: Parameter 'prev' implicitly has an 'any' type.
src/components/SoundSettings.tsx(292,28): error TS7006: Parameter 'value' implicitly has an 'any' type.
src/components/SoundSettings.tsx(307,31): error TS7006: Parameter 'theme' implicitly has an 'any' type.
src/components/SoundSettings.tsx(312,28): error TS7006: Parameter 'theme' implicitly has an 'any' type.
src/components/SoundSettings.tsx(341,34): error TS7006: Parameter 'e' implicitly has an 'any' type.
src/components/SoundSettings.tsx(404,38): error TS7006: Parameter 'enabled' implicitly has an 'any' type.
src/components/SoundSettings.tsx(418,36): error TS7006: Parameter 'value' implicitly has an 'any' type.
src/components/SoundSettings.tsx(439,38): error TS7006: Parameter 'enabled' implicitly has an 'any' type.
src/components/SoundSettings.tsx(455,36): error TS7006: Parameter 'value' implicitly has an 'any' type.
src/components/SoundSettings.tsx(476,38): error TS7006: Parameter 'enabled' implicitly has an 'any' type.
src/components/SoundSettings.tsx(490,36): error TS7006: Parameter 'value' implicitly has an 'any' type.
src/components/SoundSettings.tsx(511,38): error TS7006: Parameter 'enabled' implicitly has an 'any' type.
src/components/SoundSettings.tsx(527,36): error TS7006: Parameter 'value' implicitly has an 'any' type.
src/components/SoundSettings.tsx(747,33): error TS7006: Parameter 'theme' implicitly has an 'any' type.
src/components/SoundSettings.tsx(770,33): error TS7006: Parameter 'theme' implicitly has an 'any' type.
src/components/SoundThemeDemo.tsx(177,18): error TS7006: Parameter 'prev' implicitly has an 'any' type.
src/components/SoundThemeDemo.tsx(178,20): error TS7006: Parameter 'prev' implicitly has an 'any' type.
src/components/SoundThemeDemo.tsx(195,22): error TS7006: Parameter 'prev' implicitly has an 'any' type.
src/components/SoundThemeDemo.tsx(198,22): error TS7006: Parameter 'prev' implicitly has an 'any' type.
src/components/SoundThemeDemo.tsx(201,22): error TS7006: Parameter 'prev' implicitly has an 'any' type.
src/components/SoundThemeDemo.tsx(211,18): error TS7006: Parameter 'prev' implicitly has an 'any' type.
src/components/SoundThemeDemo.tsx(217,20): error TS7006: Parameter 'prev' implicitly has an 'any' type.
src/components/SoundUploader.tsx(199,20): error TS7006: Parameter 'prev' implicitly has an 'any' type.
src/components/SoundUploader.tsx(242,27): error TS7006: Parameter 'prev' implicitly has an 'any' type.
src/components/SoundUploader.tsx(259,20): error TS7006: Parameter 'prev' implicitly has an 'any' type.
src/components/SoundUploader.tsx(260,16): error TS7006: Parameter 'item' implicitly has an 'any' type.
src/components/SoundUploader.tsx(265,20): error TS7006: Parameter 'prev' implicitly has an 'any' type.
src/components/SoundUploader.tsx(266,30): error TS7006: Parameter 'i' implicitly has an 'any' type.
src/components/SoundUploader.tsx(273,26): error TS7006: Parameter 'i' implicitly has an 'any' type.
src/components/SoundUploader.tsx(281,27): error TS7006: Parameter 'prev' implicitly has an 'any' type.
src/components/SoundUploader.tsx(281,47): error TS7006: Parameter 's' implicitly has an 'any' type.
src/components/SoundUploader.tsx(298,27): error TS7006: Parameter 'i' implicitly has an 'any' type.
src/components/SoundUploader.tsx(413,34): error TS7006: Parameter 'item' implicitly has an 'any' type.
src/components/SoundUploader.tsx(497,37): error TS7006: Parameter 'sound' implicitly has an 'any' type.
src/components/SoundUploader.tsx(555,37): error TS7006: Parameter 'updatedSound' implicitly has an 'any' type.
src/components/SoundUploader.tsx(556,49): error TS7006: Parameter 'prev' implicitly has an 'any' type.
src/components/SoundUploader.tsx(557,42): error TS7006: Parameter 's' implicitly has an 'any' type.
src/components/SoundUploader.tsx(610,18): error TS7006: Parameter 'tag' implicitly has an 'any' type.
src/components/SoundUploader.tsx(623,18): error TS7006: Parameter 'tag' implicitly has an 'any' type.
src/components/SoundUploader.tsx(642,21): error TS7006: Parameter 'e' implicitly has an 'any' type.
src/components/SoundUploader.tsx(652,21): error TS7006: Parameter 'e' implicitly has an 'any' type.
src/components/SoundUploader.tsx(682,21): error TS7006: Parameter 'e' implicitly has an 'any' type.
src/components/SyncStatus.tsx(61,17): error TS7006: Parameter 'prev' implicitly has an 'any' type.
src/components/SyncStatus.tsx(66,17): error TS7006: Parameter 'prev' implicitly has an 'any' type.
src/components/SyncStatus.tsx(180,26): error TS7006: Parameter 'e' implicitly has an 'any' type.
src/components/TabProtectionSettings.tsx(94,23): error TS7006: Parameter 'e' implicitly has an 'any' type.
src/components/TabProtectionSettings.tsx(128,33): error TS7006: Parameter 'e' implicitly has an 'any' type.
src/components/TabProtectionSettings.tsx(142,33): error TS7006: Parameter 'e' implicitly has an 'any' type.
src/components/TabProtectionSettings.tsx(166,35): error TS7006: Parameter 'e' implicitly has an 'any' type.
src/components/TabProtectionSettings.tsx(180,33): error TS7006: Parameter 'e' implicitly has an 'any' type.
src/components/TabProtectionSettings.tsx(217,31): error TS7006: Parameter 'e' implicitly has an 'any' type.
src/components/TabProtectionSettings.tsx(233,35): error TS7006: Parameter 'e' implicitly has an 'any' type.
src/components/TabProtectionSettings.tsx(260,35): error TS7006: Parameter 'e' implicitly has an 'any' type.
src/components/TabProtectionSettings.tsx(279,35): error TS7006: Parameter 'e' implicitly has an 'any' type.
src/components/TabProtectionSettings.tsx(292,35): error TS7006: Parameter 'e' implicitly has an 'any' type.
src/components/TabProtectionSettings.tsx(340,27): error TS7006: Parameter 'e' implicitly has an 'any' type.
src/components/TabProtectionWarning.tsx(37,45): error TS7006: Parameter 'alarm' implicitly has an 'any' type.
src/components/TabProtectionWarning.tsx(191,26): error TS7006: Parameter 'alarm' implicitly has an 'any' type.
src/components/ThemeCreator.tsx(257,22): error TS7006: Parameter 'prev' implicitly has an 'any' type.
src/components/ThemeCreator.tsx(309,21): error TS7006: Parameter 'prev' implicitly has an 'any' type.
src/components/ThemeCreator.tsx(344,19): error TS7006: Parameter 'e' implicitly has an 'any' type.
src/components/ThemeCreator.tsx(371,21): error TS7006: Parameter 'e' implicitly has an 'any' type.
src/components/ThemeCreator.tsx(489,29): error TS7006: Parameter 'e' implicitly has an 'any' type.
src/components/ThemeCreator.tsx(550,33): error TS7006: Parameter 'e' implicitly has an 'any' type.
src/components/ThemeCreator.tsx(561,33): error TS7006: Parameter 'e' implicitly has an 'any' type.
src/components/ThemeCreator.tsx(614,37): error TS7006: Parameter 'e' implicitly has an 'any' type.
src/components/ThemeCreator.tsx(626,37): error TS7006: Parameter 'newColor' implicitly has an 'any' type.
src/components/ThemeCustomizationStudio.tsx(26,19): error TS7006: Parameter 'e' implicitly has an 'any' type.
src/components/ThemeCustomizationStudio.tsx(32,19): error TS7006: Parameter 'e' implicitly has an 'any' type.
src/components/ThemeCustomizationStudio.tsx(61,21): error TS7006: Parameter 'e' implicitly has an 'any' type.
src/components/ThemeCustomizationStudio.tsx(95,22): error TS7006: Parameter 'prev' implicitly has an 'any' type.
src/components/ThemeCustomizationStudio.tsx(110,20): error TS7006: Parameter 'prev' implicitly has an 'any' type.
src/components/ThemeCustomizationStudio.tsx(121,27): error TS7006: Parameter 'prev' implicitly has an 'any' type.
src/components/ThemeCustomizationStudio.tsx(268,23): error TS7006: Parameter 'e' implicitly has an 'any' type.
src/components/ThemeCustomizationStudio.tsx(281,25): error TS7006: Parameter 'e' implicitly has an 'any' type.
src/components/ThemeCustomizationStudio.tsx(336,41): error TS7006: Parameter 'newColor' implicitly has an 'any' type.
src/components/ThemeCustomizationStudio.tsx(364,39): error TS7006: Parameter 'e' implicitly has an 'any' type.
src/components/ThemeCustomizationStudio.tsx(387,39): error TS7006: Parameter 'e' implicitly has an 'any' type.
src/components/ThemeCustomizationStudio.tsx(406,31): error TS7006: Parameter 'e' implicitly has an 'any' type.
src/components/ThemeCustomizationStudio.tsx(504,39): error TS7006: Parameter 'e' implicitly has an 'any' type.
src/components/ThemeCustomizationStudio.tsx(505,46): error TS7006: Parameter 'prev' implicitly has an 'any' type.
src/components/ThemeCustomizationStudio.tsx(536,39): error TS7006: Parameter 'e' implicitly has an 'any' type.
src/components/ThemeCustomizationStudio.tsx(537,46): error TS7006: Parameter 'prev' implicitly has an 'any' type.
src/components/ThemeGallery.tsx(269,24): error TS7006: Parameter 'tag' implicitly has an 'any' type.
src/components/ThemeGallery.tsx(332,47): error TS7006: Parameter 't' implicitly has an 'any' type.
src/components/ThemeGallery.tsx(336,43): error TS7006: Parameter 't' implicitly has an 'any' type.
src/components/ThemeGallery.tsx(451,45): error TS7006: Parameter 'tag' implicitly has an 'any' type.
src/components/ThemeGallery.tsx(549,23): error TS7006: Parameter 'e' implicitly has an 'any' type.
src/components/ThemeGallery.tsx(558,23): error TS7006: Parameter 'e' implicitly has an 'any' type.
src/components/ThemeGallery.tsx(570,23): error TS7006: Parameter 'e' implicitly has an 'any' type.
src/components/ThemeManager.tsx(266,28): error TS7006: Parameter 'e' implicitly has an 'any' type.
src/components/ThemeManager.tsx(295,47): error TS7006: Parameter 'customTheme' implicitly has an 'any' type.
src/components/ThemeManager.tsx(518,45): error TS7006: Parameter 'customTheme' implicitly has an 'any' type.
src/components/TranslationDashboard.tsx(298,34): error TS7006: Parameter 'sum' implicitly has an 'any' type.
src/components/TranslationDashboard.tsx(298,39): error TS7006: Parameter 'd' implicitly has an 'any' type.
src/components/TranslationDashboard.tsx(306,34): error TS7006: Parameter 'sum' implicitly has an 'any' type.
src/components/TranslationDashboard.tsx(306,39): error TS7006: Parameter 'd' implicitly has an 'any' type.
src/components/TranslationDashboard.tsx(314,34): error TS7006: Parameter 'sum' implicitly has an 'any' type.
src/components/TranslationDashboard.tsx(314,39): error TS7006: Parameter 'd' implicitly has an 'any' type.
src/components/TranslationDashboard.tsx(322,34): error TS7006: Parameter 'sum' implicitly has an 'any' type.
src/components/TranslationDashboard.tsx(322,39): error TS7006: Parameter 'd' implicitly has an 'any' type.
src/components/TranslationDashboard.tsx(330,34): error TS7006: Parameter 'sum' implicitly has an 'any' type.
src/components/TranslationDashboard.tsx(330,39): error TS7006: Parameter 'd' implicitly has an 'any' type.
src/components/TranslationDashboard.tsx(352,29): error TS7006: Parameter 'lang' implicitly has an 'any' type.
src/components/TranslationDashboard.tsx(398,27): error TS7006: Parameter 'lang' implicitly has an 'any' type.
src/components/TranslationDashboard.tsx(442,54): error TS7006: Parameter 'rec' implicitly has an 'any' type.
src/components/TranslationDashboard.tsx(442,59): error TS7006: Parameter 'idx' implicitly has an 'any' type.
src/components/TranslationDashboard.tsx(460,32): error TS7006: Parameter 'd' implicitly has an 'any' type.
src/components/TranslationDashboard.tsx(465,33): error TS7006: Parameter 'd' implicitly has an 'any' type.
src/components/TranslationDashboard.tsx(466,30): error TS7006: Parameter 'lang' implicitly has an 'any' type.
src/components/TranslationDashboard.tsx(491,31): error TS7006: Parameter 'd' implicitly has an 'any' type.
src/components/TranslationDashboard.tsx(492,28): error TS7006: Parameter 'lang' implicitly has an 'any' type.
src/components/TranslationDashboard.tsx(516,31): error TS7006: Parameter 'd' implicitly has an 'any' type.
src/components/TranslationDashboard.tsx(517,28): error TS7006: Parameter 'lang' implicitly has an 'any' type.
src/components/UserProfile.tsx(45,19): error TS7006: Parameter 'prev' implicitly has an 'any' type.
src/components/UserProfile.tsx(47,19): error TS7006: Parameter 'prev' implicitly has an 'any' type.
src/components/VirtualScroll.tsx(48,35): error TS7006: Parameter 'height' implicitly has an 'any' type.
src/components/VirtualScroll.tsx(53,35): error TS7006: Parameter 'height' implicitly has an 'any' type.
src/components/VirtualScroll.tsx(279,15): error TS7006: Parameter 'prev' implicitly has an 'any' type.
src/components/VisualAlarmDisplay.tsx(135,18): error TS7006: Parameter 'prevParticles' implicitly has an 'any' type.
src/components/VisualAlarmDisplay.tsx(136,25): error TS7006: Parameter 'particle' implicitly has an 'any' type.
src/components/VisualAlarmDisplay.tsx(177,23): error TS7006: Parameter 'particle' implicitly has an 'any' type.
src/components/VoiceAnalyticsDashboard.tsx(261,27): error TS7006: Parameter 'e' implicitly has an 'any' type.
src/components/VoiceAnalyticsDashboard.tsx(404,65): error TS7006: Parameter 'day' implicitly has an 'any' type.
src/components/VoiceAnalyticsDashboard.tsx(404,70): error TS7006: Parameter 'index' implicitly has an 'any' type.
src/components/VoiceAnalyticsDashboard.tsx(427,55): error TS7006: Parameter 'command' implicitly has an 'any' type.
src/components/VoiceAnalyticsDashboard.tsx(427,64): error TS7006: Parameter 'index' implicitly has an 'any' type.
src/components/VoiceAnalyticsDashboard.tsx(512,71): error TS7006: Parameter 'point' implicitly has an 'any' type.
src/components/VoiceAnalyticsDashboard.tsx(512,78): error TS7006: Parameter 'index' implicitly has an 'any' type.
src/components/VoiceAnalyticsDashboard.tsx(582,70): error TS7006: Parameter 'mood' implicitly has an 'any' type.
src/components/VoiceAnalyticsDashboard.tsx(622,59): error TS7006: Parameter 'achievement' implicitly has an 'any' type.
src/components/VoiceAnalyticsDashboard.tsx(622,72): error TS7006: Parameter 'index' implicitly has an 'any' type.
src/components/VoiceAnalyticsDashboard.tsx(646,64): error TS7006: Parameter 'rec' implicitly has an 'any' type.
src/components/VoiceAnalyticsDashboard.tsx(646,69): error TS7006: Parameter 'index' implicitly has an 'any' type.
src/components/VoiceAnalyticsDashboard.tsx(666,57): error TS7006: Parameter 'pattern' implicitly has an 'any' type.
src/components/VoiceAnalyticsDashboard.tsx(666,66): error TS7006: Parameter 'index' implicitly has an 'any' type.
src/components/VoiceAnalyticsDashboard.tsx(687,56): error TS7006: Parameter 'step' implicitly has an 'any' type.
src/components/VoiceAnalyticsDashboard.tsx(687,62): error TS7006: Parameter 'index' implicitly has an 'any' type.
src/components/VoiceCloning.tsx(87,20): error TS7006: Parameter 'prev' implicitly has an 'any' type.
src/components/VoiceCloning.tsx(98,26): error TS7006: Parameter 'prev' implicitly has an 'any' type.
src/components/VoiceCloning.tsx(135,20): error TS7006: Parameter 'prev' implicitly has an 'any' type.
src/components/VoiceCloning.tsx(144,33): error TS7006: Parameter 's' implicitly has an 'any' type.
src/components/VoiceCloning.tsx(180,16): error TS7006: Parameter 'prev' implicitly has an 'any' type.
src/components/VoiceCloning.tsx(180,36): error TS7006: Parameter 's' implicitly has an 'any' type.
src/components/VoiceCloning.tsx(189,33): error TS7006: Parameter 's' implicitly has an 'any' type.
src/components/VoiceCloning.tsx(207,38): error TS7006: Parameter 'sample' implicitly has an 'any' type.
src/components/VoiceCloning.tsx(417,30): error TS7006: Parameter 'sample' implicitly has an 'any' type.
src/components/VoiceCloning.tsx(469,68): error TS7006: Parameter 's' implicitly has an 'any' type.
src/components/VoicePersonalitySelector.tsx(299,24): error TS7006: Parameter 'e' implicitly has an 'any' type.
src/components/VoiceSelector.tsx(126,60): error TS7006: Parameter 'characteristic' implicitly has an 'any' type.
src/components/VoiceSelector.tsx(238,35): error TS7006: Parameter 'voice' implicitly has an 'any' type.
src/components/VoiceSelector.tsx(251,28): error TS7006: Parameter 'voice' implicitly has an 'any' type.
src/components/VoiceSelector.tsx(350,56): error TS7006: Parameter 'av' implicitly has an 'any' type.
src/components/VoiceSettings.tsx(102,22): error TS7006: Parameter 'prev' implicitly has an 'any' type.
src/components/VoiceSettings.tsx(109,16): error TS7006: Parameter 'prev' implicitly has an 'any' type.
src/components/VoiceSettings.tsx(121,24): error TS7006: Parameter 'prev' implicitly has an 'any' type.
src/components/VoiceSettings.tsx(127,24): error TS7006: Parameter 'prev' implicitly has an 'any' type.
src/components/VoiceSettings.tsx(175,47): error TS7006: Parameter 'p' implicitly has an 'any' type.
src/components/VoiceSettings.tsx(215,30): error TS7006: Parameter 'provider' implicitly has an 'any' type.
src/components/VoiceSettings.tsx(256,33): error TS7006: Parameter 'e' implicitly has an 'any' type.
src/components/VoiceSettings.tsx(322,33): error TS7006: Parameter 'e' implicitly has an 'any' type.
src/components/VoiceSettings.tsx(326,57): error TS7006: Parameter 'voice' implicitly has an 'any' type.
src/components/VoiceSettings.tsx(352,29): error TS7006: Parameter 'e' implicitly has an 'any' type.
src/components/VoiceSettings.tsx(353,39): error TS7006: Parameter 'prev' implicitly has an 'any' type.
src/components/VoiceSettings.tsx(372,29): error TS7006: Parameter 'e' implicitly has an 'any' type.
src/components/VoiceSettings.tsx(373,39): error TS7006: Parameter 'prev' implicitly has an 'any' type.
src/components/VoiceSettings.tsx(392,29): error TS7006: Parameter 'e' implicitly has an 'any' type.
src/components/VoiceSettings.tsx(393,39): error TS7006: Parameter 'prev' implicitly has an 'any' type.
src/components/VoiceSettings.tsx(408,29): error TS7006: Parameter 'e' implicitly has an 'any' type.
src/components/VoiceSettings.tsx(409,39): error TS7006: Parameter 'prev' implicitly has an 'any' type.
src/components/VoiceSettings.tsx(423,29): error TS7006: Parameter 'e' implicitly has an 'any' type.
src/components/VoiceSettings.tsx(424,39): error TS7006: Parameter 'prev' implicitly has an 'any' type.
src/components/WakeUpFeedbackModal.tsx(104,17): error TS7006: Parameter 'prev' implicitly has an 'any' type.
src/components/WakeUpFeedbackModal.tsx(167,29): error TS7006: Parameter 'e' implicitly has an 'any' type.
src/components/WakeUpFeedbackModal.tsx(235,27): error TS7006: Parameter 'e' implicitly has an 'any' type.
src/components/WakeUpFeedbackModal.tsx(270,25): error TS7006: Parameter 'e' implicitly has an 'any' type.
src/components/WakeUpFeedbackModal.tsx(292,29): error TS7006: Parameter 'e' implicitly has an 'any' type.
src/components/WakeUpFeedbackModal.tsx(310,29): error TS7006: Parameter 'e' implicitly has an 'any' type.
src/components/WakeUpFeedbackModal.tsx(331,25): error TS7006: Parameter 'e' implicitly has an 'any' type.
src/components/animations/AnimationLibrary.tsx(612,19): error TS7006: Parameter 'prev' implicitly has an 'any' type.
src/components/animations/MicroInteractions.tsx(135,21): error TS7006: Parameter 'e' implicitly has an 'any' type.
src/components/animations/MicroInteractions.tsx(235,18): error TS7006: Parameter 'opt' implicitly has an 'any' type.
src/components/animations/MicroInteractions.tsx(370,27): error TS7006: Parameter 'option' implicitly has an 'any' type.
src/components/animations/MicroInteractions.tsx(370,35): error TS7006: Parameter 'index' implicitly has an 'any' type.
src/components/animations/MicroInteractions.tsx(487,18): error TS7006: Parameter 'prev' implicitly has an 'any' type.
src/components/animations/MicroInteractions.tsx(491,20): error TS7006: Parameter 'prev' implicitly has an 'any' type.
src/components/animations/MicroInteractions.tsx(491,40): error TS7006: Parameter 'ripple' implicitly has an 'any' type.
src/components/animations/MicroInteractions.tsx(529,22): error TS7006: Parameter 'ripple' implicitly has an 'any' type.
src/components/premium/EnhancedUpgradePrompt.tsx(77,29): error TS7006: Parameter 'prev' implicitly has an 'any' type.
src/components/premium/FeatureUtils.tsx(145,31): error TS7006: Parameter 'feature' implicitly has an 'any' type.
src/components/premium/FeatureUtils.tsx(145,40): error TS7006: Parameter 'index' implicitly has an 'any' type.
src/components/premium/PaymentFlow.tsx(187,19): error TS7006: Parameter 'prev' implicitly has an 'any' type.
src/components/premium/PaymentFlow.tsx(195,19): error TS7006: Parameter 'prev' implicitly has an 'any' type.
src/components/premium/PaymentFlow.tsx(203,27): error TS7006: Parameter 'prev' implicitly has an 'any' type.
src/components/premium/PaymentFlow.tsx(456,33): error TS7006: Parameter 'e' implicitly has an 'any' type.
src/components/premium/PaymentFlow.tsx(473,33): error TS7006: Parameter 'e' implicitly has an 'any' type.
src/components/premium/PaymentFlow.tsx(490,33): error TS7006: Parameter 'e' implicitly has an 'any' type.
src/components/premium/PaymentFlow.tsx(507,33): error TS7006: Parameter 'e' implicitly has an 'any' type.
src/components/premium/PaymentFlow.tsx(530,35): error TS7006: Parameter 'e' implicitly has an 'any' type.
src/components/premium/PaymentFlow.tsx(550,35): error TS7006: Parameter 'e' implicitly has an 'any' type.
src/components/premium/PaymentFlow.tsx(562,35): error TS7006: Parameter 'e' implicitly has an 'any' type.
src/components/premium/PaymentFlow.tsx(580,35): error TS7006: Parameter 'e' implicitly has an 'any' type.
src/components/premium/PaymentFlow.tsx(592,35): error TS7006: Parameter 'e' implicitly has an 'any' type.
src/components/premium/PaymentFlow.tsx(610,35): error TS7006: Parameter 'e' implicitly has an 'any' type.
src/components/premium/PaymentFlow.tsx(628,27): error TS7006: Parameter 'e' implicitly has an 'any' type.
src/components/premium/PremiumAlarmFeatures.tsx(60,32): error TS7006: Parameter 'value' implicitly has an 'any' type.
src/components/premium/PremiumAlarmFeatures.tsx(304,15): error TS7006: Parameter 'sound' implicitly has an 'any' type.
src/components/premium/PremiumAlarmFeatures.tsx(540,33): error TS7006: Parameter 'location' implicitly has an 'any' type.
src/components/premium/PremiumAlarmFeatures.tsx(540,43): error TS7006: Parameter 'index' implicitly has an 'any' type.
src/components/premium/PremiumFeaturePreview.tsx(50,29): error TS7006: Parameter 'prev' implicitly has an 'any' type.
src/components/premium/PremiumTeamFeatures.tsx(152,29): error TS7006: Parameter 'member' implicitly has an 'any' type.
src/components/premium/PremiumTeamFeatures.tsx(304,36): error TS7006: Parameter 'challenge' implicitly has an 'any' type.
src/components/premium/PremiumTeamFeatures.tsx(375,26): error TS7006: Parameter 'partner' implicitly has an 'any' type.
src/components/premium/PremiumTeamFeatures.tsx(404,34): error TS7006: Parameter 'request' implicitly has an 'any' type.
src/components/premium/PremiumTeamFeatures.tsx(483,31): error TS7006: Parameter 'team' implicitly has an 'any' type.
src/components/premium/PremiumTeamFeatures.tsx(483,37): error TS7006: Parameter 'index' implicitly has an 'any' type.
src/components/premium/PremiumTeamFeatures.tsx(552,34): error TS7006: Parameter 'checked' implicitly has an 'any' type.
src/components/premium/PremiumTeamFeatures.tsx(553,37): error TS7006: Parameter 'prev' implicitly has an 'any' type.
src/components/premium/PremiumVoiceFeatures.tsx(122,32): error TS7006: Parameter 'value' implicitly has an 'any' type.
src/components/premium/PremiumVoiceFeatures.tsx(123,36): error TS7006: Parameter 'prev' implicitly has an 'any' type.
src/components/premium/PremiumVoiceFeatures.tsx(137,32): error TS7006: Parameter 'value' implicitly has an 'any' type.
src/components/premium/PremiumVoiceFeatures.tsx(138,36): error TS7006: Parameter 'prev' implicitly has an 'any' type.
src/components/premium/PremiumVoiceFeatures.tsx(154,32): error TS7006: Parameter 'value' implicitly has an 'any' type.
src/components/premium/PremiumVoiceFeatures.tsx(155,36): error TS7006: Parameter 'prev' implicitly has an 'any' type.
src/components/premium/PremiumVoiceFeatures.tsx(181,29): error TS7006: Parameter 'e' implicitly has an 'any' type.
src/components/premium/PremiumVoiceFeatures.tsx(183,40): error TS7006: Parameter 'prev' implicitly has an 'any' type.
src/components/premium/PremiumVoiceFeatures.tsx(185,40): error TS7006: Parameter 'prev' implicitly has an 'any' type.
src/components/premium/PremiumVoiceFeatures.tsx(185,60): error TS7006: Parameter 'g' implicitly has an 'any' type.
src/components/premium/PremiumVoiceFeatures.tsx(247,30): error TS7006: Parameter 'value' implicitly has an 'any' type.
src/components/premium/PremiumVoiceFeatures.tsx(264,28): error TS7006: Parameter 'command' implicitly has an 'any' type.
src/components/premium/PremiumVoiceFeatures.tsx(264,37): error TS7006: Parameter 'index' implicitly has an 'any' type.
src/components/premium/PremiumVoiceFeatures.tsx(286,23): error TS7006: Parameter 'e' implicitly has an 'any' type.
src/components/premium/PremiumVoiceFeatures.tsx(286,42): error TS7006: Parameter 'prev' implicitly has an 'any' type.
src/components/premium/PremiumVoiceFeatures.tsx(291,23): error TS7006: Parameter 'e' implicitly has an 'any' type.
src/components/premium/PremiumVoiceFeatures.tsx(291,42): error TS7006: Parameter 'prev' implicitly has an 'any' type.
src/components/premium/PremiumVoiceFeatures.tsx(349,36): error TS7006: Parameter 'checked' implicitly has an 'any' type.
src/components/premium/PremiumVoiceFeatures.tsx(350,37): error TS7006: Parameter 'prev' implicitly has an 'any' type.
src/components/premium/PremiumVoiceFeatures.tsx(382,38): error TS7006: Parameter 'message' implicitly has an 'any' type.
src/components/premium/PremiumVoiceFeatures.tsx(382,47): error TS7006: Parameter 'index' implicitly has an 'any' type.
src/components/premium/PremiumVoiceFeatures.tsx(400,25): error TS7006: Parameter 'e' implicitly has an 'any' type.
src/components/premium/PremiumVoiceFeatures.tsx(406,37): error TS7006: Parameter 'prev' implicitly has an 'any' type.
src/components/premium/PremiumVoiceFeatures.tsx(486,30): error TS7006: Parameter 'value' implicitly has an 'any' type.
src/components/premium/PsychologyDrivenCTA.tsx(65,19): error TS7006: Parameter 'prev' implicitly has an 'any' type.
src/components/premium/PsychologyDrivenCTA.tsx(85,20): error TS7006: Parameter 'prev' implicitly has an 'any' type.
src/components/premium/SubscriptionManagement.tsx(222,25): error TS7006: Parameter 'prev' implicitly has an 'any' type.
src/components/premium/SubscriptionManagement.tsx(357,42): error TS7006: Parameter 'value' implicitly has an 'any' type.
src/components/premium/SubscriptionManagement.tsx(358,49): error TS7006: Parameter 'prev' implicitly has an 'any' type.
src/components/premium/SubscriptionManagement.tsx(379,37): error TS7006: Parameter 'e' implicitly has an 'any' type.
src/components/premium/SubscriptionManagement.tsx(380,49): error TS7006: Parameter 'prev' implicitly has an 'any' type.
src/components/premium/SubscriptionManagement.tsx(400,53): error TS7006: Parameter 'prev' implicitly has an 'any' type.
src/components/premium/SubscriptionManagement.tsx(418,53): error TS7006: Parameter 'prev' implicitly has an 'any' type.
src/components/ui/chart.tsx(172,23): error TS7006: Parameter 'item' implicitly has an 'any' type.
src/components/ui/chart.tsx(172,29): error TS7006: Parameter 'index' implicitly has an 'any' type.
src/components/ui/chart.tsx(268,20): error TS7006: Parameter 'item' implicitly has an 'any' type.
src/components/ui/sidebar.tsx(95,37): error TS7006: Parameter 'open' implicitly has an 'any' type.
src/components/ui/sidebar.tsx(95,62): error TS7006: Parameter 'open' implicitly has an 'any' type.
src/components/ui/sidebar.tsx(269,16): error TS7006: Parameter 'event' implicitly has an 'any' type.
src/components/user-testing/BetaTestingProgram.tsx(208,44): error TS7006: Parameter 'f' implicitly has an 'any' type.
src/components/user-testing/BetaTestingProgram.tsx(209,52): error TS7006: Parameter 'r' implicitly has an 'any' type.
src/components/user-testing/BetaTestingProgram.tsx(210,42): error TS7006: Parameter 'r' implicitly has an 'any' type.
src/components/user-testing/BetaTestingProgram.tsx(223,12): error TS7006: Parameter 'email' implicitly has an 'any' type.
src/components/user-testing/BetaTestingProgram.tsx(224,15): error TS7006: Parameter 'email' implicitly has an 'any' type.
src/components/user-testing/BetaTestingProgram.tsx(251,20): error TS7006: Parameter 'p' implicitly has an 'any' type.
src/components/user-testing/BetaTestingProgram.tsx(280,50): error TS7006: Parameter '_' implicitly has an 'any' type.
src/components/user-testing/BetaTestingProgram.tsx(280,53): error TS7006: Parameter 'i' implicitly has an 'any' type.
src/components/user-testing/BetaTestingProgram.tsx(393,27): error TS7006: Parameter 'program' implicitly has an 'any' type.
src/components/user-testing/BetaTestingProgram.tsx(454,50): error TS7006: Parameter 'feature' implicitly has an 'any' type.
src/components/user-testing/BetaTestingProgram.tsx(454,59): error TS7006: Parameter 'index' implicitly has an 'any' type.
src/components/user-testing/BetaTestingProgram.tsx(464,54): error TS7006: Parameter 'req' implicitly has an 'any' type.
src/components/user-testing/BetaTestingProgram.tsx(464,59): error TS7006: Parameter 'index' implicitly has an 'any' type.
src/components/user-testing/BetaTestingProgram.tsx(474,49): error TS7006: Parameter 'reward' implicitly has an 'any' type.
src/components/user-testing/BetaTestingProgram.tsx(474,57): error TS7006: Parameter 'index' implicitly has an 'any' type.
src/components/user-testing/BetaTestingProgram.tsx(496,26): error TS7006: Parameter 'tester' implicitly has an 'any' type.
src/components/user-testing/BetaTestingProgram.tsx(505,34): error TS7006: Parameter 'n' implicitly has an 'any' type.
src/components/user-testing/BetaTestingProgram.tsx(556,27): error TS7006: Parameter 'item' implicitly has an 'any' type.
src/components/user-testing/BetaTestingProgram.tsx(582,47): error TS7006: Parameter 'p' implicitly has an 'any' type.
src/components/user-testing/BetaTestingProgram.tsx(607,29): error TS7006: Parameter 'e' implicitly has an 'any' type.
src/components/user-testing/BetaTestingProgram.tsx(617,29): error TS7006: Parameter 'e' implicitly has an 'any' type.
src/components/user-testing/BetaTestingProgram.tsx(633,27): error TS7006: Parameter 'e' implicitly has an 'any' type.
src/components/user-testing/BetaTestingProgram.tsx(648,29): error TS7006: Parameter 'e' implicitly has an 'any' type.
src/components/user-testing/BetaTestingProgram.tsx(660,29): error TS7006: Parameter 'e' implicitly has an 'any' type.
src/components/user-testing/BetaTestingProgram.tsx(682,43): error TS7006: Parameter 'item' implicitly has an 'any' type.
src/components/user-testing/BetaTestingProgram.tsx(682,49): error TS7006: Parameter 'index' implicitly has an 'any' type.
src/components/user-testing/BetaTestingProgram.tsx(686,35): error TS7006: Parameter 'e' implicitly has an 'any' type.
src/components/user-testing/BetaTestingProgram.tsx(731,27): error TS7006: Parameter 'e' implicitly has an 'any' type.
src/components/user-testing/BugReportModal.tsx(142,38): error TS7006: Parameter '_' implicitly has an 'any' type.
src/components/user-testing/BugReportModal.tsx(142,41): error TS7006: Parameter 'i' implicitly has an 'any' type.
src/components/user-testing/BugReportModal.tsx(155,25): error TS7006: Parameter 'tag' implicitly has an 'any' type.
src/components/user-testing/BugReportModal.tsx(168,29): error TS7006: Parameter 'step' implicitly has an 'any' type.
src/components/user-testing/BugReportModal.tsx(269,31): error TS7006: Parameter 'e' implicitly has an 'any' type.
src/components/user-testing/BugReportModal.tsx(281,31): error TS7006: Parameter 'e' implicitly has an 'any' type.
src/components/user-testing/BugReportModal.tsx(374,31): error TS7006: Parameter 'e' implicitly has an 'any' type.
src/components/user-testing/BugReportModal.tsx(386,31): error TS7006: Parameter 'e' implicitly has an 'any' type.
src/components/user-testing/BugReportModal.tsx(409,35): error TS7006: Parameter 'step' implicitly has an 'any' type.
src/components/user-testing/BugReportModal.tsx(409,41): error TS7006: Parameter 'index' implicitly has an 'any' type.
src/components/user-testing/BugReportModal.tsx(418,39): error TS7006: Parameter 'e' implicitly has an 'any' type.
src/components/user-testing/BugReportModal.tsx(444,33): error TS7006: Parameter 'e' implicitly has an 'any' type.
src/components/user-testing/BugReportModal.tsx(447,34): error TS7006: Parameter 'e' implicitly has an 'any' type.
src/components/user-testing/BugReportModal.tsx(462,33): error TS7006: Parameter 'tag' implicitly has an 'any' type.
src/components/user-testing/FeedbackModal.tsx(272,29): error TS7006: Parameter 'e' implicitly has an 'any' type.
src/components/user-testing/FeedbackModal.tsx(284,29): error TS7006: Parameter 'e' implicitly has an 'any' type.
src/components/user-testing/RedesignedFeedbackModal.tsx(212,25): error TS7006: Parameter 'prev' implicitly has an 'any' type.
src/components/user-testing/RedesignedFeedbackModal.tsx(223,22): error TS7006: Parameter 'prev' implicitly has an 'any' type.
src/components/user-testing/RedesignedFeedbackModal.tsx(229,22): error TS7006: Parameter 'prev' implicitly has an 'any' type.
src/components/user-testing/RedesignedFeedbackModal.tsx(367,33): error TS7006: Parameter 'prev' implicitly has an 'any' type.
src/components/user-testing/RedesignedFeedbackModal.tsx(414,35): error TS7006: Parameter 'prev' implicitly has an 'any' type.
src/components/user-testing/RedesignedFeedbackModal.tsx(444,48): error TS7006: Parameter 'prev' implicitly has an 'any' type.
src/components/user-testing/RedesignedFeedbackModal.tsx(474,37): error TS7006: Parameter 'prev' implicitly has an 'any' type.
src/components/user-testing/RedesignedFeedbackModal.tsx(510,23): error TS7006: Parameter 'e' implicitly has an 'any' type.
src/components/user-testing/RedesignedFeedbackModal.tsx(511,31): error TS7006: Parameter 'prev' implicitly has an 'any' type.
src/components/user-testing/RedesignedFeedbackModal.tsx(526,23): error TS7006: Parameter 'e' implicitly has an 'any' type.
src/components/user-testing/RedesignedFeedbackModal.tsx(527,31): error TS7006: Parameter 'prev' implicitly has an 'any' type.
src/components/user-testing/RedesignedFeedbackModal.tsx(555,32): error TS7006: Parameter 'checked' implicitly has an 'any' type.
src/components/user-testing/RedesignedFeedbackModal.tsx(556,33): error TS7006: Parameter 'prev' implicitly has an 'any' type.
src/components/user-testing/RedesignedFeedbackModal.tsx(581,35): error TS7006: Parameter 'prev' implicitly has an 'any' type.
src/components/user-testing/RedesignedFeedbackModal.tsx(652,41): error TS7006: Parameter 'prev' implicitly has an 'any' type.
src/components/user-testing/RedesignedFeedbackModal.tsx(681,37): error TS7006: Parameter 'prev' implicitly has an 'any' type.
src/components/user-testing/RedesignedFeedbackModal.tsx(684,44): error TS7006: Parameter 't' implicitly has an 'any' type.
src/components/user-testing/RedesignedFeedbackWidget.tsx(153,24): error TS7006: Parameter 'prev' implicitly has an 'any' type.
src/components/user-testing/RedesignedFeedbackWidget.tsx(154,30): error TS7006: Parameter 'prev' implicitly has an 'any' type.
src/components/user-testing/UsabilityAnalyticsDashboard.tsx(116,30): error TS7006: Parameter 'sum' implicitly has an 'any' type.
src/components/user-testing/UsabilityAnalyticsDashboard.tsx(116,35): error TS7006: Parameter 'session' implicitly has an 'any' type.
src/components/user-testing/UsabilityAnalyticsDashboard.tsx(129,41): error TS7006: Parameter 's' implicitly has an 'any' type.
src/components/user-testing/UsabilityAnalyticsDashboard.tsx(138,15): error TS7006: Parameter 'e' implicitly has an 'any' type.
src/components/user-testing/UsabilityAnalyticsDashboard.tsx(140,10): error TS7006: Parameter 'acc' implicitly has an 'any' type.
src/components/user-testing/UsabilityAnalyticsDashboard.tsx(140,15): error TS7006: Parameter 'event' implicitly has an 'any' type.
src/components/user-testing/UsabilityAnalyticsDashboard.tsx(149,15): error TS7006: Parameter 'e' implicitly has an 'any' type.
src/components/user-testing/UsabilityAnalyticsDashboard.tsx(151,10): error TS7006: Parameter 'acc' implicitly has an 'any' type.
src/components/user-testing/UsabilityAnalyticsDashboard.tsx(151,15): error TS7006: Parameter 'event' implicitly has an 'any' type.
src/components/user-testing/UsabilityAnalyticsDashboard.tsx(160,15): error TS7006: Parameter 'e' implicitly has an 'any' type.
src/components/user-testing/UsabilityAnalyticsDashboard.tsx(162,10): error TS7006: Parameter 'acc' implicitly has an 'any' type.
src/components/user-testing/UsabilityAnalyticsDashboard.tsx(162,15): error TS7006: Parameter 'event' implicitly has an 'any' type.
src/components/user-testing/UsabilityAnalyticsDashboard.tsx(195,15): error TS7006: Parameter 'f' implicitly has an 'any' type.
src/components/user-testing/UsabilityAnalyticsDashboard.tsx(197,10): error TS7006: Parameter 'acc' implicitly has an 'any' type.
src/components/user-testing/UsabilityAnalyticsDashboard.tsx(197,15): error TS7006: Parameter 'f' implicitly has an 'any' type.
src/components/user-testing/UsabilityAnalyticsDashboard.tsx(205,8): error TS7006: Parameter 'acc' implicitly has an 'any' type.
src/components/user-testing/UsabilityAnalyticsDashboard.tsx(205,13): error TS7006: Parameter 'f' implicitly has an 'any' type.
src/components/user-testing/UsabilityAnalyticsDashboard.tsx(213,8): error TS7006: Parameter 'acc' implicitly has an 'any' type.
src/components/user-testing/UsabilityAnalyticsDashboard.tsx(213,13): error TS7006: Parameter 'f' implicitly has an 'any' type.
src/components/user-testing/UsabilityAnalyticsDashboard.tsx(221,8): error TS7006: Parameter 'acc' implicitly has an 'any' type.
src/components/user-testing/UsabilityAnalyticsDashboard.tsx(221,13): error TS7006: Parameter 'f' implicitly has an 'any' type.
src/components/user-testing/UsabilityAnalyticsDashboard.tsx(274,23): error TS7006: Parameter 'e' implicitly has an 'any' type.
src/components/user-testing/UsabilityAnalyticsDashboard.tsx(506,50): error TS7006: Parameter 'feedback' implicitly has an 'any' type.
src/components/user-testing/UsabilityAnalyticsDashboard.tsx(561,47): error TS7006: Parameter 'bug' implicitly has an 'any' type.
src/contexts/StrugglingsamContext.tsx(489,7): error TS7006: Parameter 'f' implicitly has an 'any' type.
src/contexts/StrugglingsamContext.tsx(498,7): error TS7006: Parameter 'f' implicitly has an 'any' type.
src/hooks/useABTesting.tsx(77,14): error TS7006: Parameter 'prev' implicitly has an 'any' type.
src/hooks/useABTesting.tsx(122,18): error TS7006: Parameter 'prev' implicitly has an 'any' type.
src/hooks/useABTesting.tsx(130,16): error TS7006: Parameter 'prev' implicitly has an 'any' type.
src/hooks/useAccessibility.ts(39,64): error TS7006: Parameter 'newPrefs' implicitly has an 'any' type.
src/hooks/useAccessibility.ts(233,39): error TS7006: Parameter 'cleanup' implicitly has an 'any' type.
src/hooks/useAdvancedAlarms.ts(46,17): error TS7006: Parameter 'prev' implicitly has an 'any' type.
src/hooks/useAdvancedAlarms.ts(62,17): error TS7006: Parameter 'prev' implicitly has an 'any' type.
src/hooks/useAdvancedAlarms.ts(63,18): error TS7006: Parameter 'alarm' implicitly has an 'any' type.
src/hooks/useAdvancedAlarms.ts(79,17): error TS7006: Parameter 'prev' implicitly has an 'any' type.
src/hooks/useAdvancedAlarms.ts(79,37): error TS7006: Parameter 'alarm' implicitly has an 'any' type.
src/hooks/useAudioLazyLoading.ts(34,14): error TS7006: Parameter 'prev' implicitly has an 'any' type.
src/hooks/useAudioLazyLoading.ts(39,20): error TS7006: Parameter 'prev' implicitly has an 'any' type.
src/hooks/useAudioLazyLoading.ts(47,20): error TS7006: Parameter 'prev' implicitly has an 'any' type.
src/hooks/useAudioLazyLoading.ts(55,20): error TS7006: Parameter 'prev' implicitly has an 'any' type.
src/hooks/useAudioLazyLoading.ts(64,16): error TS7006: Parameter 'prev' implicitly has an 'any' type.
src/hooks/useAudioLazyLoading.ts(71,16): error TS7006: Parameter 'prev' implicitly has an 'any' type.
src/hooks/useAudioLazyLoading.ts(140,17): error TS7006: Parameter 'prev' implicitly has an 'any' type.
src/hooks/useAudioLazyLoading.ts(214,27): error TS7006: Parameter 'prev' implicitly has an 'any' type.
src/hooks/useAudioLazyLoading.ts(220,27): error TS7006: Parameter 'prev' implicitly has an 'any' type.
src/hooks/useAuth.ts(61,22): error TS7006: Parameter 'prev' implicitly has an 'any' type.
src/hooks/useAuth.ts(85,22): error TS7006: Parameter 'prev' implicitly has an 'any' type.
src/hooks/useAuth.ts(98,48): error TS7006: Parameter 'event' implicitly has an 'any' type.
src/hooks/useAuth.ts(98,55): error TS7006: Parameter 'session' implicitly has an 'any' type.
src/hooks/useAuth.ts(105,22): error TS7006: Parameter 'prev' implicitly has an 'any' type.
src/hooks/useAuth.ts(122,22): error TS7006: Parameter 'prev' implicitly has an 'any' type.
src/hooks/useAuth.ts(216,22): error TS7006: Parameter 'prev' implicitly has an 'any' type.
src/hooks/useAuth.ts(263,20): error TS7006: Parameter 'prev' implicitly has an 'any' type.
src/hooks/useAuth.ts(271,18): error TS7006: Parameter 'prev' implicitly has an 'any' type.
src/hooks/useAuth.ts(286,22): error TS7006: Parameter 'prev' implicitly has an 'any' type.
src/hooks/useAuth.ts(292,22): error TS7006: Parameter 'prev' implicitly has an 'any' type.
src/hooks/useAuth.ts(305,22): error TS7006: Parameter 'prev' implicitly has an 'any' type.
src/hooks/useAuth.ts(324,20): error TS7006: Parameter 'prev' implicitly has an 'any' type.
src/hooks/useAuth.ts(339,20): error TS7006: Parameter 'prev' implicitly has an 'any' type.
src/hooks/useAuth.ts(347,18): error TS7006: Parameter 'prev' implicitly has an 'any' type.
src/hooks/useAuth.ts(362,22): error TS7006: Parameter 'prev' implicitly has an 'any' type.
src/hooks/useAuth.ts(368,22): error TS7006: Parameter 'prev' implicitly has an 'any' type.
src/hooks/useAuth.ts(381,22): error TS7006: Parameter 'prev' implicitly has an 'any' type.
src/hooks/useAuth.ts(400,20): error TS7006: Parameter 'prev' implicitly has an 'any' type.
src/hooks/useAuth.ts(409,18): error TS7006: Parameter 'prev' implicitly has an 'any' type.
src/hooks/useAuth.ts(418,22): error TS7006: Parameter 'prev' implicitly has an 'any' type.
src/hooks/useAuth.ts(422,20): error TS7006: Parameter 'prev' implicitly has an 'any' type.
src/hooks/useAuth.ts(443,20): error TS7006: Parameter 'prev' implicitly has an 'any' type.
src/hooks/useAuth.ts(454,20): error TS7006: Parameter 'prev' implicitly has an 'any' type.
src/hooks/useAuth.ts(462,18): error TS7006: Parameter 'prev' implicitly has an 'any' type.
src/hooks/useAuth.ts(478,22): error TS7006: Parameter 'prev' implicitly has an 'any' type.
src/hooks/useAuth.ts(483,20): error TS7006: Parameter 'prev' implicitly has an 'any' type.
src/hooks/useAuth.ts(504,20): error TS7006: Parameter 'prev' implicitly has an 'any' type.
src/hooks/useAuth.ts(513,18): error TS7006: Parameter 'prev' implicitly has an 'any' type.
src/hooks/useAuth.ts(521,18): error TS7006: Parameter 'prev' implicitly has an 'any' type.
src/hooks/useAuth.ts(537,22): error TS7006: Parameter 'prev' implicitly has an 'any' type.
src/hooks/useAuth.ts(547,20): error TS7006: Parameter 'prev' implicitly has an 'any' type.
src/hooks/useAuth.ts(571,20): error TS7006: Parameter 'prev' implicitly has an 'any' type.
src/hooks/useCapacitor.ts(252,30): error TS7006: Parameter 'prev' implicitly has an 'any' type.
src/hooks/useCapacitor.ts(256,30): error TS7006: Parameter 'prev' implicitly has an 'any' type.
src/hooks/useCapacitor.ts(260,30): error TS7006: Parameter 'prev' implicitly has an 'any' type.
src/hooks/useCriticalPreloading.ts(46,14): error TS7006: Parameter 'prev' implicitly has an 'any' type.
src/hooks/useCriticalPreloading.ts(60,16): error TS7006: Parameter 'prev' implicitly has an 'any' type.
src/hooks/useCriticalPreloading.ts(70,16): error TS7006: Parameter 'prev' implicitly has an 'any' type.
src/hooks/useCriticalPreloading.ts(76,14): error TS7006: Parameter 'prev' implicitly has an 'any' type.
src/hooks/useCriticalPreloading.ts(307,26): error TS7006: Parameter 'sum' implicitly has an 'any' type.
src/hooks/useCriticalPreloading.ts(307,31): error TS7006: Parameter 'p' implicitly has an 'any' type.
src/hooks/useCriticalPreloading.ts(309,27): error TS7006: Parameter 'sum' implicitly has an 'any' type.
src/hooks/useCriticalPreloading.ts(309,32): error TS7006: Parameter 'p' implicitly has an 'any' type.
src/hooks/useCriticalPreloading.ts(321,29): error TS7006: Parameter 'prev' implicitly has an 'any' type.
src/hooks/useCulturalTheme.tsx(194,36): error TS7006: Parameter 'props' implicitly has an 'any' type.
src/hooks/useCulturalTheme.tsx(194,43): error TS7006: Parameter 'ref' implicitly has an 'any' type.
src/hooks/useDeviceCapabilities.tsx(117,23): error TS7006: Parameter 'prev' implicitly has an 'any' type.
src/hooks/useDeviceCapabilities.tsx(118,36): error TS7006: Parameter 'a' implicitly has an 'any' type.
src/hooks/useDeviceCapabilities.tsx(121,27): error TS7006: Parameter 'a' implicitly has an 'any' type.
src/hooks/useDeviceCapabilities.tsx(170,21): error TS7006: Parameter 'prev' implicitly has an 'any' type.
src/hooks/useDeviceCapabilities.tsx(170,41): error TS7006: Parameter 'alert' implicitly has an 'any' type.
src/hooks/useDeviceCapabilities.tsx(176,23): error TS7006: Parameter 'prev' implicitly has an 'any' type.
src/hooks/useDeviceCapabilities.tsx(176,43): error TS7006: Parameter 'alert' implicitly has an 'any' type.
src/hooks/useEmotionalNotifications.ts(59,16): error TS7006: Parameter 'prev' implicitly has an 'any' type.
src/hooks/useEmotionalNotifications.ts(65,18): error TS7006: Parameter 'prev' implicitly has an 'any' type.
src/hooks/useEmotionalNotifications.ts(82,18): error TS7006: Parameter 'prev' implicitly has an 'any' type.
src/hooks/useEmotionalNotifications.ts(130,18): error TS7006: Parameter 'prev' implicitly has an 'any' type.
src/hooks/useEmotionalNotifications.ts(144,16): error TS7006: Parameter 'prev' implicitly has an 'any' type.
src/hooks/useEmotionalNotifications.ts(149,18): error TS7006: Parameter 'prev' implicitly has an 'any' type.
src/hooks/useEmotionalNotifications.ts(162,18): error TS7006: Parameter 'prev' implicitly has an 'any' type.
src/hooks/useEmotionalNotifications.ts(203,18): error TS7006: Parameter 'prev' implicitly has an 'any' type.
src/hooks/useEmotionalNotifications.ts(219,14): error TS7006: Parameter 'prev' implicitly has an 'any' type.
src/hooks/useEmotionalNotifications.ts(241,18): error TS7006: Parameter 'prev' implicitly has an 'any' type.
src/hooks/useEmotionalNotifications.ts(320,19): error TS7006: Parameter 'prev' implicitly has an 'any' type.
src/hooks/useEnhancedCaching.ts(51,19): error TS7006: Parameter 'prev' implicitly has an 'any' type.
src/hooks/useEnhancedCaching.ts(59,19): error TS7006: Parameter 'prev' implicitly has an 'any' type.
src/hooks/useEnhancedCaching.ts(63,21): error TS7006: Parameter 'prev' implicitly has an 'any' type.
src/hooks/useEnhancedCaching.ts(68,21): error TS7006: Parameter 'prev' implicitly has an 'any' type.
src/hooks/useEnhancedCaching.ts(75,21): error TS7006: Parameter 'prev' implicitly has an 'any' type.
src/hooks/useEnhancedCaching.ts(80,23): error TS7006: Parameter 'prev' implicitly has an 'any' type.
src/hooks/useEnhancedCaching.ts(161,26): error TS7006: Parameter 'sum' implicitly has an 'any' type.
src/hooks/useEnhancedCaching.ts(161,31): error TS7006: Parameter 'p' implicitly has an 'any' type.
src/hooks/useEnhancedCaching.ts(163,27): error TS7006: Parameter 'sum' implicitly has an 'any' type.
src/hooks/useEnhancedCaching.ts(163,32): error TS7006: Parameter 'p' implicitly has an 'any' type.
src/hooks/useEnhancedCaching.ts(175,29): error TS7006: Parameter 'prev' implicitly has an 'any' type.
src/hooks/useEnhancedCaching.ts(232,55): error TS7006: Parameter 'hour' implicitly has an 'any' type.
src/hooks/useEnhancedCaching.ts(243,22): error TS7006: Parameter 'prev' implicitly has an 'any' type.
src/hooks/useEnhancedCaching.ts(374,33): error TS7006: Parameter 'prev' implicitly has an 'any' type.
src/hooks/useEnhancedCaching.ts(398,27): error TS7006: Parameter 'prev' implicitly has an 'any' type.
src/hooks/useEnhancedCaching.ts(427,20): error TS7006: Parameter 'prev' implicitly has an 'any' type.
src/hooks/useEnhancedServiceWorker.ts(27,16): error TS7006: Parameter 'prev' implicitly has an 'any' type.
src/hooks/useEnhancedServiceWorker.ts(33,18): error TS7006: Parameter 'prev' implicitly has an 'any' type.
src/hooks/useEnhancedServiceWorker.ts(42,18): error TS7006: Parameter 'prev' implicitly has an 'any' type.
src/hooks/useEnhancedServiceWorker.ts(49,16): error TS7006: Parameter 'prev' implicitly has an 'any' type.
src/hooks/useEnhancedServiceWorker.ts(62,18): error TS7006: Parameter 'prev' implicitly has an 'any' type.
src/hooks/useEnhancedServiceWorker.ts(70,18): error TS7006: Parameter 'prev' implicitly has an 'any' type.
src/hooks/useEnhancedServiceWorker.ts(77,16): error TS7006: Parameter 'prev' implicitly has an 'any' type.
src/hooks/useEnhancedServiceWorker.ts(88,18): error TS7006: Parameter 'prev' implicitly has an 'any' type.
src/hooks/useEnhancedServiceWorker.ts(95,20): error TS7006: Parameter 'prev' implicitly has an 'any' type.
src/hooks/useEnhancedServiceWorker.ts(104,18): error TS7006: Parameter 'prev' implicitly has an 'any' type.
src/hooks/useEnhancedServiceWorker.ts(118,18): error TS7006: Parameter 'prev' implicitly has an 'any' type.
src/hooks/useEnhancedServiceWorker.ts(125,20): error TS7006: Parameter 'prev' implicitly has an 'any' type.
src/hooks/useEnhancedServiceWorker.ts(134,18): error TS7006: Parameter 'prev' implicitly has an 'any' type.
src/hooks/useEnhancedServiceWorker.ts(148,18): error TS7006: Parameter 'prev' implicitly has an 'any' type.
src/hooks/useEnhancedServiceWorker.ts(155,20): error TS7006: Parameter 'prev' implicitly has an 'any' type.
src/hooks/useEnhancedServiceWorker.ts(164,18): error TS7006: Parameter 'prev' implicitly has an 'any' type.
src/hooks/useEnhancedServiceWorker.ts(177,16): error TS7006: Parameter 'prev' implicitly has an 'any' type.
src/hooks/useEnhancedServiceWorker.ts(182,18): error TS7006: Parameter 'prev' implicitly has an 'any' type.
src/hooks/useEnhancedServiceWorker.ts(191,18): error TS7006: Parameter 'prev' implicitly has an 'any' type.
src/hooks/useEnhancedServiceWorker.ts(199,16): error TS7006: Parameter 'prev' implicitly has an 'any' type.
src/hooks/useEnhancedServiceWorker.ts(210,16): error TS7006: Parameter 'prev' implicitly has an 'any' type.
src/hooks/useEnhancedServiceWorker.ts(214,16): error TS7006: Parameter 'prev' implicitly has an 'any' type.
src/hooks/useEnhancedServiceWorker.ts(222,16): error TS7006: Parameter 'prev' implicitly has an 'any' type.
src/hooks/useEnhancedSmartAlarms.ts(79,21): error TS7006: Parameter 'prev' implicitly has an 'any' type.
src/hooks/useEnhancedSmartAlarms.ts(111,21): error TS7006: Parameter 'prev' implicitly has an 'any' type.
src/hooks/useEnhancedSmartAlarms.ts(112,22): error TS7006: Parameter 'alarm' implicitly has an 'any' type.
src/hooks/useEnhancedSmartAlarms.ts(144,17): error TS7006: Parameter 'prev' implicitly has an 'any' type.
src/hooks/useEnhancedSmartAlarms.ts(144,37): error TS7006: Parameter 'alarm' implicitly has an 'any' type.
src/hooks/useEnhancedSmartAlarms.ts(166,21): error TS7006: Parameter 'prev' implicitly has an 'any' type.
src/hooks/useEnhancedSmartAlarms.ts(167,22): error TS7006: Parameter 'alarm' implicitly has an 'any' type.
src/hooks/useFeatureGate.ts(176,23): error TS7006: Parameter 'prev' implicitly has an 'any' type.
src/hooks/useFeatureGate.ts(188,23): error TS7006: Parameter 'prev' implicitly has an 'any' type.
src/hooks/useFeatureGate.ts(260,21): error TS7006: Parameter 'prev' implicitly has an 'any' type.
src/hooks/useFeatureGate.ts(311,21): error TS7006: Parameter 'prev' implicitly has an 'any' type.
src/hooks/useFocusTrap.ts(245,31): error TS7006: Parameter 'sentinel' implicitly has an 'any' type.
src/hooks/useMobilePerformance.ts(53,22): error TS7006: Parameter 'prev' implicitly has an 'any' type.
src/hooks/useMobilePerformance.ts(61,30): error TS7006: Parameter 'prev' implicitly has an 'any' type.
src/hooks/useMobilePerformance.ts(97,18): error TS7006: Parameter 'prev' implicitly has an 'any' type.
src/hooks/useMobilePerformance.ts(112,24): error TS7006: Parameter 'prev' implicitly has an 'any' type.
src/hooks/useMobilePerformance.ts(120,24): error TS7006: Parameter 'prev' implicitly has an 'any' type.
src/hooks/usePWA.ts(268,21): error TS7006: Parameter 'prev' implicitly has an 'any' type.
src/hooks/usePWA.ts(307,22): error TS7006: Parameter 'prev' implicitly has an 'any' type.
src/hooks/usePWA.ts(311,22): error TS7006: Parameter 'prev' implicitly has an 'any' type.
src/hooks/usePWA.ts(315,22): error TS7006: Parameter 'prev' implicitly has an 'any' type.
src/hooks/usePushNotifications.ts(52,17): error TS7006: Parameter 'prev' implicitly has an 'any' type.
src/hooks/usePushNotifications.ts(63,17): error TS7006: Parameter 'prev' implicitly has an 'any' type.
src/hooks/usePushNotifications.ts(74,15): error TS7006: Parameter 'prev' implicitly has an 'any' type.
src/hooks/usePushNotifications.ts(83,17): error TS7006: Parameter 'prev' implicitly has an 'any' type.
src/hooks/usePushNotifications.ts(104,17): error TS7006: Parameter 'prev' implicitly has an 'any' type.
src/hooks/usePushNotifications.ts(121,15): error TS7006: Parameter 'prev' implicitly has an 'any' type.
src/hooks/usePushNotifications.ts(131,17): error TS7006: Parameter 'prev' implicitly has an 'any' type.
src/hooks/usePushNotifications.ts(145,17): error TS7006: Parameter 'prev' implicitly has an 'any' type.
src/hooks/usePushNotifications.ts(162,17): error TS7006: Parameter 'prev' implicitly has an 'any' type.
src/hooks/usePushNotifications.ts(173,19): error TS7006: Parameter 'prev' implicitly has an 'any' type.
src/hooks/usePushNotifications.ts(185,19): error TS7006: Parameter 'prev' implicitly has an 'any' type.
src/hooks/usePushNotifications.ts(223,19): error TS7006: Parameter 'prev' implicitly has an 'any' type.
src/hooks/usePushNotifications.ts(250,19): error TS7006: Parameter 'prev' implicitly has an 'any' type.
src/hooks/usePushNotifications.ts(277,19): error TS7006: Parameter 'prev' implicitly has an 'any' type.
src/hooks/usePushNotifications.ts(289,15): error TS7006: Parameter 'prev' implicitly has an 'any' type.
src/hooks/usePushNotifications.ts(296,17): error TS7006: Parameter 'prev' implicitly has an 'any' type.
src/hooks/usePushNotifications.ts(304,17): error TS7006: Parameter 'prev' implicitly has an 'any' type.
src/hooks/usePushNotifications.ts(318,15): error TS7006: Parameter 'prev' implicitly has an 'any' type.
src/hooks/usePushNotifications.ts(328,17): error TS7006: Parameter 'prev' implicitly has an 'any' type.
src/hooks/usePushNotifications.ts(342,17): error TS7006: Parameter 'prev' implicitly has an 'any' type.
src/hooks/useSoundEffects.tsx(340,46): error TS7006: Parameter 'ref' implicitly has an 'any' type.
src/hooks/useSubscription.ts(157,16): error TS7006: Parameter 'prev' implicitly has an 'any' type.
src/hooks/useSubscription.ts(166,18): error TS7006: Parameter 'prev' implicitly has an 'any' type.
src/hooks/useSubscription.ts(195,18): error TS7006: Parameter 'prev' implicitly has an 'any' type.
src/hooks/useSubscription.ts(230,16): error TS7006: Parameter 'prev' implicitly has an 'any' type.
src/hooks/useSubscription.ts(250,20): error TS7006: Parameter 'prev' implicitly has an 'any' type.
src/hooks/useSubscription.ts(282,20): error TS7006: Parameter 'prev' implicitly has an 'any' type.
src/hooks/useSubscription.ts(301,18): error TS7006: Parameter 'prev' implicitly has an 'any' type.
src/hooks/useSubscription.ts(323,16): error TS7006: Parameter 'prev' implicitly has an 'any' type.
src/hooks/useSubscription.ts(347,18): error TS7006: Parameter 'prev' implicitly has an 'any' type.
src/hooks/useSubscription.ts(352,18): error TS7006: Parameter 'prev' implicitly has an 'any' type.
src/hooks/useSubscription.ts(365,16): error TS7006: Parameter 'prev' implicitly has an 'any' type.
src/hooks/useSubscription.ts(389,18): error TS7006: Parameter 'prev' implicitly has an 'any' type.
src/hooks/useSubscription.ts(394,18): error TS7006: Parameter 'prev' implicitly has an 'any' type.
src/hooks/useSubscription.ts(431,20): error TS7006: Parameter 'prev' implicitly has an 'any' type.
src/hooks/useSubscription.ts(544,16): error TS7006: Parameter 'prev' implicitly has an 'any' type.
src/hooks/useSubscription.ts(561,14): error TS7006: Parameter 'prev' implicitly has an 'any' type.
src/hooks/useSubscription.ts(565,14): error TS7006: Parameter 'prev' implicitly has an 'any' type.
src/hooks/useSubscription.ts(594,53): error TS7006: Parameter 'p' implicitly has an 'any' type.
src/hooks/useSubscription.ts(595,52): error TS7006: Parameter 'p' implicitly has an 'any' type.
src/hooks/useTheme.tsx(2199,52): error TS7006: Parameter 'status' implicitly has an 'any' type.
src/hooks/useTheme.tsx(2202,40): error TS7006: Parameter 'listener' implicitly has an 'any' type.
src/hooks/useTheme.tsx(2209,36): error TS7006: Parameter 'error' implicitly has an 'any' type.
src/hooks/useTheme.tsx(2233,56): error TS7006: Parameter 'error' implicitly has an 'any' type.
src/hooks/useTheme.tsx(2402,43): error TS7006: Parameter 't' implicitly has an 'any' type.
src/hooks/useTheme.tsx(2415,35): error TS7006: Parameter 'theme' implicitly has an 'any' type.
src/hooks/useTheme.tsx(2536,32): error TS7006: Parameter 'error' implicitly has an 'any' type.
src/services/__tests__/test-setup.ts(12,43): error TS7006: Parameter 'call' implicitly has an 'any' type.
src/services/__tests__/test-setup.ts(14,9): error TS7006: Parameter 'arg' implicitly has an 'any' type.
src/services/__tests__/test-setup.ts(108,59): error TS7006: Parameter 'callback' implicitly has an 'any' type.
src/services/__tests__/test-setup.ts(115,60): error TS7006: Parameter 'callback' implicitly has an 'any' type.
src/services/advanced-analytics.ts(526,31): error TS7006: Parameter 'e' implicitly has an 'any' type.
src/services/advanced-analytics.ts(535,43): error TS7006: Parameter 'e' implicitly has an 'any' type.
src/services/advanced-conditions-helper.ts(155,49): error TS7006: Parameter 'c' implicitly has an 'any' type.
src/services/advanced-conditions-helper.ts(171,25): error TS7006: Parameter 'c' implicitly has an 'any' type.
src/services/advanced-conditions-helper.ts(171,47): error TS7006: Parameter 'c' implicitly has an 'any' type.
src/services/advanced-conditions-helper.ts(185,26): error TS7006: Parameter 'sum' implicitly has an 'any' type.
src/services/advanced-conditions-helper.ts(185,31): error TS7006: Parameter 'c' implicitly has an 'any' type.
src/services/advanced-conditions-helper.ts(240,30): error TS7006: Parameter 'sum' implicitly has an 'any' type.
src/services/advanced-conditions-helper.ts(240,35): error TS7006: Parameter 'c' implicitly has an 'any' type.
src/services/advanced-conditions-helper.ts(248,34): error TS7006: Parameter 'sum' implicitly has an 'any' type.
src/services/advanced-conditions-helper.ts(248,39): error TS7006: Parameter 'f' implicitly has an 'any' type.
src/services/advanced-conditions-helper.ts(259,7): error TS7006: Parameter 'a' implicitly has an 'any' type.
src/services/advanced-conditions-helper.ts(264,15): error TS7006: Parameter 'c' implicitly has an 'any' type.
src/services/advanced-conditions-helper.ts(265,12): error TS7006: Parameter 'c' implicitly has an 'any' type.
src/services/advanced-conditions-helper.ts(268,15): error TS7006: Parameter 'c' implicitly has an 'any' type.
src/services/advanced-conditions-helper.ts(269,12): error TS7006: Parameter 'c' implicitly has an 'any' type.
src/services/advanced-conditions-helper.ts(287,36): error TS7006: Parameter 'c' implicitly has an 'any' type.
src/services/advanced-conditions-helper.ts(289,9): error TS7006: Parameter 'c' implicitly has an 'any' type.
src/services/advanced-conditions-helper.ts(292,9): error TS7006: Parameter 'c' implicitly has an 'any' type.
src/services/advanced-conditions-helper.ts(294,31): error TS7006: Parameter 'c' implicitly has an 'any' type.
src/services/advanced-conditions-helper.ts(321,48): error TS7006: Parameter 'condition' implicitly has an 'any' type.
src/services/alarm-api-security.ts(551,11): error TS7006: Parameter 'd' implicitly has an 'any' type.
src/services/alarm-backup-redundancy.ts(656,17): error TS7006: Parameter 'key' implicitly has an 'any' type.
src/services/alarm-integrity-monitor.ts(94,36): error TS7006: Parameter 'details' implicitly has an 'any' type.
src/services/alarm.ts(29,14): error TS7006: Parameter 'alarm' implicitly has an 'any' type.
src/services/alarm.ts(37,17): error TS7006: Parameter 'alarm' implicitly has an 'any' type.
src/services/analytics.ts(211,17): error TS7006: Parameter 'posthog' implicitly has an 'any' type.
src/services/capacitor-enhanced.ts(167,67): error TS7006: Parameter 'notification' implicitly has an 'any' type.
src/services/capacitor-enhanced.ts(172,74): error TS7006: Parameter 'action' implicitly has an 'any' type.
src/services/capacitor-enhanced.ts(196,35): error TS7006: Parameter 'event' implicitly has an 'any' type.
src/services/capacitor-enhanced.ts(201,35): error TS7006: Parameter 'event' implicitly has an 'any' type.
src/services/capacitor-enhanced.ts(309,43): error TS7006: Parameter 'n' implicitly has an 'any' type.
src/services/capacitor.ts(126,70): error TS7006: Parameter 'notification' implicitly has an 'any' type.
src/services/capacitor.ts(144,63): error TS7006: Parameter 'notification' implicitly has an 'any' type.
src/services/capacitor.ts(149,49): error TS7006: Parameter 'token' implicitly has an 'any' type.
src/services/capacitor.ts(153,54): error TS7006: Parameter 'error' implicitly has an 'any' type.
src/services/capacitor.ts(157,61): error TS7006: Parameter 'notification' implicitly has an 'any' type.
src/services/capacitor.ts(161,68): error TS7006: Parameter 'notification' implicitly has an 'any' type.
src/services/email-campaigns.ts(485,52): error TS7006: Parameter 'seq' implicitly has an 'any' type.
src/services/offline-manager.ts(94,17): error TS7006: Parameter 'db' implicitly has an 'any' type.
src/services/offline-manager.ts(232,17): error TS7006: Parameter 'alarm' implicitly has an 'any' type.
src/services/offline-manager.ts(299,9): error TS7006: Parameter 'msg' implicitly has an 'any' type.
src/services/offline-manager.ts(345,44): error TS7006: Parameter 'a' implicitly has an 'any' type.
src/services/offline-manager.ts(345,47): error TS7006: Parameter 'b' implicitly has an 'any' type.
src/services/offline-manager.ts(516,52): error TS7006: Parameter 'item' implicitly has an 'any' type.
src/services/predictive-analytics-service.ts(763,40): error TS7006: Parameter 'a' implicitly has an 'any' type.
src/services/premium.ts(428,48): error TS7006: Parameter 'f' implicitly has an 'any' type.
src/services/push-notifications.ts(223,57): error TS7006: Parameter 'token' implicitly has an 'any' type.
src/services/push-notifications.ts(236,56): error TS7006: Parameter 'error' implicitly has an 'any' type.
src/services/push-notifications.ts(245,69): error TS7006: Parameter 'notification' implicitly has an 'any' type.
src/services/push-notifications.ts(260,13): error TS7006: Parameter 'notification' implicitly has an 'any' type.
src/services/realtime-service.ts(258,11): error TS7006: Parameter 'payload' implicitly has an 'any' type.
src/services/realtime-service.ts(270,11): error TS7006: Parameter 'payload' implicitly has an 'any' type.
src/services/realtime-service.ts(289,11): error TS7006: Parameter 'payload' implicitly has an 'any' type.
src/services/realtime-service.ts(332,26): error TS7006: Parameter 'status' implicitly has an 'any' type.
src/services/realtime-service.ts(625,26): error TS7006: Parameter 'a' implicitly has an 'any' type.
src/services/revenue-analytics.ts(150,19): error TS7006: Parameter 'subscription' implicitly has an 'any' type.
src/services/revenue-analytics.ts(223,42): error TS7006: Parameter 't' implicitly has an 'any' type.
src/services/revenue-analytics.ts(254,19): error TS7006: Parameter 'change' implicitly has an 'any' type.
src/services/revenue-analytics.ts(281,19): error TS7006: Parameter 'subscription' implicitly has an 'any' type.
src/services/revenue-analytics.ts(346,21): error TS7006: Parameter 'event' implicitly has an 'any' type.
src/services/revenue-analytics.ts(445,39): error TS7006: Parameter 'sum' implicitly has an 'any' type.
src/services/revenue-analytics.ts(445,44): error TS7006: Parameter 'sub' implicitly has an 'any' type.
src/services/secure-alarm-storage.ts(338,17): error TS7006: Parameter 'key' implicitly has an 'any' type.
src/services/secure-alarm-storage.ts(405,17): error TS7006: Parameter 'key' implicitly has an 'any' type.
src/services/secure-alarm-storage.ts(642,38): error TS7006: Parameter 'key' implicitly has an 'any' type.
src/services/secure-alarm-storage.ts(669,39): error TS7006: Parameter 'key' implicitly has an 'any' type.
src/services/secure-push-notification.ts(207,57): error TS7006: Parameter 'token' implicitly has an 'any' type.
src/services/secure-push-notification.ts(218,56): error TS7006: Parameter 'error' implicitly has an 'any' type.
src/services/secure-push-notification.ts(224,69): error TS7006: Parameter 'notification' implicitly has an 'any' type.
src/services/secure-push-notification.ts(238,13): error TS7006: Parameter 'notification' implicitly has an 'any' type.
src/services/sentry.ts(89,21): error TS7006: Parameter 'event' implicitly has an 'any' type.
src/services/sentry.ts(160,29): error TS7006: Parameter 'scope' implicitly has an 'any' type.
src/services/sentry.ts(214,29): error TS7006: Parameter 'scope' implicitly has an 'any' type.
src/services/smart-alarm-scheduler.ts(610,23): error TS7006: Parameter 'item' implicitly has an 'any' type.
src/services/smart-notification-service.ts(122,11): error TS7006: Parameter 'notification' implicitly has an 'any' type.
src/services/smart-notification-service.ts(129,11): error TS7006: Parameter 'action' implicitly has an 'any' type.
src/services/subscription-service.ts(514,26): error TS7006: Parameter 'item' implicitly has an 'any' type.
src/services/subscription-service.ts(781,20): error TS7006: Parameter 'plan' implicitly has an 'any' type.
src/services/subscription-service.ts(835,17): error TS7006: Parameter 'item' implicitly has an 'any' type.
src/services/subscription-service.ts(856,34): error TS7006: Parameter 'r' implicitly has an 'any' type.
src/services/subscription-service.ts(857,41): error TS7006: Parameter 'r' implicitly has an 'any' type.
src/services/supabase.ts(587,50): error TS7006: Parameter 'row' implicitly has an 'any' type.
src/services/supabase.ts(668,53): error TS7006: Parameter 'row' implicitly has an 'any' type.
src/services/supabase.ts(711,15): error TS7006: Parameter 'payload' implicitly has an 'any' type.
src/services/supabase.ts(733,18): error TS7006: Parameter 'status' implicitly has an 'any' type.
src/services/voice-ai-enhanced.ts(1031,19): error TS7006: Parameter 'row' implicitly has an 'any' type.
src/stories/components/AlarmForm.stories.tsx(152,11): error TS7006: Parameter 'args' implicitly has an 'any' type.
src/stories/components/AlarmForm.stories.tsx(177,11): error TS7006: Parameter 'args' implicitly has an 'any' type.
src/stories/components/AlarmForm.stories.tsx(218,11): error TS7006: Parameter 'args' implicitly has an 'any' type.
src/stories/components/Dashboard.stories.tsx(178,11): error TS7006: Parameter 'args' implicitly has an 'any' type.
src/stories/components/Dashboard.stories.tsx(217,11): error TS7006: Parameter 'args' implicitly has an 'any' type.
src/test-setup.ts(44,52): error TS7006: Parameter 'query' implicitly has an 'any' type.
src/test-setup.ts(104,40): error TS7006: Parameter 'cb' implicitly has an 'any' type.
src/test-setup.ts(107,39): error TS7006: Parameter 'id' implicitly has an 'any' type.
src/utils/frame-rate-manager.tsx(617,36): error TS7006: Parameter 'props' implicitly has an 'any' type.
src/utils/frame-rate-manager.tsx(617,43): error TS7006: Parameter 'ref' implicitly has an 'any' type.
src/utils/performance-alerts.tsx(908,40): error TS7006: Parameter 'alert' implicitly has an 'any' type.
src/utils/performance-alerts.tsx(929,32): error TS7006: Parameter 'alert' implicitly has an 'any' type.
src/utils/performance-alerts.tsx(968,42): error TS7006: Parameter 'suggestion' implicitly has an 'any' type.
src/utils/performance-profiler.ts(321,42): error TS7006: Parameter 'props' implicitly has an 'any' type.
src/utils/progressive-loading.tsx(428,14): error TS7006: Parameter 'prev' implicitly has an 'any' type.
src/utils/progressive-loading.tsx(433,16): error TS7006: Parameter 'prev' implicitly has an 'any' type.
src/utils/progressive-loading.tsx(436,16): error TS7006: Parameter 'prev' implicitly has an 'any' type.
src/utils/rtl-testing.tsx(231,47): error TS7006: Parameter 'query' implicitly has an 'any' type.
src/utils/voice-accessibility.ts(340,32): error TS7006: Parameter 'event' implicitly has an 'any' type.
src/utils/voice-accessibility.ts(347,33): error TS7006: Parameter 'event' implicitly has an 'any' type.
