TN:
SF:src/components/AlarmForm.tsx
FN:21,(anonymous_0)
FN:58,(anonymous_1)
FN:71,(anonymous_2)
FN:72,(anonymous_3)
FN:79,(anonymous_4)
FN:83,(anonymous_5)
FN:91,(anonymous_6)
FN:96,(anonymous_7)
FN:104,(anonymous_8)
FN:113,(anonymous_9)
FN:121,(anonymous_10)
FN:129,(anonymous_11)
FN:146,(anonymous_12)
FN:147,(anonymous_13)
FN:149,(anonymous_14)
FN:153,(anonymous_15)
FN:164,(anonymous_16)
FN:169,(anonymous_17)
FN:199,(anonymous_18)
FN:250,(anonymous_19)
FN:252,(anonymous_20)
FN:259,(anonymous_21)
FN:265,(anonymous_22)
FN:303,(anonymous_23)
FN:305,(anonymous_24)
FN:312,(anonymous_25)
FN:320,(anonymous_26)
FN:361,(anonymous_27)
FN:365,(anonymous_28)
FN:366,(anonymous_29)
FN:372,(anonymous_30)
FN:372,(anonymous_31)
FN:438,(anonymous_32)
FN:442,(anonymous_33)
FN:443,(anonymous_34)
FN:449,(anonymous_35)
FN:450,(anonymous_36)
FN:494,(anonymous_37)
FNF:38
FNH:0
FNDA:0,(anonymous_0)
FNDA:0,(anonymous_1)
FNDA:0,(anonymous_2)
FNDA:0,(anonymous_3)
FNDA:0,(anonymous_4)
FNDA:0,(anonymous_5)
FNDA:0,(anonymous_6)
FNDA:0,(anonymous_7)
FNDA:0,(anonymous_8)
FNDA:0,(anonymous_9)
FNDA:0,(anonymous_10)
FNDA:0,(anonymous_11)
FNDA:0,(anonymous_12)
FNDA:0,(anonymous_13)
FNDA:0,(anonymous_14)
FNDA:0,(anonymous_15)
FNDA:0,(anonymous_16)
FNDA:0,(anonymous_17)
FNDA:0,(anonymous_18)
FNDA:0,(anonymous_19)
FNDA:0,(anonymous_20)
FNDA:0,(anonymous_21)
FNDA:0,(anonymous_22)
FNDA:0,(anonymous_23)
FNDA:0,(anonymous_24)
FNDA:0,(anonymous_25)
FNDA:0,(anonymous_26)
FNDA:0,(anonymous_27)
FNDA:0,(anonymous_28)
FNDA:0,(anonymous_29)
FNDA:0,(anonymous_30)
FNDA:0,(anonymous_31)
FNDA:0,(anonymous_32)
FNDA:0,(anonymous_33)
FNDA:0,(anonymous_34)
FNDA:0,(anonymous_35)
FNDA:0,(anonymous_36)
FNDA:0,(anonymous_37)
DA:1,0
DA:2,0
DA:4,0
DA:5,0
DA:6,0
DA:7,0
DA:8,0
DA:21,0
DA:22,0
DA:29,0
DA:30,0
DA:31,0
DA:32,0
DA:33,0
DA:36,0
DA:54,0
DA:56,0
DA:58,0
DA:59,0
DA:60,0
DA:66,0
DA:71,0
DA:72,0
DA:73,0
DA:74,0
DA:78,0
DA:79,0
DA:83,0
DA:84,0
DA:85,0
DA:86,0
DA:91,0
DA:93,0
DA:96,0
DA:97,0
DA:98,0
DA:99,0
DA:104,0
DA:105,0
DA:107,0
DA:108,0
DA:109,0
DA:112,0
DA:113,0
DA:115,0
DA:116,0
DA:117,0
DA:118,0
DA:121,0
DA:122,0
DA:123,0
DA:124,0
DA:129,0
DA:130,0
DA:131,0
DA:135,0
DA:138,0
DA:139,0
DA:141,0
DA:142,0
DA:143,0
DA:146,0
DA:147,0
DA:148,0
DA:149,0
DA:153,0
DA:154,0
DA:155,0
DA:157,0
DA:164,0
DA:165,0
DA:166,0
DA:169,0
DA:171,0
DA:200,0
DA:201,0
DA:251,0
DA:252,0
DA:253,0
DA:261,0
DA:262,0
DA:266,0
DA:267,0
DA:268,0
DA:304,0
DA:305,0
DA:306,0
DA:314,0
DA:315,0
DA:317,0
DA:321,0
DA:322,0
DA:323,0
DA:362,0
DA:365,0
DA:367,0
DA:368,0
DA:369,0
DA:370,0
DA:371,0
DA:372,0
DA:373,0
DA:439,0
DA:442,0
DA:444,0
DA:445,0
DA:446,0
DA:447,0
DA:448,0
DA:449,0
DA:450,0
DA:495,0
DA:496,0
DA:517,0
LF:114
LH:0
BRDA:23,0,0,0
BRDA:23,0,1,0
BRDA:24,1,0,0
BRDA:24,1,1,0
BRDA:25,2,0,0
BRDA:25,2,1,0
BRDA:26,3,0,0
BRDA:26,3,1,0
BRDA:59,4,0,0
BRDA:59,4,1,0
BRDA:73,5,0,0
BRDA:73,5,1,0
BRDA:84,6,0,0
BRDA:84,6,1,0
BRDA:84,7,0,0
BRDA:84,7,1,0
BRDA:93,8,0,0
BRDA:93,8,1,0
BRDA:98,9,0,0
BRDA:98,9,1,0
BRDA:108,10,0,0
BRDA:108,10,1,0
BRDA:117,11,0,0
BRDA:117,11,1,0
BRDA:123,12,0,0
BRDA:123,12,1,0
BRDA:123,13,0,0
BRDA:123,13,1,0
BRDA:130,14,0,0
BRDA:130,14,1,0
BRDA:141,15,0,0
BRDA:141,15,1,0
BRDA:142,16,0,0
BRDA:142,16,1,0
BRDA:148,17,0,0
BRDA:148,17,1,0
BRDA:153,18,0,0
BRDA:153,18,1,0
BRDA:179,19,0,0
BRDA:179,19,1,0
BRDA:196,20,0,0
BRDA:196,20,1,0
BRDA:215,21,0,0
BRDA:215,21,1,0
BRDA:218,22,0,0
BRDA:218,22,1,0
BRDA:228,23,0,0
BRDA:228,23,1,0
BRDA:229,24,0,0
BRDA:229,24,1,0
BRDA:230,25,0,0
BRDA:230,25,1,0
BRDA:231,26,0,0
BRDA:231,26,1,0
BRDA:261,27,0,0
BRDA:261,27,1,0
BRDA:266,28,0,0
BRDA:266,28,1,0
BRDA:271,29,0,0
BRDA:271,29,1,0
BRDA:273,30,0,0
BRDA:273,30,1,0
BRDA:274,31,0,0
BRDA:274,31,1,0
BRDA:275,32,0,0
BRDA:275,32,1,0
BRDA:278,33,0,0
BRDA:278,33,1,0
BRDA:314,34,0,0
BRDA:314,34,1,0
BRDA:321,35,0,0
BRDA:321,35,1,0
BRDA:327,36,0,0
BRDA:327,36,1,0
BRDA:330,37,0,0
BRDA:330,37,1,0
BRDA:331,38,0,0
BRDA:331,38,1,0
BRDA:332,39,0,0
BRDA:332,39,1,0
BRDA:332,40,0,0
BRDA:332,40,1,0
BRDA:335,41,0,0
BRDA:335,41,1,0
BRDA:357,42,0,0
BRDA:357,42,1,0
BRDA:358,43,0,0
BRDA:358,43,1,0
BRDA:367,44,0,0
BRDA:367,44,1,0
BRDA:367,45,0,0
BRDA:367,45,1,0
BRDA:370,46,0,0
BRDA:370,46,1,0
BRDA:373,47,0,0
BRDA:373,47,1,0
BRDA:377,48,0,0
BRDA:377,48,1,0
BRDA:380,49,0,0
BRDA:380,49,1,0
BRDA:382,50,0,0
BRDA:382,50,1,0
BRDA:390,51,0,0
BRDA:390,51,1,0
BRDA:410,52,0,0
BRDA:410,52,1,0
BRDA:434,53,0,0
BRDA:434,53,1,0
BRDA:435,54,0,0
BRDA:435,54,1,0
BRDA:444,55,0,0
BRDA:444,55,1,0
BRDA:444,56,0,0
BRDA:444,56,1,0
BRDA:447,57,0,0
BRDA:447,57,1,0
BRDA:449,58,0,0
BRDA:449,58,1,0
BRDA:454,59,0,0
BRDA:454,59,1,0
BRDA:457,60,0,0
BRDA:457,60,1,0
BRDA:478,61,0,0
BRDA:478,61,1,0
BRDA:506,62,0,0
BRDA:506,62,1,0
BRDA:508,63,0,0
BRDA:508,63,1,0
BRF:128
BRH:0
end_of_record
TN:
SF:src/components/AlarmList.tsx
FN:15,(anonymous_0)
FN:26,(anonymous_1)
FN:31,(anonymous_2)
FN:39,(anonymous_3)
FN:47,(anonymous_4)
FN:50,(anonymous_5)
FN:53,(anonymous_6)
FN:68,(anonymous_7)
FN:77,(anonymous_8)
FN:78,(anonymous_9)
FN:91,(anonymous_10)
FN:100,(anonymous_11)
FN:101,(anonymous_12)
FN:136,(anonymous_13)
FN:151,(anonymous_14)
FN:203,(anonymous_15)
FN:211,(anonymous_16)
FN:242,(anonymous_17)
FNF:18
FNH:0
FNDA:0,(anonymous_0)
FNDA:0,(anonymous_1)
FNDA:0,(anonymous_2)
FNDA:0,(anonymous_3)
FNDA:0,(anonymous_4)
FNDA:0,(anonymous_5)
FNDA:0,(anonymous_6)
FNDA:0,(anonymous_7)
FNDA:0,(anonymous_8)
FNDA:0,(anonymous_9)
FNDA:0,(anonymous_10)
FNDA:0,(anonymous_11)
FNDA:0,(anonymous_12)
FNDA:0,(anonymous_13)
FNDA:0,(anonymous_14)
FNDA:0,(anonymous_15)
FNDA:0,(anonymous_16)
FNDA:0,(anonymous_17)
DA:1,0
DA:2,0
DA:4,0
DA:5,0
DA:6,0
DA:15,0
DA:21,0
DA:22,0
DA:23,0
DA:26,0
DA:27,0
DA:31,0
DA:32,0
DA:39,0
DA:40,0
DA:47,0
DA:50,0
DA:51,0
DA:52,0
DA:53,0
DA:54,0
DA:55,0
DA:58,0
DA:59,0
DA:68,0
DA:69,0
DA:70,0
DA:77,0
DA:78,0
DA:79,0
DA:82,0
DA:83,0
DA:91,0
DA:92,0
DA:93,0
DA:100,0
DA:101,0
DA:102,0
DA:104,0
DA:105,0
DA:112,0
DA:113,0
DA:129,0
DA:137,0
DA:139,0
DA:151,0
DA:203,0
DA:211,0
DA:242,0
DA:264,0
LF:50
LH:0
BRDA:32,0,0,0
BRDA:32,0,1,0
BRDA:34,1,0,0
BRDA:34,1,1,0
BRDA:51,2,0,0
BRDA:51,2,1,0
BRDA:52,3,0,0
BRDA:52,3,1,0
BRDA:58,4,0,0
BRDA:58,4,1,0
BRDA:82,5,0,0
BRDA:82,5,1,0
BRDA:104,6,0,0
BRDA:104,6,1,0
BRDA:112,7,0,0
BRDA:112,7,1,0
BRDA:153,8,0,0
BRDA:153,8,1,0
BRDA:157,9,0,0
BRDA:157,9,1,0
BRDA:162,10,0,0
BRDA:162,10,1,0
BRDA:167,11,0,0
BRDA:167,11,1,0
BRDA:172,12,0,0
BRDA:172,12,1,0
BRDA:221,13,0,0
BRDA:221,13,1,0
BRDA:226,14,0,0
BRDA:226,14,1,0
BRDA:228,15,0,0
BRDA:228,15,1,0
BRF:32
BRH:0
end_of_record
TN:
SF:src/components/AnalyticsDashboard.tsx
FN:14,AnalyticsDashboard
FN:24,(anonymous_2)
FN:28,(anonymous_3)
FN:204,(anonymous_4)
FN:219,(anonymous_5)
FNF:5
FNH:0
FNDA:0,AnalyticsDashboard
FNDA:0,(anonymous_2)
FNDA:0,(anonymous_3)
FNDA:0,(anonymous_4)
FNDA:0,(anonymous_5)
DA:4,0
DA:5,0
DA:6,0
DA:7,0
DA:8,0
DA:14,0
DA:15,0
DA:16,0
DA:17,0
DA:18,0
DA:20,0
DA:21,0
DA:22,0
DA:24,0
DA:25,0
DA:28,0
DA:29,0
DA:30,0
DA:33,0
DA:34,0
DA:37,0
DA:38,0
DA:39,0
DA:42,0
DA:57,0
DA:60,0
DA:62,0
DA:66,0
DA:67,0
DA:76,0
DA:205,0
DA:220,0
LF:32
LH:0
BRDA:66,0,0,0
BRDA:66,0,1,0
BRDA:99,1,0,0
BRDA:99,1,1,0
BRDA:104,2,0,0
BRDA:104,2,1,0
BRDA:108,3,0,0
BRDA:108,3,1,0
BRDA:113,4,0,0
BRDA:113,4,1,0
BRDA:117,5,0,0
BRDA:117,5,1,0
BRDA:122,6,0,0
BRDA:122,6,1,0
BRDA:126,7,0,0
BRDA:126,7,1,0
BRDA:131,8,0,0
BRDA:131,8,1,0
BRDA:142,9,0,0
BRDA:142,9,1,0
BRDA:152,10,0,0
BRDA:152,10,1,0
BRDA:162,11,0,0
BRDA:162,11,1,0
BRDA:172,12,0,0
BRDA:172,12,1,0
BRDA:188,13,0,0
BRDA:188,13,1,0
BRDA:192,14,0,0
BRDA:192,14,1,0
BRDA:196,15,0,0
BRDA:196,15,1,0
BRDA:204,16,0,0
BRDA:204,16,1,0
BRDA:207,17,0,0
BRDA:207,17,1,0
BRDA:208,18,0,0
BRDA:208,18,1,0
BRF:38
BRH:0
end_of_record
TN:
SF:src/components/AuthenticationFlow.tsx
FN:19,AuthenticationFlow
FN:30,(anonymous_2)
FN:36,(anonymous_3)
FN:37,(anonymous_4)
FN:46,(anonymous_5)
FN:55,(anonymous_6)
FNF:6
FNH:0
FNDA:0,AuthenticationFlow
FNDA:0,(anonymous_2)
FNDA:0,(anonymous_3)
FNDA:0,(anonymous_4)
FNDA:0,(anonymous_5)
FNDA:0,(anonymous_6)
DA:1,0
DA:2,0
DA:3,0
DA:4,0
DA:5,0
DA:19,0
DA:28,0
DA:30,0
DA:31,0
DA:33,0
DA:36,0
DA:37,0
DA:43,0
DA:46,0
DA:52,0
DA:55,0
DA:62,0
DA:66,0
LF:18
LH:0
BRDA:31,0,0,0
BRDA:31,0,1,0
BRDA:31,0,2,0
BRDA:31,0,3,0
BRF:4
BRH:0
end_of_record
TN:
SF:src/components/CommunityHub.tsx
FN:80,CommunityHub
FN:100,(anonymous_1)
FN:101,(anonymous_2)
FN:121,(anonymous_3)
FN:127,(anonymous_4)
FN:175,(anonymous_5)
FN:179,(anonymous_6)
FN:182,(anonymous_7)
FN:185,(anonymous_8)
FN:200,(anonymous_9)
FN:206,(anonymous_10)
FN:269,(anonymous_11)
FN:296,(anonymous_12)
FN:320,(anonymous_13)
FN:323,(anonymous_14)
FN:326,(anonymous_15)
FN:329,(anonymous_16)
FN:351,(anonymous_17)
FN:354,(anonymous_18)
FN:357,(anonymous_19)
FN:384,(anonymous_20)
FN:399,(anonymous_21)
FN:403,(anonymous_22)
FN:455,(anonymous_23)
FNF:24
FNH:0
FNDA:0,CommunityHub
FNDA:0,(anonymous_1)
FNDA:0,(anonymous_2)
FNDA:0,(anonymous_3)
FNDA:0,(anonymous_4)
FNDA:0,(anonymous_5)
FNDA:0,(anonymous_6)
FNDA:0,(anonymous_7)
FNDA:0,(anonymous_8)
FNDA:0,(anonymous_9)
FNDA:0,(anonymous_10)
FNDA:0,(anonymous_11)
FNDA:0,(anonymous_12)
FNDA:0,(anonymous_13)
FNDA:0,(anonymous_14)
FNDA:0,(anonymous_15)
FNDA:0,(anonymous_16)
FNDA:0,(anonymous_17)
FNDA:0,(anonymous_18)
FNDA:0,(anonymous_19)
FNDA:0,(anonymous_20)
FNDA:0,(anonymous_21)
FNDA:0,(anonymous_22)
FNDA:0,(anonymous_23)
DA:1,0
DA:2,0
DA:3,0
DA:4,0
DA:5,0
DA:6,0
DA:7,0
DA:8,0
DA:9,0
DA:10,0
DA:11,0
DA:12,0
DA:13,0
DA:15,0
DA:41,0
DA:49,0
DA:80,0
DA:81,0
DA:91,0
DA:94,0
DA:100,0
DA:101,0
DA:102,0
DA:103,0
DA:105,0
DA:106,0
DA:107,0
DA:117,0
DA:121,0
DA:122,0
DA:123,0
DA:124,0
DA:127,0
DA:128,0
DA:129,0
DA:130,0
DA:131,0
DA:132,0
DA:133,0
DA:137,0
DA:176,0
DA:180,0
DA:183,0
DA:186,0
DA:201,0
DA:207,0
DA:208,0
DA:214,0
DA:270,0
DA:297,0
DA:321,0
DA:324,0
DA:327,0
DA:330,0
DA:352,0
DA:355,0
DA:358,0
DA:385,0
DA:400,0
DA:404,0
DA:456,0
DA:457,0
DA:462,0
DA:505,0
LF:64
LH:0
BRDA:102,0,0,0
BRDA:102,0,1,0
BRDA:105,1,0,0
BRDA:105,1,1,0
BRDA:105,2,0,0
BRDA:105,2,1,0
BRDA:108,3,0,0
BRDA:108,3,1,0
BRDA:122,4,0,0
BRDA:122,4,1,0
BRDA:123,5,0,0
BRDA:123,5,1,0
BRDA:128,6,0,0
BRDA:128,6,1,0
BRDA:128,6,2,0
BRDA:128,6,3,0
BRDA:128,6,4,0
BRDA:204,7,0,0
BRDA:204,7,1,0
BRDA:207,8,0,0
BRDA:207,8,1,0
BRDA:210,9,0,0
BRDA:210,9,1,0
BRDA:210,10,0,0
BRDA:210,10,1,0
BRDA:228,11,0,0
BRDA:228,11,1,0
BRDA:229,12,0,0
BRDA:229,12,1,0
BRDA:230,13,0,0
BRDA:230,13,1,0
BRDA:235,14,0,0
BRDA:235,14,1,0
BRDA:243,15,0,0
BRDA:243,15,1,0
BRDA:423,16,0,0
BRDA:423,16,1,0
BRDA:440,17,0,0
BRDA:440,17,1,0
BRDA:441,18,0,0
BRDA:441,18,1,0
BRDA:443,19,0,0
BRDA:443,19,1,0
BRDA:451,20,0,0
BRDA:451,20,1,0
BRDA:458,21,0,0
BRDA:458,21,1,0
BRDA:458,22,0,0
BRDA:458,22,1,0
BRDA:464,23,0,0
BRDA:464,23,1,0
BRDA:464,24,0,0
BRDA:464,24,1,0
BRF:53
BRH:0
end_of_record
TN:
SF:src/components/ConsentBanner.tsx
FN:15,ConsentBanner
FN:30,(anonymous_2)
FN:44,(anonymous_3)
FN:58,(anonymous_4)
FN:63,(anonymous_5)
FN:64,(anonymous_6)
FN:147,(anonymous_7)
FN:158,(anonymous_8)
FN:166,(anonymous_9)
FN:216,(anonymous_10)
FN:241,(anonymous_11)
FNF:11
FNH:0
FNDA:0,ConsentBanner
FNDA:0,(anonymous_2)
FNDA:0,(anonymous_3)
FNDA:0,(anonymous_4)
FNDA:0,(anonymous_5)
FNDA:0,(anonymous_6)
FNDA:0,(anonymous_7)
FNDA:0,(anonymous_8)
FNDA:0,(anonymous_9)
FNDA:0,(anonymous_10)
FNDA:0,(anonymous_11)
DA:4,0
DA:5,0
DA:6,0
DA:15,0
DA:16,0
DA:17,0
DA:26,0
DA:28,0
DA:30,0
DA:31,0
DA:40,0
DA:41,0
DA:44,0
DA:45,0
DA:54,0
DA:55,0
DA:58,0
DA:59,0
DA:60,0
DA:63,0
DA:64,0
DA:70,0
DA:103,0
DA:147,0
DA:159,0
DA:166,0
DA:216,0
DA:241,0
LF:28
LH:0
BRDA:28,0,0,0
BRDA:28,0,1,0
BRDA:127,1,0,0
BRDA:127,1,1,0
BRDA:177,2,0,0
BRDA:177,2,1,0
BRDA:206,3,0,0
BRDA:206,3,1,0
BRF:8
BRH:0
end_of_record
TN:
SF:src/components/Dashboard.tsx
FN:11,(anonymous_0)
FN:13,(anonymous_1)
FN:55,(anonymous_2)
FN:64,(anonymous_3)
FN:132,(anonymous_4)
FN:204,(anonymous_5)
FN:218,(anonymous_6)
FNF:7
FNH:0
FNDA:0,(anonymous_0)
FNDA:0,(anonymous_1)
FNDA:0,(anonymous_2)
FNDA:0,(anonymous_3)
FNDA:0,(anonymous_4)
FNDA:0,(anonymous_5)
FNDA:0,(anonymous_6)
DA:1,0
DA:3,0
DA:11,0
DA:12,0
DA:13,0
DA:15,0
DA:55,0
DA:64,0
DA:133,0
DA:135,0
DA:204,0
DA:218,0
DA:238,0
LF:13
LH:0
BRDA:30,0,0,0
BRDA:30,0,1,0
BRDA:55,1,0,0
BRDA:55,1,1,0
BRDA:64,2,0,0
BRDA:64,2,1,0
BRDA:126,3,0,0
BRDA:126,3,1,0
BRDA:140,4,0,0
BRDA:140,4,1,0
BRDA:145,5,0,0
BRDA:145,5,1,0
BRDA:148,6,0,0
BRDA:148,6,1,0
BRDA:170,7,0,0
BRDA:170,7,1,0
BRDA:201,8,0,0
BRDA:201,8,1,0
BRDA:201,8,2,0
BRF:19
BRH:0
end_of_record
TN:
SF:src/components/ErrorBoundaryTest.tsx
FN:12,(anonymous_0)
FN:20,(anonymous_1)
FN:31,(anonymous_2)
FN:69,(anonymous_3)
FN:118,(anonymous_4)
FN:129,(anonymous_5)
FN:140,(anonymous_6)
FN:151,(anonymous_7)
FN:162,(anonymous_8)
FN:173,(anonymous_9)
FNF:10
FNH:0
FNDA:0,(anonymous_0)
FNDA:0,(anonymous_1)
FNDA:0,(anonymous_2)
FNDA:0,(anonymous_3)
FNDA:0,(anonymous_4)
FNDA:0,(anonymous_5)
FNDA:0,(anonymous_6)
FNDA:0,(anonymous_7)
FNDA:0,(anonymous_8)
FNDA:0,(anonymous_9)
DA:1,0
DA:2,0
DA:12,0
DA:13,0
DA:16,0
DA:17,0
DA:20,0
DA:21,0
DA:24,0
DA:27,0
DA:31,0
DA:32,0
DA:34,0
DA:38,0
DA:39,0
DA:40,0
DA:44,0
DA:45,0
DA:46,0
DA:50,0
DA:54,0
DA:58,0
DA:62,0
DA:65,0
DA:69,0
DA:70,0
DA:71,0
DA:73,0
DA:76,0
DA:118,0
DA:129,0
DA:140,0
DA:151,0
DA:162,0
DA:173,0
DA:197,0
LF:36
LH:0
BRDA:16,0,0,0
BRDA:16,0,1,0
BRDA:24,1,0,0
BRDA:24,1,1,0
BRDA:24,1,2,0
BRDA:24,1,3,0
BRDA:24,1,4,0
BRDA:24,1,5,0
BRDA:24,1,6,0
BRDA:24,1,7,0
BRDA:24,1,8,0
BRDA:70,2,0,0
BRDA:70,2,1,0
BRDA:84,3,0,0
BRDA:84,3,1,0
BRDA:184,4,0,0
BRDA:184,4,1,0
BRF:17
BRH:0
end_of_record
TN:
SF:src/components/ForgotPasswordForm.tsx
FN:12,ForgotPasswordForm
FN:22,(anonymous_1)
FN:35,(anonymous_2)
FN:45,(anonymous_3)
FN:81,(anonymous_4)
FN:149,(anonymous_5)
FNF:6
FNH:0
FNDA:0,ForgotPasswordForm
FNDA:0,(anonymous_1)
FNDA:0,(anonymous_2)
FNDA:0,(anonymous_3)
FNDA:0,(anonymous_4)
FNDA:0,(anonymous_5)
DA:1,0
DA:2,0
DA:12,0
DA:19,0
DA:20,0
DA:22,0
DA:23,0
DA:24,0
DA:25,0
DA:27,0
DA:28,0
DA:29,0
DA:31,0
DA:32,0
DA:35,0
DA:36,0
DA:38,0
DA:39,0
DA:42,0
DA:45,0
DA:46,0
DA:47,0
DA:48,0
DA:52,0
DA:53,0
DA:81,0
DA:100,0
DA:149,0
LF:28
LH:0
BRDA:23,0,0,0
BRDA:23,0,1,0
BRDA:27,1,0,0
BRDA:27,1,1,0
BRDA:38,2,0,0
BRDA:38,2,1,0
BRDA:47,3,0,0
BRDA:47,3,1,0
BRDA:52,4,0,0
BRDA:52,4,1,0
BRDA:85,5,0,0
BRDA:85,5,1,0
BRDA:112,6,0,0
BRDA:112,6,1,0
BRDA:151,7,0,0
BRDA:151,7,1,0
BRDA:156,8,0,0
BRDA:156,8,1,0
BRDA:160,9,0,0
BRDA:160,9,1,0
BRDA:179,10,0,0
BRDA:179,10,1,0
BRF:22
BRH:0
end_of_record
TN:
SF:src/components/LoginForm.tsx
FN:12,LoginForm
FN:24,(anonymous_1)
FN:43,(anonymous_2)
FN:102,(anonymous_3)
FN:141,(anonymous_4)
FN:153,(anonymous_5)
FNF:6
FNH:0
FNDA:0,LoginForm
FNDA:0,(anonymous_1)
FNDA:0,(anonymous_2)
FNDA:0,(anonymous_3)
FNDA:0,(anonymous_4)
FNDA:0,(anonymous_5)
DA:1,0
DA:2,0
DA:12,0
DA:19,0
DA:20,0
DA:21,0
DA:22,0
DA:24,0
DA:25,0
DA:27,0
DA:28,0
DA:29,0
DA:30,0
DA:33,0
DA:34,0
DA:35,0
DA:36,0
DA:39,0
DA:40,0
DA:43,0
DA:44,0
DA:46,0
DA:47,0
DA:50,0
DA:53,0
DA:102,0
DA:141,0
DA:153,0
LF:28
LH:0
BRDA:27,0,0,0
BRDA:27,0,1,0
BRDA:29,1,0,0
BRDA:29,1,1,0
BRDA:33,2,0,0
BRDA:33,2,1,0
BRDA:35,3,0,0
BRDA:35,3,1,0
BRDA:46,4,0,0
BRDA:46,4,1,0
BRDA:65,5,0,0
BRDA:65,5,1,0
BRDA:104,6,0,0
BRDA:104,6,1,0
BRDA:109,7,0,0
BRDA:109,7,1,0
BRDA:113,8,0,0
BRDA:113,8,1,0
BRDA:139,9,0,0
BRDA:139,9,1,0
BRDA:143,10,0,0
BRDA:143,10,1,0
BRDA:148,11,0,0
BRDA:148,11,1,0
BRDA:155,12,0,0
BRDA:155,12,1,0
BRDA:158,13,0,0
BRDA:158,13,1,0
BRDA:161,14,0,0
BRDA:161,14,1,0
BRDA:164,15,0,0
BRDA:164,15,1,0
BRDA:194,16,0,0
BRDA:194,16,1,0
BRF:34
BRH:0
end_of_record
TN:
SF:src/components/OfflineIndicator.tsx
FN:8,(anonymous_0)
FN:13,(anonymous_1)
FN:14,(anonymous_2)
FN:27,(anonymous_3)
FN:33,(anonymous_4)
FN:43,(anonymous_5)
FN:49,(anonymous_6)
FN:56,(anonymous_7)
FN:73,(anonymous_8)
FN:90,(anonymous_9)
FNF:10
FNH:0
FNDA:0,(anonymous_0)
FNDA:0,(anonymous_1)
FNDA:0,(anonymous_2)
FNDA:0,(anonymous_3)
FNDA:0,(anonymous_4)
FNDA:0,(anonymous_5)
FNDA:0,(anonymous_6)
FNDA:0,(anonymous_7)
FNDA:0,(anonymous_8)
FNDA:0,(anonymous_9)
DA:1,0
DA:2,0
DA:8,0
DA:9,0
DA:10,0
DA:11,0
DA:13,0
DA:14,0
DA:15,0
DA:16,0
DA:17,0
DA:20,0
DA:21,0
DA:27,0
DA:28,0
DA:29,0
DA:30,0
DA:33,0
DA:34,0
DA:39,0
DA:40,0
DA:43,0
DA:44,0
DA:47,0
DA:49,0
DA:50,0
DA:51,0
DA:52,0
DA:56,0
DA:57,0
DA:58,0
DA:61,0
DA:63,0
DA:65,0
DA:67,0
DA:69,0
DA:73,0
DA:74,0
DA:75,0
DA:78,0
DA:80,0
DA:82,0
DA:84,0
DA:86,0
DA:90,0
DA:91,0
DA:92,0
DA:95,0
DA:97,0
DA:99,0
DA:101,0
DA:103,0
DA:107,0
DA:166,0
LF:54
LH:0
BRDA:8,0,0,0
BRDA:20,1,0,0
BRDA:20,1,1,0
BRDA:20,2,0,0
BRDA:20,2,1,0
BRDA:57,3,0,0
BRDA:57,3,1,0
BRDA:61,4,0,0
BRDA:61,4,1,0
BRDA:61,4,2,0
BRDA:61,4,3,0
BRDA:74,5,0,0
BRDA:74,5,1,0
BRDA:78,6,0,0
BRDA:78,6,1,0
BRDA:78,6,2,0
BRDA:78,6,3,0
BRDA:91,7,0,0
BRDA:91,7,1,0
BRDA:95,8,0,0
BRDA:95,8,1,0
BRDA:95,8,2,0
BRDA:95,8,3,0
BRDA:123,9,0,0
BRDA:123,9,1,0
BRDA:139,10,0,0
BRDA:139,10,1,0
BRDA:139,10,2,0
BRF:28
BRH:0
end_of_record
TN:
SF:src/components/OnboardingFlow.tsx
FN:15,(anonymous_0)
FN:31,(anonymous_1)
FN:40,(anonymous_2)
FN:43,(anonymous_3)
FN:49,(anonymous_4)
FN:51,(anonymous_5)
FN:59,(anonymous_6)
FN:62,(anonymous_7)
FN:66,(anonymous_8)
FN:91,(anonymous_9)
FN:97,(anonymous_10)
FN:99,(anonymous_11)
FN:113,(anonymous_12)
FN:131,(anonymous_13)
FN:176,(anonymous_14)
FN:187,(anonymous_15)
FN:233,(anonymous_16)
FN:243,(anonymous_17)
FN:284,(anonymous_18)
FN:294,(anonymous_19)
FN:319,(anonymous_20)
FN:341,(anonymous_21)
FN:356,(anonymous_22)
FN:365,(anonymous_23)
FN:430,(anonymous_24)
FN:460,(anonymous_25)
FNF:26
FNH:0
FNDA:0,(anonymous_0)
FNDA:0,(anonymous_1)
FNDA:0,(anonymous_2)
FNDA:0,(anonymous_3)
FNDA:0,(anonymous_4)
FNDA:0,(anonymous_5)
FNDA:0,(anonymous_6)
FNDA:0,(anonymous_7)
FNDA:0,(anonymous_8)
FNDA:0,(anonymous_9)
FNDA:0,(anonymous_10)
FNDA:0,(anonymous_11)
FNDA:0,(anonymous_12)
FNDA:0,(anonymous_13)
FNDA:0,(anonymous_14)
FNDA:0,(anonymous_15)
FNDA:0,(anonymous_16)
FNDA:0,(anonymous_17)
FNDA:0,(anonymous_18)
FNDA:0,(anonymous_19)
FNDA:0,(anonymous_20)
FNDA:0,(anonymous_21)
FNDA:0,(anonymous_22)
FNDA:0,(anonymous_23)
FNDA:0,(anonymous_24)
FNDA:0,(anonymous_25)
DA:1,0
DA:2,0
DA:4,0
DA:5,0
DA:15,0
DA:20,0
DA:21,0
DA:22,0
DA:23,0
DA:24,0
DA:26,0
DA:31,0
DA:32,0
DA:39,0
DA:40,0
DA:43,0
DA:44,0
DA:45,0
DA:49,0
DA:51,0
DA:52,0
DA:53,0
DA:54,0
DA:55,0
DA:59,0
DA:62,0
DA:63,0
DA:64,0
DA:65,0
DA:66,0
DA:77,0
DA:78,0
DA:81,0
DA:84,0
DA:85,0
DA:87,0
DA:91,0
DA:92,0
DA:93,0
DA:94,0
DA:97,0
DA:99,0
DA:110,0
DA:112,0
DA:113,0
DA:125,0
DA:127,0
DA:131,0
DA:132,0
DA:176,0
DA:187,0
DA:188,0
DA:233,0
DA:243,0
DA:244,0
DA:284,0
DA:294,0
DA:295,0
DA:321,0
DA:322,0
DA:343,0
DA:344,0
DA:356,0
DA:365,0
DA:366,0
DA:430,0
DA:431,0
DA:433,0
DA:435,0
DA:437,0
DA:439,0
DA:441,0
DA:443,0
DA:447,0
DA:461,0
DA:462,0
DA:463,0
DA:464,0
DA:466,0
DA:504,0
LF:80
LH:0
BRDA:52,0,0,0
BRDA:52,0,1,0
BRDA:54,1,0,0
BRDA:54,1,1,0
BRDA:77,2,0,0
BRDA:77,2,1,0
BRDA:224,3,0,0
BRDA:224,3,1,0
BRDA:226,4,0,0
BRDA:226,4,1,0
BRDA:275,5,0,0
BRDA:275,5,1,0
BRDA:277,6,0,0
BRDA:277,6,1,0
BRDA:383,7,0,0
BRDA:383,7,1,0
BRDA:386,8,0,0
BRDA:386,8,1,0
BRDA:390,9,0,0
BRDA:390,9,1,0
BRDA:395,10,0,0
BRDA:395,10,1,0
BRDA:401,11,0,0
BRDA:401,11,1,0
BRDA:404,12,0,0
BRDA:404,12,1,0
BRDA:408,13,0,0
BRDA:408,13,1,0
BRDA:413,14,0,0
BRDA:413,14,1,0
BRDA:431,15,0,0
BRDA:431,15,1,0
BRDA:431,15,2,0
BRDA:431,15,3,0
BRDA:431,15,4,0
BRDA:431,15,5,0
BRDA:450,16,0,0
BRDA:450,16,1,0
BRDA:470,17,0,0
BRDA:470,17,1,0
BRDA:472,18,0,0
BRDA:472,18,1,0
BRDA:477,19,0,0
BRDA:477,19,1,0
BRDA:477,20,0,0
BRDA:477,20,1,0
BRDA:479,21,0,0
BRDA:479,21,1,0
BRDA:482,22,0,0
BRDA:482,22,1,0
BRF:50
BRH:0
end_of_record
TN:
SF:src/components/RewardsDashboard.tsx
FN:26,(anonymous_0)
FN:45,(anonymous_1)
FN:60,(anonymous_2)
FN:119,(anonymous_3)
FN:128,(anonymous_4)
FN:142,(anonymous_5)
FN:198,(anonymous_6)
FN:201,(anonymous_7)
FN:225,(anonymous_8)
FN:231,(anonymous_9)
FN:284,(anonymous_10)
FN:337,(anonymous_11)
FN:343,(anonymous_12)
FN:378,(anonymous_13)
FN:378,(anonymous_14)
FN:379,(anonymous_15)
FN:429,(anonymous_16)
FN:460,(anonymous_17)
FN:512,(anonymous_18)
FN:526,(anonymous_19)
FN:649,(anonymous_20)
FNF:21
FNH:0
FNDA:0,(anonymous_0)
FNDA:0,(anonymous_1)
FNDA:0,(anonymous_2)
FNDA:0,(anonymous_3)
FNDA:0,(anonymous_4)
FNDA:0,(anonymous_5)
FNDA:0,(anonymous_6)
FNDA:0,(anonymous_7)
FNDA:0,(anonymous_8)
FNDA:0,(anonymous_9)
FNDA:0,(anonymous_10)
FNDA:0,(anonymous_11)
FNDA:0,(anonymous_12)
FNDA:0,(anonymous_13)
FNDA:0,(anonymous_14)
FNDA:0,(anonymous_15)
FNDA:0,(anonymous_16)
FNDA:0,(anonymous_17)
FNDA:0,(anonymous_18)
FNDA:0,(anonymous_19)
FNDA:0,(anonymous_20)
DA:1,0
DA:2,0
DA:18,0
DA:26,0
DA:30,0
DA:31,0
DA:32,0
DA:35,0
DA:38,0
DA:45,0
DA:46,0
DA:47,0
DA:48,0
DA:49,0
DA:55,0
DA:60,0
DA:61,0
DA:62,0
DA:63,0
DA:64,0
DA:67,0
DA:68,0
DA:76,0
DA:77,0
DA:78,0
DA:86,0
DA:87,0
DA:88,0
DA:96,0
DA:97,0
DA:98,0
DA:103,0
DA:104,0
DA:113,0
DA:114,0
DA:115,0
DA:116,0
DA:119,0
DA:120,0
DA:121,0
DA:122,0
DA:123,0
DA:124,0
DA:128,0
DA:129,0
DA:130,0
DA:131,0
DA:132,0
DA:133,0
DA:134,0
DA:135,0
DA:136,0
DA:137,0
DA:138,0
DA:142,0
DA:143,0
DA:144,0
DA:145,0
DA:146,0
DA:150,0
DA:199,0
DA:201,0
DA:226,0
DA:227,0
DA:232,0
DA:233,0
DA:285,0
DA:338,0
DA:339,0
DA:343,0
DA:378,0
DA:380,0
DA:381,0
DA:430,0
DA:461,0
DA:513,0
DA:527,0
DA:650,0
DA:651,0
DA:669,0
LF:80
LH:0
BRDA:67,0,0,0
BRDA:67,0,1,0
BRDA:67,1,0,0
BRDA:67,1,1,0
BRDA:76,2,0,0
BRDA:76,2,1,0
BRDA:76,3,0,0
BRDA:76,3,1,0
BRDA:86,4,0,0
BRDA:86,4,1,0
BRDA:86,5,0,0
BRDA:86,5,1,0
BRDA:89,6,0,0
BRDA:89,6,1,0
BRDA:90,7,0,0
BRDA:90,7,1,0
BRDA:96,8,0,0
BRDA:96,8,1,0
BRDA:96,9,0,0
BRDA:96,9,1,0
BRDA:97,10,0,0
BRDA:97,10,1,0
BRDA:103,11,0,0
BRDA:103,11,1,0
BRDA:120,12,0,0
BRDA:120,12,1,0
BRDA:120,12,2,0
BRDA:120,12,3,0
BRDA:129,13,0,0
BRDA:129,13,1,0
BRDA:129,13,2,0
BRDA:129,13,3,0
BRDA:129,13,4,0
BRDA:129,13,5,0
BRDA:129,13,6,0
BRDA:129,13,7,0
BRDA:129,13,8,0
BRDA:143,14,0,0
BRDA:143,14,1,0
BRDA:143,14,2,0
BRDA:165,15,0,0
BRDA:165,15,1,0
BRDA:203,16,0,0
BRDA:203,16,1,0
BRDA:216,17,0,0
BRDA:216,17,1,0
BRDA:247,18,0,0
BRDA:247,18,1,0
BRDA:259,19,0,0
BRDA:259,19,1,0
BRDA:268,20,0,0
BRDA:268,20,1,0
BRDA:280,21,0,0
BRDA:280,21,1,0
BRDA:280,21,2,0
BRDA:328,22,0,0
BRDA:328,22,1,0
BRDA:361,23,0,0
BRDA:361,23,1,0
BRDA:391,24,0,0
BRDA:391,24,1,0
BRDA:421,25,0,0
BRDA:421,25,1,0
BRDA:444,26,0,0
BRDA:444,26,1,0
BRDA:445,27,0,0
BRDA:445,27,1,0
BRDA:456,28,0,0
BRDA:456,28,1,0
BRDA:456,28,2,0
BRDA:473,29,0,0
BRDA:473,29,1,0
BRDA:485,30,0,0
BRDA:485,30,1,0
BRDA:537,31,0,0
BRDA:537,31,1,0
BRDA:538,32,0,0
BRDA:538,32,1,0
BRDA:553,33,0,0
BRDA:553,33,1,0
BRDA:554,34,0,0
BRDA:554,34,1,0
BRDA:566,35,0,0
BRDA:566,35,1,0
BRDA:577,36,0,0
BRDA:577,36,1,0
BRDA:585,37,0,0
BRDA:585,37,1,0
BRDA:596,38,0,0
BRDA:596,38,1,0
BRDA:608,39,0,0
BRDA:608,39,1,0
BRDA:621,40,0,0
BRDA:621,40,1,0
BRDA:629,41,0,0
BRDA:629,41,1,0
BRF:96
BRH:0
end_of_record
TN:
SF:src/components/SignUpForm.tsx
FN:13,SignUpForm
FN:35,(anonymous_2)
FN:70,(anonymous_3)
FN:80,(anonymous_4)
FN:81,(anonymous_5)
FN:90,(anonymous_6)
FN:94,(anonymous_7)
FN:160,(anonymous_8)
FN:199,(anonymous_9)
FN:238,(anonymous_10)
FN:250,(anonymous_11)
FN:294,(anonymous_12)
FN:331,(anonymous_13)
FN:343,(anonymous_14)
FNF:14
FNH:0
FNDA:0,SignUpForm
FNDA:0,(anonymous_2)
FNDA:0,(anonymous_3)
FNDA:0,(anonymous_4)
FNDA:0,(anonymous_5)
FNDA:0,(anonymous_6)
FNDA:0,(anonymous_7)
FNDA:0,(anonymous_8)
FNDA:0,(anonymous_9)
FNDA:0,(anonymous_10)
FNDA:0,(anonymous_11)
FNDA:0,(anonymous_12)
FNDA:0,(anonymous_13)
FNDA:0,(anonymous_14)
DA:1,0
DA:2,0
DA:3,0
DA:4,0
DA:13,0
DA:19,0
DA:25,0
DA:26,0
DA:27,0
DA:28,0
DA:35,0
DA:36,0
DA:38,0
DA:39,0
DA:40,0
DA:41,0
DA:45,0
DA:46,0
DA:47,0
DA:51,0
DA:52,0
DA:54,0
DA:55,0
DA:56,0
DA:60,0
DA:61,0
DA:62,0
DA:63,0
DA:66,0
DA:67,0
DA:70,0
DA:71,0
DA:73,0
DA:74,0
DA:77,0
DA:80,0
DA:81,0
DA:84,0
DA:85,0
DA:89,0
DA:90,0
DA:94,0
DA:95,0
DA:96,0
DA:99,0
DA:100,0
DA:102,0
DA:103,0
DA:104,0
DA:105,0
DA:106,0
DA:109,0
DA:111,0
DA:160,0
DA:199,0
DA:238,0
DA:250,0
DA:295,0
DA:331,0
DA:343,0
LF:60
LH:0
BRDA:38,0,0,0
BRDA:38,0,1,0
BRDA:40,1,0,0
BRDA:40,1,1,0
BRDA:46,2,0,0
BRDA:46,2,1,0
BRDA:51,3,0,0
BRDA:51,3,1,0
BRDA:55,4,0,0
BRDA:55,4,1,0
BRDA:60,5,0,0
BRDA:60,5,1,0
BRDA:62,6,0,0
BRDA:62,6,1,0
BRDA:73,7,0,0
BRDA:73,7,1,0
BRDA:84,8,0,0
BRDA:84,8,1,0
BRDA:89,9,0,0
BRDA:89,9,1,0
BRDA:95,10,0,0
BRDA:95,10,1,0
BRDA:95,11,0,0
BRDA:95,11,1,0
BRDA:102,12,0,0
BRDA:102,12,1,0
BRDA:103,13,0,0
BRDA:103,13,1,0
BRDA:104,14,0,0
BRDA:104,14,1,0
BRDA:105,15,0,0
BRDA:105,15,1,0
BRDA:123,16,0,0
BRDA:123,16,1,0
BRDA:162,17,0,0
BRDA:162,17,1,0
BRDA:167,18,0,0
BRDA:167,18,1,0
BRDA:171,19,0,0
BRDA:171,19,1,0
BRDA:201,20,0,0
BRDA:201,20,1,0
BRDA:206,21,0,0
BRDA:206,21,1,0
BRDA:210,22,0,0
BRDA:210,22,1,0
BRDA:236,23,0,0
BRDA:236,23,1,0
BRDA:240,24,0,0
BRDA:240,24,1,0
BRDA:245,25,0,0
BRDA:245,25,1,0
BRDA:252,26,0,0
BRDA:252,26,1,0
BRDA:254,27,0,0
BRDA:254,27,1,0
BRDA:259,28,0,0
BRDA:259,28,1,0
BRDA:259,28,2,0
BRDA:270,29,0,0
BRDA:270,29,1,0
BRDA:271,30,0,0
BRDA:271,30,1,0
BRDA:283,31,0,0
BRDA:283,31,1,0
BRDA:290,32,0,0
BRDA:290,32,1,0
BRDA:290,32,2,0
BRDA:303,33,0,0
BRDA:303,33,1,0
BRDA:329,34,0,0
BRDA:329,34,1,0
BRDA:333,35,0,0
BRDA:333,35,1,0
BRDA:338,36,0,0
BRDA:338,36,1,0
BRDA:345,37,0,0
BRDA:345,37,1,0
BRDA:347,38,0,0
BRDA:347,38,1,0
BRDA:350,39,0,0
BRDA:350,39,1,0
BRDA:350,39,2,0
BRDA:356,40,0,0
BRDA:356,40,1,0
BRDA:374,41,0,0
BRDA:374,41,1,0
BRDA:375,42,0,0
BRDA:375,42,1,0
BRDA:378,43,0,0
BRDA:378,43,1,0
BRDA:379,44,0,0
BRDA:379,44,1,0
BRDA:382,45,0,0
BRDA:382,45,1,0
BRDA:383,46,0,0
BRDA:383,46,1,0
BRDA:386,47,0,0
BRDA:386,47,1,0
BRDA:387,48,0,0
BRDA:387,48,1,0
BRDA:400,49,0,0
BRDA:400,49,1,0
BRF:103
BRH:0
end_of_record
TN:
SF:src/components/SleepTracker.tsx
FN:28,(anonymous_0)
FN:42,(anonymous_1)
FN:43,(anonymous_2)
FN:63,(anonymous_3)
FN:96,(anonymous_4)
FN:104,(anonymous_5)
FN:110,(anonymous_6)
FN:117,(anonymous_7)
FN:125,(anonymous_8)
FN:163,(anonymous_9)
FN:168,(anonymous_10)
FN:196,(anonymous_11)
FN:196,(anonymous_12)
FN:211,(anonymous_13)
FN:211,(anonymous_14)
FN:225,(anonymous_15)
FN:225,(anonymous_16)
FN:241,(anonymous_17)
FN:241,(anonymous_18)
FN:282,(anonymous_19)
FN:290,(anonymous_20)
FNF:21
FNH:0
FNDA:0,(anonymous_0)
FNDA:0,(anonymous_1)
FNDA:0,(anonymous_2)
FNDA:0,(anonymous_3)
FNDA:0,(anonymous_4)
FNDA:0,(anonymous_5)
FNDA:0,(anonymous_6)
FNDA:0,(anonymous_7)
FNDA:0,(anonymous_8)
FNDA:0,(anonymous_9)
FNDA:0,(anonymous_10)
FNDA:0,(anonymous_11)
FNDA:0,(anonymous_12)
FNDA:0,(anonymous_13)
FNDA:0,(anonymous_14)
FNDA:0,(anonymous_15)
FNDA:0,(anonymous_16)
FNDA:0,(anonymous_17)
FNDA:0,(anonymous_18)
FNDA:0,(anonymous_19)
FNDA:0,(anonymous_20)
DA:1,0
DA:2,0
DA:14,0
DA:28,0
DA:29,0
DA:30,0
DA:31,0
DA:32,0
DA:35,0
DA:42,0
DA:43,0
DA:44,0
DA:45,0
DA:46,0
DA:47,0
DA:48,0
DA:50,0
DA:51,0
DA:53,0
DA:55,0
DA:60,0
DA:63,0
DA:64,0
DA:65,0
DA:66,0
DA:67,0
DA:70,0
DA:71,0
DA:74,0
DA:77,0
DA:78,0
DA:81,0
DA:88,0
DA:90,0
DA:92,0
DA:96,0
DA:97,0
DA:104,0
DA:105,0
DA:106,0
DA:107,0
DA:110,0
DA:111,0
DA:112,0
DA:113,0
DA:114,0
DA:117,0
DA:118,0
DA:119,0
DA:120,0
DA:121,0
DA:122,0
DA:125,0
DA:126,0
DA:127,0
DA:129,0
DA:130,0
DA:133,0
DA:134,0
DA:137,0
DA:139,0
DA:164,0
DA:165,0
DA:168,0
DA:196,0
DA:211,0
DA:225,0
DA:241,0
DA:283,0
DA:291,0
DA:511,0
LF:71
LH:0
BRDA:44,0,0,0
BRDA:44,0,1,0
BRDA:70,1,0,0
BRDA:70,1,1,0
BRDA:111,2,0,0
BRDA:111,2,1,0
BRDA:112,3,0,0
BRDA:112,3,1,0
BRDA:113,4,0,0
BRDA:113,4,1,0
BRDA:118,5,0,0
BRDA:118,5,1,0
BRDA:119,6,0,0
BRDA:119,6,1,0
BRDA:120,7,0,0
BRDA:120,7,1,0
BRDA:121,8,0,0
BRDA:121,8,1,0
BRDA:129,9,0,0
BRDA:129,9,1,0
BRDA:137,10,0,0
BRDA:137,10,1,0
BRDA:170,11,0,0
BRDA:170,11,1,0
BRDA:184,12,0,0
BRDA:184,12,1,0
BRDA:264,13,0,0
BRDA:264,13,1,0
BRDA:271,14,0,0
BRDA:271,14,1,0
BRDA:278,15,0,0
BRDA:278,15,1,0
BRDA:280,16,0,0
BRDA:280,16,1,0
BRDA:294,17,0,0
BRDA:294,17,1,0
BRDA:343,18,0,0
BRDA:343,18,1,0
BRDA:345,19,0,0
BRDA:345,19,1,0
BRDA:347,20,0,0
BRDA:347,20,1,0
BRDA:398,21,0,0
BRDA:398,21,1,0
BRDA:400,22,0,0
BRDA:400,22,1,0
BRDA:402,23,0,0
BRDA:402,23,1,0
BRDA:404,24,0,0
BRDA:404,24,1,0
BRDA:406,25,0,0
BRDA:406,25,1,0
BRDA:481,26,0,0
BRDA:481,26,1,0
BRF:54
BRH:0
end_of_record
TN:
SF:src/components/SmartAlarmSettings.tsx
FN:24,(anonymous_0)
FN:49,(anonymous_1)
FN:50,(anonymous_2)
FN:75,(anonymous_3)
FN:93,(anonymous_4)
FN:99,(anonymous_5)
FN:108,(anonymous_6)
FN:146,(anonymous_7)
FN:151,(anonymous_8)
FN:182,(anonymous_9)
FN:204,(anonymous_10)
FN:227,(anonymous_11)
FN:243,(anonymous_12)
FN:259,(anonymous_13)
FN:329,(anonymous_14)
FN:329,(anonymous_15)
FN:355,(anonymous_16)
FN:355,(anonymous_17)
FN:367,(anonymous_18)
FN:367,(anonymous_19)
FN:386,(anonymous_20)
FN:386,(anonymous_21)
FN:406,(anonymous_22)
FN:406,(anonymous_23)
FN:499,(anonymous_24)
FNF:25
FNH:0
FNDA:0,(anonymous_0)
FNDA:0,(anonymous_1)
FNDA:0,(anonymous_2)
FNDA:0,(anonymous_3)
FNDA:0,(anonymous_4)
FNDA:0,(anonymous_5)
FNDA:0,(anonymous_6)
FNDA:0,(anonymous_7)
FNDA:0,(anonymous_8)
FNDA:0,(anonymous_9)
FNDA:0,(anonymous_10)
FNDA:0,(anonymous_11)
FNDA:0,(anonymous_12)
FNDA:0,(anonymous_13)
FNDA:0,(anonymous_14)
FNDA:0,(anonymous_15)
FNDA:0,(anonymous_16)
FNDA:0,(anonymous_17)
FNDA:0,(anonymous_18)
FNDA:0,(anonymous_19)
FNDA:0,(anonymous_20)
FNDA:0,(anonymous_21)
FNDA:0,(anonymous_22)
FNDA:0,(anonymous_23)
FNDA:0,(anonymous_24)
DA:1,0
DA:2,0
DA:15,0
DA:24,0
DA:30,0
DA:31,0
DA:32,0
DA:33,0
DA:34,0
DA:36,0
DA:45,0
DA:46,0
DA:47,0
DA:49,0
DA:50,0
DA:51,0
DA:52,0
DA:54,0
DA:56,0
DA:57,0
DA:58,0
DA:62,0
DA:63,0
DA:65,0
DA:67,0
DA:72,0
DA:75,0
DA:77,0
DA:80,0
DA:89,0
DA:90,0
DA:93,0
DA:94,0
DA:95,0
DA:96,0
DA:99,0
DA:100,0
DA:101,0
DA:102,0
DA:103,0
DA:104,0
DA:108,0
DA:109,0
DA:110,0
DA:111,0
DA:112,0
DA:114,0
DA:115,0
DA:116,0
DA:120,0
DA:122,0
DA:147,0
DA:148,0
DA:151,0
DA:182,0
DA:204,0
DA:227,0
DA:243,0
DA:259,0
DA:329,0
DA:355,0
DA:367,0
DA:386,0
DA:406,0
DA:500,0
DA:565,0
LF:66
LH:0
BRDA:30,0,0,0
BRDA:30,0,1,0
BRDA:31,1,0,0
BRDA:31,1,1,0
BRDA:32,2,0,0
BRDA:32,2,1,0
BRDA:33,3,0,0
BRDA:33,3,1,0
BRDA:34,4,0,0
BRDA:34,4,1,0
BRDA:51,5,0,0
BRDA:51,5,1,0
BRDA:57,6,0,0
BRDA:57,6,1,0
BRDA:100,7,0,0
BRDA:100,7,1,0
BRDA:100,7,2,0
BRDA:100,7,3,0
BRDA:109,8,0,0
BRDA:109,8,1,0
BRDA:110,9,0,0
BRDA:110,9,1,0
BRDA:111,10,0,0
BRDA:111,10,1,0
BRDA:114,11,0,0
BRDA:114,11,1,0
BRDA:115,12,0,0
BRDA:115,12,1,0
BRDA:120,13,0,0
BRDA:120,13,1,0
BRDA:153,14,0,0
BRDA:153,14,1,0
BRDA:167,15,0,0
BRDA:167,15,1,0
BRDA:189,16,0,0
BRDA:189,16,1,0
BRDA:208,17,0,0
BRDA:208,17,1,0
BRDA:208,18,0,0
BRDA:208,18,1,0
BRDA:271,19,0,0
BRDA:271,19,1,0
BRDA:271,19,2,0
BRDA:310,20,0,0
BRDA:310,20,1,0
BRDA:421,21,0,0
BRDA:421,21,1,0
BRDA:423,22,0,0
BRDA:423,22,1,0
BRDA:425,23,0,0
BRDA:425,23,1,0
BRDA:433,24,0,0
BRDA:433,24,1,0
BRDA:451,25,0,0
BRDA:451,25,1,0
BRDA:452,26,0,0
BRDA:452,26,1,0
BRDA:481,27,0,0
BRDA:481,27,1,0
BRDA:482,28,0,0
BRDA:482,28,1,0
BRDA:491,29,0,0
BRDA:491,29,1,0
BRDA:502,30,0,0
BRDA:502,30,1,0
BRDA:503,31,0,0
BRDA:503,31,1,0
BRDA:505,32,0,0
BRDA:505,32,1,0
BRDA:507,33,0,0
BRDA:507,33,1,0
BRDA:520,34,0,0
BRDA:520,34,1,0
BRDA:522,35,0,0
BRDA:522,35,1,0
BRDA:557,36,0,0
BRDA:557,36,1,0
BRF:77
BRH:0
end_of_record
TN:
SF:src/components/SyncStatus.tsx
FN:19,(anonymous_0)
FN:39,(anonymous_1)
FN:40,(anonymous_2)
FN:52,(anonymous_3)
FN:53,(anonymous_4)
FN:57,(anonymous_5)
FN:58,(anonymous_6)
FN:67,(anonymous_7)
FN:74,(anonymous_8)
FN:76,(anonymous_9)
FN:79,(anonymous_10)
FN:90,(anonymous_11)
FN:110,(anonymous_12)
FN:118,(anonymous_13)
FN:151,(anonymous_14)
FN:173,(anonymous_15)
FNF:16
FNH:0
FNDA:0,(anonymous_0)
FNDA:0,(anonymous_1)
FNDA:0,(anonymous_2)
FNDA:0,(anonymous_3)
FNDA:0,(anonymous_4)
FNDA:0,(anonymous_5)
FNDA:0,(anonymous_6)
FNDA:0,(anonymous_7)
FNDA:0,(anonymous_8)
FNDA:0,(anonymous_9)
FNDA:0,(anonymous_10)
FNDA:0,(anonymous_11)
FNDA:0,(anonymous_12)
FNDA:0,(anonymous_13)
FNDA:0,(anonymous_14)
FNDA:0,(anonymous_15)
DA:1,0
DA:2,0
DA:12,0
DA:19,0
DA:20,0
DA:28,0
DA:36,0
DA:37,0
DA:39,0
DA:40,0
DA:41,0
DA:42,0
DA:44,0
DA:45,0
DA:49,0
DA:52,0
DA:53,0
DA:54,0
DA:57,0
DA:58,0
DA:61,0
DA:62,0
DA:65,0
DA:67,0
DA:68,0
DA:69,0
DA:70,0
DA:74,0
DA:75,0
DA:76,0
DA:79,0
DA:80,0
DA:81,0
DA:82,0
DA:83,0
DA:84,0
DA:86,0
DA:90,0
DA:91,0
DA:92,0
DA:95,0
DA:96,0
DA:99,0
DA:100,0
DA:103,0
DA:104,0
DA:107,0
DA:110,0
DA:111,0
DA:112,0
DA:113,0
DA:114,0
DA:115,0
DA:118,0
DA:119,0
DA:120,0
DA:121,0
DA:122,0
DA:123,0
DA:126,0
DA:128,0
DA:147,0
DA:151,0
DA:174,0
DA:175,0
DA:282,0
LF:66
LH:0
BRDA:19,0,0,0
BRDA:19,1,0,0
BRDA:91,2,0,0
BRDA:91,2,1,0
BRDA:95,3,0,0
BRDA:95,3,1,0
BRDA:95,4,0,0
BRDA:95,4,1,0
BRDA:96,5,0,0
BRDA:96,5,1,0
BRDA:99,6,0,0
BRDA:99,6,1,0
BRDA:103,7,0,0
BRDA:103,7,1,0
BRDA:111,8,0,0
BRDA:111,8,1,0
BRDA:112,9,0,0
BRDA:112,9,1,0
BRDA:112,10,0,0
BRDA:112,10,1,0
BRDA:113,11,0,0
BRDA:113,11,1,0
BRDA:114,12,0,0
BRDA:114,12,1,0
BRDA:119,13,0,0
BRDA:119,13,1,0
BRDA:120,14,0,0
BRDA:120,14,1,0
BRDA:120,15,0,0
BRDA:120,15,1,0
BRDA:121,16,0,0
BRDA:121,16,1,0
BRDA:122,17,0,0
BRDA:122,17,1,0
BRDA:126,18,0,0
BRDA:126,18,1,0
BRDA:134,19,0,0
BRDA:134,19,1,0
BRDA:134,19,2,0
BRDA:134,19,3,0
BRDA:155,20,0,0
BRDA:155,20,1,0
BRDA:162,21,0,0
BRDA:162,21,1,0
BRDA:171,22,0,0
BRDA:171,22,1,0
BRDA:180,23,0,0
BRDA:180,23,1,0
BRDA:183,24,0,0
BRDA:183,24,1,0
BRDA:192,25,0,0
BRDA:192,25,1,0
BRDA:200,26,0,0
BRDA:200,26,1,0
BRDA:201,27,0,0
BRDA:201,27,1,0
BRDA:205,28,0,0
BRDA:205,28,1,0
BRDA:212,29,0,0
BRDA:212,29,1,0
BRDA:222,30,0,0
BRDA:222,30,1,0
BRDA:233,31,0,0
BRDA:233,31,1,0
BRDA:235,32,0,0
BRDA:235,32,1,0
BRDA:240,33,0,0
BRDA:240,33,1,0
BRDA:242,34,0,0
BRDA:242,34,1,0
BRDA:247,35,0,0
BRDA:247,35,1,0
BRDA:249,36,0,0
BRDA:249,36,1,0
BRDA:254,37,0,0
BRDA:254,37,1,0
BRDA:256,38,0,0
BRDA:256,38,1,0
BRDA:263,39,0,0
BRDA:263,39,1,0
BRF:80
BRH:0
end_of_record
TN:
SF:src/components/UserProfile.tsx
FN:13,UserProfile
FN:28,(anonymous_1)
FN:30,(anonymous_2)
FN:32,(anonymous_3)
FN:41,(anonymous_4)
FN:52,(anonymous_5)
FN:58,(anonymous_6)
FNF:7
FNH:0
FNDA:0,UserProfile
FNDA:0,(anonymous_1)
FNDA:0,(anonymous_2)
FNDA:0,(anonymous_3)
FNDA:0,(anonymous_4)
FNDA:0,(anonymous_5)
FNDA:0,(anonymous_6)
DA:1,0
DA:2,0
DA:13,0
DA:20,0
DA:21,0
DA:25,0
DA:26,0
DA:28,0
DA:29,0
DA:30,0
DA:32,0
DA:37,0
DA:38,0
DA:41,0
DA:42,0
DA:43,0
DA:47,0
DA:48,0
DA:49,0
DA:52,0
DA:54,0
DA:58,0
DA:59,0
DA:63,0
DA:64,0
DA:65,0
DA:68,0
DA:77,0
LF:28
LH:0
BRDA:22,0,0,0
BRDA:22,0,1,0
BRDA:29,1,0,0
BRDA:29,1,1,0
BRDA:60,2,0,0
BRDA:60,2,1,0
BRDA:80,3,0,0
BRDA:80,3,1,0
BRF:8
BRH:0
end_of_record
TN:
SF:src/components/VirtualScroll.tsx
FN:14,VirtualScroll
FN:28,(anonymous_1)
FN:30,(anonymous_2)
FN:34,(anonymous_3)
FN:45,(anonymous_4)
FN:48,(anonymous_5)
FN:53,(anonymous_6)
FN:62,(anonymous_7)
FN:69,(anonymous_8)
FN:92,(anonymous_9)
FN:122,(anonymous_10)
FN:123,(anonymous_11)
FN:127,(anonymous_12)
FN:167,(anonymous_13)
FN:168,(anonymous_14)
FN:169,(anonymous_15)
FN:179,(anonymous_16)
FN:186,(anonymous_17)
FN:231,(anonymous_18)
FN:244,(anonymous_19)
FN:253,(anonymous_20)
FN:261,(anonymous_21)
FNF:22
FNH:0
FNDA:0,VirtualScroll
FNDA:0,(anonymous_1)
FNDA:0,(anonymous_2)
FNDA:0,(anonymous_3)
FNDA:0,(anonymous_4)
FNDA:0,(anonymous_5)
FNDA:0,(anonymous_6)
FNDA:0,(anonymous_7)
FNDA:0,(anonymous_8)
FNDA:0,(anonymous_9)
FNDA:0,(anonymous_10)
FNDA:0,(anonymous_11)
FNDA:0,(anonymous_12)
FNDA:0,(anonymous_13)
FNDA:0,(anonymous_14)
FNDA:0,(anonymous_15)
FNDA:0,(anonymous_16)
FNDA:0,(anonymous_17)
FNDA:0,(anonymous_18)
FNDA:0,(anonymous_19)
FNDA:0,(anonymous_20)
FNDA:0,(anonymous_21)
DA:1,0
DA:14,0
DA:24,0
DA:25,0
DA:28,0
DA:29,0
DA:30,0
DA:34,0
DA:35,0
DA:36,0
DA:37,0
DA:39,0
DA:42,0
DA:45,0
DA:46,0
DA:48,0
DA:51,0
DA:53,0
DA:56,0
DA:62,0
DA:63,0
DA:64,0
DA:65,0
DA:69,0
DA:70,0
DA:71,0
DA:72,0
DA:73,0
DA:81,0
DA:84,0
DA:93,0
DA:119,0
DA:122,0
DA:123,0
DA:124,0
DA:127,0
DA:143,0
DA:164,0
DA:167,0
DA:168,0
DA:169,0
DA:170,0
DA:171,0
DA:172,0
DA:175,0
DA:179,0
DA:187,0
DA:218,0
DA:231,0
DA:239,0
DA:240,0
DA:241,0
DA:242,0
DA:244,0
DA:245,0
DA:247,0
DA:248,0
DA:249,0
DA:250,0
DA:251,0
DA:253,0
DA:255,0
DA:257,0
DA:261,0
DA:262,0
DA:263,0
DA:265,0
DA:266,0
DA:268,0
DA:269,0
DA:273,0
DA:276,0
LF:72
LH:0
BRDA:19,0,0,0
BRDA:20,1,0,0
BRDA:29,2,0,0
BRDA:29,2,1,0
BRDA:72,3,0,0
BRDA:72,3,1,0
BRDA:131,4,0,0
BRDA:131,4,1,0
BRDA:132,5,0,0
BRDA:132,5,1,0
BRDA:190,6,0,0
BRDA:190,6,1,0
BRDA:233,7,0,0
BRDA:234,8,0,0
BRDA:239,9,0,0
BRDA:239,10,0,0
BRDA:245,11,0,0
BRDA:245,11,1,0
BRDA:245,12,0,0
BRDA:245,12,1,0
BRDA:250,13,0,0
BRDA:250,13,1,0
BRDA:263,14,0,0
BRDA:263,14,1,0
BRDA:268,15,0,0
BRDA:268,15,1,0
BRF:26
BRH:0
end_of_record
TN:
SF:src/components/VoiceSettings.tsx
FN:25,(anonymous_0)
FN:53,(anonymous_1)
FN:54,(anonymous_2)
FN:85,(anonymous_3)
FN:89,(anonymous_4)
FN:90,(anonymous_5)
FN:96,(anonymous_6)
FN:97,(anonymous_7)
FN:103,(anonymous_8)
FN:109,(anonymous_9)
FN:115,(anonymous_10)
FN:124,(anonymous_11)
FN:135,(anonymous_12)
FN:145,(anonymous_13)
FN:155,(anonymous_14)
FN:167,(anonymous_15)
FN:190,(anonymous_16)
FN:198,(anonymous_17)
FN:229,(anonymous_18)
FN:234,(anonymous_19)
FN:258,(anonymous_20)
FN:269,(anonymous_21)
FN:279,(anonymous_22)
FN:283,(anonymous_23)
FN:309,(anonymous_24)
FN:309,(anonymous_25)
FN:327,(anonymous_26)
FN:327,(anonymous_27)
FN:345,(anonymous_28)
FN:345,(anonymous_29)
FN:359,(anonymous_30)
FN:359,(anonymous_31)
FN:372,(anonymous_32)
FN:372,(anonymous_33)
FNF:34
FNH:0
FNDA:0,(anonymous_0)
FNDA:0,(anonymous_1)
FNDA:0,(anonymous_2)
FNDA:0,(anonymous_3)
FNDA:0,(anonymous_4)
FNDA:0,(anonymous_5)
FNDA:0,(anonymous_6)
FNDA:0,(anonymous_7)
FNDA:0,(anonymous_8)
FNDA:0,(anonymous_9)
FNDA:0,(anonymous_10)
FNDA:0,(anonymous_11)
FNDA:0,(anonymous_12)
FNDA:0,(anonymous_13)
FNDA:0,(anonymous_14)
FNDA:0,(anonymous_15)
FNDA:0,(anonymous_16)
FNDA:0,(anonymous_17)
FNDA:0,(anonymous_18)
FNDA:0,(anonymous_19)
FNDA:0,(anonymous_20)
FNDA:0,(anonymous_21)
FNDA:0,(anonymous_22)
FNDA:0,(anonymous_23)
FNDA:0,(anonymous_24)
FNDA:0,(anonymous_25)
FNDA:0,(anonymous_26)
FNDA:0,(anonymous_27)
FNDA:0,(anonymous_28)
FNDA:0,(anonymous_29)
FNDA:0,(anonymous_30)
FNDA:0,(anonymous_31)
FNDA:0,(anonymous_32)
FNDA:0,(anonymous_33)
DA:1,0
DA:2,0
DA:25,0
DA:31,0
DA:32,0
DA:33,0
DA:41,0
DA:42,0
DA:49,0
DA:50,0
DA:51,0
DA:53,0
DA:54,0
DA:55,0
DA:56,0
DA:57,0
DA:58,0
DA:61,0
DA:62,0
DA:63,0
DA:64,0
DA:65,0
DA:68,0
DA:69,0
DA:72,0
DA:73,0
DA:76,0
DA:80,0
DA:81,0
DA:85,0
DA:86,0
DA:89,0
DA:90,0
DA:96,0
DA:97,0
DA:103,0
DA:104,0
DA:106,0
DA:107,0
DA:108,0
DA:109,0
DA:114,0
DA:115,0
DA:120,0
DA:124,0
DA:125,0
DA:126,0
DA:127,0
DA:129,0
DA:131,0
DA:135,0
DA:136,0
DA:144,0
DA:145,0
DA:146,0
DA:147,0
DA:151,0
DA:152,0
DA:155,0
DA:156,0
DA:157,0
DA:158,0
DA:160,0
DA:161,0
DA:165,0
DA:167,0
DA:168,0
DA:170,0
DA:191,0
DA:198,0
DA:229,0
DA:234,0
DA:259,0
DA:260,0
DA:262,0
DA:269,0
DA:279,0
DA:284,0
DA:309,0
DA:327,0
DA:345,0
DA:359,0
DA:372,0
DA:421,0
LF:84
LH:0
BRDA:61,0,0,0
BRDA:61,0,1,0
BRDA:68,1,0,0
BRDA:68,1,1,0
BRDA:72,2,0,0
BRDA:72,2,1,0
BRDA:80,3,0,0
BRDA:80,3,1,0
BRDA:104,4,0,0
BRDA:104,4,1,0
BRDA:146,5,0,0
BRDA:146,5,1,0
BRDA:165,6,0,0
BRDA:165,6,1,0
BRDA:194,7,0,0
BRDA:194,7,1,0
BRDA:202,8,0,0
BRDA:202,8,1,0
BRDA:217,9,0,0
BRDA:217,9,1,0
BRDA:228,10,0,0
BRDA:228,10,1,0
BRDA:234,11,0,0
BRDA:234,11,1,0
BRDA:235,12,0,0
BRDA:235,12,1,0
BRDA:238,13,0,0
BRDA:238,13,1,0
BRDA:241,14,0,0
BRDA:241,14,1,0
BRDA:242,15,0,0
BRDA:242,15,1,0
BRDA:243,16,0,0
BRDA:243,16,1,0
BRDA:273,17,0,0
BRDA:273,17,1,0
BRF:36
BRH:0
end_of_record
TN:
SF:src/components/ui/alert-dialog.tsx
FN:9,AlertDialog
FN:15,AlertDialogTrigger
FN:23,AlertDialogPortal
FN:31,AlertDialogOverlay
FN:47,AlertDialogContent
FN:66,AlertDialogHeader
FN:79,AlertDialogFooter
FN:95,AlertDialogTitle
FN:108,AlertDialogDescription
FN:121,AlertDialogAction
FN:133,AlertDialogCancel
FNF:11
FNH:0
FNDA:0,AlertDialog
FNDA:0,AlertDialogTrigger
FNDA:0,AlertDialogPortal
FNDA:0,AlertDialogOverlay
FNDA:0,AlertDialogContent
FNDA:0,AlertDialogHeader
FNDA:0,AlertDialogFooter
FNDA:0,AlertDialogTitle
FNDA:0,AlertDialogDescription
FNDA:0,AlertDialogAction
FNDA:0,AlertDialogCancel
DA:4,0
DA:6,0
DA:7,0
DA:12,0
DA:18,0
DA:26,0
DA:35,0
DA:51,0
DA:70,0
DA:83,0
DA:99,0
DA:112,0
DA:125,0
DA:137,0
DA:146,0
DA:147,0
DA:148,0
DA:149,0
DA:150,0
DA:151,0
DA:152,0
DA:153,0
DA:154,0
DA:155,0
DA:156,0
LF:25
LH:0
BRF:0
BRH:0
end_of_record
TN:
SF:src/components/ui/aspect-ratio.tsx
FN:3,AspectRatio
FNF:1
FNH:0
FNDA:0,AspectRatio
DA:1,0
DA:6,0
DA:9,0
LF:3
LH:0
BRF:0
BRH:0
end_of_record
TN:
SF:src/components/ui/collapsible.tsx
FN:3,Collapsible
FN:9,CollapsibleTrigger
FN:20,CollapsibleContent
FNF:3
FNH:0
FNDA:0,Collapsible
FNDA:0,CollapsibleTrigger
FNDA:0,CollapsibleContent
DA:1,0
DA:6,0
DA:12,0
DA:23,0
DA:31,0
LF:5
LH:0
BRF:0
BRH:0
end_of_record
TN:
SF:src/hooks/use-mobile.ts
FN:5,useIsMobile
FN:8,(anonymous_10)
FN:10,(anonymous_11)
FN:15,(anonymous_12)
FNF:4
FNH:0
FNDA:0,useIsMobile
FNDA:0,(anonymous_10)
FNDA:0,(anonymous_11)
FNDA:0,(anonymous_12)
DA:1,0
DA:3,0
DA:5,0
DA:6,0
DA:8,0
DA:9,0
DA:10,0
DA:11,0
DA:13,0
DA:14,0
DA:15,0
DA:18,0
LF:12
LH:0
BRF:0
BRH:0
end_of_record
TN:
SF:src/hooks/useAccessibilityPreferences.ts
FN:15,useAccessibilityPreferences
FN:16,(anonymous_2)
FN:19,(anonymous_3)
FN:23,(anonymous_4)
FN:26,(anonymous_5)
FN:34,(anonymous_6)
FN:38,(anonymous_7)
FN:42,(anonymous_8)
FN:58,useReducedMotion
FN:63,useHighContrast
FN:68,useDarkMode
FN:73,useScreenReader
FN:78,useTouchDevice
FN:83,useFontScale
FN:97,useAccessibleAnimation
FN:100,(anonymous_16)
FN:132,useAccessibleTouch
FN:135,(anonymous_18)
FN:141,(anonymous_19)
FN:158,useAccessibleFocus
FN:161,(anonymous_21)
FN:178,useAccessibleColors
FN:181,(anonymous_23)
FN:187,(anonymous_24)
FNF:24
FNH:0
FNDA:0,useAccessibilityPreferences
FNDA:0,(anonymous_2)
FNDA:0,(anonymous_3)
FNDA:0,(anonymous_4)
FNDA:0,(anonymous_5)
FNDA:0,(anonymous_6)
FNDA:0,(anonymous_7)
FNDA:0,(anonymous_8)
FNDA:0,useReducedMotion
FNDA:0,useHighContrast
FNDA:0,useDarkMode
FNDA:0,useScreenReader
FNDA:0,useTouchDevice
FNDA:0,useFontScale
FNDA:0,useAccessibleAnimation
FNDA:0,(anonymous_16)
FNDA:0,useAccessibleTouch
FNDA:0,(anonymous_18)
FNDA:0,(anonymous_19)
FNDA:0,useAccessibleFocus
FNDA:0,(anonymous_21)
FNDA:0,useAccessibleColors
FNDA:0,(anonymous_23)
FNDA:0,(anonymous_24)
DA:6,0
DA:7,0
DA:15,0
DA:16,0
DA:17,0
DA:19,0
DA:20,0
DA:23,0
DA:24,0
DA:26,0
DA:27,0
DA:28,0
DA:31,0
DA:34,0
DA:35,0
DA:38,0
DA:39,0
DA:42,0
DA:43,0
DA:46,0
DA:58,0
DA:59,0
DA:60,0
DA:63,0
DA:64,0
DA:65,0
DA:68,0
DA:69,0
DA:70,0
DA:73,0
DA:74,0
DA:75,0
DA:78,0
DA:79,0
DA:80,0
DA:83,0
DA:84,0
DA:85,0
DA:91,0
DA:97,0
DA:98,0
DA:100,0
DA:105,0
DA:106,0
DA:113,0
DA:120,0
DA:122,0
DA:132,0
DA:133,0
DA:135,0
DA:141,0
DA:142,0
DA:143,0
DA:147,0
DA:158,0
DA:159,0
DA:161,0
DA:168,0
DA:178,0
DA:179,0
DA:181,0
DA:187,0
DA:188,0
DA:191,0
DA:200,0
DA:203,0
DA:211,0
LF:67
LH:0
BRDA:60,0,0,0
BRDA:60,0,1,0
BRDA:65,1,0,0
BRDA:65,1,1,0
BRDA:70,2,0,0
BRDA:70,2,1,0
BRDA:100,3,0,0
BRDA:105,4,0,0
BRDA:105,4,1,0
BRDA:114,5,0,0
BRDA:114,5,1,0
BRDA:115,6,0,0
BRDA:115,6,1,0
BRDA:116,7,0,0
BRDA:116,7,1,0
BRDA:136,8,0,0
BRDA:136,8,1,0
BRDA:142,9,0,0
BRDA:142,9,1,0
BRDA:142,10,0,0
BRDA:142,10,1,0
BRDA:187,11,0,0
BRDA:188,12,0,0
BRDA:188,12,1,0
BRDA:200,13,0,0
BRDA:200,13,1,0
BRF:26
BRH:0
end_of_record
TN:
SF:src/hooks/useDynamicFocus.ts
FN:26,useDynamicFocus
FN:43,(anonymous_1)
FN:70,(anonymous_2)
FN:85,(anonymous_3)
FN:105,(anonymous_4)
FN:112,(anonymous_5)
FN:132,(anonymous_6)
FN:140,(anonymous_7)
FN:152,(anonymous_8)
FN:182,(anonymous_9)
FN:203,(anonymous_10)
FN:214,(anonymous_11)
FN:221,(anonymous_12)
FN:228,(anonymous_13)
FN:246,(anonymous_14)
FN:255,(anonymous_15)
FN:274,(anonymous_16)
FN:288,(anonymous_17)
FN:296,(anonymous_18)
FN:309,(anonymous_19)
FNF:20
FNH:0
FNDA:0,useDynamicFocus
FNDA:0,(anonymous_1)
FNDA:0,(anonymous_2)
FNDA:0,(anonymous_3)
FNDA:0,(anonymous_4)
FNDA:0,(anonymous_5)
FNDA:0,(anonymous_6)
FNDA:0,(anonymous_7)
FNDA:0,(anonymous_8)
FNDA:0,(anonymous_9)
FNDA:0,(anonymous_10)
FNDA:0,(anonymous_11)
FNDA:0,(anonymous_12)
FNDA:0,(anonymous_13)
FNDA:0,(anonymous_14)
FNDA:0,(anonymous_15)
FNDA:0,(anonymous_16)
FNDA:0,(anonymous_17)
FNDA:0,(anonymous_18)
FNDA:0,(anonymous_19)
DA:6,0
DA:26,0
DA:33,0
DA:35,0
DA:36,0
DA:37,0
DA:38,0
DA:43,0
DA:44,0
DA:45,0
DA:46,0
DA:47,0
DA:48,0
DA:49,0
DA:50,0
DA:62,0
DA:63,0
DA:70,0
DA:71,0
DA:72,0
DA:73,0
DA:76,0
DA:77,0
DA:78,0
DA:85,0
DA:86,0
DA:88,0
DA:90,0
DA:93,0
DA:94,0
DA:97,0
DA:99,0
DA:101,0
DA:102,0
DA:105,0
DA:106,0
DA:107,0
DA:108,0
DA:110,0
DA:112,0
DA:113,0
DA:114,0
DA:119,0
DA:123,0
DA:124,0
DA:129,0
DA:131,0
DA:132,0
DA:133,0
DA:134,0
DA:139,0
DA:140,0
DA:141,0
DA:142,0
DA:152,0
DA:153,0
DA:155,0
DA:157,0
DA:159,0
DA:161,0
DA:162,0
DA:164,0
DA:165,0
DA:167,0
DA:168,0
DA:172,0
DA:173,0
DA:177,0
DA:179,0
DA:182,0
DA:183,0
DA:184,0
DA:186,0
DA:187,0
DA:188,0
DA:191,0
DA:193,0
DA:203,0
DA:204,0
DA:205,0
DA:207,0
DA:214,0
DA:215,0
DA:221,0
DA:222,0
DA:228,0
DA:229,0
DA:234,0
DA:235,0
DA:236,0
DA:239,0
DA:240,0
DA:243,0
DA:246,0
DA:247,0
DA:255,0
DA:256,0
DA:265,0
DA:269,0
DA:271,0
DA:272,0
DA:274,0
DA:275,0
DA:277,0
DA:278,0
DA:279,0
DA:280,0
DA:281,0
DA:282,0
DA:286,0
DA:288,0
DA:289,0
DA:296,0
DA:297,0
DA:298,0
DA:299,0
DA:301,0
DA:309,0
DA:310,0
DA:311,0
DA:314,0
DA:327,0
LF:122
LH:0
BRDA:26,0,0,0
BRDA:28,1,0,0
BRDA:29,2,0,0
BRDA:30,3,0,0
BRDA:31,4,0,0
BRDA:32,5,0,0
BRDA:44,6,0,0
BRDA:44,6,1,0
BRDA:44,7,0,0
BRDA:44,7,1,0
BRDA:71,8,0,0
BRDA:71,8,1,0
BRDA:71,9,0,0
BRDA:71,9,1,0
BRDA:76,10,0,0
BRDA:76,10,1,0
BRDA:86,11,0,0
BRDA:86,11,1,0
BRDA:86,12,0,0
BRDA:86,12,1,0
BRDA:90,13,0,0
BRDA:90,13,1,0
BRDA:93,14,0,0
BRDA:93,14,1,0
BRDA:93,15,0,0
BRDA:93,15,1,0
BRDA:97,16,0,0
BRDA:97,16,1,0
BRDA:101,17,0,0
BRDA:101,17,1,0
BRDA:106,18,0,0
BRDA:106,18,1,0
BRDA:106,19,0,0
BRDA:106,19,1,0
BRDA:110,20,0,0
BRDA:110,20,1,0
BRDA:113,21,0,0
BRDA:113,21,1,0
BRDA:123,22,0,0
BRDA:123,22,1,0
BRDA:123,23,0,0
BRDA:123,23,1,0
BRDA:123,23,2,0
BRDA:131,24,0,0
BRDA:131,24,1,0
BRDA:133,25,0,0
BRDA:133,25,1,0
BRDA:139,26,0,0
BRDA:139,26,1,0
BRDA:139,27,0,0
BRDA:139,27,1,0
BRDA:141,28,0,0
BRDA:141,28,1,0
BRDA:155,29,0,0
BRDA:155,29,1,0
BRDA:159,30,0,0
BRDA:159,30,1,0
BRDA:159,30,2,0
BRDA:161,31,0,0
BRDA:161,31,1,0
BRDA:164,32,0,0
BRDA:164,32,1,0
BRDA:167,33,0,0
BRDA:167,33,1,0
BRDA:172,34,0,0
BRDA:172,34,1,0
BRDA:177,35,0,0
BRDA:177,35,1,0
BRDA:177,36,0,0
BRDA:177,36,1,0
BRDA:177,36,2,0
BRDA:183,37,0,0
BRDA:183,37,1,0
BRDA:183,38,0,0
BRDA:183,38,1,0
BRDA:186,39,0,0
BRDA:186,39,1,0
BRDA:186,40,0,0
BRDA:186,40,1,0
BRDA:203,41,0,0
BRDA:203,42,0,0
BRDA:204,43,0,0
BRDA:204,43,1,0
BRDA:229,44,0,0
BRDA:229,44,1,0
BRDA:229,44,2,0
BRDA:229,44,3,0
BRDA:234,45,0,0
BRDA:234,45,1,0
BRDA:235,46,0,0
BRDA:235,46,1,0
BRDA:239,47,0,0
BRDA:239,47,1,0
BRDA:269,48,0,0
BRDA:269,48,1,0
BRDA:275,49,0,0
BRDA:275,49,1,0
BRDA:277,50,0,0
BRDA:277,50,1,0
BRDA:277,51,0,0
BRDA:277,51,1,0
BRDA:280,52,0,0
BRDA:280,52,1,0
BRDA:280,53,0,0
BRDA:280,53,1,0
BRDA:297,54,0,0
BRDA:297,54,1,0
BRDA:297,55,0,0
BRDA:297,55,1,0
BRF:109
BRH:0
end_of_record
TN:
SF:src/hooks/useFocusRestoration.ts
FN:18,useFocusRestoration
FN:32,(anonymous_1)
FN:65,(anonymous_2)
FN:96,(anonymous_3)
FN:113,(anonymous_4)
FN:144,(anonymous_5)
FN:179,(anonymous_6)
FN:187,(anonymous_7)
FN:197,(anonymous_8)
FN:224,(anonymous_9)
FN:226,(anonymous_10)
FNF:11
FNH:0
FNDA:0,useFocusRestoration
FNDA:0,(anonymous_1)
FNDA:0,(anonymous_2)
FNDA:0,(anonymous_3)
FNDA:0,(anonymous_4)
FNDA:0,(anonymous_5)
FNDA:0,(anonymous_6)
FNDA:0,(anonymous_7)
FNDA:0,(anonymous_8)
FNDA:0,(anonymous_9)
FNDA:0,(anonymous_10)
DA:6,0
DA:18,0
DA:24,0
DA:26,0
DA:27,0
DA:32,0
DA:33,0
DA:34,0
DA:38,0
DA:39,0
DA:44,0
DA:47,0
DA:51,0
DA:54,0
DA:55,0
DA:56,0
DA:59,0
DA:65,0
DA:67,0
DA:68,0
DA:72,0
DA:73,0
DA:77,0
DA:79,0
DA:80,0
DA:81,0
DA:86,0
DA:87,0
DA:90,0
DA:96,0
DA:97,0
DA:99,0
DA:100,0
DA:103,0
DA:104,0
DA:105,0
DA:113,0
DA:114,0
DA:117,0
DA:118,0
DA:119,0
DA:121,0
DA:122,0
DA:127,0
DA:128,0
DA:129,0
DA:130,0
DA:141,0
DA:143,0
DA:144,0
DA:145,0
DA:146,0
DA:151,0
DA:153,0
DA:158,0
DA:159,0
DA:160,0
DA:161,0
DA:163,0
DA:164,0
DA:167,0
DA:169,0
DA:173,0
DA:179,0
DA:180,0
DA:181,0
DA:187,0
DA:188,0
DA:189,0
DA:191,0
DA:197,0
DA:198,0
DA:199,0
DA:200,0
DA:201,0
DA:203,0
DA:208,0
DA:209,0
DA:210,0
DA:211,0
DA:212,0
DA:214,0
DA:218,0
DA:224,0
DA:225,0
DA:226,0
DA:227,0
DA:228,0
DA:229,0
DA:231,0
DA:233,0
DA:234,0
DA:235,0
DA:236,0
DA:238,0
DA:246,0
DA:258,0
LF:97
LH:0
BRDA:18,0,0,0
BRDA:20,1,0,0
BRDA:22,2,0,0
BRDA:23,3,0,0
BRDA:33,4,0,0
BRDA:33,4,1,0
BRDA:33,5,0,0
BRDA:33,5,1,0
BRDA:39,6,0,0
BRDA:39,6,1,0
BRDA:39,6,2,0
BRDA:39,6,3,0
BRDA:44,7,0,0
BRDA:44,7,1,0
BRDA:47,8,0,0
BRDA:47,8,1,0
BRDA:47,8,2,0
BRDA:51,9,0,0
BRDA:51,9,1,0
BRDA:55,10,0,0
BRDA:55,10,1,0
BRDA:55,11,0,0
BRDA:55,11,1,0
BRDA:67,12,0,0
BRDA:67,12,1,0
BRDA:67,13,0,0
BRDA:67,13,1,0
BRDA:72,14,0,0
BRDA:72,14,1,0
BRDA:72,15,0,0
BRDA:72,15,1,0
BRDA:80,16,0,0
BRDA:80,16,1,0
BRDA:86,17,0,0
BRDA:86,17,1,0
BRDA:86,18,0,0
BRDA:86,18,1,0
BRDA:97,19,0,0
BRDA:97,19,1,0
BRDA:99,20,0,0
BRDA:99,20,1,0
BRDA:99,21,0,0
BRDA:99,21,1,0
BRDA:104,22,0,0
BRDA:104,22,1,0
BRDA:104,23,0,0
BRDA:104,23,1,0
BRDA:114,24,0,0
BRDA:114,24,1,0
BRDA:117,25,0,0
BRDA:117,25,1,0
BRDA:117,26,0,0
BRDA:117,26,1,0
BRDA:121,27,0,0
BRDA:121,27,1,0
BRDA:122,28,0,0
BRDA:122,28,1,0
BRDA:122,28,2,0
BRDA:145,29,0,0
BRDA:145,29,1,0
BRDA:159,30,0,0
BRDA:159,30,1,0
BRDA:163,31,0,0
BRDA:163,31,1,0
BRDA:188,32,0,0
BRDA:188,32,1,0
BRDA:188,33,0,0
BRDA:188,33,1,0
BRDA:198,34,0,0
BRDA:198,34,1,0
BRDA:198,35,0,0
BRDA:198,35,1,0
BRDA:209,36,0,0
BRDA:209,36,1,0
BRDA:227,37,0,0
BRDA:227,37,1,0
BRDA:227,38,0,0
BRDA:227,38,1,0
BRDA:234,39,0,0
BRDA:234,39,1,0
BRF:80
BRH:0
end_of_record
TN:
SF:src/hooks/useFormAnnouncements.ts
FN:14,useFormAnnouncements
FN:20,(anonymous_1)
FN:37,(anonymous_2)
FN:46,(anonymous_3)
FN:92,(anonymous_4)
FN:108,(anonymous_5)
FN:119,(anonymous_6)
FN:128,(anonymous_7)
FN:142,(anonymous_8)
FN:152,(anonymous_9)
FN:161,(anonymous_10)
FN:171,(anonymous_11)
FN:181,(anonymous_12)
FN:202,(anonymous_13)
FN:214,(anonymous_14)
FN:215,(anonymous_15)
FNF:16
FNH:0
FNDA:0,useFormAnnouncements
FNDA:0,(anonymous_1)
FNDA:0,(anonymous_2)
FNDA:0,(anonymous_3)
FNDA:0,(anonymous_4)
FNDA:0,(anonymous_5)
FNDA:0,(anonymous_6)
FNDA:0,(anonymous_7)
FNDA:0,(anonymous_8)
FNDA:0,(anonymous_9)
FNDA:0,(anonymous_10)
FNDA:0,(anonymous_11)
FNDA:0,(anonymous_12)
FNDA:0,(anonymous_13)
FNDA:0,(anonymous_14)
FNDA:0,(anonymous_15)
DA:2,0
DA:3,0
DA:5,0
DA:14,0
DA:15,0
DA:16,0
DA:17,0
DA:20,0
DA:21,0
DA:24,0
DA:25,0
DA:29,0
DA:30,0
DA:33,0
DA:36,0
DA:37,0
DA:38,0
DA:42,0
DA:46,0
DA:47,0
DA:49,0
DA:51,0
DA:52,0
DA:53,0
DA:55,0
DA:56,0
DA:58,0
DA:59,0
DA:60,0
DA:66,0
DA:68,0
DA:69,0
DA:71,0
DA:72,0
DA:73,0
DA:74,0
DA:75,0
DA:77,0
DA:80,0
DA:84,0
DA:92,0
DA:93,0
DA:94,0
DA:100,0
DA:108,0
DA:109,0
DA:111,0
DA:119,0
DA:120,0
DA:121,0
DA:123,0
DA:125,0
DA:126,0
DA:128,0
DA:129,0
DA:132,0
DA:134,0
DA:142,0
DA:143,0
DA:144,0
DA:152,0
DA:153,0
DA:161,0
DA:162,0
DA:163,0
DA:171,0
DA:172,0
DA:173,0
DA:181,0
DA:182,0
DA:183,0
DA:184,0
DA:186,0
DA:187,0
DA:188,0
DA:193,0
DA:197,0
DA:202,0
DA:203,0
DA:204,0
DA:206,0
DA:214,0
DA:215,0
DA:216,0
DA:217,0
DA:222,0
DA:236,0
LF:87
LH:0
BRDA:20,0,0,0
BRDA:21,1,0,0
BRDA:24,2,0,0
BRDA:24,2,1,0
BRDA:33,3,0,0
BRDA:33,3,1,0
BRDA:36,4,0,0
BRDA:36,4,1,0
BRDA:36,5,0,0
BRDA:36,5,1,0
BRDA:49,6,0,0
BRDA:49,6,1,0
BRDA:49,6,2,0
BRDA:49,6,3,0
BRDA:49,6,4,0
BRDA:55,7,0,0
BRDA:55,7,1,0
BRDA:58,8,0,0
BRDA:58,8,1,0
BRDA:60,9,0,0
BRDA:60,9,1,0
BRDA:62,10,0,0
BRDA:62,10,1,0
BRDA:71,11,0,0
BRDA:71,11,1,0
BRDA:72,12,0,0
BRDA:72,12,1,0
BRDA:74,13,0,0
BRDA:74,13,1,0
BRDA:93,14,0,0
BRDA:93,14,1,0
BRDA:94,15,0,0
BRDA:94,15,1,0
BRDA:96,16,0,0
BRDA:96,16,1,0
BRDA:123,17,0,0
BRDA:123,17,1,0
BRDA:125,18,0,0
BRDA:125,18,1,0
BRDA:142,19,0,0
BRDA:143,20,0,0
BRDA:143,20,1,0
BRDA:152,21,0,0
BRDA:162,22,0,0
BRDA:162,22,1,0
BRDA:171,23,0,0
BRDA:172,24,0,0
BRDA:172,24,1,0
BRDA:182,25,0,0
BRDA:182,25,1,0
BRDA:182,26,0,0
BRDA:182,26,1,0
BRDA:184,27,0,0
BRDA:184,27,1,0
BRDA:187,28,0,0
BRDA:187,28,1,0
BRDA:203,29,0,0
BRDA:203,29,1,0
BRDA:204,30,0,0
BRDA:204,30,1,0
BRDA:216,31,0,0
BRDA:216,31,1,0
BRF:62
BRH:0
end_of_record
TN:
SF:src/hooks/useKeyboardNavigation.ts
FN:28,useKeyboardNavigation
FN:29,(anonymous_1)
FN:30,(anonymous_2)
FN:33,(anonymous_3)
FN:36,(anonymous_4)
FN:43,(anonymous_5)
FN:57,(anonymous_6)
FN:58,(anonymous_7)
FN:69,(anonymous_8)
FN:76,(anonymous_9)
FN:81,(anonymous_10)
FN:86,(anonymous_11)
FN:105,useKeyboardNavigationEvents
FN:108,(anonymous_13)
FN:113,(anonymous_14)
FN:118,(anonymous_15)
FN:123,(anonymous_16)
FN:128,(anonymous_17)
FN:137,(anonymous_18)
FN:149,useKeyboardFocusTrap
FN:152,(anonymous_20)
FN:169,(anonymous_21)
FN:171,(anonymous_22)
FN:177,(anonymous_23)
FN:209,(anonymous_24)
FN:218,useRovingFocus
FN:224,(anonymous_26)
FN:234,(anonymous_27)
FN:240,(anonymous_28)
FN:297,(anonymous_29)
FNF:30
FNH:0
FNDA:0,useKeyboardNavigation
FNDA:0,(anonymous_1)
FNDA:0,(anonymous_2)
FNDA:0,(anonymous_3)
FNDA:0,(anonymous_4)
FNDA:0,(anonymous_5)
FNDA:0,(anonymous_6)
FNDA:0,(anonymous_7)
FNDA:0,(anonymous_8)
FNDA:0,(anonymous_9)
FNDA:0,(anonymous_10)
FNDA:0,(anonymous_11)
FNDA:0,useKeyboardNavigationEvents
FNDA:0,(anonymous_13)
FNDA:0,(anonymous_14)
FNDA:0,(anonymous_15)
FNDA:0,(anonymous_16)
FNDA:0,(anonymous_17)
FNDA:0,(anonymous_18)
FNDA:0,useKeyboardFocusTrap
FNDA:0,(anonymous_20)
FNDA:0,(anonymous_21)
FNDA:0,(anonymous_22)
FNDA:0,(anonymous_23)
FNDA:0,(anonymous_24)
FNDA:0,useRovingFocus
FNDA:0,(anonymous_26)
FNDA:0,(anonymous_27)
FNDA:0,(anonymous_28)
FNDA:0,(anonymous_29)
DA:6,0
DA:7,0
DA:8,0
DA:28,0
DA:29,0
DA:30,0
DA:31,0
DA:33,0
DA:34,0
DA:36,0
DA:37,0
DA:40,0
DA:43,0
DA:44,0
DA:45,0
DA:46,0
DA:57,0
DA:58,0
DA:59,0
DA:60,0
DA:61,0
DA:65,0
DA:66,0
DA:67,0
DA:69,0
DA:70,0
DA:71,0
DA:72,0
DA:76,0
DA:77,0
DA:78,0
DA:81,0
DA:82,0
DA:83,0
DA:86,0
DA:87,0
DA:88,0
DA:89,0
DA:92,0
DA:105,0
DA:106,0
DA:108,0
DA:109,0
DA:110,0
DA:113,0
DA:114,0
DA:115,0
DA:118,0
DA:119,0
DA:120,0
DA:123,0
DA:124,0
DA:125,0
DA:128,0
DA:129,0
DA:132,0
DA:133,0
DA:134,0
DA:135,0
DA:137,0
DA:138,0
DA:139,0
DA:140,0
DA:141,0
DA:149,0
DA:150,0
DA:152,0
DA:153,0
DA:154,0
DA:157,0
DA:158,0
DA:169,0
DA:170,0
DA:172,0
DA:173,0
DA:177,0
DA:178,0
DA:180,0
DA:181,0
DA:183,0
DA:184,0
DA:186,0
DA:188,0
DA:189,0
DA:190,0
DA:194,0
DA:195,0
DA:196,0
DA:202,0
DA:203,0
DA:204,0
DA:207,0
DA:209,0
DA:210,0
DA:218,0
DA:222,0
DA:224,0
DA:225,0
DA:226,0
DA:229,0
DA:232,0
DA:234,0
DA:235,0
DA:236,0
DA:238,0
DA:241,0
DA:242,0
DA:245,0
DA:246,0
DA:248,0
DA:250,0
DA:251,0
DA:253,0
DA:254,0
DA:255,0
DA:257,0
DA:258,0
DA:259,0
DA:261,0
DA:262,0
DA:263,0
DA:265,0
DA:266,0
DA:267,0
DA:270,0
DA:272,0
DA:273,0
DA:274,0
DA:276,0
DA:277,0
DA:278,0
DA:280,0
DA:281,0
DA:282,0
DA:284,0
DA:285,0
DA:286,0
DA:290,0
DA:291,0
DA:295,0
DA:297,0
DA:298,0
DA:299,0
DA:304,0
LF:144
LH:0
BRDA:109,0,0,0
BRDA:109,0,1,0
BRDA:149,1,0,0
BRDA:153,2,0,0
BRDA:153,2,1,0
BRDA:153,3,0,0
BRDA:153,3,1,0
BRDA:153,3,2,0
BRDA:173,4,0,0
BRDA:173,4,1,0
BRDA:178,5,0,0
BRDA:178,5,1,0
BRDA:181,6,0,0
BRDA:181,6,1,0
BRDA:186,7,0,0
BRDA:186,7,1,0
BRDA:188,8,0,0
BRDA:188,8,1,0
BRDA:188,9,0,0
BRDA:188,9,1,0
BRDA:194,10,0,0
BRDA:194,10,1,0
BRDA:194,11,0,0
BRDA:194,11,1,0
BRDA:203,12,0,0
BRDA:203,12,1,0
BRDA:220,13,0,0
BRDA:225,14,0,0
BRDA:225,14,1,0
BRDA:225,15,0,0
BRDA:225,15,1,0
BRDA:236,16,0,0
BRDA:236,16,1,0
BRDA:242,17,0,0
BRDA:242,17,1,0
BRDA:246,18,0,0
BRDA:246,18,1,0
BRDA:250,19,0,0
BRDA:250,19,1,0
BRDA:251,20,0,0
BRDA:251,20,1,0
BRDA:251,20,2,0
BRDA:251,20,3,0
BRDA:270,21,0,0
BRDA:270,21,1,0
BRDA:270,21,2,0
BRDA:270,21,3,0
BRDA:290,22,0,0
BRDA:290,22,1,0
BRF:49
BRH:0
end_of_record
TN:
SF:src/hooks/useProfileAnnouncements.ts
FN:6,useProfileAnnouncements
FN:10,(anonymous_1)
FN:23,(anonymous_2)
FN:46,(anonymous_3)
FN:61,(anonymous_4)
FN:81,(anonymous_5)
FN:101,(anonymous_6)
FN:113,(anonymous_7)
FN:130,(anonymous_8)
FN:143,(anonymous_9)
FN:152,(anonymous_10)
FN:165,(anonymous_11)
FN:174,(anonymous_12)
FN:183,(anonymous_13)
FN:198,(anonymous_14)
FN:213,(anonymous_15)
FNF:16
FNH:0
FNDA:0,useProfileAnnouncements
FNDA:0,(anonymous_1)
FNDA:0,(anonymous_2)
FNDA:0,(anonymous_3)
FNDA:0,(anonymous_4)
FNDA:0,(anonymous_5)
FNDA:0,(anonymous_6)
FNDA:0,(anonymous_7)
FNDA:0,(anonymous_8)
FNDA:0,(anonymous_9)
FNDA:0,(anonymous_10)
FNDA:0,(anonymous_11)
FNDA:0,(anonymous_12)
FNDA:0,(anonymous_13)
FNDA:0,(anonymous_14)
FNDA:0,(anonymous_15)
DA:2,0
DA:3,0
DA:6,0
DA:7,0
DA:10,0
DA:11,0
DA:15,0
DA:23,0
DA:24,0
DA:26,0
DA:27,0
DA:28,0
DA:29,0
DA:30,0
DA:31,0
DA:34,0
DA:35,0
DA:38,0
DA:46,0
DA:47,0
DA:53,0
DA:61,0
DA:62,0
DA:71,0
DA:73,0
DA:81,0
DA:82,0
DA:83,0
DA:85,0
DA:86,0
DA:87,0
DA:88,0
DA:89,0
DA:91,0
DA:93,0
DA:101,0
DA:102,0
DA:103,0
DA:105,0
DA:113,0
DA:114,0
DA:115,0
DA:121,0
DA:130,0
DA:131,0
DA:135,0
DA:143,0
DA:144,0
DA:152,0
DA:153,0
DA:157,0
DA:165,0
DA:166,0
DA:174,0
DA:175,0
DA:183,0
DA:184,0
DA:190,0
DA:198,0
DA:199,0
DA:201,0
DA:202,0
DA:205,0
DA:213,0
DA:214,0
DA:218,0
DA:225,0
DA:244,0
LF:68
LH:0
BRDA:11,0,0,0
BRDA:11,0,1,0
BRDA:26,1,0,0
BRDA:26,1,1,0
BRDA:27,2,0,0
BRDA:27,2,1,0
BRDA:28,3,0,0
BRDA:28,3,1,0
BRDA:30,4,0,0
BRDA:30,4,1,0
BRDA:34,5,0,0
BRDA:34,5,1,0
BRDA:71,6,0,0
BRDA:71,6,1,0
BRDA:85,7,0,0
BRDA:85,7,1,0
BRDA:86,8,0,0
BRDA:86,8,1,0
BRDA:87,9,0,0
BRDA:87,9,1,0
BRDA:88,10,0,0
BRDA:88,10,1,0
BRDA:91,11,0,0
BRDA:91,11,1,0
BRDA:102,12,0,0
BRDA:102,12,1,0
BRDA:103,13,0,0
BRDA:103,13,1,0
BRDA:114,14,0,0
BRDA:114,14,1,0
BRDA:130,15,0,0
BRDA:131,16,0,0
BRDA:131,16,1,0
BRDA:152,17,0,0
BRDA:153,18,0,0
BRDA:153,18,1,0
BRDA:184,19,0,0
BRDA:184,19,1,0
BRDA:186,20,0,0
BRDA:186,20,1,0
BRDA:201,21,0,0
BRDA:201,21,1,0
BRDA:213,22,0,0
BRDA:214,23,0,0
BRDA:214,23,1,0
BRF:45
BRH:0
end_of_record
TN:
SF:src/hooks/useSettingsAnnouncements.ts
FN:14,useSettingsAnnouncements
FN:19,(anonymous_1)
FN:32,(anonymous_2)
FN:47,(anonymous_3)
FN:58,(anonymous_4)
FN:76,(anonymous_5)
FN:88,(anonymous_6)
FN:108,(anonymous_7)
FN:119,(anonymous_8)
FN:128,(anonymous_9)
FN:141,(anonymous_10)
FN:150,(anonymous_11)
FN:167,(anonymous_12)
FNF:13
FNH:0
FNDA:0,useSettingsAnnouncements
FNDA:0,(anonymous_1)
FNDA:0,(anonymous_2)
FNDA:0,(anonymous_3)
FNDA:0,(anonymous_4)
FNDA:0,(anonymous_5)
FNDA:0,(anonymous_6)
FNDA:0,(anonymous_7)
FNDA:0,(anonymous_8)
FNDA:0,(anonymous_9)
FNDA:0,(anonymous_10)
FNDA:0,(anonymous_11)
FNDA:0,(anonymous_12)
DA:2,0
DA:3,0
DA:5,0
DA:14,0
DA:15,0
DA:16,0
DA:19,0
DA:20,0
DA:24,0
DA:32,0
DA:33,0
DA:39,0
DA:47,0
DA:48,0
DA:50,0
DA:58,0
DA:59,0
DA:60,0
DA:68,0
DA:76,0
DA:77,0
DA:78,0
DA:80,0
DA:88,0
DA:90,0
DA:91,0
DA:93,0
DA:94,0
DA:95,0
DA:96,0
DA:97,0
DA:98,0
DA:100,0
DA:108,0
DA:109,0
DA:111,0
DA:119,0
DA:120,0
DA:128,0
DA:129,0
DA:133,0
DA:141,0
DA:142,0
DA:150,0
DA:151,0
DA:152,0
DA:158,0
DA:167,0
DA:168,0
DA:169,0
DA:176,0
DA:192,0
LF:52
LH:0
BRDA:20,0,0,0
BRDA:20,0,1,0
BRDA:58,1,0,0
BRDA:59,2,0,0
BRDA:59,2,1,0
BRDA:60,3,0,0
BRDA:60,3,1,0
BRDA:61,4,0,0
BRDA:61,4,1,0
BRDA:64,5,0,0
BRDA:64,5,1,0
BRDA:71,6,0,0
BRDA:71,6,1,0
BRDA:71,7,0,0
BRDA:71,7,1,0
BRDA:77,8,0,0
BRDA:77,8,1,0
BRDA:78,9,0,0
BRDA:78,9,1,0
BRDA:91,10,0,0
BRDA:91,10,1,0
BRDA:94,11,0,0
BRDA:94,11,1,0
BRDA:95,12,0,0
BRDA:95,12,1,0
BRDA:96,13,0,0
BRDA:96,13,1,0
BRDA:97,14,0,0
BRDA:97,14,1,0
BRDA:109,15,0,0
BRDA:109,15,1,0
BRDA:129,16,0,0
BRDA:129,16,1,0
BRDA:151,17,0,0
BRDA:151,17,1,0
BRDA:167,18,0,0
BRDA:168,19,0,0
BRDA:168,19,1,0
BRF:38
BRH:0
end_of_record
TN:
SF:src/lib/utils.ts
FN:4,cn
FNF:1
FNH:0
FNDA:0,cn
DA:1,0
DA:2,0
DA:4,0
DA:5,0
LF:4
LH:0
BRF:0
BRH:0
end_of_record
TN:
SF:src/services/accessibility-preferences.ts
FN:89,(anonymous_0)
FN:95,(anonymous_1)
FN:105,(anonymous_2)
FN:110,(anonymous_3)
FN:115,(anonymous_4)
FN:120,(anonymous_5)
FN:125,(anonymous_6)
FN:135,(anonymous_7)
FN:167,(anonymous_8)
FN:189,(anonymous_9)
FN:204,(anonymous_10)
FN:221,(anonymous_11)
FN:232,(anonymous_12)
FN:262,(anonymous_13)
FN:275,(anonymous_14)
FN:421,(anonymous_15)
FN:436,(anonymous_16)
FN:441,(anonymous_17)
FN:454,(anonymous_18)
FN:461,(anonymous_19)
FN:477,(anonymous_20)
FN:488,(anonymous_21)
FN:490,(anonymous_22)
FN:501,(anonymous_23)
FN:502,(anonymous_24)
FN:514,(anonymous_25)
FN:527,(anonymous_26)
FN:528,(anonymous_27)
FNF:28
FNH:0
FNDA:0,(anonymous_0)
FNDA:0,(anonymous_1)
FNDA:0,(anonymous_2)
FNDA:0,(anonymous_3)
FNDA:0,(anonymous_4)
FNDA:0,(anonymous_5)
FNDA:0,(anonymous_6)
FNDA:0,(anonymous_7)
FNDA:0,(anonymous_8)
FNDA:0,(anonymous_9)
FNDA:0,(anonymous_10)
FNDA:0,(anonymous_11)
FNDA:0,(anonymous_12)
FNDA:0,(anonymous_13)
FNDA:0,(anonymous_14)
FNDA:0,(anonymous_15)
FNDA:0,(anonymous_16)
FNDA:0,(anonymous_17)
FNDA:0,(anonymous_18)
FNDA:0,(anonymous_19)
FNDA:0,(anonymous_20)
FNDA:0,(anonymous_21)
FNDA:0,(anonymous_22)
FNDA:0,(anonymous_23)
FNDA:0,(anonymous_24)
FNDA:0,(anonymous_25)
FNDA:0,(anonymous_26)
FNDA:0,(anonymous_27)
DA:52,0
DA:53,0
DA:56,0
DA:90,0
DA:91,0
DA:92,0
DA:96,0
DA:97,0
DA:99,0
DA:107,0
DA:108,0
DA:109,0
DA:110,0
DA:113,0
DA:114,0
DA:115,0
DA:118,0
DA:119,0
DA:120,0
DA:123,0
DA:124,0
DA:125,0
DA:129,0
DA:137,0
DA:152,0
DA:154,0
DA:155,0
DA:168,0
DA:171,0
DA:172,0
DA:175,0
DA:176,0
DA:179,0
DA:180,0
DA:183,0
DA:190,0
DA:191,0
DA:193,0
DA:194,0
DA:195,0
DA:197,0
DA:205,0
DA:206,0
DA:207,0
DA:208,0
DA:209,0
DA:212,0
DA:215,0
DA:222,0
DA:223,0
DA:225,0
DA:233,0
DA:234,0
DA:237,0
DA:238,0
DA:239,0
DA:242,0
DA:243,0
DA:244,0
DA:245,0
DA:246,0
DA:247,0
DA:248,0
DA:249,0
DA:250,0
DA:253,0
DA:256,0
DA:263,0
DA:269,0
DA:276,0
DA:277,0
DA:280,0
DA:281,0
DA:283,0
DA:414,0
DA:415,0
DA:422,0
DA:423,0
DA:425,0
DA:426,0
DA:428,0
DA:437,0
DA:440,0
DA:441,0
DA:442,0
DA:444,0
DA:446,0
DA:447,0
DA:448,0
DA:455,0
DA:462,0
DA:478,0
DA:479,0
DA:480,0
DA:481,0
DA:482,0
DA:489,0
DA:490,0
DA:491,0
DA:492,0
DA:493,0
DA:502,0
DA:503,0
DA:504,0
DA:506,0
DA:516,0
DA:517,0
DA:528,0
DA:529,0
DA:531,0
DA:533,0
DA:534,0
DA:537,0
DA:541,0
LF:114
LH:0
BRDA:96,0,0,0
BRDA:96,0,1,0
BRDA:107,1,0,0
BRDA:107,1,1,0
BRDA:139,2,0,0
BRDA:139,2,1,0
BRDA:143,3,0,0
BRDA:143,3,1,0
BRDA:154,4,0,0
BRDA:154,4,1,0
BRDA:154,5,0,0
BRDA:154,5,1,0
BRDA:171,6,0,0
BRDA:171,6,1,0
BRDA:171,7,0,0
BRDA:171,7,1,0
BRDA:175,8,0,0
BRDA:175,8,1,0
BRDA:175,9,0,0
BRDA:175,9,1,0
BRDA:179,10,0,0
BRDA:179,10,1,0
BRDA:179,11,0,0
BRDA:179,11,1,0
BRDA:191,12,0,0
BRDA:191,12,1,0
BRDA:207,13,0,0
BRDA:207,13,1,0
BRDA:276,14,0,0
BRDA:276,14,1,0
BRDA:422,15,0,0
BRDA:422,15,1,0
BRDA:422,16,0,0
BRDA:422,16,1,0
BRDA:440,17,0,0
BRDA:440,17,1,0
BRDA:464,18,0,0
BRDA:464,18,1,0
BRDA:465,19,0,0
BRDA:465,19,1,0
BRDA:466,20,0,0
BRDA:466,20,1,0
BRDA:470,21,0,0
BRDA:470,21,1,0
BRDA:492,22,0,0
BRDA:492,22,1,0
BRDA:533,23,0,0
BRDA:533,23,1,0
BRF:48
BRH:0
end_of_record
TN:
SF:src/services/audio-manager.ts
FN:69,(anonymous_0)
FN:81,(anonymous_1)
FN:88,(anonymous_2)
FN:111,(anonymous_3)
FN:112,(anonymous_4)
FN:115,(anonymous_5)
FN:116,(anonymous_6)
FN:121,(anonymous_7)
FN:136,(anonymous_8)
FN:149,(anonymous_9)
FN:157,(anonymous_10)
FN:158,(anonymous_11)
FN:165,(anonymous_12)
FN:172,(anonymous_13)
FN:173,(anonymous_14)
FN:175,(anonymous_15)
FN:186,(anonymous_16)
FN:191,(anonymous_17)
FN:231,(anonymous_18)
FN:276,(anonymous_19)
FN:353,(anonymous_20)
FN:355,(anonymous_21)
FN:368,(anonymous_22)
FN:372,(anonymous_23)
FN:373,(anonymous_24)
FN:378,(anonymous_25)
FN:415,(anonymous_26)
FN:429,(anonymous_27)
FN:468,(anonymous_28)
FN:473,(anonymous_29)
FN:491,(anonymous_30)
FN:495,(anonymous_31)
FN:501,(anonymous_32)
FN:509,(anonymous_33)
FN:518,(anonymous_34)
FN:534,(anonymous_35)
FN:607,(anonymous_36)
FN:634,(anonymous_37)
FN:640,(anonymous_38)
FN:682,(anonymous_39)
FN:685,(anonymous_40)
FN:693,(anonymous_41)
FN:704,(anonymous_42)
FN:717,(anonymous_43)
FN:729,(anonymous_44)
FN:763,(anonymous_45)
FN:788,(anonymous_46)
FN:821,(anonymous_47)
FN:858,(anonymous_48)
FN:864,(anonymous_49)
FN:866,(anonymous_50)
FN:867,(anonymous_51)
FN:871,(anonymous_52)
FN:877,(anonymous_53)
FN:879,(anonymous_54)
FN:883,(anonymous_55)
FN:888,(anonymous_56)
FN:902,(anonymous_57)
FN:908,(anonymous_58)
FN:910,(anonymous_59)
FN:911,(anonymous_60)
FN:916,(anonymous_61)
FN:929,(anonymous_62)
FN:938,(anonymous_63)
FN:951,(anonymous_64)
FN:975,(anonymous_65)
FN:1002,(anonymous_66)
FN:1018,(anonymous_67)
FN:1047,(anonymous_68)
FN:1064,(anonymous_69)
FN:1102,(anonymous_70)
FNF:71
FNH:0
FNDA:0,(anonymous_0)
FNDA:0,(anonymous_1)
FNDA:0,(anonymous_2)
FNDA:0,(anonymous_3)
FNDA:0,(anonymous_4)
FNDA:0,(anonymous_5)
FNDA:0,(anonymous_6)
FNDA:0,(anonymous_7)
FNDA:0,(anonymous_8)
FNDA:0,(anonymous_9)
FNDA:0,(anonymous_10)
FNDA:0,(anonymous_11)
FNDA:0,(anonymous_12)
FNDA:0,(anonymous_13)
FNDA:0,(anonymous_14)
FNDA:0,(anonymous_15)
FNDA:0,(anonymous_16)
FNDA:0,(anonymous_17)
FNDA:0,(anonymous_18)
FNDA:0,(anonymous_19)
FNDA:0,(anonymous_20)
FNDA:0,(anonymous_21)
FNDA:0,(anonymous_22)
FNDA:0,(anonymous_23)
FNDA:0,(anonymous_24)
FNDA:0,(anonymous_25)
FNDA:0,(anonymous_26)
FNDA:0,(anonymous_27)
FNDA:0,(anonymous_28)
FNDA:0,(anonymous_29)
FNDA:0,(anonymous_30)
FNDA:0,(anonymous_31)
FNDA:0,(anonymous_32)
FNDA:0,(anonymous_33)
FNDA:0,(anonymous_34)
FNDA:0,(anonymous_35)
FNDA:0,(anonymous_36)
FNDA:0,(anonymous_37)
FNDA:0,(anonymous_38)
FNDA:0,(anonymous_39)
FNDA:0,(anonymous_40)
FNDA:0,(anonymous_41)
FNDA:0,(anonymous_42)
FNDA:0,(anonymous_43)
FNDA:0,(anonymous_44)
FNDA:0,(anonymous_45)
FNDA:0,(anonymous_46)
FNDA:0,(anonymous_47)
FNDA:0,(anonymous_48)
FNDA:0,(anonymous_49)
FNDA:0,(anonymous_50)
FNDA:0,(anonymous_51)
FNDA:0,(anonymous_52)
FNDA:0,(anonymous_53)
FNDA:0,(anonymous_54)
FNDA:0,(anonymous_55)
FNDA:0,(anonymous_56)
FNDA:0,(anonymous_57)
FNDA:0,(anonymous_58)
FNDA:0,(anonymous_59)
FNDA:0,(anonymous_60)
FNDA:0,(anonymous_61)
FNDA:0,(anonymous_62)
FNDA:0,(anonymous_63)
FNDA:0,(anonymous_64)
FNDA:0,(anonymous_65)
FNDA:0,(anonymous_66)
FNDA:0,(anonymous_67)
FNDA:0,(anonymous_68)
FNDA:0,(anonymous_69)
FNDA:0,(anonymous_70)
DA:3,0
DA:45,0
DA:46,0
DA:47,0
DA:48,0
DA:49,0
DA:50,0
DA:51,0
DA:53,0
DA:54,0
DA:57,0
DA:60,0
DA:70,0
DA:82,0
DA:83,0
DA:85,0
DA:89,0
DA:91,0
DA:93,0
DA:96,0
DA:99,0
DA:102,0
DA:104,0
DA:105,0
DA:107,0
DA:112,0
DA:113,0
DA:115,0
DA:116,0
DA:117,0
DA:118,0
DA:121,0
DA:122,0
DA:125,0
DA:126,0
DA:127,0
DA:128,0
DA:129,0
DA:130,0
DA:137,0
DA:138,0
DA:141,0
DA:142,0
DA:145,0
DA:150,0
DA:151,0
DA:152,0
DA:156,0
DA:157,0
DA:158,0
DA:159,0
DA:166,0
DA:168,0
DA:169,0
DA:170,0
DA:172,0
DA:173,0
DA:174,0
DA:175,0
DA:177,0
DA:178,0
DA:180,0
DA:183,0
DA:184,0
DA:186,0
DA:203,0
DA:206,0
DA:207,0
DA:208,0
DA:212,0
DA:213,0
DA:214,0
DA:218,0
DA:219,0
DA:221,0
DA:222,0
DA:223,0
DA:224,0
DA:226,0
DA:227,0
DA:236,0
DA:238,0
DA:239,0
DA:240,0
DA:241,0
DA:244,0
DA:245,0
DA:247,0
DA:249,0
DA:250,0
DA:252,0
DA:253,0
DA:255,0
DA:256,0
DA:257,0
DA:259,0
DA:260,0
DA:262,0
DA:263,0
DA:264,0
DA:266,0
DA:276,0
DA:277,0
DA:278,0
DA:279,0
DA:280,0
DA:281,0
DA:284,0
DA:287,0
DA:288,0
DA:289,0
DA:290,0
DA:294,0
DA:296,0
DA:310,0
DA:311,0
DA:312,0
DA:317,0
DA:320,0
DA:321,0
DA:322,0
DA:323,0
DA:326,0
DA:328,0
DA:342,0
DA:343,0
DA:344,0
DA:347,0
DA:348,0
DA:354,0
DA:355,0
DA:356,0
DA:358,0
DA:359,0
DA:360,0
DA:362,0
DA:365,0
DA:368,0
DA:371,0
DA:372,0
DA:373,0
DA:375,0
DA:379,0
DA:380,0
DA:383,0
DA:384,0
DA:387,0
DA:390,0
DA:392,0
DA:406,0
DA:407,0
DA:409,0
DA:411,0
DA:416,0
DA:417,0
DA:422,0
DA:424,0
DA:430,0
DA:432,0
DA:433,0
DA:434,0
DA:437,0
DA:438,0
DA:440,0
DA:443,0
DA:457,0
DA:458,0
DA:461,0
DA:463,0
DA:464,0
DA:469,0
DA:470,0
DA:473,0
DA:474,0
DA:475,0
DA:477,0
DA:478,0
DA:481,0
DA:482,0
DA:483,0
DA:484,0
DA:487,0
DA:488,0
DA:489,0
DA:491,0
DA:492,0
DA:495,0
DA:496,0
DA:497,0
DA:499,0
DA:501,0
DA:502,0
DA:506,0
DA:509,0
DA:510,0
DA:511,0
DA:512,0
DA:515,0
DA:518,0
DA:519,0
DA:520,0
DA:521,0
DA:522,0
DA:527,0
DA:528,0
DA:544,0
DA:546,0
DA:547,0
DA:548,0
DA:551,0
DA:553,0
DA:558,0
DA:559,0
DA:563,0
DA:566,0
DA:567,0
DA:570,0
DA:571,0
DA:572,0
DA:575,0
DA:577,0
DA:578,0
DA:581,0
DA:582,0
DA:586,0
DA:587,0
DA:588,0
DA:592,0
DA:593,0
DA:597,0
DA:599,0
DA:601,0
DA:602,0
DA:608,0
DA:609,0
DA:610,0
DA:613,0
DA:614,0
DA:616,0
DA:617,0
DA:618,0
DA:620,0
DA:621,0
DA:623,0
DA:624,0
DA:626,0
DA:627,0
DA:628,0
DA:630,0
DA:631,0
DA:633,0
DA:634,0
DA:641,0
DA:642,0
DA:644,0
DA:677,0
DA:678,0
DA:679,0
DA:683,0
DA:685,0
DA:686,0
DA:693,0
DA:694,0
DA:700,0
DA:705,0
DA:706,0
DA:707,0
DA:710,0
DA:711,0
DA:714,0
DA:718,0
DA:719,0
DA:720,0
DA:721,0
DA:722,0
DA:723,0
DA:724,0
DA:725,0
DA:733,0
DA:735,0
DA:737,0
DA:738,0
DA:741,0
DA:742,0
DA:743,0
DA:747,0
DA:750,0
DA:751,0
DA:754,0
DA:756,0
DA:758,0
DA:759,0
DA:764,0
DA:785,0
DA:792,0
DA:794,0
DA:795,0
DA:796,0
DA:799,0
DA:800,0
DA:807,0
DA:808,0
DA:809,0
DA:812,0
DA:813,0
DA:814,0
DA:818,0
DA:828,0
DA:829,0
DA:830,0
DA:833,0
DA:834,0
DA:835,0
DA:837,0
DA:838,0
DA:841,0
DA:842,0
DA:844,0
DA:845,0
DA:846,0
DA:847,0
DA:848,0
DA:850,0
DA:851,0
DA:855,0
DA:859,0
DA:861,0
DA:862,0
DA:864,0
DA:865,0
DA:866,0
DA:867,0
DA:872,0
DA:874,0
DA:875,0
DA:877,0
DA:878,0
DA:879,0
DA:880,0
DA:881,0
DA:883,0
DA:890,0
DA:891,0
DA:893,0
DA:896,0
DA:897,0
DA:898,0
DA:903,0
DA:905,0
DA:906,0
DA:907,0
DA:908,0
DA:909,0
DA:910,0
DA:911,0
DA:922,0
DA:929,0
DA:930,0
DA:931,0
DA:932,0
DA:935,0
DA:939,0
DA:956,0
DA:958,0
DA:960,0
DA:961,0
DA:965,0
DA:967,0
DA:968,0
DA:977,0
DA:980,0
DA:981,0
DA:982,0
DA:983,0
DA:987,0
DA:988,0
DA:989,0
DA:993,0
DA:996,0
DA:1003,0
DA:1005,0
DA:1023,0
DA:1024,0
DA:1027,0
DA:1028,0
DA:1031,0
DA:1033,0
DA:1037,0
DA:1039,0
DA:1040,0
DA:1055,0
DA:1056,0
DA:1057,0
DA:1060,0
DA:1061,0
DA:1064,0
DA:1065,0
DA:1066,0
DA:1070,0
DA:1071,0
DA:1072,0
DA:1073,0
DA:1074,0
DA:1075,0
DA:1076,0
DA:1077,0
DA:1078,0
DA:1079,0
DA:1080,0
DA:1081,0
DA:1082,0
DA:1085,0
DA:1086,0
DA:1087,0
DA:1088,0
DA:1089,0
DA:1090,0
DA:1091,0
DA:1092,0
DA:1096,0
DA:1110,0
DA:1111,0
DA:1112,0
DA:1113,0
DA:1116,0
DA:1123,0
DA:1127,0
DA:1129,0
DA:1136,0
DA:1137,0
DA:1143,0
LF:431
LH:0
BRDA:82,0,0,0
BRDA:82,0,1,0
BRDA:89,1,0,0
BRDA:89,1,1,0
BRDA:125,2,0,0
BRDA:125,2,1,0
BRDA:138,3,0,0
BRDA:138,3,1,0
BRDA:141,4,0,0
BRDA:141,4,1,0
BRDA:150,5,0,0
BRDA:150,5,1,0
BRDA:156,6,0,0
BRDA:156,6,1,0
BRDA:166,7,0,0
BRDA:166,7,1,0
BRDA:177,8,0,0
BRDA:177,8,1,0
BRDA:177,9,0,0
BRDA:177,9,1,0
BRDA:193,10,0,0
BRDA:203,11,0,0
BRDA:203,11,1,0
BRDA:207,12,0,0
BRDA:207,12,1,0
BRDA:207,13,0,0
BRDA:207,13,1,0
BRDA:213,14,0,0
BRDA:213,14,1,0
BRDA:236,15,0,0
BRDA:236,16,0,0
BRDA:236,17,0,0
BRDA:240,18,0,0
BRDA:240,18,1,0
BRDA:244,19,0,0
BRDA:244,19,1,0
BRDA:247,20,0,0
BRDA:247,20,1,0
BRDA:247,21,0,0
BRDA:247,21,1,0
BRDA:247,21,2,0
BRDA:252,22,0,0
BRDA:252,22,1,0
BRDA:257,23,0,0
BRDA:257,23,1,0
BRDA:288,24,0,0
BRDA:288,24,1,0
BRDA:288,25,0,0
BRDA:288,25,1,0
BRDA:321,26,0,0
BRDA:321,26,1,0
BRDA:321,27,0,0
BRDA:321,27,1,0
BRDA:356,28,0,0
BRDA:356,28,1,0
BRDA:362,29,0,0
BRDA:362,29,1,0
BRDA:383,30,0,0
BRDA:383,30,1,0
BRDA:390,31,0,0
BRDA:390,31,1,0
BRDA:429,32,0,0
BRDA:437,33,0,0
BRDA:437,33,1,0
BRDA:437,34,0,0
BRDA:437,34,1,0
BRDA:437,34,2,0
BRDA:469,35,0,0
BRDA:469,35,1,0
BRDA:481,36,0,0
BRDA:481,36,1,0
BRDA:489,37,0,0
BRDA:489,37,1,0
BRDA:499,38,0,0
BRDA:499,38,1,0
BRDA:519,39,0,0
BRDA:519,39,1,0
BRDA:536,40,0,0
BRDA:546,41,0,0
BRDA:546,41,1,0
BRDA:558,42,0,0
BRDA:558,42,1,0
BRDA:558,43,0,0
BRDA:558,43,1,0
BRDA:575,44,0,0
BRDA:575,45,0,0
BRDA:575,46,0,0
BRDA:575,47,0,0
BRDA:577,48,0,0
BRDA:577,48,1,0
BRDA:581,49,0,0
BRDA:581,49,1,0
BRDA:586,50,0,0
BRDA:586,50,1,0
BRDA:586,51,0,0
BRDA:586,51,1,0
BRDA:592,52,0,0
BRDA:592,52,1,0
BRDA:607,53,0,0
BRDA:608,54,0,0
BRDA:608,54,1,0
BRDA:614,55,0,0
BRDA:614,55,1,0
BRDA:614,56,0,0
BRDA:614,56,1,0
BRDA:633,57,0,0
BRDA:633,57,1,0
BRDA:677,58,0,0
BRDA:677,58,1,0
BRDA:683,59,0,0
BRDA:683,59,1,0
BRDA:683,59,2,0
BRDA:683,59,3,0
BRDA:685,60,0,0
BRDA:685,60,1,0
BRDA:686,61,0,0
BRDA:686,61,1,0
BRDA:686,61,2,0
BRDA:693,62,0,0
BRDA:693,62,1,0
BRDA:694,63,0,0
BRDA:694,63,1,0
BRDA:694,63,2,0
BRDA:710,64,0,0
BRDA:710,64,1,0
BRDA:719,65,0,0
BRDA:719,65,1,0
BRDA:719,65,2,0
BRDA:719,65,3,0
BRDA:719,65,4,0
BRDA:719,65,5,0
BRDA:733,66,0,0
BRDA:733,66,1,0
BRDA:737,67,0,0
BRDA:737,67,1,0
BRDA:741,68,0,0
BRDA:741,68,1,0
BRDA:792,69,0,0
BRDA:792,69,1,0
BRDA:814,70,0,0
BRDA:814,70,1,0
BRDA:844,71,0,0
BRDA:844,71,1,0
BRDA:845,72,0,0
BRDA:845,72,1,0
BRDA:847,73,0,0
BRDA:847,73,1,0
BRDA:859,74,0,0
BRDA:859,74,1,0
BRDA:872,75,0,0
BRDA:872,75,1,0
BRDA:890,76,0,0
BRDA:890,76,1,0
BRDA:896,77,0,0
BRDA:896,77,1,0
BRDA:905,78,0,0
BRDA:905,78,1,0
BRDA:930,79,0,0
BRDA:930,79,1,0
BRDA:931,80,0,0
BRDA:931,80,1,0
BRDA:932,81,0,0
BRDA:932,81,1,0
BRDA:958,82,0,0
BRDA:958,82,1,0
BRDA:960,83,0,0
BRDA:960,83,1,0
BRDA:980,84,0,0
BRDA:980,84,1,0
BRDA:981,85,0,0
BRDA:981,85,1,0
BRDA:982,86,0,0
BRDA:982,86,1,0
BRDA:983,87,0,0
BRDA:983,87,1,0
BRDA:987,88,0,0
BRDA:987,88,1,0
BRDA:988,89,0,0
BRDA:988,89,1,0
BRDA:989,90,0,0
BRDA:989,90,1,0
BRDA:993,91,0,0
BRDA:993,91,1,0
BRDA:1023,92,0,0
BRDA:1023,92,1,0
BRDA:1027,93,0,0
BRDA:1027,93,1,0
BRDA:1104,94,0,0
BRDA:1123,95,0,0
BRDA:1123,95,1,0
BRDA:1124,96,0,0
BRDA:1124,96,1,0
BRDA:1125,97,0,0
BRDA:1125,97,1,0
BRDA:1132,98,0,0
BRDA:1132,98,1,0
BRF:196
BRH:0
end_of_record
TN:
SF:src/services/capacitor.ts
FN:14,(anonymous_9)
FN:53,(anonymous_10)
FN:63,(anonymous_11)
FN:73,(anonymous_12)
FN:111,(anonymous_13)
FN:124,(anonymous_14)
FN:126,(anonymous_15)
FN:142,(anonymous_16)
FN:147,(anonymous_17)
FN:151,(anonymous_18)
FN:155,(anonymous_19)
FN:159,(anonymous_20)
FN:164,(anonymous_21)
FN:166,(anonymous_22)
FNF:14
FNH:0
FNDA:0,(anonymous_9)
FNDA:0,(anonymous_10)
FNDA:0,(anonymous_11)
FNDA:0,(anonymous_12)
FNDA:0,(anonymous_13)
FNDA:0,(anonymous_14)
FNDA:0,(anonymous_15)
FNDA:0,(anonymous_16)
FNDA:0,(anonymous_17)
FNDA:0,(anonymous_18)
FNDA:0,(anonymous_19)
FNDA:0,(anonymous_20)
FNDA:0,(anonymous_21)
FNDA:0,(anonymous_22)
DA:1,0
DA:2,0
DA:3,0
DA:4,0
DA:5,0
DA:14,0
DA:15,0
DA:16,0
DA:18,0
DA:20,0
DA:22,0
DA:23,0
DA:24,0
DA:28,0
DA:29,0
DA:33,0
DA:34,0
DA:36,0
DA:43,0
DA:44,0
DA:53,0
DA:54,0
DA:55,0
DA:56,0
DA:58,0
DA:59,0
DA:63,0
DA:64,0
DA:65,0
DA:66,0
DA:68,0
DA:69,0
DA:73,0
DA:84,0
DA:85,0
DA:104,0
DA:106,0
DA:107,0
DA:111,0
DA:112,0
DA:113,0
DA:117,0
DA:119,0
DA:120,0
DA:124,0
DA:126,0
DA:127,0
DA:130,0
DA:131,0
DA:132,0
DA:134,0
DA:142,0
DA:143,0
DA:147,0
DA:148,0
DA:151,0
DA:152,0
DA:155,0
DA:156,0
DA:159,0
DA:160,0
DA:164,0
DA:165,0
DA:166,0
DA:167,0
DA:169,0
DA:172,0
DA:173,0
LF:68
LH:0
BRDA:22,0,0,0
BRDA:22,0,1,0
BRDA:28,1,0,0
BRDA:28,1,1,0
BRDA:130,2,0,0
BRDA:130,2,1,0
BRDA:132,3,0,0
BRDA:132,3,1,0
BRDA:164,4,0,0
BRDA:172,5,0,0
BRDA:172,5,1,0
BRF:11
BRH:0
end_of_record
TN:
SF:src/services/lazy-audio-loader.ts
FN:45,(anonymous_0)
FN:52,(anonymous_1)
FN:60,(anonymous_2)
FN:88,(anonymous_3)
FN:103,(anonymous_4)
FN:107,(anonymous_5)
FN:122,(anonymous_6)
FN:127,(anonymous_7)
FN:128,(anonymous_8)
FN:135,(anonymous_9)
FN:137,(anonymous_10)
FN:140,(anonymous_11)
FN:147,(anonymous_12)
FN:152,(anonymous_13)
FN:153,(anonymous_14)
FN:185,(anonymous_15)
FN:229,(anonymous_16)
FN:237,(anonymous_17)
FN:245,(anonymous_18)
FN:253,(anonymous_19)
FN:258,(anonymous_20)
FN:267,(anonymous_21)
FN:272,(anonymous_22)
FN:281,(anonymous_23)
FN:283,(anonymous_24)
FN:288,(anonymous_25)
FN:300,(anonymous_26)
FN:303,(anonymous_27)
FN:309,(anonymous_28)
FN:339,(anonymous_29)
FN:342,(anonymous_30)
FN:349,(anonymous_31)
FN:364,(anonymous_32)
FNF:33
FNH:0
FNDA:0,(anonymous_0)
FNDA:0,(anonymous_1)
FNDA:0,(anonymous_2)
FNDA:0,(anonymous_3)
FNDA:0,(anonymous_4)
FNDA:0,(anonymous_5)
FNDA:0,(anonymous_6)
FNDA:0,(anonymous_7)
FNDA:0,(anonymous_8)
FNDA:0,(anonymous_9)
FNDA:0,(anonymous_10)
FNDA:0,(anonymous_11)
FNDA:0,(anonymous_12)
FNDA:0,(anonymous_13)
FNDA:0,(anonymous_14)
FNDA:0,(anonymous_15)
FNDA:0,(anonymous_16)
FNDA:0,(anonymous_17)
FNDA:0,(anonymous_18)
FNDA:0,(anonymous_19)
FNDA:0,(anonymous_20)
FNDA:0,(anonymous_21)
FNDA:0,(anonymous_22)
FNDA:0,(anonymous_23)
FNDA:0,(anonymous_24)
FNDA:0,(anonymous_25)
FNDA:0,(anonymous_26)
FNDA:0,(anonymous_27)
FNDA:0,(anonymous_28)
FNDA:0,(anonymous_29)
FNDA:0,(anonymous_30)
FNDA:0,(anonymous_31)
FNDA:0,(anonymous_32)
DA:1,0
DA:27,0
DA:28,0
DA:29,0
DA:30,0
DA:31,0
DA:32,0
DA:41,0
DA:42,0
DA:43,0
DA:46,0
DA:47,0
DA:49,0
DA:54,0
DA:69,0
DA:72,0
DA:73,0
DA:74,0
DA:75,0
DA:79,0
DA:80,0
DA:81,0
DA:82,0
DA:88,0
DA:89,0
DA:104,0
DA:105,0
DA:108,0
DA:109,0
DA:114,0
DA:115,0
DA:126,0
DA:127,0
DA:130,0
DA:132,0
DA:135,0
DA:136,0
DA:138,0
DA:140,0
DA:148,0
DA:151,0
DA:152,0
DA:154,0
DA:155,0
DA:156,0
DA:159,0
DA:160,0
DA:161,0
DA:162,0
DA:164,0
DA:166,0
DA:167,0
DA:168,0
DA:169,0
DA:170,0
DA:171,0
DA:174,0
DA:175,0
DA:177,0
DA:195,0
DA:198,0
DA:200,0
DA:201,0
DA:203,0
DA:204,0
DA:206,0
DA:207,0
DA:211,0
DA:212,0
DA:213,0
DA:214,0
DA:220,0
DA:222,0
DA:231,0
DA:238,0
DA:239,0
DA:246,0
DA:247,0
DA:254,0
DA:255,0
DA:256,0
DA:257,0
DA:258,0
DA:261,0
DA:271,0
DA:272,0
DA:283,0
DA:286,0
DA:287,0
DA:288,0
DA:291,0
DA:292,0
DA:294,0
DA:297,0
DA:301,0
DA:303,0
DA:304,0
DA:307,0
DA:308,0
DA:309,0
DA:310,0
DA:313,0
DA:314,0
DA:315,0
DA:317,0
DA:318,0
DA:319,0
DA:321,0
DA:323,0
DA:324,0
DA:327,0
DA:328,0
DA:330,0
DA:332,0
DA:333,0
DA:335,0
DA:339,0
DA:343,0
DA:351,0
DA:353,0
DA:354,0
DA:355,0
DA:356,0
DA:357,0
DA:358,0
DA:360,0
DA:365,0
DA:366,0
DA:367,0
DA:370,0
DA:371,0
DA:372,0
DA:373,0
DA:374,0
DA:375,0
DA:377,0
DA:378,0
DA:381,0
DA:386,0
DA:387,0
DA:388,0
DA:389,0
DA:390,0
DA:392,0
DA:397,0
LF:145
LH:0
BRDA:46,0,0,0
BRDA:46,0,1,0
BRDA:62,1,0,0
BRDA:73,2,0,0
BRDA:73,2,1,0
BRDA:124,3,0,0
BRDA:130,4,0,0
BRDA:130,4,1,0
BRDA:152,5,0,0
BRDA:152,5,1,0
BRDA:166,6,0,0
BRDA:166,6,1,0
BRDA:168,7,0,0
BRDA:168,7,1,0
BRDA:170,8,0,0
BRDA:170,8,1,0
BRDA:185,9,0,0
BRDA:195,10,0,0
BRDA:195,11,0,0
BRDA:198,12,0,0
BRDA:198,12,1,0
BRDA:198,12,2,0
BRDA:212,13,0,0
BRDA:212,13,1,0
BRDA:220,14,0,0
BRDA:220,14,1,0
BRDA:256,15,0,0
BRDA:256,15,1,0
BRDA:257,16,0,0
BRDA:257,16,1,0
BRDA:291,17,0,0
BRDA:291,17,1,0
BRDA:301,18,0,0
BRDA:301,18,1,0
BRDA:301,19,0,0
BRDA:301,19,1,0
BRDA:308,20,0,0
BRDA:308,20,1,0
BRDA:323,21,0,0
BRDA:323,21,1,0
BRDA:328,22,0,0
BRDA:328,22,1,0
BRDA:353,23,0,0
BRDA:353,23,1,0
BRDA:355,24,0,0
BRDA:355,24,1,0
BRDA:357,25,0,0
BRDA:357,25,1,0
BRDA:372,26,0,0
BRDA:372,26,1,0
BRDA:377,27,0,0
BRDA:377,27,1,0
BRDA:377,28,0,0
BRDA:377,28,1,0
BRF:54
BRH:0
end_of_record
TN:
SF:src/services/privacy-compliance.ts
FN:70,(anonymous_0)
FN:75,(anonymous_1)
FN:85,(anonymous_2)
FN:109,(anonymous_3)
FN:151,(anonymous_4)
FN:156,(anonymous_5)
FN:166,(anonymous_6)
FN:173,(anonymous_7)
FN:180,(anonymous_8)
FN:187,(anonymous_9)
FN:194,(anonymous_10)
FN:201,(anonymous_11)
FN:208,(anonymous_12)
FN:223,(anonymous_13)
FN:230,(anonymous_14)
FN:246,(anonymous_15)
FN:290,(anonymous_16)
FN:312,(anonymous_17)
FN:329,(anonymous_18)
FN:331,(anonymous_19)
FN:339,(anonymous_20)
FN:356,(anonymous_21)
FN:384,(anonymous_22)
FN:413,(anonymous_23)
FN:426,(anonymous_24)
FN:437,(anonymous_25)
FN:454,(anonymous_26)
FN:469,(anonymous_27)
FN:481,(anonymous_28)
FN:485,(anonymous_29)
FN:506,(anonymous_30)
FN:521,(anonymous_31)
FN:530,(anonymous_32)
FN:543,(anonymous_33)
FN:555,(anonymous_34)
FN:566,(anonymous_35)
FN:574,(anonymous_36)
FN:582,(anonymous_37)
FNF:38
FNH:0
FNDA:0,(anonymous_0)
FNDA:0,(anonymous_1)
FNDA:0,(anonymous_2)
FNDA:0,(anonymous_3)
FNDA:0,(anonymous_4)
FNDA:0,(anonymous_5)
FNDA:0,(anonymous_6)
FNDA:0,(anonymous_7)
FNDA:0,(anonymous_8)
FNDA:0,(anonymous_9)
FNDA:0,(anonymous_10)
FNDA:0,(anonymous_11)
FNDA:0,(anonymous_12)
FNDA:0,(anonymous_13)
FNDA:0,(anonymous_14)
FNDA:0,(anonymous_15)
FNDA:0,(anonymous_16)
FNDA:0,(anonymous_17)
FNDA:0,(anonymous_18)
FNDA:0,(anonymous_19)
FNDA:0,(anonymous_20)
FNDA:0,(anonymous_21)
FNDA:0,(anonymous_22)
FNDA:0,(anonymous_23)
FNDA:0,(anonymous_24)
FNDA:0,(anonymous_25)
FNDA:0,(anonymous_26)
FNDA:0,(anonymous_27)
FNDA:0,(anonymous_28)
FNDA:0,(anonymous_29)
FNDA:0,(anonymous_30)
FNDA:0,(anonymous_31)
FNDA:0,(anonymous_32)
FNDA:0,(anonymous_33)
FNDA:0,(anonymous_34)
FNDA:0,(anonymous_35)
FNDA:0,(anonymous_36)
FNDA:0,(anonymous_37)
DA:45,0
DA:46,0
DA:47,0
DA:48,0
DA:51,0
DA:61,0
DA:71,0
DA:72,0
DA:76,0
DA:77,0
DA:79,0
DA:86,0
DA:88,0
DA:90,0
DA:93,0
DA:96,0
DA:98,0
DA:99,0
DA:102,0
DA:115,0
DA:118,0
DA:121,0
DA:131,0
DA:134,0
DA:137,0
DA:140,0
DA:156,0
DA:157,0
DA:158,0
DA:167,0
DA:174,0
DA:181,0
DA:188,0
DA:195,0
DA:202,0
DA:209,0
DA:214,0
DA:217,0
DA:224,0
DA:231,0
DA:232,0
DA:234,0
DA:235,0
DA:239,0
DA:240,0
DA:247,0
DA:249,0
DA:257,0
DA:259,0
DA:261,0
DA:263,0
DA:275,0
DA:277,0
DA:278,0
DA:281,0
DA:282,0
DA:283,0
DA:291,0
DA:293,0
DA:301,0
DA:303,0
DA:304,0
DA:307,0
DA:308,0
DA:309,0
DA:312,0
DA:314,0
DA:316,0
DA:317,0
DA:320,0
DA:321,0
DA:322,0
DA:330,0
DA:331,0
DA:333,0
DA:345,0
DA:362,0
DA:365,0
DA:368,0
DA:371,0
DA:373,0
DA:385,0
DA:386,0
DA:387,0
DA:388,0
DA:389,0
DA:393,0
DA:394,0
DA:395,0
DA:396,0
DA:400,0
DA:401,0
DA:402,0
DA:406,0
DA:414,0
DA:415,0
DA:416,0
DA:417,0
DA:419,0
DA:427,0
DA:428,0
DA:430,0
DA:438,0
DA:439,0
DA:440,0
DA:441,0
DA:443,0
DA:445,0
DA:446,0
DA:457,0
DA:470,0
DA:482,0
DA:485,0
DA:486,0
DA:489,0
DA:490,0
DA:491,0
DA:495,0
DA:496,0
DA:497,0
DA:500,0
DA:507,0
DA:510,0
DA:511,0
DA:512,0
DA:515,0
DA:524,0
DA:532,0
DA:545,0
DA:556,0
DA:568,0
DA:576,0
DA:584,0
DA:588,0
LF:134
LH:0
BRDA:76,0,0,0
BRDA:76,0,1,0
BRDA:86,1,0,0
BRDA:86,1,1,0
BRDA:112,2,0,0
BRDA:140,3,0,0
BRDA:140,3,1,0
BRDA:153,4,0,0
BRDA:157,5,0,0
BRDA:157,5,1,0
BRDA:181,6,0,0
BRDA:181,6,1,0
BRDA:188,7,0,0
[...]
BRDA:346,31,0,0
BRDA:346,31,1,0
BRDA:390,32,0,0
BRDA:390,32,1,0
BRDA:395,33,0,0
BRDA:395,33,1,0
BRDA:400,34,0,0
BRDA:400,34,1,0
BRDA:401,35,0,0
BRDA:401,35,1,0
BRDA:407,36,0,0
BRDA:407,36,1,0
BRDA:408,37,0,0
BRDA:408,37,1,0
BRDA:416,38,0,0
BRDA:416,38,1,0
BRDA:443,39,0,0
BRDA:443,39,1,0
BRDA:443,40,0,0
BRDA:443,40,1,0
BRDA:449,41,0,0
BRDA:449,41,1,0
BRDA:457,42,0,0
BRDA:457,42,1,0
BRDA:464,43,0,0
BRDA:464,43,1,0
BRDA:464,44,0,0
BRDA:464,44,1,0
BRF:95
BRH:0
end_of_record
TN:
SF:src/utils/fallback-strategies.tsx
FN:26,(anonymous_1)
FN:34,(anonymous_2)
FN:45,(anonymous_3)
FN:61,(anonymous_4)
FN:72,(anonymous_5)
FN:84,(anonymous_6)
FN:91,(anonymous_7)
FN:92,(anonymous_8)
FN:98,(anonymous_9)
FN:108,(anonymous_10)
FN:110,(anonymous_11)
FN:117,(anonymous_12)
FN:133,(anonymous_13)
FN:134,(anonymous_14)
FN:138,(anonymous_15)
FN:146,(anonymous_16)
FN:153,(anonymous_17)
FN:163,(anonymous_18)
FN:164,(anonymous_19)
FN:170,(anonymous_20)
FN:177,(anonymous_21)
FN:187,useFallbackState
FN:188,(anonymous_23)
FN:192,(anonymous_24)
FN:193,(anonymous_25)
FN:195,(anonymous_26)
FN:208,(anonymous_27)
FN:213,(anonymous_28)
FN:217,(anonymous_29)
FN:221,(anonymous_30)
FN:235,(anonymous_31)
FNF:31
FNH:0
FNDA:0,(anonymous_1)
FNDA:0,(anonymous_2)
FNDA:0,(anonymous_3)
FNDA:0,(anonymous_4)
FNDA:0,(anonymous_5)
FNDA:0,(anonymous_6)
FNDA:0,(anonymous_7)
FNDA:0,(anonymous_8)
FNDA:0,(anonymous_9)
FNDA:0,(anonymous_10)
FNDA:0,(anonymous_11)
FNDA:0,(anonymous_12)
FNDA:0,(anonymous_13)
FNDA:0,(anonymous_14)
FNDA:0,(anonymous_15)
FNDA:0,(anonymous_16)
FNDA:0,(anonymous_17)
FNDA:0,(anonymous_18)
FNDA:0,(anonymous_19)
FNDA:0,(anonymous_20)
FNDA:0,(anonymous_21)
FNDA:0,useFallbackState
FNDA:0,(anonymous_23)
FNDA:0,(anonymous_24)
FNDA:0,(anonymous_25)
FNDA:0,(anonymous_26)
FNDA:0,(anonymous_27)
FNDA:0,(anonymous_28)
FNDA:0,(anonymous_29)
FNDA:0,(anonymous_30)
FNDA:0,(anonymous_31)
DA:6,0
DA:16,0
DA:23,0
DA:24,0
DA:27,0
DA:28,0
DA:35,0
DA:36,0
DA:37,0
DA:38,0
DA:39,0
DA:46,0
DA:47,0
DA:48,0
DA:55,0
DA:62,0
DA:63,0
DA:66,0
DA:73,0
DA:74,0
DA:76,0
DA:77,0
DA:85,0
DA:92,0
DA:93,0
DA:98,0
DA:99,0
DA:108,0
DA:109,0
DA:111,0
DA:117,0
DA:134,0
DA:135,0
DA:138,0
DA:139,0
DA:147,0
DA:154,0
DA:155,0
DA:156,0
DA:164,0
DA:171,0
DA:178,0
DA:182,0
DA:187,0
DA:188,0
DA:189,0
DA:192,0
DA:193,0
DA:194,0
DA:195,0
DA:198,0
DA:204,0
DA:209,0
DA:210,0
DA:214,0
DA:218,0
DA:222,0
DA:223,0
DA:224,0
DA:225,0
DA:226,0
DA:230,0
DA:235,0
DA:243,0
DA:247,0
LF:65
LH:0
BRDA:62,0,0,0
BRDA:62,0,1,0
BRDA:76,1,0,0
BRDA:76,1,1,0
BRDA:94,2,0,0
BRDA:94,2,1,0
BRDA:119,3,0,0
BRDA:119,3,1,0
BRDA:122,4,0,0
BRDA:122,4,1,0
BRDA:155,5,0,0
BRDA:155,5,1,0
BRDA:178,6,0,0
BRDA:178,6,1,0
BRDA:222,7,0,0
BRDA:222,7,1,0
BRDA:223,8,0,0
BRDA:223,8,1,0
BRDA:225,9,0,0
BRDA:225,9,1,0
BRF:20
BRH:0
end_of_record
TN:
SF:src/utils/index.ts
FN:64,(anonymous_0)
FN:72,(anonymous_1)
FN:80,(anonymous_2)
FN:84,(anonymous_3)
FN:112,(anonymous_4)
FN:116,(anonymous_5)
FN:117,(anonymous_6)
FN:120,(anonymous_7)
FN:133,(anonymous_8)
FN:134,(anonymous_9)
FN:143,(anonymous_10)
FN:173,(anonymous_11)
FN:182,(anonymous_12)
FNF:13
FNH:0
FNDA:0,(anonymous_0)
FNDA:0,(anonymous_1)
FNDA:0,(anonymous_2)
FNDA:0,(anonymous_3)
FNDA:0,(anonymous_4)
FNDA:0,(anonymous_5)
FNDA:0,(anonymous_6)
FNDA:0,(anonymous_7)
FNDA:0,(anonymous_8)
FNDA:0,(anonymous_9)
FNDA:0,(anonymous_10)
FNDA:0,(anonymous_11)
FNDA:0,(anonymous_12)
DA:3,0
DA:54,0
DA:64,0
DA:65,0
DA:66,0
DA:67,0
DA:68,0
DA:69,0
DA:72,0
DA:73,0
DA:74,0
DA:75,0
DA:76,0
DA:78,0
DA:80,0
DA:84,0
DA:85,0
DA:87,0
DA:88,0
DA:91,0
DA:92,0
DA:94,0
DA:95,0
DA:99,0
DA:100,0
DA:101,0
DA:102,0
DA:104,0
DA:105,0
DA:109,0
DA:112,0
DA:113,0
DA:116,0
DA:117,0
DA:120,0
DA:121,0
DA:123,0
DA:124,0
DA:126,0
DA:133,0
DA:134,0
DA:136,0
DA:137,0
DA:140,0
DA:141,0
DA:143,0
DA:144,0
DA:145,0
DA:146,0
DA:147,0
DA:151,0
DA:152,0
DA:155,0
DA:156,0
DA:157,0
DA:158,0
DA:160,0
DA:161,0
DA:166,0
DA:173,0
DA:174,0
DA:175,0
DA:176,0
DA:178,0
DA:182,0
DA:183,0
DA:185,0
DA:186,0
DA:189,0
DA:190,0
DA:193,0
DA:194,0
DA:197,0
DA:198,0
DA:201,0
LF:75
LH:0
BRDA:67,0,0,0
BRDA:67,0,1,0
BRDA:68,1,0,0
BRDA:68,1,1,0
BRDA:73,2,0,0
BRDA:73,2,1,0
BRDA:74,3,0,0
BRDA:74,3,1,0
BRDA:75,4,0,0
BRDA:75,4,1,0
BRDA:75,5,0,0
BRDA:75,5,1,0
BRDA:75,5,2,0
BRDA:76,6,0,0
BRDA:76,6,1,0
BRDA:76,7,0,0
BRDA:76,7,1,0
BRDA:76,7,2,0
BRDA:85,8,0,0
BRDA:85,8,1,0
BRDA:85,9,0,0
BRDA:85,9,1,0
BRDA:94,10,0,0
BRDA:94,10,1,0
BRDA:94,11,0,0
BRDA:94,11,1,0
BRDA:104,12,0,0
BRDA:104,12,1,0
BRDA:117,13,0,0
BRDA:117,13,1,0
BRDA:121,14,0,0
BRDA:121,14,1,0
BRDA:127,15,0,0
BRDA:127,15,1,0
BRDA:127,15,2,0
BRDA:134,16,0,0
BRDA:134,16,1,0
BRDA:136,17,0,0
BRDA:136,17,1,0
BRDA:145,18,0,0
BRDA:145,18,1,0
BRDA:145,19,0,0
BRDA:145,19,1,0
BRDA:145,19,2,0
BRDA:151,20,0,0
BRDA:151,20,1,0
BRDA:151,21,0,0
BRDA:151,21,1,0
BRDA:160,22,0,0
BRDA:160,22,1,0
BRDA:185,23,0,0
BRDA:185,23,1,0
BRDA:185,24,0,0
BRDA:185,24,1,0
BRDA:189,25,0,0
BRDA:189,25,1,0
BRDA:189,26,0,0
BRDA:189,26,1,0
BRDA:193,27,0,0
BRDA:193,27,1,0
BRDA:193,28,0,0
BRDA:193,28,1,0
BRDA:197,29,0,0
BRDA:197,29,1,0
BRF:64
BRH:0
end_of_record
TN:
SF:src/utils/keyboard-navigation.ts
FN:39,(anonymous_1)
FN:56,(anonymous_2)
FN:66,(anonymous_3)
FN:72,(anonymous_4)
FN:79,(anonymous_5)
FN:86,(anonymous_6)
FN:93,(anonymous_7)
FN:102,(anonymous_8)
FN:109,(anonymous_9)
FN:116,(anonymous_10)
FN:123,(anonymous_11)
FN:132,(anonymous_12)
FN:139,(anonymous_13)
FN:146,(anonymous_14)
FN:153,(anonymous_15)
FN:162,(anonymous_16)
FN:169,(anonymous_17)
FN:175,(anonymous_18)
FN:186,(anonymous_19)
FN:194,(anonymous_20)
FN:202,(anonymous_21)
FN:210,(anonymous_22)
FN:222,(anonymous_23)
FN:224,(anonymous_24)
FN:235,(anonymous_25)
FN:241,(anonymous_26)
FN:257,(anonymous_27)
FN:263,(anonymous_28)
FN:269,(anonymous_29)
FN:281,(anonymous_30)
FN:298,(anonymous_31)
FN:334,(anonymous_32)
FN:353,(anonymous_33)
FN:360,(anonymous_34)
FN:417,(anonymous_35)
FN:435,(anonymous_36)
FN:448,(anonymous_37)
FN:454,(anonymous_38)
FN:462,(anonymous_39)
FN:479,(anonymous_40)
FN:498,(anonymous_41)
FN:515,(anonymous_42)
FN:533,(anonymous_43)
FN:550,(anonymous_44)
FN:578,(anonymous_45)
FN:611,(anonymous_46)
FN:626,(anonymous_47)
FN:640,(anonymous_48)
FN:667,(anonymous_49)
FN:683,(anonymous_50)
FN:690,(anonymous_51)
FN:700,(anonymous_52)
FN:710,(anonymous_53)
FN:720,(anonymous_54)
FN:741,(anonymous_55)
FN:744,(anonymous_56)
FN:745,(anonymous_57)
FN:750,(anonymous_58)
FN:763,(anonymous_59)
FN:770,(anonymous_60)
FN:777,(anonymous_61)
FN:785,(anonymous_62)
FN:794,(anonymous_63)
FN:801,(anonymous_64)
FN:803,(anonymous_65)
FN:809,(anonymous_66)
FN:816,(anonymous_67)
FN:821,(anonymous_68)
FN:833,(anonymous_69)
FN:853,(anonymous_70)
FN:861,(anonymous_71)
FNF:71
FNH:0
FNDA:0,(anonymous_1)
FNDA:0,(anonymous_2)
FNDA:0,(anonymous_3)
FNDA:0,(anonymous_4)
FNDA:0,(anonymous_5)
FNDA:0,(anonymous_6)
FNDA:0,(anonymous_7)
FNDA:0,(anonymous_8)
FNDA:0,(anonymous_9)
FNDA:0,(anonymous_10)
FNDA:0,(anonymous_11)
FNDA:0,(anonymous_12)
FNDA:0,(anonymous_13)
FNDA:0,(anonymous_14)
FNDA:0,(anonymous_15)
FNDA:0,(anonymous_16)
FNDA:0,(anonymous_17)
FNDA:0,(anonymous_18)
FNDA:0,(anonymous_19)
FNDA:0,(anonymous_20)
FNDA:0,(anonymous_21)
FNDA:0,(anonymous_22)
FNDA:0,(anonymous_23)
FNDA:0,(anonymous_24)
FNDA:0,(anonymous_25)
FNDA:0,(anonymous_26)
FNDA:0,(anonymous_27)
FNDA:0,(anonymous_28)
FNDA:0,(anonymous_29)
FNDA:0,(anonymous_30)
FNDA:0,(anonymous_31)
FNDA:0,(anonymous_32)
FNDA:0,(anonymous_33)
FNDA:0,(anonymous_34)
FNDA:0,(anonymous_35)
FNDA:0,(anonymous_36)
FNDA:0,(anonymous_37)
FNDA:0,(anonymous_38)
FNDA:0,(anonymous_39)
FNDA:0,(anonymous_40)
FNDA:0,(anonymous_41)
FNDA:0,(anonymous_42)
FNDA:0,(anonymous_43)
FNDA:0,(anonymous_44)
FNDA:0,(anonymous_45)
FNDA:0,(anonymous_46)
FNDA:0,(anonymous_47)
FNDA:0,(anonymous_48)
FNDA:0,(anonymous_49)
FNDA:0,(anonymous_50)
FNDA:0,(anonymous_51)
FNDA:0,(anonymous_52)
FNDA:0,(anonymous_53)
FNDA:0,(anonymous_54)
FNDA:0,(anonymous_55)
FNDA:0,(anonymous_56)
FNDA:0,(anonymous_57)
FNDA:0,(anonymous_58)
FNDA:0,(anonymous_59)
FNDA:0,(anonymous_60)
FNDA:0,(anonymous_61)
FNDA:0,(anonymous_62)
FNDA:0,(anonymous_63)
FNDA:0,(anonymous_64)
FNDA:0,(anonymous_65)
FNDA:0,(anonymous_66)
FNDA:0,(anonymous_67)
FNDA:0,(anonymous_68)
FNDA:0,(anonymous_69)
FNDA:0,(anonymous_70)
FNDA:0,(anonymous_71)
DA:5,0
DA:6,0
DA:29,0
DA:31,0
DA:34,0
DA:35,0
DA:40,0
DA:47,0
DA:48,0
DA:50,0
DA:51,0
DA:52,0
DA:53,0
DA:57,0
DA:58,0
DA:60,0
DA:67,0
DA:72,0
DA:79,0
DA:86,0
DA:93,0
DA:102,0
DA:109,0
DA:116,0
DA:123,0
DA:132,0
DA:139,0
DA:146,0
DA:153,0
DA:162,0
DA:169,0
DA:175,0
DA:176,0
DA:187,0
DA:188,0
DA:195,0
DA:196,0
DA:203,0
DA:204,0
DA:211,0
DA:212,0
DA:213,0
DA:216,0
DA:224,0
DA:225,0
DA:229,0
DA:237,0
DA:238,0
DA:241,0
DA:242,0
DA:243,0
DA:248,0
DA:251,0
DA:258,0
DA:259,0
DA:260,0
DA:261,0
DA:263,0
DA:264,0
DA:265,0
DA:269,0
DA:270,0
DA:271,0
DA:272,0
DA:283,0
DA:289,0
DA:300,0
DA:301,0
DA:302,0
DA:306,0
DA:308,0
DA:311,0
DA:312,0
DA:313,0
DA:314,0
DA:315,0
DA:317,0
DA:318,0
DA:320,0
DA:321,0
DA:322,0
DA:325,0
DA:326,0
DA:335,0
DA:336,0
DA:337,0
DA:338,0
DA:341,0
DA:342,0
DA:346,0
DA:361,0
DA:364,0
DA:366,0
DA:367,0
DA:369,0
DA:370,0
DA:372,0
DA:373,0
DA:375,0
DA:377,0
DA:379,0
DA:382,0
DA:383,0
DA:384,0
DA:387,0
DA:388,0
DA:389,0
DA:391,0
DA:392,0
DA:393,0
DA:395,0
DA:396,0
DA:397,0
DA:399,0
DA:402,0
DA:403,0
DA:406,0
DA:407,0
DA:408,0
DA:409,0
DA:419,0
DA:420,0
DA:421,0
DA:425,0
DA:427,0
DA:429,0
DA:436,0
DA:447,0
DA:448,0
DA:455,0
DA:456,0
DA:463,0
DA:465,0
DA:466,0
DA:468,0
DA:480,0
DA:481,0
DA:483,0
DA:485,0
DA:486,0
DA:487,0
DA:488,0
DA:489,0
DA:491,0
DA:492,0
DA:499,0
DA:503,0
DA:504,0
DA:507,0
DA:516,0
DA:519,0
DA:520,0
DA:523,0
DA:524,0
DA:525,0
DA:527,0
DA:534,0
DA:535,0
DA:537,0
DA:538,0
DA:540,0
DA:541,0
DA:544,0
DA:552,0
DA:553,0
DA:556,0
DA:557,0
DA:558,0
DA:559,0
DA:563,0
DA:564,0
DA:565,0
DA:569,0
DA:579,0
DA:580,0
DA:581,0
DA:582,0
DA:586,0
DA:588,0
DA:589,0
DA:590,0
DA:593,0
DA:594,0
DA:595,0
DA:598,0
DA:599,0
DA:600,0
DA:601,0
DA:602,0
DA:605,0
DA:612,0
DA:613,0
DA:615,0
DA:616,0
DA:617,0
DA:619,0
DA:626,0
DA:627,0
DA:628,0
DA:629,0
DA:632,0
DA:633,0
DA:634,0
DA:636,0
DA:637,0
DA:638,0
DA:640,0
DA:641,0
DA:642,0
DA:643,0
DA:644,0
DA:647,0
DA:648,0
DA:651,0
DA:652,0
DA:657,0
DA:658,0
DA:661,0
DA:669,0
DA:672,0
DA:674,0
DA:677,0
DA:678,0
DA:679,0
DA:684,0
DA:687,0
DA:691,0
DA:692,0
DA:693,0
DA:696,0
DA:701,0
DA:702,0
DA:703,0
DA:706,0
DA:711,0
DA:712,0
DA:713,0
DA:716,0
DA:722,0
DA:723,0
DA:724,0
DA:725,0
DA:726,0
DA:727,0
DA:729,0
DA:733,0
DA:734,0
DA:735,0
DA:736,0
DA:742,0
DA:743,0
DA:744,0
DA:745,0
DA:748,0
DA:749,0
DA:750,0
DA:753,0
DA:757,0
DA:760,0
DA:764,0
DA:765,0
DA:771,0
DA:772,0
DA:773,0
DA:778,0
DA:779,0
DA:780,0
DA:781,0
DA:786,0
DA:787,0
DA:788,0
DA:795,0
DA:802,0
DA:803,0
DA:810,0
DA:817,0
DA:818,0
DA:819,0
DA:820,0
DA:821,0
DA:822,0
DA:823,0
DA:826,0
DA:840,0
DA:841,0
DA:854,0
DA:855,0
DA:862,0
DA:863,0
DA:864,0
DA:867,0
DA:868,0
DA:872,0
DA:873,0
DA:874,0
DA:879,0
LF:296
LH:0
BRDA:57,0,0,0
BRDA:57,0,1,0
BRDA:242,1,0,0
BRDA:242,1,1,0
BRDA:259,2,0,0
BRDA:259,2,1,0
BRDA:260,3,0,0
BRDA:260,3,1,0
BRDA:301,4,0,0
BRDA:301,4,1,0
BRDA:301,5,0,0
BRDA:301,5,1,0
BRDA:306,6,0,0
BRDA:306,6,1,0
BRDA:306,7,0,0
BRDA:306,7,1,0
BRDA:312,8,0,0
BRDA:312,8,1,0
BRDA:313,9,0,0
BRDA:313,9,1,0
BRDA:314,10,0,0
BRDA:314,10,1,0
BRDA:315,11,0,0
BRDA:315,11,1,0
BRDA:320,12,0,0
BRDA:320,12,1,0
BRDA:320,13,0,0
BRDA:320,13,1,0
BRDA:325,14,0,0
BRDA:325,14,1,0
BRDA:325,15,0,0
BRDA:325,15,1,0
BRDA:336,16,0,0
BRDA:336,16,1,0
BRDA:336,17,0,0
BRDA:336,17,1,0
BRDA:341,18,0,0
BRDA:341,18,1,0
BRDA:364,19,0,0
BRDA:364,19,1,0
BRDA:364,20,0,0
BRDA:364,20,1,0
BRDA:367,21,0,0
BRDA:367,21,1,0
BRDA:370,22,0,0
BRDA:370,22,1,0
BRDA:375,23,0,0
BRDA:375,23,1,0
BRDA:379,24,0,0
BRDA:379,24,1,0
BRDA:379,24,2,0
BRDA:379,24,3,0
BRDA:379,24,4,0
BRDA:379,24,5,0
BRDA:379,24,6,0
BRDA:402,25,0,0
BRDA:402,25,1,0
BRDA:406,26,0,0
BRDA:406,26,1,0
BRDA:406,27,0,0
BRDA:406,27,1,0
BRDA:421,28,0,0
BRDA:421,28,1,0
BRDA:421,29,0,0
BRDA:421,29,1,0
BRDA:421,29,2,0
BRDA:421,29,3,0
BRDA:456,30,0,0
BRDA:456,30,1,0
BRDA:463,31,0,0
BRDA:463,31,1,0
BRDA:468,32,0,0
BRDA:468,32,1,0
BRDA:468,32,2,0
BRDA:468,32,3,0
BRDA:470,33,0,0
BRDA:470,33,1,0
BRDA:483,34,0,0
BRDA:483,34,1,0
BRDA:486,35,0,0
BRDA:486,35,1,0
BRDA:487,36,0,0
BRDA:487,36,1,0
BRDA:488,37,0,0
BRDA:488,37,1,0
BRDA:489,38,0,0
BRDA:489,38,1,0
BRDA:491,39,0,0
BRDA:491,39,1,0
BRDA:503,40,0,0
BRDA:503,40,1,0
BRDA:507,41,0,0
BRDA:507,41,1,0
BRDA:507,41,2,0
BRDA:519,42,0,0
BRDA:519,42,1,0
BRDA:519,43,0,0
BRDA:519,43,1,0
BRDA:535,44,0,0
BRDA:535,44,1,0
BRDA:540,45,0,0
BRDA:540,45,1,0
BRDA:541,46,0,0
BRDA:541,46,1,0
BRDA:553,47,0,0
BRDA:553,47,1,0
BRDA:557,48,0,0
BRDA:557,48,1,0
BRDA:559,49,0,0
BRDA:559,49,1,0
BRDA:559,50,0,0
BRDA:559,50,1,0
BRDA:563,51,0,0
BRDA:563,51,1,0
BRDA:565,52,0,0
BRDA:565,52,1,0
BRDA:565,53,0,0
BRDA:565,53,1,0
BRDA:569,54,0,0
BRDA:569,54,1,0
BRDA:569,54,2,0
BRDA:569,54,3,0
BRDA:580,55,0,0
BRDA:580,55,1,0
BRDA:582,56,0,0
BRDA:582,56,1,0
BRDA:582,57,0,0
BRDA:582,57,1,0
BRDA:588,58,0,0
BRDA:588,58,1,0
BRDA:590,59,0,0
BRDA:590,59,1,0
BRDA:593,60,0,0
BRDA:593,60,1,0
BRDA:595,61,0,0
BRDA:595,61,1,0
BRDA:598,62,0,0
BRDA:598,62,1,0
BRDA:600,63,0,0
BRDA:600,63,1,0
BRDA:601,64,0,0
BRDA:601,64,1,0
BRDA:602,65,0,0
BRDA:602,65,1,0
BRDA:605,66,0,0
BRDA:605,66,1,0
BRDA:613,67,0,0
BRDA:613,67,1,0
BRDA:633,68,0,0
BRDA:633,68,1,0
BRDA:634,69,0,0
BRDA:634,69,1,0
BRDA:643,70,0,0
BRDA:643,70,1,0
BRDA:647,71,0,0
BRDA:647,71,1,0
BRDA:651,72,0,0
BRDA:651,72,1,0
BRDA:651,73,0,0
BRDA:651,73,1,0
BRDA:678,74,0,0
BRDA:678,74,1,0
BRDA:678,75,0,0
BRDA:678,75,1,0
BRDA:692,76,0,0
BRDA:692,76,1,0
BRDA:702,77,0,0
BRDA:702,77,1,0
BRDA:712,78,0,0
BRDA:712,78,1,0
BRDA:723,79,0,0
BRDA:723,79,1,0
BRDA:726,80,0,0
BRDA:726,80,1,0
BRDA:733,81,0,0
BRDA:733,81,1,0
BRDA:735,82,0,0
BRDA:735,82,1,0
BRDA:735,83,0,0
BRDA:735,83,1,0
BRDA:748,84,0,0
BRDA:748,84,1,0
BRDA:750,85,0,0
BRDA:750,85,1,0
BRDA:772,86,0,0
BRDA:772,86,1,0
BRDA:780,87,0,0
BRDA:780,87,1,0
BRDA:818,88,0,0
BRDA:818,88,1,0
BRDA:818,89,0,0
BRDA:818,89,1,0
BRDA:820,90,0,0
BRDA:820,90,1,0
BRDA:822,91,0,0
BRDA:822,91,1,0
BRDA:867,92,0,0
BRDA:867,92,1,0
BRDA:873,93,0,0
BRDA:873,93,1,0
BRF:200
BRH:0
end_of_record
TN:
SF:src/utils/mobile-accessibility.ts
FN:53,(anonymous_1)
FN:76,(anonymous_2)
FN:86,(anonymous_3)
FN:116,(anonymous_4)
FN:120,(anonymous_5)
FN:128,(anonymous_6)
FN:136,(anonymous_7)
FN:144,(anonymous_8)
FN:152,(anonymous_9)
FN:160,(anonymous_10)
FN:168,(anonymous_11)
FN:176,(anonymous_12)
FN:184,(anonymous_13)
FN:201,(anonymous_14)
FN:204,(anonymous_15)
FN:211,(anonymous_16)
FN:219,(anonymous_17)
FN:229,(anonymous_18)
FN:248,(anonymous_19)
FN:267,(anonymous_20)
FN:296,(anonymous_21)
FN:309,(anonymous_22)
FN:335,(anonymous_23)
FN:356,(anonymous_24)
FN:377,(anonymous_25)
FN:378,(anonymous_26)
FN:388,(anonymous_27)
FN:415,(anonymous_28)
FN:445,(anonymous_29)
FN:476,(anonymous_30)
FN:509,(anonymous_31)
FN:524,(anonymous_32)
FN:543,(anonymous_33)
FN:551,(anonymous_34)
FN:558,(anonymous_35)
FN:565,(anonymous_36)
FN:572,(anonymous_37)
FN:579,(anonymous_38)
FN:586,(anonymous_39)
FN:593,(anonymous_40)
FN:600,(anonymous_41)
FN:612,(anonymous_42)
FN:633,(anonymous_43)
FN:644,(anonymous_44)
FN:672,(anonymous_45)
FN:693,(anonymous_46)
FN:705,(anonymous_47)
FN:712,(anonymous_48)
FN:719,(anonymous_49)
FN:721,(anonymous_50)
FN:727,(anonymous_51)
FN:737,(anonymous_52)
FNF:52
FNH:0
FNDA:0,(anonymous_1)
FNDA:0,(anonymous_2)
FNDA:0,(anonymous_3)
FNDA:0,(anonymous_4)
FNDA:0,(anonymous_5)
FNDA:0,(anonymous_6)
FNDA:0,(anonymous_7)
FNDA:0,(anonymous_8)
FNDA:0,(anonymous_9)
FNDA:0,(anonymous_10)
FNDA:0,(anonymous_11)
FNDA:0,(anonymous_12)
FNDA:0,(anonymous_13)
FNDA:0,(anonymous_14)
FNDA:0,(anonymous_15)
FNDA:0,(anonymous_16)
FNDA:0,(anonymous_17)
FNDA:0,(anonymous_18)
FNDA:0,(anonymous_19)
FNDA:0,(anonymous_20)
FNDA:0,(anonymous_21)
FNDA:0,(anonymous_22)
FNDA:0,(anonymous_23)
FNDA:0,(anonymous_24)
FNDA:0,(anonymous_25)
FNDA:0,(anonymous_26)
FNDA:0,(anonymous_27)
FNDA:0,(anonymous_28)
FNDA:0,(anonymous_29)
FNDA:0,(anonymous_30)
FNDA:0,(anonymous_31)
FNDA:0,(anonymous_32)
FNDA:0,(anonymous_33)
FNDA:0,(anonymous_34)
FNDA:0,(anonymous_35)
FNDA:0,(anonymous_36)
FNDA:0,(anonymous_37)
FNDA:0,(anonymous_38)
FNDA:0,(anonymous_39)
FNDA:0,(anonymous_40)
FNDA:0,(anonymous_41)
FNDA:0,(anonymous_42)
FNDA:0,(anonymous_43)
FNDA:0,(anonymous_44)
FNDA:0,(anonymous_45)
FNDA:0,(anonymous_46)
FNDA:0,(anonymous_47)
FNDA:0,(anonymous_48)
FNDA:0,(anonymous_49)
FNDA:0,(anonymous_50)
FNDA:0,(anonymous_51)
FNDA:0,(anonymous_52)
DA:4,0
DA:40,0
DA:42,0
DA:47,0
DA:48,0
DA:49,0
DA:50,0
DA:51,0
DA:54,0
DA:55,0
DA:56,0
DA:58,0
DA:71,0
DA:72,0
DA:73,0
DA:77,0
DA:78,0
DA:80,0
DA:87,0
DA:88,0
DA:89,0
DA:90,0
DA:91,0
DA:94,0
DA:95,0
DA:97,0
DA:98,0
DA:100,0
DA:103,0
DA:117,0
DA:120,0
DA:128,0
DA:136,0
DA:144,0
DA:152,0
DA:160,0
DA:168,0
DA:176,0
DA:177,0
DA:185,0
DA:187,0
DA:188,0
DA:189,0
DA:192,0
DA:195,0
DA:203,0
DA:204,0
DA:205,0
DA:206,0
DA:210,0
DA:211,0
DA:212,0
DA:213,0
DA:214,0
DA:218,0
DA:219,0
DA:220,0
DA:221,0
DA:222,0
DA:230,0
DA:232,0
DA:233,0
DA:234,0
DA:240,0
DA:241,0
DA:249,0
DA:252,0
DA:253,0
DA:254,0
DA:255,0
DA:258,0
DA:259,0
DA:268,0
DA:270,0
DA:271,0
DA:272,0
DA:274,0
DA:275,0
DA:276,0
DA:279,0
DA:281,0
DA:282,0
DA:284,0
DA:285,0
DA:287,0
DA:290,0
DA:297,0
DA:299,0
DA:300,0
DA:302,0
DA:310,0
DA:312,0
DA:313,0
DA:315,0
DA:317,0
DA:318,0
DA:320,0
DA:324,0
DA:325,0
DA:327,0
DA:336,0
DA:338,0
DA:339,0
DA:341,0
DA:344,0
DA:347,0
DA:348,0
DA:349,0
DA:357,0
DA:358,0
DA:361,0
DA:364,0
DA:367,0
DA:368,0
DA:370,0
DA:378,0
DA:379,0
DA:380,0
DA:381,0
DA:389,0
DA:392,0
DA:394,0
DA:395,0
DA:398,0
DA:399,0
DA:400,0
DA:401,0
DA:405,0
DA:408,0
DA:409,0
DA:416,0
DA:417,0
DA:439,0
DA:446,0
DA:447,0
DA:448,0
DA:449,0
DA:450,0
DA:463,0
DA:465,0
DA:466,0
DA:467,0
DA:468,0
DA:477,0
DA:478,0
DA:479,0
DA:480,0
DA:481,0
DA:496,0
DA:498,0
DA:499,0
DA:500,0
DA:501,0
DA:510,0
DA:511,0
DA:513,0
DA:515,0
DA:517,0
DA:525,0
DA:527,0
DA:533,0
DA:534,0
DA:536,0
DA:544,0
DA:545,0
DA:552,0
DA:555,0
DA:559,0
DA:562,0
DA:566,0
DA:569,0
DA:573,0
DA:576,0
DA:580,0
DA:581,0
DA:587,0
DA:590,0
DA:594,0
DA:597,0
DA:602,0
DA:603,0
DA:604,0
DA:605,0
DA:614,0
DA:615,0
DA:616,0
DA:617,0
DA:618,0
DA:619,0
DA:622,0
DA:623,0
DA:624,0
DA:625,0
DA:626,0
DA:627,0
DA:634,0
DA:635,0
DA:636,0
DA:637,0
DA:645,0
DA:648,0
DA:649,0
DA:666,0
DA:673,0
DA:676,0
DA:677,0
DA:687,0
DA:694,0
DA:697,0
DA:699,0
DA:706,0
DA:713,0
DA:720,0
DA:721,0
DA:728,0
DA:729,0
DA:730,0
DA:738,0
DA:739,0
DA:740,0
DA:741,0
DA:744,0
DA:752,0
LF:223
LH:0
BRDA:77,0,0,0
BRDA:77,0,1,0
BRDA:95,1,0,0
BRDA:95,1,1,0
BRDA:95,2,0,0
BRDA:95,2,1,0
BRDA:98,3,0,0
BRDA:98,3,1,0
BRDA:104,4,0,0
BRDA:104,4,1,0
BRDA:109,5,0,0
BRDA:109,5,1,0
BRDA:185,6,0,0
BRDA:185,6,1,0
BRDA:230,7,0,0
BRDA:230,7,1,0
BRDA:240,8,0,0
BRDA:240,8,1,0
BRDA:249,9,0,0
BRDA:249,9,1,0
BRDA:249,10,0,0
BRDA:249,10,1,0
BRDA:252,11,0,0
BRDA:252,11,1,0
BRDA:258,12,0,0
BRDA:258,12,1,0
BRDA:258,13,0,0
BRDA:258,13,1,0
BRDA:268,14,0,0
BRDA:268,14,1,0
BRDA:268,15,0,0
BRDA:268,15,1,0
BRDA:279,16,0,0
BRDA:279,16,1,0
BRDA:279,17,0,0
BRDA:279,17,1,0
BRDA:282,18,0,0
BRDA:282,18,1,0
BRDA:282,19,0,0
BRDA:282,19,1,0
BRDA:285,20,0,0
BRDA:285,20,1,0
BRDA:285,21,0,0
BRDA:285,21,1,0
BRDA:297,22,0,0
BRDA:297,22,1,0
BRDA:300,23,0,0
BRDA:300,23,1,0
BRDA:310,24,0,0
BRDA:310,24,1,0
BRDA:315,25,0,0
BRDA:315,25,1,0
BRDA:317,26,0,0
BRDA:317,26,1,0
BRDA:324,27,0,0
BRDA:324,27,1,0
BRDA:338,28,0,0
BRDA:338,28,1,0
BRDA:347,29,0,0
BRDA:347,29,1,0
BRDA:358,30,0,0
BRDA:358,30,1,0
BRDA:358,31,0,0
BRDA:358,31,1,0
BRDA:379,32,0,0
BRDA:379,32,1,0
BRDA:389,33,0,0
BRDA:389,33,1,0
BRDA:394,34,0,0
BRDA:394,34,1,0
BRDA:398,35,0,0
BRDA:398,35,1,0
BRDA:400,36,0,0
BRDA:400,36,1,0
BRDA:446,37,0,0
BRDA:446,37,1,0
BRDA:467,38,0,0
BRDA:467,38,1,0
BRDA:477,39,0,0
BRDA:477,39,1,0
BRDA:500,40,0,0
BRDA:500,40,1,0
BRDA:513,41,0,0
BRDA:513,41,1,0
BRDA:513,42,0,0
BRDA:513,42,1,0
BRDA:524,43,0,0
BRDA:525,44,0,0
BRDA:525,44,1,0
BRDA:525,45,0,0
BRDA:525,45,1,0
BRDA:544,46,0,0
BRDA:544,46,1,0
BRDA:603,47,0,0
BRDA:603,47,1,0
BRDA:603,48,0,0
BRDA:603,48,1,0
BRDA:603,48,2,0
BRDA:634,49,0,0
BRDA:634,49,1,0
BRDA:636,50,0,0
BRDA:636,50,1,0
BRDA:729,51,0,0
BRDA:729,51,1,0
BRF:104
BRH:0
end_of_record
