
> relife-alarm@0.0.0 build
> tsc -b && vite build

src/App.tsx(1820,9): error TS1005: ',' expected.
src/App.tsx(2059,23): error TS2657: JSX expressions must have one parent element.
src/App.tsx(2062,25): error TS1005: ',' expected.
src/App.tsx(2062,56): error TS1005: ',' expected.
src/App.tsx(2063,24): error TS1109: Expression expected.
src/App.tsx(2064,21): error TS1109: Expression expected.
src/App.tsx(2065,19): error TS1003: Identifier expected.
src/App.tsx(2087,17): error TS1005: ')' expected.
src/components/AchievementBadges.tsx(308,11): error TS1136: Property assignment expected.
src/components/AchievementBadges.tsx(308,28): error TS1005: ')' expected.
src/components/AchievementBadges.tsx(308,44): error TS1005: ',' expected.
src/components/AchievementBadges.tsx(308,49): error TS1005: ',' expected.
src/components/AchievementBadges.tsx(308,76): error TS1109: Expression expected.
src/components/AchievementBadges.tsx(309,9): error TS1109: Expression expected.
src/components/AchievementBadges.tsx(309,10): error TS1005: '}' expected.
src/components/AchievementBadges.tsx(309,11): error TS1381: Unexpected token. Did you mean `{'}'}` or `&rbrace;`?
src/components/AchievementBadges.tsx(341,19): error TS1136: Property assignment expected.
src/components/AchievementBadges.tsx(341,24): error TS1005: ')' expected.
src/components/AchievementBadges.tsx(341,40): error TS1005: ',' expected.
src/components/AchievementBadges.tsx(341,45): error TS1005: ',' expected.
src/components/AchievementBadges.tsx(343,21): error TS1005: ',' expected.
src/components/AchievementBadges.tsx(343,30): error TS1005: ',' expected.
src/components/AchievementBadges.tsx(355,22): error TS1005: ',' expected.
src/components/AchievementBadges.tsx(357,19): error TS1381: Unexpected token. Did you mean `{'}'}` or `&rbrace;`?
src/components/AchievementBadges.tsx(359,13): error TS1005: ')' expected.
src/components/AchievementBadges.tsx(359,15): error TS17002: Expected corresponding JSX closing tag for 'CardContent'.
src/components/AchievementBadges.tsx(360,12): error TS1381: Unexpected token. Did you mean `{'}'}` or `&rbrace;`?
src/components/AchievementBadges.tsx(371,19): error TS1136: Property assignment expected.
src/components/AchievementBadges.tsx(371,36): error TS1005: ')' expected.
src/components/AchievementBadges.tsx(371,52): error TS1005: ',' expected.
src/components/AchievementBadges.tsx(371,57): error TS1005: ',' expected.
src/components/AchievementBadges.tsx(371,84): error TS1109: Expression expected.
src/components/AchievementBadges.tsx(372,17): error TS1109: Expression expected.
src/components/AchievementBadges.tsx(372,18): error TS1005: '}' expected.
src/components/AchievementBadges.tsx(372,19): error TS1381: Unexpected token. Did you mean `{'}'}` or `&rbrace;`?
src/components/AchievementBadges.tsx(389,11): error TS17002: Expected corresponding JSX closing tag for 'Card'.
src/components/AchievementBadges.tsx(390,9): error TS17002: Expected corresponding JSX closing tag for 'div'.
src/components/AchievementBadges.tsx(392,7): error TS1005: ')' expected.
src/components/AchievementBadges.tsx(441,5): error TS1128: Declaration or statement expected.
src/components/AchievementBadges.tsx(442,3): error TS1109: Expression expected.
src/components/AchievementBadges.tsx(443,1): error TS1128: Declaration or statement expected.
src/components/AdaptiveAlarmList.tsx(313,9): error TS1136: Property assignment expected.
src/components/AdaptiveAlarmList.tsx(314,11): error TS1005: ')' expected.
src/components/AdaptiveAlarmList.tsx(314,21): error TS1005: ',' expected.
src/components/AdaptiveAlarmList.tsx(315,11): error TS1005: ',' expected.
src/components/AdaptiveAlarmList.tsx(316,11): error TS1005: ',' expected.
src/components/AdaptiveAlarmList.tsx(317,11): error TS1005: ',' expected.
src/components/AdaptiveAlarmList.tsx(318,11): error TS1005: ',' expected.
src/components/AdaptiveAlarmList.tsx(319,11): error TS1005: ',' expected.
src/components/AdaptiveAlarmList.tsx(320,11): error TS1005: ',' expected.
src/components/AdaptiveAlarmList.tsx(321,10): error TS1109: Expression expected.
src/components/AdaptiveAlarmList.tsx(322,7): error TS1109: Expression expected.
src/components/AdaptiveAlarmList.tsx(322,8): error TS1005: '}' expected.
src/components/AdaptiveAlarmList.tsx(322,9): error TS1381: Unexpected token. Did you mean `{'}'}` or `&rbrace;`?
src/components/AdvancedAlarmScheduling.tsx(209,9): error TS1136: Property assignment expected.
src/components/AdvancedAlarmScheduling.tsx(210,11): error TS1005: ')' expected.
src/components/AdvancedAlarmScheduling.tsx(210,21): error TS1005: ',' expected.
src/components/AdvancedAlarmScheduling.tsx(211,11): error TS1005: ',' expected.
src/components/AdvancedAlarmScheduling.tsx(211,22): error TS1136: Property assignment expected.
src/components/AdvancedAlarmScheduling.tsx(211,77): error TS1005: ',' expected.
src/components/AdvancedAlarmScheduling.tsx(212,9): error TS1382: Unexpected token. Did you mean `{'>'}` or `&gt;`?
src/components/AdvancedAlarmScheduling.tsx(237,25): error TS1005: ',' expected.
src/components/AdvancedAlarmScheduling.tsx(238,23): error TS1005: ',' expected.
src/components/AdvancedAlarmScheduling.tsx(247,25): error TS1005: ',' expected.
src/components/AdvancedAlarmScheduling.tsx(248,23): error TS1005: ',' expected.
src/components/AdvancedAlarmScheduling.tsx(257,25): error TS1005: ',' expected.
src/components/AdvancedAlarmScheduling.tsx(258,23): error TS1005: ',' expected.
src/components/AdvancedAlarmScheduling.tsx(303,11): error TS17002: Expected corresponding JSX closing tag for 'div'.
src/components/AdvancedAlarmScheduling.tsx(304,8): error TS1005: ',' expected.
src/components/AdvancedAlarmScheduling.tsx(305,5): error TS1128: Declaration or statement expected.
src/components/AdvancedAlarmScheduling.tsx(306,3): error TS1109: Expression expected.
src/components/AdvancedAlarmScheduling.tsx(349,75): error TS1136: Property assignment expected.
src/components/AdvancedAlarmScheduling.tsx(349,109): error TS1005: '}' expected.
src/components/AdvancedAlarmScheduling.tsx(350,19): error TS1381: Unexpected token. Did you mean `{'}'}` or `&rbrace;`?
src/components/AdvancedAlarmScheduling.tsx(351,18): error TS1382: Unexpected token. Did you mean `{'>'}` or `&gt;`?
src/components/AdvancedAlarmScheduling.tsx(359,75): error TS1136: Property assignment expected.
src/components/AdvancedAlarmScheduling.tsx(359,110): error TS1005: '}' expected.
src/components/AdvancedAlarmScheduling.tsx(360,19): error TS1381: Unexpected token. Did you mean `{'}'}` or `&rbrace;`?
src/components/AdvancedAlarmScheduling.tsx(362,18): error TS1382: Unexpected token. Did you mean `{'>'}` or `&gt;`?
src/components/AdvancedAlarmScheduling.tsx(369,75): error TS1136: Property assignment expected.
src/components/AdvancedAlarmScheduling.tsx(369,115): error TS1005: '}' expected.
src/components/AdvancedAlarmScheduling.tsx(370,19): error TS1381: Unexpected token. Did you mean `{'}'}` or `&rbrace;`?
src/components/AdvancedAlarmScheduling.tsx(371,17): error TS1382: Unexpected token. Did you mean `{'>'}` or `&gt;`?
src/components/AdvancedAlarmScheduling.tsx(385,19): error TS17002: Expected corresponding JSX closing tag for 'div'.
src/components/AdvancedAlarmScheduling.tsx(392,75): error TS1136: Property assignment expected.
src/components/AdvancedAlarmScheduling.tsx(392,112): error TS1005: '}' expected.
src/components/AdvancedAlarmScheduling.tsx(393,19): error TS1381: Unexpected token. Did you mean `{'}'}` or `&rbrace;`?
src/components/AdvancedAlarmScheduling.tsx(394,17): error TS1382: Unexpected token. Did you mean `{'>'}` or `&gt;`?
src/components/AdvancedAlarmScheduling.tsx(406,19): error TS17002: Expected corresponding JSX closing tag for 'div'.
src/components/AdvancedAlarmScheduling.tsx(407,17): error TS17002: Expected corresponding JSX closing tag for 'AccordionContent'.
src/components/AdvancedAlarmScheduling.tsx(408,15): error TS17002: Expected corresponding JSX closing tag for 'AccordionItem'.
src/components/AdvancedAlarmScheduling.tsx(414,73): error TS1136: Property assignment expected.
src/components/AdvancedAlarmScheduling.tsx(414,104): error TS1005: '}' expected.
src/components/AdvancedAlarmScheduling.tsx(415,17): error TS1381: Unexpected token. Did you mean `{'}'}` or `&rbrace;`?
src/components/AdvancedAlarmScheduling.tsx(416,16): error TS1382: Unexpected token. Did you mean `{'>'}` or `&gt;`?
src/components/AdvancedAlarmScheduling.tsx(419,13): error TS17002: Expected corresponding JSX closing tag for 'Accordion'.
src/components/AdvancedAlarmScheduling.tsx(420,11): error TS17002: Expected corresponding JSX closing tag for 'div'.
src/components/AdvancedAlarmScheduling.tsx(422,9): error TS1005: ')' expected.
src/components/AdvancedAlarmScheduling.tsx(444,77): error TS1136: Property assignment expected.
src/components/AdvancedAlarmScheduling.tsx(451,25): error TS1005: '}' expected.
src/components/AdvancedAlarmScheduling.tsx(452,21): error TS1381: Unexpected token. Did you mean `{'}'}` or `&rbrace;`?
src/components/AdvancedAlarmScheduling.tsx(454,20): error TS1382: Unexpected token. Did you mean `{'>'}` or `&gt;`?
src/components/AdvancedAlarmScheduling.tsx(458,77): error TS1136: Property assignment expected.
src/components/AdvancedAlarmScheduling.tsx(465,25): error TS1005: '}' expected.
src/components/AdvancedAlarmScheduling.tsx(466,21): error TS1381: Unexpected token. Did you mean `{'}'}` or `&rbrace;`?
src/components/AdvancedAlarmScheduling.tsx(467,19): error TS1382: Unexpected token. Did you mean `{'>'}` or `&gt;`?
src/components/AdvancedAlarmScheduling.tsx(479,21): error TS17002: Expected corresponding JSX closing tag for 'div'.
src/components/AdvancedAlarmScheduling.tsx(491,81): error TS1136: Property assignment expected.
src/components/AdvancedAlarmScheduling.tsx(499,29): error TS1005: ';' expected.
src/components/AdvancedAlarmScheduling.tsx(500,25): error TS1381: Unexpected token. Did you mean `{'}'}` or `&rbrace;`?
src/components/AdvancedAlarmScheduling.tsx(501,81): error TS1136: Property assignment expected.
src/components/AdvancedAlarmScheduling.tsx(509,29): error TS1005: '}' expected.
src/components/AdvancedAlarmScheduling.tsx(510,25): error TS1381: Unexpected token. Did you mean `{'}'}` or `&rbrace;`?
src/components/AdvancedAlarmScheduling.tsx(511,23): error TS1381: Unexpected token. Did you mean `{'}'}` or `&rbrace;`?
src/components/AdvancedAlarmScheduling.tsx(511,24): error TS1381: Unexpected token. Did you mean `{'}'}` or `&rbrace;`?
src/components/AdvancedAlarmScheduling.tsx(512,22): error TS1382: Unexpected token. Did you mean `{'>'}` or `&gt;`?
src/components/AdvancedAlarmScheduling.tsx(522,79): error TS1136: Property assignment expected.
src/components/AdvancedAlarmScheduling.tsx(528,27): error TS1005: '}' expected.
src/components/AdvancedAlarmScheduling.tsx(530,22): error TS1382: Unexpected token. Did you mean `{'>'}` or `&gt;`?
src/components/AdvancedAlarmScheduling.tsx(531,20): error TS1381: Unexpected token. Did you mean `{'}'}` or `&rbrace;`?
src/components/AdvancedAlarmScheduling.tsx(534,15): error TS17002: Expected corresponding JSX closing tag for 'AccordionContent'.
src/components/AdvancedAlarmScheduling.tsx(535,13): error TS17002: Expected corresponding JSX closing tag for 'AccordionItem'.
src/components/AdvancedAlarmScheduling.tsx(536,9): error TS1128: Declaration or statement expected.
src/components/AdvancedAlarmScheduling.tsx(539,24): error TS1005: ';' expected.
src/components/AdvancedAlarmScheduling.tsx(539,46): error TS1005: ';' expected.
src/components/AdvancedAlarmScheduling.tsx(540,11): error TS2657: JSX expressions must have one parent element.
src/components/AdvancedAlarmScheduling.tsx(635,81): error TS1136: Property assignment expected.
src/components/AdvancedAlarmScheduling.tsx(638,29): error TS1005: ';' expected.
src/components/AdvancedAlarmScheduling.tsx(639,25): error TS1381: Unexpected token. Did you mean `{'}'}` or `&rbrace;`?
src/components/AdvancedAlarmScheduling.tsx(639,26): error TS1381: Unexpected token. Did you mean `{'}'}` or `&rbrace;`?
src/components/AdvancedAlarmScheduling.tsx(640,24): error TS1382: Unexpected token. Did you mean `{'>'}` or `&gt;`?
src/components/AdvancedAlarmScheduling.tsx(648,9): error TS1128: Declaration or statement expected.
src/components/AdvancedAlarmScheduling.tsx(651,24): error TS1005: ';' expected.
src/components/AdvancedAlarmScheduling.tsx(651,41): error TS1005: ';' expected.
src/components/AdvancedAlarmScheduling.tsx(652,11): error TS2657: JSX expressions must have one parent element.
src/components/AdvancedAlarmScheduling.tsx(707,9): error TS1128: Declaration or statement expected.
src/components/AdvancedAlarmScheduling.tsx(710,24): error TS1005: ';' expected.
src/components/AdvancedAlarmScheduling.tsx(710,43): error TS1005: ';' expected.
src/components/AdvancedAlarmScheduling.tsx(711,11): error TS2657: JSX expressions must have one parent element.
src/components/AdvancedAlarmScheduling.tsx(782,9): error TS1128: Declaration or statement expected.
src/components/AdvancedAlarmScheduling.tsx(785,24): error TS1005: ';' expected.
src/components/AdvancedAlarmScheduling.tsx(785,41): error TS1005: ';' expected.
src/components/AdvancedAlarmScheduling.tsx(786,11): error TS2657: JSX expressions must have one parent element.
src/components/AdvancedAlarmScheduling.tsx(825,9): error TS1128: Declaration or statement expected.
src/components/AdvancedAlarmScheduling.tsx(826,7): error TS1109: Expression expected.
src/components/AdvancedAlarmScheduling.tsx(827,5): error TS1109: Expression expected.
src/components/AdvancedAlarmScheduling.tsx(828,3): error TS1109: Expression expected.
src/components/AdvancedAlarmScheduling.tsx(1078,19): error TS1005: '}' expected.
src/components/AdvancedAlarmScheduling.tsx(1095,11): error TS17002: Expected corresponding JSX closing tag for 'Tabs'.
src/components/AdvancedAlarmScheduling.tsx(1104,9): error TS17002: Expected corresponding JSX closing tag for 'div'.
src/components/AdvancedAlarmScheduling.tsx(1106,7): error TS1005: ')' expected.
src/components/AdvancedAlarmScheduling.tsx(1133,5): error TS1128: Declaration or statement expected.
src/components/AdvancedAlarmScheduling.tsx(1134,3): error TS1109: Expression expected.
src/components/AdvancedAlarmScheduling.tsx(1135,1): error TS1128: Declaration or statement expected.
src/components/AlarmForm.tsx(287,9): error TS1005: ',' expected.
src/components/AlarmForm.tsx(331,63): error TS1136: Property assignment expected.
src/components/AlarmForm.tsx(335,11): error TS1005: ',' expected.
src/components/AlarmForm.tsx(357,59): error TS1136: Property assignment expected.
src/components/AlarmForm.tsx(361,7): error TS1005: ';' expected.
src/components/AlarmForm.tsx(365,59): error TS1136: Property assignment expected.
src/components/AlarmForm.tsx(369,7): error TS1005: ';' expected.
src/components/AlarmForm.tsx(444,9): error TS1005: ',' expected.
src/components/AlarmForm.tsx(445,65): error TS1136: Property assignment expected.
src/components/AlarmForm.tsx(449,13): error TS1005: ';' expected.
src/components/AlarmForm.tsx(496,10): error TS17008: JSX element 'form' has no corresponding closing tag.
src/components/AlarmForm.tsx(540,71): error TS1136: Property assignment expected.
src/components/AlarmForm.tsx(540,98): error TS1005: ';' expected.
src/components/AlarmForm.tsx(543,30): error TS1005: '}' expected.
src/components/AlarmForm.tsx(546,19): error TS1381: Unexpected token. Did you mean `{'}'}` or `&rbrace;`?
src/components/AlarmForm.tsx(549,15): error TS1381: Unexpected token. Did you mean `{'}'}` or `&rbrace;`?
src/components/AlarmForm.tsx(549,16): error TS1381: Unexpected token. Did you mean `{'}'}` or `&rbrace;`?
src/components/AlarmForm.tsx(571,14): error TS1382: Unexpected token. Did you mean `{'>'}` or `&gt;`?
src/components/AlarmForm.tsx(602,71): error TS1136: Property assignment expected.
src/components/AlarmForm.tsx(602,100): error TS1005: ';' expected.
src/components/AlarmForm.tsx(605,30): error TS1005: '}' expected.
src/components/AlarmForm.tsx(608,19): error TS1381: Unexpected token. Did you mean `{'}'}` or `&rbrace;`?
src/components/AlarmForm.tsx(611,15): error TS1381: Unexpected token. Did you mean `{'}'}` or `&rbrace;`?
src/components/AlarmForm.tsx(611,16): error TS1381: Unexpected token. Did you mean `{'}'}` or `&rbrace;`?
src/components/AlarmForm.tsx(638,14): error TS1382: Unexpected token. Did you mean `{'>'}` or `&gt;`?
src/components/AlarmForm.tsx(858,75): error TS1136: Property assignment expected.
src/components/AlarmForm.tsx(861,23): error TS1005: ';' expected.
src/components/AlarmForm.tsx(861,24): error TS1005: ')' expected.
src/components/AlarmForm.tsx(864,77): error TS1136: Property assignment expected.
src/components/AlarmForm.tsx(864,112): error TS1005: '}' expected.
src/components/AlarmForm.tsx(865,21): error TS1381: Unexpected token. Did you mean `{'}'}` or `&rbrace;`?
src/components/AlarmForm.tsx(866,19): error TS1381: Unexpected token. Did you mean `{'}'}` or `&rbrace;`?
src/components/AlarmForm.tsx(866,20): error TS1381: Unexpected token. Did you mean `{'}'}` or `&rbrace;`?
src/components/AlarmForm.tsx(874,17): error TS1382: Unexpected token. Did you mean `{'>'}` or `&gt;`?
src/components/AlarmForm.tsx(886,19): error TS17002: Expected corresponding JSX closing tag for 'div'.
src/components/AlarmForm.tsx(887,17): error TS1381: Unexpected token. Did you mean `{'}'}` or `&rbrace;`?
src/components/AlarmForm.tsx(888,15): error TS17002: Expected corresponding JSX closing tag for 'fieldset'.
src/components/AlarmForm.tsx(896,75): error TS1136: Property assignment expected.
src/components/AlarmForm.tsx(900,23): error TS1005: ';' expected.
src/components/AlarmForm.tsx(901,19): error TS1381: Unexpected token. Did you mean `{'}'}` or `&rbrace;`?
src/components/AlarmForm.tsx(902,52): error TS1005: '}' expected.
src/components/AlarmForm.tsx(903,19): error TS1381: Unexpected token. Did you mean `{'}'}` or `&rbrace;`?
src/components/AlarmForm.tsx(904,17): error TS1381: Unexpected token. Did you mean `{'}'}` or `&rbrace;`?
src/components/AlarmForm.tsx(904,18): error TS1381: Unexpected token. Did you mean `{'}'}` or `&rbrace;`?
src/components/AlarmForm.tsx(914,15): error TS1382: Unexpected token. Did you mean `{'>'}` or `&gt;`?
src/components/AlarmForm.tsx(961,17): error TS17002: Expected corresponding JSX closing tag for 'div'.
src/components/AlarmForm.tsx(992,85): error TS1136: Property assignment expected.
src/components/AlarmForm.tsx(995,33): error TS1005: ';' expected.
src/components/AlarmForm.tsx(996,29): error TS1381: Unexpected token. Did you mean `{'}'}` or `&rbrace;`?
src/components/AlarmForm.tsx(997,85): error TS1136: Property assignment expected.
src/components/AlarmForm.tsx(1002,33): error TS1005: '}' expected.
src/components/AlarmForm.tsx(1003,29): error TS1381: Unexpected token. Did you mean `{'}'}` or `&rbrace;`?
src/components/AlarmForm.tsx(1004,27): error TS1381: Unexpected token. Did you mean `{'}'}` or `&rbrace;`?
src/components/AlarmForm.tsx(1004,28): error TS1381: Unexpected token. Did you mean `{'}'}` or `&rbrace;`?
src/components/AlarmForm.tsx(1006,26): error TS1382: Unexpected token. Did you mean `{'>'}` or `&gt;`?
src/components/AlarmForm.tsx(1030,13): error TS17002: Expected corresponding JSX closing tag for 'div'.
src/components/AlarmForm.tsx(1032,11): error TS1005: ')' expected.
src/components/AlarmForm.tsx(1132,25): error TS1136: Property assignment expected.
src/components/AlarmForm.tsx(1133,27): error TS1005: ')' expected.
src/components/AlarmForm.tsx(1133,37): error TS1005: ',' expected.
src/components/AlarmForm.tsx(1134,27): error TS1005: ',' expected.
src/components/AlarmForm.tsx(1134,38): error TS1136: Property assignment expected.
src/components/AlarmForm.tsx(1138,29): error TS1005: ',' expected.
src/components/AlarmForm.tsx(1139,25): error TS1382: Unexpected token. Did you mean `{'>'}` or `&gt;`?
src/components/AlarmForm.tsx(1179,25): error TS1381: Unexpected token. Did you mean `{'}'}` or `&rbrace;`?
src/components/AlarmForm.tsx(1181,19): error TS1005: ')' expected.
src/components/AlarmForm.tsx(1189,17): error TS17002: Expected corresponding JSX closing tag for 'fieldset'.
src/components/AlarmForm.tsx(1190,13): error TS1128: Declaration or statement expected.
src/components/AlarmForm.tsx(1190,14): error TS1128: Declaration or statement expected.
src/components/AlarmForm.tsx(1205,11): error TS1128: Declaration or statement expected.
src/components/AlarmForm.tsx(1208,21): error TS1005: ';' expected.
src/components/AlarmForm.tsx(1252,75): error TS1136: Property assignment expected.
src/components/AlarmForm.tsx(1255,23): error TS1005: ';' expected.
src/components/AlarmForm.tsx(1256,19): error TS1381: Unexpected token. Did you mean `{'}'}` or `&rbrace;`?
src/components/AlarmForm.tsx(1257,17): error TS1381: Unexpected token. Did you mean `{'}'}` or `&rbrace;`?
src/components/AlarmForm.tsx(1257,18): error TS1381: Unexpected token. Did you mean `{'}'}` or `&rbrace;`?
src/components/AlarmForm.tsx(1271,15): error TS1382: Unexpected token. Did you mean `{'>'}` or `&gt;`?
src/components/AlarmForm.tsx(1281,17): error TS17002: Expected corresponding JSX closing tag for 'div'.
src/components/AlarmForm.tsx(1282,13): error TS1128: Declaration or statement expected.
src/components/AlarmForm.tsx(1299,77): error TS1136: Property assignment expected.
src/components/AlarmForm.tsx(1302,25): error TS1005: '}' expected.
src/components/AlarmForm.tsx(1303,21): error TS1381: Unexpected token. Did you mean `{'}'}` or `&rbrace;`?
src/components/AlarmForm.tsx(1305,19): error TS1382: Unexpected token. Did you mean `{'>'}` or `&gt;`?
src/components/AlarmForm.tsx(1314,21): error TS17002: Expected corresponding JSX closing tag for 'div'.
src/components/AlarmForm.tsx(1317,17): error TS1005: ')' expected.
src/components/AlarmForm.tsx(1329,77): error TS1136: Property assignment expected.
src/components/AlarmForm.tsx(1332,25): error TS1005: '}' expected.
src/components/AlarmForm.tsx(1333,21): error TS1381: Unexpected token. Did you mean `{'}'}` or `&rbrace;`?
src/components/AlarmForm.tsx(1335,19): error TS1382: Unexpected token. Did you mean `{'>'}` or `&gt;`?
src/components/AlarmForm.tsx(1342,21): error TS17002: Expected corresponding JSX closing tag for 'div'.
src/components/AlarmForm.tsx(1343,17): error TS1128: Declaration or statement expected.
src/components/AlarmForm.tsx(1344,15): error TS1109: Expression expected.
src/components/AlarmForm.tsx(1345,13): error TS1109: Expression expected.
src/components/AlarmForm.tsx(1346,11): error TS1128: Declaration or statement expected.
src/components/AlarmForm.tsx(1349,16): error TS1005: ';' expected.
src/components/AlarmForm.tsx(1350,13): error TS2657: JSX expressions must have one parent element.
src/components/AlarmForm.tsx(1368,11): error TS1128: Declaration or statement expected.
src/components/AlarmForm.tsx(1369,9): error TS1109: Expression expected.
src/components/AlarmForm.tsx(1370,7): error TS1109: Expression expected.
src/components/AlarmForm.tsx(1384,5): error TS1128: Declaration or statement expected.
src/components/AlarmForm.tsx(1385,3): error TS1109: Expression expected.
src/components/AlarmForm.tsx(1386,1): error TS1128: Declaration or statement expected.
src/components/AlarmList.tsx(120,7): error TS1005: ',' expected.
src/components/AlarmList.tsx(120,32): error TS1005: ')' expected.
src/components/AlarmList.tsx(461,79): error TS1381: Unexpected token. Did you mean `{'}'}` or `&rbrace;`?
src/components/AlarmList.tsx(462,11): error TS1005: ',' expected.
src/components/AlarmManagement.tsx(241,59): error TS1136: Property assignment expected.
src/components/AlarmManagement.tsx(245,9): error TS1005: ',' expected.
src/components/AlarmManagement.tsx(246,7): error TS1005: ';' expected.
src/components/AlarmManagement.tsx(306,81): error TS1136: Property assignment expected.
src/components/AlarmManagement.tsx(306,115): error TS1005: '}' expected.
src/components/AlarmManagement.tsx(307,25): error TS1381: Unexpected token. Did you mean `{'}'}` or `&rbrace;`?
src/components/AlarmManagement.tsx(309,24): error TS1382: Unexpected token. Did you mean `{'>'}` or `&gt;`?
src/components/AlarmManagement.tsx(319,81): error TS1136: Property assignment expected.
src/components/AlarmManagement.tsx(319,116): error TS1005: '}' expected.
src/components/AlarmManagement.tsx(320,25): error TS1381: Unexpected token. Did you mean `{'}'}` or `&rbrace;`?
src/components/AlarmManagement.tsx(322,24): error TS1382: Unexpected token. Did you mean `{'>'}` or `&gt;`?
src/components/AlarmManagement.tsx(354,81): error TS1136: Property assignment expected.
src/components/AlarmManagement.tsx(354,107): error TS1005: '}' expected.
src/components/AlarmManagement.tsx(355,25): error TS1381: Unexpected token. Did you mean `{'}'}` or `&rbrace;`?
src/components/AlarmManagement.tsx(356,23): error TS1382: Unexpected token. Did you mean `{'>'}` or `&gt;`?
src/components/AlarmManagement.tsx(367,25): error TS17002: Expected corresponding JSX closing tag for 'div'.
src/components/AlarmManagement.tsx(376,81): error TS1136: Property assignment expected.
src/components/AlarmManagement.tsx(379,29): error TS1005: '}' expected.
src/components/AlarmManagement.tsx(380,25): error TS1381: Unexpected token. Did you mean `{'}'}` or `&rbrace;`?
src/components/AlarmManagement.tsx(381,23): error TS1382: Unexpected token. Did you mean `{'>'}` or `&gt;`?
src/components/AlarmManagement.tsx(407,25): error TS17002: Expected corresponding JSX closing tag for 'div'.
src/components/AlarmManagement.tsx(409,19): error TS1005: ')' expected.
src/components/AlarmManagement.tsx(409,21): error TS17002: Expected corresponding JSX closing tag for 'CardContent'.
src/components/AlarmManagement.tsx(410,19): error TS17002: Expected corresponding JSX closing tag for 'Card'.
src/components/AlarmManagement.tsx(411,17): error TS1005: ',' expected.
src/components/AlarmManagement.tsx(486,16): error TS1381: Unexpected token. Did you mean `{'}'}` or `&rbrace;`?
src/components/AlarmManagement.tsx(487,15): error TS17002: Expected corresponding JSX closing tag for 'div'.
src/components/AlarmManagement.tsx(488,13): error TS17002: Expected corresponding JSX closing tag for 'div'.
src/components/AlarmManagement.tsx(489,10): error TS1005: ';' expected.
src/components/AlarmManagement.tsx(506,7): error TS1128: Declaration or statement expected.
src/components/AlarmManagement.tsx(509,15): error TS1005: ';' expected.
src/components/AlarmManagement.tsx(509,37): error TS1005: ';' expected.
src/components/AlarmManagement.tsx(510,9): error TS2657: JSX expressions must have one parent element.
src/components/AlarmManagement.tsx(524,75): error TS1136: Property assignment expected.
src/components/AlarmManagement.tsx(524,109): error TS1005: '}' expected.
src/components/AlarmManagement.tsx(525,19): error TS1381: Unexpected token. Did you mean `{'}'}` or `&rbrace;`?
src/components/AlarmManagement.tsx(526,18): error TS1382: Unexpected token. Did you mean `{'>'}` or `&gt;`?
src/components/AlarmManagement.tsx(534,75): error TS1136: Property assignment expected.
src/components/AlarmManagement.tsx(534,110): error TS1005: '}' expected.
src/components/AlarmManagement.tsx(535,19): error TS1381: Unexpected token. Did you mean `{'}'}` or `&rbrace;`?
src/components/AlarmManagement.tsx(536,18): error TS1382: Unexpected token. Did you mean `{'>'}` or `&gt;`?
src/components/AlarmManagement.tsx(563,73): error TS1136: Property assignment expected.
src/components/AlarmManagement.tsx(563,99): error TS1005: '}' expected.
src/components/AlarmManagement.tsx(564,17): error TS1381: Unexpected token. Did you mean `{'}'}` or `&rbrace;`?
src/components/AlarmManagement.tsx(565,15): error TS1382: Unexpected token. Did you mean `{'>'}` or `&gt;`?
src/components/AlarmManagement.tsx(576,17): error TS17002: Expected corresponding JSX closing tag for 'div'.
src/components/AlarmManagement.tsx(584,73): error TS1136: Property assignment expected.
src/components/AlarmManagement.tsx(587,21): error TS1005: '}' expected.
src/components/AlarmManagement.tsx(588,17): error TS1381: Unexpected token. Did you mean `{'}'}` or `&rbrace;`?
src/components/AlarmManagement.tsx(589,15): error TS1382: Unexpected token. Did you mean `{'>'}` or `&gt;`?
src/components/AlarmManagement.tsx(644,17): error TS17002: Expected corresponding JSX closing tag for 'div'.
src/components/AlarmManagement.tsx(645,15): error TS17002: Expected corresponding JSX closing tag for 'DialogContent'.
src/components/AlarmManagement.tsx(654,75): error TS1136: Property assignment expected.
src/components/AlarmManagement.tsx(654,111): error TS1005: '}' expected.
src/components/AlarmManagement.tsx(655,19): error TS1381: Unexpected token. Did you mean `{'}'}` or `&rbrace;`?
src/components/AlarmManagement.tsx(656,18): error TS1382: Unexpected token. Did you mean `{'>'}` or `&gt;`?
src/components/AlarmManagement.tsx(665,77): error TS1136: Property assignment expected.
src/components/AlarmManagement.tsx(668,25): error TS1005: '}' expected.
src/components/AlarmManagement.tsx(669,21): error TS1381: Unexpected token. Did you mean `{'}'}` or `&rbrace;`?
src/components/AlarmManagement.tsx(670,19): error TS1382: Unexpected token. Did you mean `{'>'}` or `&gt;`?
src/components/AlarmManagement.tsx(681,21): error TS17002: Expected corresponding JSX closing tag for 'div'.
src/components/AlarmManagement.tsx(682,17): error TS1005: ')' expected.
src/components/AlarmManagement.tsx(683,15): error TS1128: Declaration or statement expected.
src/components/AlarmManagement.tsx(683,16): error TS1128: Declaration or statement expected.
src/components/AlarmManagement.tsx(684,13): error TS1128: Declaration or statement expected.
src/components/AlarmManagement.tsx(694,11): error TS1128: Declaration or statement expected.
src/components/AlarmManagement.tsx(695,9): error TS1109: Expression expected.
src/components/AlarmManagement.tsx(696,7): error TS1109: Expression expected.
src/components/AlarmManagement.tsx(701,18): error TS1136: Property assignment expected.
src/components/AlarmManagement.tsx(701,21): error TS1005: ';' expected.
src/components/AlarmManagement.tsx(704,10): error TS1128: Declaration or statement expected.
src/components/AlarmManagement.tsx(705,38): error TS1005: ',' expected.
src/components/AlarmManagement.tsx(705,41): error TS1005: ',' expected.
src/components/AlarmManagement.tsx(705,60): error TS1005: ',' expected.
src/components/AlarmManagement.tsx(705,71): error TS1128: Declaration or statement expected.
src/components/AlarmManagement.tsx(706,64): error TS1005: '{' expected.
src/components/AlarmManagement.tsx(706,67): error TS1136: Property assignment expected.
src/components/AlarmManagement.tsx(711,10): error TS1128: Declaration or statement expected.
src/components/AlarmManagement.tsx(712,7): error TS1161: Unterminated regular expression literal.
src/components/AlarmManagement.tsx(713,5): error TS1128: Declaration or statement expected.
src/components/AlarmManagement.tsx(714,3): error TS1109: Expression expected.
src/components/AlarmManagement.tsx(715,1): error TS1128: Declaration or statement expected.
src/components/AlarmThemeBrowser.tsx(325,17): error TS1005: '}' expected.
src/components/AlarmThemeBrowser.tsx(334,15): error TS1005: '}' expected.
src/components/AlarmThemeBrowser.tsx(450,23): error TS1005: '}' expected.
src/components/AlarmThemeBrowser.tsx(462,23): error TS1005: '}' expected.
src/components/AlarmThemeBrowser.tsx(505,17): error TS1136: Property assignment expected.
src/components/AlarmThemeBrowser.tsx(506,19): error TS1005: ')' expected.
src/components/AlarmThemeBrowser.tsx(506,29): error TS1005: ',' expected.
src/components/AlarmThemeBrowser.tsx(507,19): error TS1005: ',' expected.
src/components/AlarmThemeBrowser.tsx(508,19): error TS1005: ',' expected.
src/components/AlarmThemeBrowser.tsx(508,45): error TS1005: ',' expected.
src/components/AlarmThemeBrowser.tsx(508,57): error TS1005: ',' expected.
src/components/AlarmThemeBrowser.tsx(515,18): error TS1382: Unexpected token. Did you mean `{'>'}` or `&gt;`?
src/components/AlarmThemeBrowser.tsx(516,17): error TS1381: Unexpected token. Did you mean `{'}'}` or `&rbrace;`?
src/components/AlarmThemeBrowser.tsx(532,17): error TS1136: Property assignment expected.
src/components/AlarmThemeBrowser.tsx(533,19): error TS1005: ')' expected.
src/components/AlarmThemeBrowser.tsx(533,34): error TS1005: ',' expected.
src/components/AlarmThemeBrowser.tsx(534,19): error TS1005: ',' expected.
src/components/AlarmThemeBrowser.tsx(535,19): error TS1005: ',' expected.
src/components/AlarmThemeBrowser.tsx(535,50): error TS1005: ',' expected.
src/components/AlarmThemeBrowser.tsx(538,19): error TS1005: ',' expected.
src/components/AlarmThemeBrowser.tsx(539,19): error TS1005: ',' expected.
src/components/AlarmThemeBrowser.tsx(540,19): error TS1005: ',' expected.
src/components/AlarmThemeBrowser.tsx(541,19): error TS1005: ',' expected.
src/components/AlarmThemeBrowser.tsx(542,19): error TS1005: ',' expected.
src/components/AlarmThemeBrowser.tsx(543,18): error TS1109: Expression expected.
src/components/AlarmThemeBrowser.tsx(544,15): error TS1109: Expression expected.
src/components/AlarmThemeBrowser.tsx(544,16): error TS1005: '}' expected.
src/components/AlarmThemeBrowser.tsx(544,17): error TS1381: Unexpected token. Did you mean `{'}'}` or `&rbrace;`?
src/components/AlarmThemeBrowser.tsx(557,17): error TS1136: Property assignment expected.
src/components/AlarmThemeBrowser.tsx(558,19): error TS1005: ')' expected.
src/components/AlarmThemeBrowser.tsx(558,29): error TS1005: ',' expected.
src/components/AlarmThemeBrowser.tsx(559,19): error TS1005: ',' expected.
src/components/AlarmThemeBrowser.tsx(560,19): error TS1005: ',' expected.
src/components/AlarmThemeBrowser.tsx(560,45): error TS1005: ',' expected.
src/components/AlarmThemeBrowser.tsx(560,57): error TS1005: ',' expected.
src/components/AlarmThemeBrowser.tsx(566,18): error TS1382: Unexpected token. Did you mean `{'>'}` or `&gt;`?
src/components/AlarmThemeBrowser.tsx(567,17): error TS1381: Unexpected token. Did you mean `{'}'}` or `&rbrace;`?
src/components/AlarmThemeBrowser.tsx(580,17): error TS1136: Property assignment expected.
src/components/AlarmThemeBrowser.tsx(581,19): error TS1005: ')' expected.
src/components/AlarmThemeBrowser.tsx(581,29): error TS1005: ',' expected.
src/components/AlarmThemeBrowser.tsx(582,19): error TS1005: ',' expected.
src/components/AlarmThemeBrowser.tsx(583,19): error TS1005: ',' expected.
src/components/AlarmThemeBrowser.tsx(583,45): error TS1005: ',' expected.
src/components/AlarmThemeBrowser.tsx(583,57): error TS1005: ',' expected.
src/components/AlarmThemeBrowser.tsx(589,18): error TS1382: Unexpected token. Did you mean `{'>'}` or `&gt;`?
src/components/AlarmThemeBrowser.tsx(590,17): error TS1381: Unexpected token. Did you mean `{'}'}` or `&rbrace;`?
src/components/AlarmThemeBrowser.tsx(795,9): error TS1136: Property assignment expected.
src/components/AlarmThemeBrowser.tsx(796,11): error TS1005: ')' expected.
src/components/AlarmThemeBrowser.tsx(796,21): error TS1005: ',' expected.
src/components/AlarmThemeBrowser.tsx(797,11): error TS1005: ',' expected.
src/components/AlarmThemeBrowser.tsx(798,11): error TS1005: ',' expected.
src/components/AlarmThemeBrowser.tsx(798,37): error TS1005: ',' expected.
src/components/AlarmThemeBrowser.tsx(798,49): error TS1005: ',' expected.
src/components/AlarmThemeBrowser.tsx(805,10): error TS1382: Unexpected token. Did you mean `{'>'}` or `&gt;`?
src/components/AlarmThemeBrowser.tsx(806,9): error TS1381: Unexpected token. Did you mean `{'}'}` or `&rbrace;`?
src/components/BattleSystem.tsx(641,29): error TS1005: '}' expected.
src/components/CommunityChallenge.tsx(118,5): error TS1005: ',' expected.
src/components/CommunityChallenge.tsx(122,5): error TS1005: ',' expected.
src/components/CommunityChallenge.tsx(423,21): error TS1136: Property assignment expected.
src/components/CommunityChallenge.tsx(424,23): error TS1005: ')' expected.
src/components/CommunityChallenge.tsx(424,37): error TS1005: ',' expected.
src/components/CommunityChallenge.tsx(425,23): error TS1005: ',' expected.
src/components/CommunityChallenge.tsx(426,23): error TS1005: ',' expected.
src/components/CommunityChallenge.tsx(426,32): error TS1136: Property assignment expected.
src/components/CommunityChallenge.tsx(426,58): error TS1005: ',' expected.
src/components/CommunityChallenge.tsx(430,21): error TS1382: Unexpected token. Did you mean `{'>'}` or `&gt;`?
src/components/CommunityChallenge.tsx(432,23): error TS17002: Expected corresponding JSX closing tag for 'AnimatePresence'.
src/components/CommunityChallenge.tsx(433,21): error TS1381: Unexpected token. Did you mean `{'}'}` or `&rbrace;`?
src/components/CommunityChallenge.tsx(434,19): error TS17002: Expected corresponding JSX closing tag for 'div'.
src/components/CommunityChallenge.tsx(435,17): error TS17015: Expected corresponding closing tag for JSX fragment.
src/components/CommunityChallenge.tsx(435,20): error TS1382: Unexpected token. Did you mean `{'>'}` or `&gt;`?
src/components/CommunityChallenge.tsx(450,15): error TS1003: Identifier expected.
src/components/CommunityChallenge.tsx(451,12): error TS1381: Unexpected token. Did you mean `{'}'}` or `&rbrace;`?
src/components/CommunityChallenge.tsx(457,19): error TS1136: Property assignment expected.
src/components/CommunityChallenge.tsx(458,21): error TS1005: ')' expected.
src/components/CommunityChallenge.tsx(458,35): error TS1005: ',' expected.
src/components/CommunityChallenge.tsx(459,21): error TS1005: ',' expected.
src/components/CommunityChallenge.tsx(460,21): error TS1005: ',' expected.
src/components/CommunityChallenge.tsx(460,42): error TS1005: ':' expected.
src/components/CommunityChallenge.tsx(461,20): error TS1109: Expression expected.
src/components/CommunityChallenge.tsx(462,17): error TS1109: Expression expected.
src/components/CommunityChallenge.tsx(462,18): error TS1005: '}' expected.
src/components/CommunityChallenge.tsx(462,19): error TS1381: Unexpected token. Did you mean `{'}'}` or `&rbrace;`?
src/components/CommunityChallenge.tsx(481,11): error TS17002: Expected corresponding JSX closing tag for 'Card'.
src/components/CommunityChallenge.tsx(482,9): error TS17002: Expected corresponding JSX closing tag for 'div'.
src/components/CommunityChallenge.tsx(483,5): error TS1005: ')' expected.
src/components/CommunityChallenge.tsx(484,3): error TS1109: Expression expected.
src/components/CommunityChallenge.tsx(485,1): error TS1128: Declaration or statement expected.
src/components/CompleteThemeSystemDemo.tsx(87,17): error TS1005: '}' expected.
src/components/CompleteThemeSystemDemo.tsx(219,21): error TS1135: Argument expression expected.
src/components/CompleteThemeSystemDemo.tsx(252,29): error TS1005: ',' expected.
src/components/CompleteThemeSystemDemo.tsx(367,19): error TS1005: '}' expected.
src/components/CompleteThemeSystemDemo.tsx(376,19): error TS1005: '}' expected.
src/components/CompleteThemeSystemDemo.tsx(556,14): error TS1005: ':' expected.
src/components/CompleteThemeSystemDemo.tsx(556,20): error TS1005: ',' expected.
src/components/CompleteThemeSystemDemo.tsx(557,7): error TS1005: ')' expected.
src/components/CompleteThemeSystemDemo.tsx(560,14): error TS1005: ':' expected.
src/components/CompleteThemeSystemDemo.tsx(560,19): error TS1005: ',' expected.
src/components/CompleteThemeSystemDemo.tsx(562,3): error TS1005: ')' expected.
src/components/CompleteThemeSystemDemo.tsx(732,2): error TS1472: 'catch' or 'finally' expected.
src/components/CompleteThemeSystemDemo.tsx(758,4): error TS1005: ')' expected.
src/components/CompleteThemeSystemDemo.tsx(804,1): error TS1005: '}' expected.
src/components/ComprehensiveSecurityDashboard.tsx(593,19): error TS1136: Property assignment expected.
src/components/ComprehensiveSecurityDashboard.tsx(594,21): error TS1005: ')' expected.
src/components/ComprehensiveSecurityDashboard.tsx(594,31): error TS1005: ',' expected.
src/components/ComprehensiveSecurityDashboard.tsx(595,21): error TS1005: ',' expected.
src/components/ComprehensiveSecurityDashboard.tsx(596,21): error TS1005: ',' expected.
src/components/ComprehensiveSecurityDashboard.tsx(597,21): error TS1005: ',' expected.
src/components/ComprehensiveSecurityDashboard.tsx(597,37): error TS1005: ',' expected.
src/components/ComprehensiveSecurityDashboard.tsx(597,39): error TS1136: Property assignment expected.
src/components/ComprehensiveSecurityDashboard.tsx(598,19): error TS1382: Unexpected token. Did you mean `{'>'}` or `&gt;`?
src/components/ComprehensiveSecurityDashboard.tsx(648,18): error TS1005: '}' expected.
src/components/ComprehensiveSecurityDashboard.tsx(648,19): error TS1381: Unexpected token. Did you mean `{'}'}` or `&rbrace;`?
src/components/ComprehensiveSecurityDashboard.tsx(649,17): error TS17002: Expected corresponding JSX closing tag for 'section'.
src/components/ComprehensiveSecurityDashboard.tsx(651,13): error TS17002: Expected corresponding JSX closing tag for 'div'.
src/components/ComprehensiveSecurityDashboard.tsx(652,10): error TS1381: Unexpected token. Did you mean `{'}'}` or `&rbrace;`?
src/components/ComprehensiveSecurityDashboard.tsx(852,9): error TS17002: Expected corresponding JSX closing tag for 'main'.
src/components/ComprehensiveSecurityDashboard.tsx(853,5): error TS1005: ')' expected.
src/components/ComprehensiveSecurityDashboard.tsx(854,3): error TS1109: Expression expected.
src/components/ComprehensiveSecurityDashboard.tsx(855,1): error TS1128: Declaration or statement expected.
src/components/CustomSoundThemeCreator.tsx(601,21): error TS1005: ',' expected.
src/components/CustomSoundThemeCreator.tsx(601,30): error TS1136: Property assignment expected.
src/components/CustomSoundThemeCreator.tsx(601,33): error TS1005: ',' expected.
src/components/CustomSoundThemeCreator.tsx(601,34): error TS1382: Unexpected token. Did you mean `{'>'}` or `&gt;`?
src/components/CustomSoundThemeCreator.tsx(602,53): error TS1005: '}' expected.
src/components/CustomSoundThemeCreator.tsx(604,21): error TS1381: Unexpected token. Did you mean `{'}'}` or `&rbrace;`?
src/components/CustomSoundThemeCreator.tsx(604,22): error TS1381: Unexpected token. Did you mean `{'}'}` or `&rbrace;`?
src/components/CustomSoundThemeCreator.tsx(605,19): error TS1382: Unexpected token. Did you mean `{'>'}` or `&gt;`?
src/components/CustomSoundThemeCreator.tsx(607,21): error TS17002: Expected corresponding JSX closing tag for 'div'.
src/components/CustomSoundThemeCreator.tsx(608,18): error TS1381: Unexpected token. Did you mean `{'}'}` or `&rbrace;`?
src/components/CustomSoundThemeCreator.tsx(610,13): error TS1005: ')' expected.
src/components/CustomSoundThemeCreator.tsx(610,15): error TS17002: Expected corresponding JSX closing tag for 'DialogContent'.
src/components/CustomSoundThemeCreator.tsx(611,12): error TS1381: Unexpected token. Did you mean `{'}'}` or `&rbrace;`?
src/components/CustomSoundThemeCreator.tsx(612,11): error TS17002: Expected corresponding JSX closing tag for 'Dialog'.
src/components/CustomSoundThemeCreator.tsx(613,9): error TS17002: Expected corresponding JSX closing tag for 'div'.
src/components/CustomSoundThemeCreator.tsx(614,5): error TS1005: ')' expected.
src/components/CustomSoundThemeCreator.tsx(615,3): error TS1109: Expression expected.
src/components/CustomSoundThemeCreator.tsx(616,1): error TS1128: Declaration or statement expected.
src/components/CustomSoundThemeCreator.tsx(631,9): error TS1005: '}' expected.
src/components/CustomSoundThemeCreator.tsx(641,9): error TS1005: '}' expected.
src/components/CustomSoundThemeCreator.tsx(670,9): error TS1005: '}' expected.
src/components/CustomSoundThemeCreator.tsx(689,77): error TS1005: '}' expected.
src/components/CustomSoundThemeCreator.tsx(690,7): error TS1381: Unexpected token. Did you mean `{'}'}` or `&rbrace;`?
src/components/CustomSoundThemeCreator.tsx(692,6): error TS1382: Unexpected token. Did you mean `{'>'}` or `&gt;`?
src/components/CustomSoundThemeCreator.tsx(795,9): error TS1005: ',' expected.
src/components/CustomThemeManager.tsx(145,8): error TS1005: ')' expected.
src/components/CustomThemeManager.tsx(151,5): error TS1005: ',' expected.
src/components/CustomThemeManager.tsx(176,26): error TS1005: ',' expected.
src/components/CustomThemeManager.tsx(181,5): error TS1005: ',' expected.
src/components/CustomThemeManager.tsx(181,26): error TS1005: ')' expected.
src/components/CustomThemeManager.tsx(189,7): error TS1005: ',' expected.
src/components/CustomThemeManager.tsx(210,5): error TS1137: Expression or comma expected.
src/components/CustomThemeManager.tsx(288,7): error TS1005: ',' expected.
src/components/CustomThemeManager.tsx(352,11): error TS1005: ',' expected.
src/components/CustomThemeManager.tsx(352,15): error TS1005: ',' expected.
src/components/CustomThemeManager.tsx(352,41): error TS1005: ')' expected.
src/components/CustomThemeManager.tsx(380,81): error TS1005: ',' expected.
src/components/CustomThemeManager.tsx(415,3): error TS1005: ',' expected.
src/components/CustomThemeManager.tsx(439,9): error TS1005: ',' expected.
src/components/CustomThemeManager.tsx(804,17): error TS1005: '}' expected.
src/components/Dashboard.tsx(365,15): error TS1136: Property assignment expected.
src/components/Dashboard.tsx(366,17): error TS1005: ')' expected.
src/components/Dashboard.tsx(366,29): error TS1005: ',' expected.
src/components/Dashboard.tsx(367,17): error TS1005: ',' expected.
src/components/Dashboard.tsx(399,15): error TS1005: ',' expected.
src/components/Dashboard.tsx(400,15): error TS1381: Unexpected token. Did you mean `{'}'}` or `&rbrace;`?
src/components/Dashboard.tsx(401,13): error TS17002: Expected corresponding JSX closing tag for 'section'.
src/components/Dashboard.tsx(402,9): error TS1005: ')' expected.
src/components/Dashboard.tsx(402,11): error TS17002: Expected corresponding JSX closing tag for 'main'.
src/components/Dashboard.tsx(527,5): error TS1128: Declaration or statement expected.
src/components/Dashboard.tsx(528,3): error TS1109: Expression expected.
src/components/Dashboard.tsx(529,1): error TS1128: Declaration or statement expected.
src/components/EnhancedBattles.tsx(389,17): error TS1136: Property assignment expected.
src/components/EnhancedBattles.tsx(390,19): error TS1005: ')' expected.
src/components/EnhancedBattles.tsx(390,30): error TS1005: ',' expected.
src/components/EnhancedBattles.tsx(391,19): error TS1005: ',' expected.
src/components/EnhancedBattles.tsx(393,19): error TS2657: JSX expressions must have one parent element.
src/components/EnhancedBattles.tsx(416,17): error TS1005: ',' expected.
src/components/EnhancedBattles.tsx(416,19): error TS17002: Expected corresponding JSX closing tag for 'CardContent'.
src/components/EnhancedBattles.tsx(417,17): error TS1381: Unexpected token. Did you mean `{'}'}` or `&rbrace;`?
src/components/EnhancedBattles.tsx(418,15): error TS17002: Expected corresponding JSX closing tag for 'Card'.
src/components/EnhancedBattles.tsx(419,13): error TS17002: Expected corresponding JSX closing tag for 'TabsContent'.
src/components/EnhancedBattles.tsx(420,11): error TS17002: Expected corresponding JSX closing tag for 'Tabs'.
src/components/EnhancedBattles.tsx(521,9): error TS17002: Expected corresponding JSX closing tag for 'div'.
src/components/EnhancedBattles.tsx(522,5): error TS1005: ')' expected.
src/components/EnhancedBattles.tsx(523,3): error TS1109: Expression expected.
src/components/EnhancedDashboard.tsx(372,11): error TS1136: Property assignment expected.
src/components/EnhancedDashboard.tsx(373,13): error TS1005: ')' expected.
src/components/EnhancedDashboard.tsx(373,24): error TS1005: ',' expected.
src/components/EnhancedDashboard.tsx(374,13): error TS1005: ',' expected.
src/components/EnhancedDashboard.tsx(375,13): error TS1005: ',' expected.
src/components/EnhancedDashboard.tsx(375,24): error TS1136: Property assignment expected.
src/components/EnhancedDashboard.tsx(375,27): error TS1005: ',' expected.
src/components/EnhancedDashboard.tsx(375,28): error TS1382: Unexpected token. Did you mean `{'>'}` or `&gt;`?
src/components/EnhancedDashboard.tsx(375,79): error TS1381: Unexpected token. Did you mean `{'}'}` or `&rbrace;`?
src/components/EnhancedDashboard.tsx(382,12): error TS1382: Unexpected token. Did you mean `{'>'}` or `&gt;`?
src/components/EnhancedDashboard.tsx(383,11): error TS1381: Unexpected token. Did you mean `{'}'}` or `&rbrace;`?
src/components/EnhancedDashboard.tsx(514,15): error TS1136: Property assignment expected.
src/components/EnhancedDashboard.tsx(515,17): error TS1005: ')' expected.
src/components/EnhancedDashboard.tsx(515,29): error TS1005: ',' expected.
src/components/EnhancedDashboard.tsx(516,17): error TS1005: ',' expected.
src/components/EnhancedDashboard.tsx(548,15): error TS1005: ',' expected.
src/components/EnhancedDashboard.tsx(549,15): error TS1381: Unexpected token. Did you mean `{'}'}` or `&rbrace;`?
src/components/EnhancedDashboard.tsx(550,13): error TS17002: Expected corresponding JSX closing tag for 'section'.
src/components/EnhancedDashboard.tsx(551,9): error TS1005: ')' expected.
src/components/EnhancedDashboard.tsx(551,11): error TS17002: Expected corresponding JSX closing tag for 'main'.
src/components/EnhancedDashboard.tsx(680,11): error TS1136: Property assignment expected.
src/components/EnhancedDashboard.tsx(681,13): error TS1005: ')' expected.
src/components/EnhancedDashboard.tsx(681,29): error TS1005: ',' expected.
src/components/EnhancedDashboard.tsx(682,13): error TS1005: ',' expected.
src/components/EnhancedDashboard.tsx(683,13): error TS1005: ',' expected.
src/components/EnhancedDashboard.tsx(683,22): error TS1136: Property assignment expected.
src/components/EnhancedDashboard.tsx(683,31): error TS1005: ',' expected.
src/components/EnhancedDashboard.tsx(683,38): error TS1005: ',' expected.
src/components/EnhancedDashboard.tsx(684,33): error TS1003: Identifier expected.
src/components/EnhancedDashboard.tsx(684,47): error TS1138: Parameter declaration expected.
src/components/EnhancedDashboard.tsx(684,49): error TS1003: Identifier expected.
src/components/EnhancedDashboard.tsx(684,57): error TS1138: Parameter declaration expected.
src/components/EnhancedDashboard.tsx(686,34): error TS1005: ',' expected.
src/components/EnhancedDashboard.tsx(688,14): error TS1128: Declaration or statement expected.
src/components/EnhancedDashboard.tsx(689,22): error TS1136: Property assignment expected.
src/components/EnhancedDashboard.tsx(689,25): error TS1005: ';' expected.
src/components/EnhancedDashboard.tsx(691,14): error TS1128: Declaration or statement expected.
src/components/EnhancedDashboard.tsx(692,11): error TS1161: Unterminated regular expression literal.
src/components/EnhancedDashboard.tsx(693,9): error TS1128: Declaration or statement expected.
src/components/EnhancedDashboard.tsx(693,10): error TS1128: Declaration or statement expected.
src/components/EnhancedDashboard.tsx(693,11): error TS1128: Declaration or statement expected.
src/components/EnhancedDashboard.tsx(694,5): error TS1128: Declaration or statement expected.
src/components/EnhancedDashboard.tsx(695,3): error TS1109: Expression expected.
src/components/EnhancedDashboard.tsx(696,1): error TS1128: Declaration or statement expected.
src/components/EnhancedSmartAlarmSettings.tsx(396,23): error TS1005: '}' expected.
src/components/EnhancedSmartAlarmSettings.tsx(419,27): error TS1005: '}' expected.
src/components/EnhancedSmartAlarmSettings.tsx(440,27): error TS1005: '}' expected.
src/components/EnhancedSmartAlarmSettings.tsx(481,25): error TS1005: '}' expected.
src/components/ExtendedScreenReaderTester.tsx(299,40): error TS1005: ',' expected.
src/components/ExtendedScreenReaderTester.tsx(309,41): error TS1005: ',' expected.
src/components/ExtendedScreenReaderTester.tsx(322,7): error TS1005: ',' expected.
src/components/ExtendedScreenReaderTester.tsx(358,5): error TS1005: ',' expected.
src/components/ExtendedScreenReaderTester.tsx(395,5): error TS1005: ',' expected.
src/components/ExtendedScreenReaderTester.tsx(402,5): error TS1005: ',' expected.
src/components/ExtendedScreenReaderTester.tsx(566,74): error TS1136: Property assignment expected.
src/components/ExtendedScreenReaderTester.tsx(566,117): error TS1005: '}' expected.
src/components/ExtendedScreenReaderTester.tsx(567,15): error TS1381: Unexpected token. Did you mean `{'}'}` or `&rbrace;`?
src/components/ExtendedScreenReaderTester.tsx(569,14): error TS1382: Unexpected token. Did you mean `{'>'}` or `&gt;`?
src/components/ExtendedScreenReaderTester.tsx(578,74): error TS1136: Property assignment expected.
src/components/ExtendedScreenReaderTester.tsx(578,121): error TS1005: '}' expected.
src/components/ExtendedScreenReaderTester.tsx(579,15): error TS1381: Unexpected token. Did you mean `{'}'}` or `&rbrace;`?
src/components/ExtendedScreenReaderTester.tsx(581,14): error TS1382: Unexpected token. Did you mean `{'>'}` or `&gt;`?
src/components/ExtendedScreenReaderTester.tsx(588,72): error TS1136: Property assignment expected.
src/components/ExtendedScreenReaderTester.tsx(591,17): error TS1005: '}' expected.
src/components/ExtendedScreenReaderTester.tsx(592,13): error TS1381: Unexpected token. Did you mean `{'}'}` or `&rbrace;`?
src/components/ExtendedScreenReaderTester.tsx(594,11): error TS1382: Unexpected token. Did you mean `{'>'}` or `&gt;`?
src/components/ExtendedScreenReaderTester.tsx(599,13): error TS17002: Expected corresponding JSX closing tag for 'div'.
src/components/ExtendedScreenReaderTester.tsx(603,7): error TS1005: ')' expected.
src/components/ExtendedScreenReaderTester.tsx(621,19): error TS1136: Property assignment expected.
src/components/ExtendedScreenReaderTester.tsx(622,21): error TS1005: ')' expected.
src/components/ExtendedScreenReaderTester.tsx(623,21): error TS1005: ',' expected.
src/components/ExtendedScreenReaderTester.tsx(626,19): error TS1005: ',' expected.
src/components/ExtendedScreenReaderTester.tsx(626,21): error TS17002: Expected corresponding JSX closing tag for 'div'.
src/components/ExtendedScreenReaderTester.tsx(627,19): error TS1381: Unexpected token. Did you mean `{'}'}` or `&rbrace;`?
src/components/ExtendedScreenReaderTester.tsx(642,9): error TS1005: ')' expected.
src/components/ExtendedScreenReaderTester.tsx(643,7): error TS1109: Expression expected.
src/components/ExtendedScreenReaderTester.tsx(643,8): error TS1128: Declaration or statement expected.
src/components/ExtendedScreenReaderTester.tsx(712,5): error TS1128: Declaration or statement expected.
src/components/ExtendedScreenReaderTester.tsx(713,3): error TS1109: Expression expected.
src/components/ExtendedScreenReaderTester.tsx(714,1): error TS1128: Declaration or statement expected.
src/components/HabitCelebration.tsx(135,6): error TS1005: ')' expected.
src/components/HabitCelebration.tsx(171,30): error TS1005: ',' expected.
src/components/HabitCelebration.tsx(198,15): error TS1136: Property assignment expected.
src/components/HabitCelebration.tsx(199,17): error TS1005: ')' expected.
src/components/HabitCelebration.tsx(199,27): error TS1005: ',' expected.
src/components/HabitCelebration.tsx(200,17): error TS1005: ',' expected.
src/components/HabitCelebration.tsx(201,17): error TS1005: ',' expected.
src/components/HabitCelebration.tsx(201,24): error TS1136: Property assignment expected.
src/components/HabitCelebration.tsx(208,18): error TS1005: ',' expected.
src/components/HabitCelebration.tsx(217,16): error TS1382: Unexpected token. Did you mean `{'>'}` or `&gt;`?
src/components/HabitCelebration.tsx(218,15): error TS1381: Unexpected token. Did you mean `{'}'}` or `&rbrace;`?
src/components/HabitCelebration.tsx(445,23): error TS1136: Property assignment expected.
src/components/HabitCelebration.tsx(445,30): error TS1005: ')' expected.
src/components/HabitCelebration.tsx(445,40): error TS1005: ',' expected.
src/components/HabitCelebration.tsx(445,60): error TS1005: ',' expected.
src/components/HabitCelebration.tsx(447,23): error TS1005: ',' expected.
src/components/HabitCelebration.tsx(447,25): error TS17002: Expected corresponding JSX closing tag for 'div'.
src/components/HabitCelebration.tsx(448,23): error TS1381: Unexpected token. Did you mean `{'}'}` or `&rbrace;`?
src/components/HabitCelebration.tsx(449,21): error TS17002: Expected corresponding JSX closing tag for 'motion.div'.
src/components/HabitCelebration.tsx(450,17): error TS1005: ')' expected.
src/components/HabitCelebration.tsx(450,19): error TS17002: Expected corresponding JSX closing tag for 'CardContent'.
src/components/HabitCelebration.tsx(451,16): error TS1381: Unexpected token. Did you mean `{'}'}` or `&rbrace;`?
src/components/HabitCelebration.tsx(452,15): error TS17002: Expected corresponding JSX closing tag for 'Card'.
src/components/HabitCelebration.tsx(462,13): error TS17002: Expected corresponding JSX closing tag for 'motion.div'.
src/components/HabitCelebration.tsx(464,9): error TS17002: Expected corresponding JSX closing tag for 'AnimatePresence'.
src/components/HabitCelebration.tsx(465,5): error TS1005: ')' expected.
src/components/HabitCelebration.tsx(466,3): error TS1109: Expression expected.
src/components/HabitCelebration.tsx(467,1): error TS1128: Declaration or statement expected.
src/components/MobileAlarmCard.tsx(304,3): error TS1005: ',' expected.
src/components/MobileAlarmCard.tsx(308,5): error TS1005: ',' expected.
src/components/MobileAlarmCard.tsx(315,5): error TS1137: Expression or comma expected.
src/components/MobileAlarmCard.tsx(325,9): error TS1136: Property assignment expected.
src/components/MobileAlarmCard.tsx(326,11): error TS1005: ')' expected.
src/components/MobileAlarmCard.tsx(326,21): error TS1005: ',' expected.
src/components/MobileAlarmCard.tsx(327,11): error TS1005: ',' expected.
src/components/MobileAlarmCard.tsx(328,11): error TS1005: ',' expected.
src/components/MobileAlarmCard.tsx(329,11): error TS1005: ',' expected.
src/components/MobileAlarmCard.tsx(330,11): error TS1005: ',' expected.
src/components/MobileAlarmCard.tsx(331,11): error TS1005: ',' expected.
src/components/MobileAlarmCard.tsx(332,10): error TS1109: Expression expected.
src/components/MobileAlarmCard.tsx(333,7): error TS1109: Expression expected.
src/components/MobileAlarmCard.tsx(333,8): error TS1005: '}' expected.
src/components/MobileAlarmCard.tsx(333,9): error TS1381: Unexpected token. Did you mean `{'}'}` or `&rbrace;`?
src/components/MobileNavigation.tsx(69,13): error TS1136: Property assignment expected.
src/components/MobileNavigation.tsx(70,15): error TS1005: ')' expected.
src/components/MobileNavigation.tsx(70,24): error TS1005: ',' expected.
src/components/MobileNavigation.tsx(71,15): error TS1005: ',' expected.
src/components/MobileNavigation.tsx(72,15): error TS1005: ',' expected.
src/components/MobileNavigation.tsx(72,37): error TS1005: ',' expected.
src/components/MobileNavigation.tsx(72,50): error TS1005: ',' expected.
src/components/MobileNavigation.tsx(74,14): error TS1382: Unexpected token. Did you mean `{'>'}` or `&gt;`?
src/components/MobileNavigation.tsx(75,13): error TS1381: Unexpected token. Did you mean `{'}'}` or `&rbrace;`?
src/components/MobileTester.tsx(102,7): error TS1005: ',' expected.
src/components/MobileTester.tsx(610,104): error TS1381: Unexpected token. Did you mean `{'}'}` or `&rbrace;`?
src/components/MobileTester.tsx(611,21): error TS1005: ',' expected.
src/components/MobileTester.tsx(616,104): error TS1381: Unexpected token. Did you mean `{'}'}` or `&rbrace;`?
src/components/MobileTester.tsx(617,21): error TS1005: ',' expected.
src/components/MobileTester.tsx(622,107): error TS1381: Unexpected token. Did you mean `{'}'}` or `&rbrace;`?
src/components/MobileTester.tsx(623,21): error TS1005: ',' expected.
src/components/MobileTester.tsx(628,104): error TS1381: Unexpected token. Did you mean `{'}'}` or `&rbrace;`?
src/components/MobileTester.tsx(629,21): error TS1005: ',' expected.
src/components/NuclearModeSelector.tsx(123,5): error TS1005: ',' expected.
src/components/NuclearModeSelector.tsx(136,7): error TS1005: ',' expected.
src/components/NuclearModeSelector.tsx(353,15): error TS1005: '}' expected.
src/components/OfflineDiagnostics.tsx(515,11): error TS1136: Property assignment expected.
src/components/OfflineDiagnostics.tsx(515,16): error TS1005: ')' expected.
src/components/OfflineDiagnostics.tsx(515,26): error TS1005: ',' expected.
src/components/OfflineDiagnostics.tsx(515,31): error TS1005: ',' expected.
src/components/OfflineDiagnostics.tsx(516,13): error TS2657: JSX expressions must have one parent element.
src/components/OfflineDiagnostics.tsx(539,11): error TS1005: ',' expected.
src/components/OfflineDiagnostics.tsx(539,13): error TS17002: Expected corresponding JSX closing tag for 'CardContent'.
src/components/OfflineDiagnostics.tsx(540,11): error TS1381: Unexpected token. Did you mean `{'}'}` or `&rbrace;`?
src/components/OfflineDiagnostics.tsx(551,9): error TS17002: Expected corresponding JSX closing tag for 'Card'.
src/components/OfflineDiagnostics.tsx(552,5): error TS1005: ')' expected.
src/components/OfflineDiagnostics.tsx(553,3): error TS1109: Expression expected.
src/components/OfflineDiagnostics.tsx(554,1): error TS1128: Declaration or statement expected.
src/components/PerformanceDashboard.tsx(309,17): error TS1136: Property assignment expected.
src/components/PerformanceDashboard.tsx(310,19): error TS1005: ')' expected.
src/components/PerformanceDashboard.tsx(310,29): error TS1005: ',' expected.
src/components/PerformanceDashboard.tsx(311,19): error TS1005: ',' expected.
src/components/PerformanceDashboard.tsx(311,31): error TS1005: ',' expected.
src/components/PerformanceDashboard.tsx(312,19): error TS1005: ',' expected.
src/components/PerformanceDashboard.tsx(313,26): error TS1005: ',' expected.
src/components/PerformanceDashboard.tsx(317,19): error TS1005: ',' expected.
src/components/PerformanceDashboard.tsx(317,32): error TS1005: ',' expected.
src/components/PerformanceDashboard.tsx(318,19): error TS1005: ',' expected.
src/components/PerformanceDashboard.tsx(318,29): error TS1136: Property assignment expected.
src/components/PerformanceDashboard.tsx(318,122): error TS1005: ',' expected.
src/components/PerformanceDashboard.tsx(319,18): error TS1382: Unexpected token. Did you mean `{'>'}` or `&gt;`?
src/components/PerformanceDashboard.tsx(320,17): error TS1381: Unexpected token. Did you mean `{'}'}` or `&rbrace;`?
src/components/PerformanceProfilerWrapper.tsx(127,17): error TS1136: Property assignment expected.
src/components/PerformanceProfilerWrapper.tsx(128,19): error TS1005: ')' expected.
src/components/PerformanceProfilerWrapper.tsx(128,28): error TS1005: ',' expected.
src/components/PerformanceProfilerWrapper.tsx(129,19): error TS1005: ',' expected.
src/components/PerformanceProfilerWrapper.tsx(131,19): error TS2657: JSX expressions must have one parent element.
src/components/PerformanceProfilerWrapper.tsx(135,17): error TS1005: ',' expected.
src/components/PerformanceProfilerWrapper.tsx(136,17): error TS1381: Unexpected token. Did you mean `{'}'}` or `&rbrace;`?
src/components/PerformanceProfilerWrapper.tsx(138,11): error TS1005: ')' expected.
src/components/PerformanceProfilerWrapper.tsx(139,10): error TS1381: Unexpected token. Did you mean `{'}'}` or `&rbrace;`?
src/components/PerformanceProfilerWrapper.tsx(149,17): error TS1136: Property assignment expected.
src/components/PerformanceProfilerWrapper.tsx(150,19): error TS1005: ')' expected.
src/components/PerformanceProfilerWrapper.tsx(150,28): error TS1005: ',' expected.
src/components/PerformanceProfilerWrapper.tsx(151,19): error TS1005: ',' expected.
src/components/PerformanceProfilerWrapper.tsx(153,19): error TS2657: JSX expressions must have one parent element.
src/components/PerformanceProfilerWrapper.tsx(157,17): error TS1005: ',' expected.
src/components/PerformanceProfilerWrapper.tsx(158,17): error TS1381: Unexpected token. Did you mean `{'}'}` or `&rbrace;`?
src/components/PerformanceProfilerWrapper.tsx(160,11): error TS1005: ')' expected.
src/components/PerformanceProfilerWrapper.tsx(164,9): error TS2657: JSX expressions must have one parent element.
src/components/PerformanceProfilerWrapper.tsx(206,7): error TS1128: Declaration or statement expected.
src/components/PerformanceProfilerWrapper.tsx(207,5): error TS1109: Expression expected.
src/components/PerformanceProfilerWrapper.tsx(208,3): error TS1109: Expression expected.
src/components/PerformanceProfilerWrapper.tsx(209,1): error TS1128: Declaration or statement expected.
src/components/PersonaAnalyticsDashboard.tsx(364,17): error TS1005: '}' expected.
src/components/PersonaAnalyticsDashboard.tsx(390,17): error TS1005: '}' expected.
src/components/PersonaAnalyticsDashboard.tsx(415,17): error TS1005: '}' expected.
src/components/PersonaFocusDashboard.tsx(437,13): error TS1136: Property assignment expected.
src/components/PersonaFocusDashboard.tsx(437,26): error TS1005: ')' expected.
src/components/PersonaFocusDashboard.tsx(437,38): error TS1005: ',' expected.
src/components/PersonaFocusDashboard.tsx(437,50): error TS1005: ',' expected.
src/components/PersonaFocusDashboard.tsx(437,69): error TS1109: Expression expected.
src/components/PersonaFocusDashboard.tsx(438,11): error TS1109: Expression expected.
src/components/PersonaFocusDashboard.tsx(438,12): error TS1005: '}' expected.
src/components/PersonaFocusDashboard.tsx(438,13): error TS1381: Unexpected token. Did you mean `{'}'}` or `&rbrace;`?
src/components/PersonalizationSettings.tsx(388,13): error TS1005: '}' expected.
src/components/PersonalizationSettings.tsx(424,13): error TS1005: '}' expected.
src/components/PersonalizationSettings.tsx(483,13): error TS1005: '}' expected.
src/components/PersonalizationSettings.tsx(513,11): error TS1005: '}' expected.
src/components/PersonalizationSettings.tsx(534,13): error TS1005: '}' expected.
src/components/PersonalizationSettings.tsx(548,13): error TS1005: '}' expected.
src/components/PersonalizationSettings.tsx(564,11): error TS1005: '}' expected.
src/components/PersonalizationSettings.tsx(579,11): error TS1005: '}' expected.
src/components/PersonalizationSettings.tsx(621,13): error TS1005: '}' expected.
src/components/PersonalizationSettings.tsx(635,13): error TS1005: '}' expected.
src/components/PushNotificationSettings.tsx(185,17): error TS1005: '}' expected.
src/components/PushNotificationSettings.tsx(513,27): error TS1005: '}' expected.
src/components/PushNotificationTester.tsx(423,15): error TS1136: Property assignment expected.
src/components/PushNotificationTester.tsx(424,17): error TS1005: ')' expected.
src/components/PushNotificationTester.tsx(424,28): error TS1005: ',' expected.
src/components/PushNotificationTester.tsx(425,17): error TS1005: ',' expected.
src/components/PushNotificationTester.tsx(427,17): error TS2657: JSX expressions must have one parent element.
src/components/PushNotificationTester.tsx(460,15): error TS1005: ',' expected.
src/components/PushNotificationTester.tsx(461,15): error TS1381: Unexpected token. Did you mean `{'}'}` or `&rbrace;`?
src/components/PushNotificationTester.tsx(463,9): error TS1005: ')' expected.
src/components/PushNotificationTester.tsx(484,5): error TS1128: Declaration or statement expected.
src/components/PushNotificationTester.tsx(485,3): error TS1109: Expression expected.
src/components/PushNotificationTester.tsx(486,1): error TS1128: Declaration or statement expected.
src/components/QuickAlarmSetup.tsx(117,15): error TS1005: '}' expected.
src/components/QuickAlarmSetup.tsx(127,15): error TS1005: '}' expected.
src/components/RewardsDashboard.tsx(483,17): error TS1136: Property assignment expected.
src/components/RewardsDashboard.tsx(484,19): error TS1005: ')' expected.
src/components/RewardsDashboard.tsx(484,31): error TS1005: ',' expected.
src/components/RewardsDashboard.tsx(485,19): error TS1005: ',' expected.
src/components/RewardsDashboard.tsx(485,30): error TS1136: Property assignment expected.
src/components/RewardsDashboard.tsx(485,93): error TS1005: ',' expected.
src/components/RewardsDashboard.tsx(486,17): error TS1382: Unexpected token. Did you mean `{'>'}` or `&gt;`?
src/components/RewardsDashboard.tsx(529,17): error TS1381: Unexpected token. Did you mean `{'}'}` or `&rbrace;`?
src/components/RewardsDashboard.tsx(540,9): error TS1005: ')' expected.
src/components/RewardsDashboard.tsx(594,17): error TS1136: Property assignment expected.
src/components/RewardsDashboard.tsx(595,19): error TS1005: ')' expected.
src/components/RewardsDashboard.tsx(595,29): error TS1005: ',' expected.
src/components/RewardsDashboard.tsx(596,19): error TS1005: ',' expected.
src/components/RewardsDashboard.tsx(598,19): error TS2657: JSX expressions must have one parent element.
src/components/RewardsDashboard.tsx(663,19): error TS1005: ',' expected.
src/components/RewardsDashboard.tsx(663,25): error TS1005: ',' expected.
src/components/RewardsDashboard.tsx(673,17): error TS1005: ',' expected.
src/components/RewardsDashboard.tsx(674,17): error TS1381: Unexpected token. Did you mean `{'}'}` or `&rbrace;`?
src/components/RewardsDashboard.tsx(685,9): error TS1005: ')' expected.
src/components/RewardsDashboard.tsx(686,7): error TS1109: Expression expected.
src/components/RewardsDashboard.tsx(748,5): error TS1128: Declaration or statement expected.
src/components/RewardsDashboard.tsx(749,3): error TS1109: Expression expected.
src/components/RewardsDashboard.tsx(750,1): error TS1128: Declaration or statement expected.
src/components/SettingsPage.tsx(733,65): error TS1005: '}' expected.
src/components/SettingsPage.tsx(738,11): error TS1382: Unexpected token. Did you mean `{'>'}` or `&gt;`?
src/components/SettingsPage.tsx(781,13): error TS17002: Expected corresponding JSX closing tag for 'section'.
src/components/SettingsPage.tsx(793,11): error TS17002: Expected corresponding JSX closing tag for 'main'.
src/components/SettingsPage.tsx(800,61): error TS1005: '}' expected.
src/components/SettingsPage.tsx(805,11): error TS1382: Unexpected token. Did you mean `{'>'}` or `&gt;`?
src/components/SettingsPage.tsx(818,13): error TS17002: Expected corresponding JSX closing tag for 'section'.
src/components/SettingsPage.tsx(875,95): error TS1005: '}' expected.
src/components/SettingsPage.tsx(882,18): error TS1382: Unexpected token. Did you mean `{'>'}` or `&gt;`?
src/components/SettingsPage.tsx(893,11): error TS17015: Expected corresponding closing tag for JSX fragment.
src/components/SettingsPage.tsx(896,18): error TS1005: ';' expected.
src/components/SettingsPage.tsx(900,62): error TS1005: '}' expected.
src/components/SettingsPage.tsx(930,9): error TS1128: Declaration or statement expected.
src/components/SettingsPage.tsx(933,18): error TS1005: ';' expected.
src/components/SettingsPage.tsx(937,69): error TS1005: '}' expected.
src/components/SettingsPage.tsx(1028,85): error TS1005: '}' expected.
src/components/SettingsPage.tsx(1031,19): error TS1382: Unexpected token. Did you mean `{'>'}` or `&gt;`?
src/components/SettingsPage.tsx(1035,21): error TS17002: Expected corresponding JSX closing tag for 'div'.
src/components/SettingsPage.tsx(1052,81): error TS1005: '}' expected.
src/components/SettingsPage.tsx(1055,19): error TS1382: Unexpected token. Did you mean `{'>'}` or `&gt;`?
src/components/SettingsPage.tsx(1060,21): error TS17002: Expected corresponding JSX closing tag for 'div'.
src/components/SettingsPage.tsx(1065,15): error TS1005: ')' expected.
src/components/SettingsPage.tsx(1066,13): error TS1109: Expression expected.
src/components/SettingsPage.tsx(1067,11): error TS1109: Expression expected.
src/components/SettingsPage.tsx(1068,9): error TS1128: Declaration or statement expected.
src/components/SettingsPage.tsx(1071,18): error TS1005: ';' expected.
src/components/SettingsPage.tsx(1075,64): error TS1005: '}' expected.
src/components/SettingsPage.tsx(1105,9): error TS1128: Declaration or statement expected.
src/components/SettingsPage.tsx(1108,18): error TS1005: ';' expected.
src/components/SettingsPage.tsx(1112,61): error TS1005: '}' expected.
src/components/SettingsPage.tsx(1185,9): error TS1128: Declaration or statement expected.
src/components/SettingsPage.tsx(1193,69): error TS1005: '}' expected.
src/components/SettingsPage.tsx(1198,13): error TS1382: Unexpected token. Did you mean `{'>'}` or `&gt;`?
src/components/SettingsPage.tsx(1211,15): error TS17002: Expected corresponding JSX closing tag for 'section'.
src/components/SettingsPage.tsx(1213,13): error TS1005: ')' expected.
src/components/SettingsPage.tsx(1242,11): error TS1128: Declaration or statement expected.
src/components/SettingsPage.tsx(1243,9): error TS1109: Expression expected.
src/components/SettingsPage.tsx(1252,7): error TS1128: Declaration or statement expected.
src/components/SettingsPage.tsx(1256,5): error TS1128: Declaration or statement expected.
src/components/SettingsPage.tsx(1256,7): error TS1109: Expression expected.
src/components/SettingsPage.tsx(1257,3): error TS1109: Expression expected.
src/components/SettingsPage.tsx(1258,1): error TS1128: Declaration or statement expected.
src/components/SignUpForm.tsx(181,78): error TS1005: '}' expected.
src/components/SignUpForm.tsx(192,14): error TS1382: Unexpected token. Did you mean `{'>'}` or `&gt;`?
src/components/SignUpForm.tsx(223,79): error TS1005: '}' expected.
src/components/SignUpForm.tsx(234,14): error TS1382: Unexpected token. Did you mean `{'>'}` or `&gt;`?
src/components/SignUpForm.tsx(265,82): error TS1005: '}' expected.
src/components/SignUpForm.tsx(278,14): error TS1382: Unexpected token. Did you mean `{'>'}` or `&gt;`?
src/components/SignUpForm.tsx(375,15): error TS1005: '}' expected.
src/components/SleepTracker.tsx(219,81): error TS1136: Property assignment expected.
src/components/SleepTracker.tsx(219,115): error TS1005: '}' expected.
src/components/SleepTracker.tsx(220,23): error TS1381: Unexpected token. Did you mean `{'}'}` or `&rbrace;`?
src/components/SleepTracker.tsx(222,22): error TS1382: Unexpected token. Did you mean `{'>'}` or `&gt;`?
src/components/SleepTracker.tsx(239,83): error TS1136: Property assignment expected.
src/components/SleepTracker.tsx(239,120): error TS1005: '}' expected.
src/components/SleepTracker.tsx(240,25): error TS1381: Unexpected token. Did you mean `{'}'}` or `&rbrace;`?
src/components/SleepTracker.tsx(242,24): error TS1382: Unexpected token. Did you mean `{'>'}` or `&gt;`?
src/components/SleepTracker.tsx(258,83): error TS1136: Property assignment expected.
src/components/SleepTracker.tsx(258,121): error TS1005: '}' expected.
src/components/SleepTracker.tsx(259,25): error TS1381: Unexpected token. Did you mean `{'}'}` or `&rbrace;`?
src/components/SleepTracker.tsx(261,24): error TS1382: Unexpected token. Did you mean `{'>'}` or `&gt;`?
src/components/SleepTracker.tsx(277,81): error TS1136: Property assignment expected.
src/components/SleepTracker.tsx(280,27): error TS1005: '}' expected.
src/components/SleepTracker.tsx(281,23): error TS1381: Unexpected token. Did you mean `{'}'}` or `&rbrace;`?
src/components/SleepTracker.tsx(283,22): error TS1382: Unexpected token. Did you mean `{'>'}` or `&gt;`?
src/components/SmartAlarmDashboard.tsx(431,31): error TS1136: Property assignment expected.
src/components/SmartAlarmDashboard.tsx(432,33): error TS1005: ')' expected.
src/components/SmartAlarmDashboard.tsx(432,47): error TS1005: ',' expected.
src/components/SmartAlarmDashboard.tsx(433,33): error TS1005: ',' expected.
src/components/SmartAlarmDashboard.tsx(435,33): error TS2657: JSX expressions must have one parent element.
src/components/SmartAlarmDashboard.tsx(447,31): error TS1005: ',' expected.
src/components/SmartAlarmDashboard.tsx(448,31): error TS1381: Unexpected token. Did you mean `{'}'}` or `&rbrace;`?
src/components/SmartAlarmDashboard.tsx(450,23): error TS1005: ')' expected.
src/components/SmartAlarmDashboard.tsx(454,13): error TS1005: ',' expected.
src/components/SmartAlarmDashboard.tsx(456,9): error TS1381: Unexpected token. Did you mean `{'}'}` or `&rbrace;`?
src/components/SmartAlarmDashboard.tsx(456,11): error TS1381: Unexpected token. Did you mean `{'}'}` or `&rbrace;`?
src/components/SmartAlarmDashboard.tsx(458,5): error TS1005: ')' expected.
src/components/SmartAlarmDashboard.tsx(459,3): error TS1109: Expression expected.
src/components/SmartAlarmDashboard.tsx(460,1): error TS1128: Declaration or statement expected.
src/components/SmartAlarmSettings.tsx(211,23): error TS1005: '}' expected.
src/components/SmartAlarmSettings.tsx(233,27): error TS1005: '}' expected.
src/components/SmartAlarmSettings.tsx(265,29): error TS1005: '}' expected.
src/components/SmartAlarmSettings.tsx(285,29): error TS1005: '}' expected.
src/components/SmartAlarmSettings.tsx(305,29): error TS1005: '}' expected.
src/components/SmartAlarmSettings.tsx(379,78): error TS1136: Property assignment expected.
src/components/SmartAlarmSettings.tsx(382,25): error TS1005: '}' expected.
src/components/SmartAlarmSettings.tsx(383,21): error TS1381: Unexpected token. Did you mean `{'}'}` or `&rbrace;`?
src/components/SmartAlarmSettings.tsx(385,20): error TS1382: Unexpected token. Did you mean `{'>'}` or `&gt;`?
src/components/SmartAlarmSettings.tsx(407,80): error TS1136: Property assignment expected.
src/components/SmartAlarmSettings.tsx(410,27): error TS1005: '}' expected.
src/components/SmartAlarmSettings.tsx(411,23): error TS1381: Unexpected token. Did you mean `{'}'}` or `&rbrace;`?
src/components/SmartAlarmSettings.tsx(413,22): error TS1382: Unexpected token. Did you mean `{'>'}` or `&gt;`?
src/components/SmartAlarmSettings.tsx(421,80): error TS1136: Property assignment expected.
src/components/SmartAlarmSettings.tsx(424,27): error TS1005: '}' expected.
src/components/SmartAlarmSettings.tsx(425,23): error TS1381: Unexpected token. Did you mean `{'}'}` or `&rbrace;`?
src/components/SmartAlarmSettings.tsx(427,22): error TS1382: Unexpected token. Did you mean `{'>'}` or `&gt;`?
src/components/SmartAlarmSettings.tsx(446,82): error TS1136: Property assignment expected.
src/components/SmartAlarmSettings.tsx(449,29): error TS1005: '}' expected.
src/components/SmartAlarmSettings.tsx(450,25): error TS1381: Unexpected token. Did you mean `{'}'}` or `&rbrace;`?
src/components/SmartAlarmSettings.tsx(452,24): error TS1382: Unexpected token. Did you mean `{'>'}` or `&gt;`?
src/components/SmartAlarmSettings.tsx(468,80): error TS1136: Property assignment expected.
src/components/SmartAlarmSettings.tsx(471,27): error TS1005: '}' expected.
src/components/SmartAlarmSettings.tsx(472,23): error TS1381: Unexpected token. Did you mean `{'}'}` or `&rbrace;`?
src/components/SmartAlarmSettings.tsx(474,22): error TS1382: Unexpected token. Did you mean `{'>'}` or `&gt;`?
src/components/SoundPicker.tsx(106,5): error TS1005: ',' expected.
src/components/SoundPicker.tsx(299,25): error TS1005: '}' expected.
src/components/SoundPicker.tsx(350,19): error TS1005: '}' expected.
src/components/SoundPicker.tsx(350,41): error TS1005: '...' expected.
src/components/SoundPicker.tsx(351,19): error TS1003: Identifier expected.
src/components/SoundPicker.tsx(461,20): error TS17008: JSX element 'TabsContent' has no corresponding closing tag.
src/components/SoundPicker.tsx(475,99): error TS1136: Property assignment expected.
src/components/SoundPicker.tsx(478,35): error TS1005: '}' expected.
src/components/SoundPicker.tsx(479,31): error TS1381: Unexpected token. Did you mean `{'}'}` or `&rbrace;`?
src/components/SoundPicker.tsx(480,29): error TS1382: Unexpected token. Did you mean `{'>'}` or `&gt;`?
src/components/SoundPicker.tsx(495,31): error TS17002: Expected corresponding JSX closing tag for 'div'.
src/components/SoundPicker.tsx(496,29): error TS17002: Expected corresponding JSX closing tag for 'CardContent'.
src/components/SoundPicker.tsx(508,99): error TS1136: Property assignment expected.
src/components/SoundPicker.tsx(511,35): error TS1005: '}' expected.
src/components/SoundPicker.tsx(512,31): error TS1381: Unexpected token. Did you mean `{'}'}` or `&rbrace;`?
src/components/SoundPicker.tsx(514,30): error TS1382: Unexpected token. Did you mean `{'>'}` or `&gt;`?
src/components/SoundPicker.tsx(528,99): error TS1136: Property assignment expected.
src/components/SoundPicker.tsx(531,35): error TS1005: '}' expected.
src/components/SoundPicker.tsx(532,31): error TS1381: Unexpected token. Did you mean `{'}'}` or `&rbrace;`?
src/components/SoundPicker.tsx(534,30): error TS1382: Unexpected token. Did you mean `{'>'}` or `&gt;`?
src/components/SoundPicker.tsx(545,27): error TS17002: Expected corresponding JSX closing tag for 'Card'.
src/components/SoundPicker.tsx(546,25): error TS17002: Expected corresponding JSX closing tag for 'div'.
src/components/SoundPicker.tsx(548,21): error TS17002: Expected corresponding JSX closing tag for 'DialogContent'.
src/components/SoundPicker.tsx(565,28): error TS1109: Expression expected.
src/components/SoundPicker.tsx(566,25): error TS1109: Expression expected.
src/components/SoundPicker.tsx(587,19): error TS17002: Expected corresponding JSX closing tag for 'Dialog'.
src/components/SoundPicker.tsx(589,15): error TS17002: Expected corresponding JSX closing tag for 'div'.
src/components/SoundPicker.tsx(590,13): error TS17002: Expected corresponding JSX closing tag for 'div'.
src/components/SoundPicker.tsx(591,9): error TS1005: ')' expected.
src/components/SoundPicker.tsx(592,7): error TS1109: Expression expected.
src/components/SoundPicker.tsx(593,5): error TS1109: Expression expected.
src/components/SoundPicker.tsx(594,3): error TS1109: Expression expected.
src/components/SoundPicker.tsx(595,1): error TS1128: Declaration or statement expected.
src/components/SoundSettings.tsx(179,9): error TS1005: ':' expected.
src/components/SoundSettings.tsx(180,13): error TS1005: ':' expected.
src/components/SoundSettings.tsx(180,46): error TS1005: ',' expected.
src/components/SoundSettings.tsx(181,22): error TS1138: Parameter declaration expected.
src/components/SoundSettings.tsx(181,27): error TS1005: ',' expected.
src/components/SoundSettings.tsx(181,34): error TS1005: ',' expected.
src/components/SoundSettings.tsx(184,18): error TS1138: Parameter declaration expected.
src/components/SoundSettings.tsx(184,21): error TS1005: ')' expected.
src/components/SoundSettings.tsx(186,15): error TS1005: ')' expected.
src/components/SoundSettings.tsx(187,7): error TS1005: 'try' expected.
src/components/SoundSettings.tsx(190,3): error TS1005: ')' expected.
src/components/SoundSettings.tsx(293,13): error TS1005: '}' expected.
src/components/SoundSettings.tsx(308,17): error TS1005: ',' expected.
src/components/SoundSettings.tsx(308,26): error TS1005: ',' expected.
src/components/SoundSettings.tsx(313,15): error TS1136: Property assignment expected.
src/components/SoundSettings.tsx(314,17): error TS1005: ')' expected.
src/components/SoundSettings.tsx(314,27): error TS1005: ',' expected.
src/components/SoundSettings.tsx(315,17): error TS1005: ',' expected.
src/components/SoundSettings.tsx(315,28): error TS1136: Property assignment expected.
src/components/SoundSettings.tsx(319,19): error TS1005: ',' expected.
src/components/SoundSettings.tsx(321,15): error TS1382: Unexpected token. Did you mean `{'>'}` or `&gt;`?
src/components/SoundSettings.tsx(352,17): error TS17002: Expected corresponding JSX closing tag for 'div'.
src/components/SoundSettings.tsx(353,15): error TS1381: Unexpected token. Did you mean `{'}'}` or `&rbrace;`?
src/components/SoundSettings.tsx(380,11): error TS17002: Expected corresponding JSX closing tag for 'CardContent'.
src/components/SoundSettings.tsx(405,20): error TS1109: Expression expected.
src/components/SoundSettings.tsx(406,17): error TS1109: Expression expected.
src/components/SoundSettings.tsx(419,21): error TS1005: '}' expected.
src/components/SoundSettings.tsx(456,21): error TS1005: '}' expected.
src/components/SoundSettings.tsx(477,20): error TS1109: Expression expected.
src/components/SoundSettings.tsx(478,17): error TS1109: Expression expected.
src/components/SoundSettings.tsx(491,21): error TS1005: '}' expected.
src/components/SoundSettings.tsx(528,21): error TS1005: '}' expected.
src/components/SoundSettings.tsx(778,9): error TS17002: Expected corresponding JSX closing tag for 'Card'.
src/components/SoundSettings.tsx(779,5): error TS1005: ')' expected.
src/components/SoundSettings.tsx(780,3): error TS1109: Expression expected.
src/components/SoundSettings.tsx(781,1): error TS1128: Declaration or statement expected.
src/components/SoundThemeDemo.tsx(178,20): error TS1138: Parameter declaration expected.
src/components/SoundThemeDemo.tsx(178,25): error TS1005: ',' expected.
src/components/SoundThemeDemo.tsx(178,32): error TS1005: ')' expected.
src/components/SoundThemeDemo.tsx(180,9): error TS1005: ':' expected.
src/components/SoundThemeDemo.tsx(182,13): error TS1005: ':' expected.
src/components/SoundThemeDemo.tsx(182,64): error TS1005: ',' expected.
src/components/SoundThemeDemo.tsx(183,19): error TS1005: ',' expected.
src/components/SoundThemeDemo.tsx(183,36): error TS1005: ',' expected.
src/components/SoundThemeDemo.tsx(183,38): error TS1136: Property assignment expected.
src/components/SoundThemeDemo.tsx(196,7): error TS1005: ')' expected.
src/components/SoundThemeDemo.tsx(199,7): error TS1005: ')' expected.
src/components/SoundThemeDemo.tsx(202,14): error TS1005: ')' expected.
src/components/SoundThemeDemo.tsx(204,3): error TS1005: ',' expected.
src/components/SoundThemeDemo.tsx(214,11): error TS1005: ',' expected.
src/components/SoundThemeDemo.tsx(214,21): error TS1003: Identifier expected.
src/components/SoundThemeDemo.tsx(214,33): error TS1138: Parameter declaration expected.
src/components/SoundThemeDemo.tsx(216,5): error TS1005: ',' expected.
src/components/SoundThemeDemo.tsx(216,16): error TS1138: Parameter declaration expected.
src/components/SoundThemeDemo.tsx(216,19): error TS1005: ')' expected.
src/components/SoundThemeDemo.tsx(218,13): error TS1005: ')' expected.
src/components/SoundUploader.tsx(206,7): error TS1005: ',' expected.
src/components/SoundUploader.tsx(243,46): error TS1005: ',' expected.
src/components/SoundUploader.tsx(268,7): error TS1005: ',' expected.
src/components/SoundUploader.tsx(275,5): error TS1005: ',' expected.
src/components/SoundUploader.tsx(283,9): error TS1005: ',' expected.
src/components/SoundUploader.tsx(283,35): error TS1005: ')' expected.
src/components/SoundUploader.tsx(368,8): error TS17008: JSX element 'Card' has no corresponding closing tag.
src/components/SoundUploader.tsx(413,16): error TS17008: JSX element 'ScrollArea' has no corresponding closing tag.
src/components/SoundUploader.tsx(415,19): error TS1136: Property assignment expected.
src/components/SoundUploader.tsx(416,21): error TS1005: ')' expected.
src/components/SoundUploader.tsx(416,30): error TS1005: ',' expected.
src/components/SoundUploader.tsx(417,21): error TS1005: ',' expected.
src/components/SoundUploader.tsx(419,40): error TS1005: ',' expected.
src/components/SoundUploader.tsx(419,47): error TS1005: ',' expected.
src/components/SoundUploader.tsx(468,18): error TS1005: '}' expected.
src/components/SoundUploader.tsx(468,19): error TS1381: Unexpected token. Did you mean `{'}'}` or `&rbrace;`?
src/components/SoundUploader.tsx(469,17): error TS17002: Expected corresponding JSX closing tag for 'CardContent'.
src/components/SoundUploader.tsx(472,9): error TS1128: Declaration or statement expected.
src/components/SoundUploader.tsx(473,7): error TS1109: Expression expected.
src/components/SoundUploader.tsx(477,9): error TS2657: JSX expressions must have one parent element.
src/components/SoundUploader.tsx(499,19): error TS1136: Property assignment expected.
src/components/SoundUploader.tsx(500,21): error TS1005: ')' expected.
src/components/SoundUploader.tsx(500,31): error TS1005: ',' expected.
src/components/SoundUploader.tsx(501,21): error TS1005: ',' expected.
src/components/SoundUploader.tsx(503,21): error TS2657: JSX expressions must have one parent element.
src/components/SoundUploader.tsx(575,19): error TS1005: ',' expected.
src/components/SoundUploader.tsx(576,19): error TS1381: Unexpected token. Did you mean `{'}'}` or `&rbrace;`?
src/components/SoundUploader.tsx(577,17): error TS17002: Expected corresponding JSX closing tag for 'ScrollArea'.
src/components/SoundUploader.tsx(578,13): error TS1005: ')' expected.
src/components/SoundUploader.tsx(578,15): error TS17002: Expected corresponding JSX closing tag for 'CardContent'.
src/components/SoundUploader.tsx(579,11): error TS1128: Declaration or statement expected.
src/components/SoundUploader.tsx(579,12): error TS1128: Declaration or statement expected.
src/components/SoundUploader.tsx(580,9): error TS1128: Declaration or statement expected.
src/components/SoundUploader.tsx(581,7): error TS1109: Expression expected.
src/components/SoundUploader.tsx(582,5): error TS1109: Expression expected.
src/components/SoundUploader.tsx(583,3): error TS1109: Expression expected.
src/components/SoundUploader.tsx(584,1): error TS1128: Declaration or statement expected.
src/components/SoundUploader.tsx(613,9): error TS1135: Argument expression expected.
src/components/SoundUploader.tsx(626,9): error TS1135: Argument expression expected.
src/components/SoundUploader.tsx(644,11): error TS1005: '}' expected.
src/components/SoundUploader.tsx(654,11): error TS1005: '}' expected.
src/components/SoundUploader.tsx(684,11): error TS1005: '}' expected.
src/components/SyncStatus.tsx(63,6): error TS1005: ')' expected.
src/components/SyncStatus.tsx(67,6): error TS1005: ')' expected.
src/components/SyncStatus.tsx(80,8): error TS1005: ',' expected.
src/components/TabProtectionSettings.tsx(95,12): error TS1109: Expression expected.
src/components/TabProtectionSettings.tsx(99,9): error TS1005: '}' expected.
src/components/TabProtectionSettings.tsx(341,17): error TS1005: '}' expected.
src/components/TabProtectionWarning.tsx(192,23): error TS1136: Property assignment expected.
src/components/TabProtectionWarning.tsx(193,25): error TS1005: ')' expected.
src/components/TabProtectionWarning.tsx(193,35): error TS1005: ',' expected.
src/components/TabProtectionWarning.tsx(194,25): error TS1005: ',' expected.
src/components/TabProtectionWarning.tsx(196,25): error TS2657: JSX expressions must have one parent element.
src/components/TabProtectionWarning.tsx(200,23): error TS1005: ',' expected.
src/components/TabProtectionWarning.tsx(200,25): error TS17002: Expected corresponding JSX closing tag for 'ul'.
src/components/TabProtectionWarning.tsx(201,23): error TS1381: Unexpected token. Did you mean `{'}'}` or `&rbrace;`?
src/components/TabProtectionWarning.tsx(208,19): error TS17002: Expected corresponding JSX closing tag for 'div'.
src/components/TabProtectionWarning.tsx(209,15): error TS1005: ')' expected.
src/components/TabProtectionWarning.tsx(210,14): error TS1381: Unexpected token. Did you mean `{'}'}` or `&rbrace;`?
src/components/TabProtectionWarning.tsx(229,5): error TS1005: ')' expected.
src/components/TabProtectionWarning.tsx(230,3): error TS1109: Expression expected.
src/components/TabProtectionWarning.tsx(231,1): error TS1128: Declaration or statement expected.
src/components/ThemeCreator.tsx(260,7): error TS1137: Expression or comma expected.
src/components/ThemeCreator.tsx(345,9): error TS1005: '}' expected.
src/components/ThemeCreator.tsx(372,11): error TS1005: '}' expected.
src/components/ThemeCreator.tsx(490,19): error TS1005: '}' expected.
src/components/ThemeCreator.tsx(551,23): error TS1005: '}' expected.
src/components/ThemeCreator.tsx(562,23): error TS1005: '}' expected.
src/components/ThemeCustomizationStudio.tsx(27,9): error TS1005: '}' expected.
src/components/ThemeCustomizationStudio.tsx(33,9): error TS1005: '}' expected.
src/components/ThemeCustomizationStudio.tsx(62,10): error TS1109: Expression expected.
src/components/ThemeCustomizationStudio.tsx(64,7): error TS1005: '}' expected.
src/components/ThemeCustomizationStudio.tsx(95,64): error TS1136: Property assignment expected.
src/components/ThemeCustomizationStudio.tsx(104,9): error TS1005: ';' expected.
src/components/ThemeCustomizationStudio.tsx(107,3): error TS1128: Declaration or statement expected.
src/components/ThemeCustomizationStudio.tsx(110,62): error TS1136: Property assignment expected.
src/components/ThemeCustomizationStudio.tsx(116,7): error TS1005: ';' expected.
src/components/ThemeCustomizationStudio.tsx(117,3): error TS1128: Declaration or statement expected.
src/components/ThemeCustomizationStudio.tsx(117,4): error TS1128: Declaration or statement expected.
src/components/ThemeCustomizationStudio.tsx(117,8): error TS1005: ';' expected.
src/components/ThemeCustomizationStudio.tsx(121,69): error TS1136: Property assignment expected.
src/components/ThemeCustomizationStudio.tsx(124,9): error TS1005: ';' expected.
src/components/ThemeCustomizationStudio.tsx(131,5): error TS1128: Declaration or statement expected.
src/components/ThemeCustomizationStudio.tsx(131,6): error TS1128: Declaration or statement expected.
src/components/ThemeCustomizationStudio.tsx(133,3): error TS1128: Declaration or statement expected.
src/components/ThemeCustomizationStudio.tsx(282,15): error TS1005: '}' expected.
src/components/ThemeCustomizationStudio.tsx(505,88): error TS1136: Property assignment expected.
src/components/ThemeCustomizationStudio.tsx(514,33): error TS1005: '}' expected.
src/components/ThemeCustomizationStudio.tsx(515,29): error TS1381: Unexpected token. Did you mean `{'}'}` or `&rbrace;`?
src/components/ThemeCustomizationStudio.tsx(517,28): error TS1382: Unexpected token. Did you mean `{'>'}` or `&gt;`?
src/components/ThemeCustomizationStudio.tsx(537,88): error TS1136: Property assignment expected.
src/components/ThemeCustomizationStudio.tsx(546,33): error TS1005: '}' expected.
src/components/ThemeCustomizationStudio.tsx(547,29): error TS1381: Unexpected token. Did you mean `{'}'}` or `&rbrace;`?
src/components/ThemeCustomizationStudio.tsx(548,28): error TS1382: Unexpected token. Did you mean `{'>'}` or `&gt;`?
src/components/ThemeCustomizationStudio.tsx(958,1): error TS1128: Declaration or statement expected.
src/components/ThemeGallery.tsx(270,7): error TS1005: ')' expected.
src/components/ThemeGallery.tsx(333,5): error TS1005: ',' expected.
src/components/ThemeGallery.tsx(333,35): error TS1005: ')' expected.
src/components/ThemeGallery.tsx(337,5): error TS1005: ',' expected.
src/components/ThemeGallery.tsx(337,71): error TS1005: ')' expected.
src/components/ThemeGallery.tsx(452,15): error TS1136: Property assignment expected.
src/components/ThemeGallery.tsx(453,17): error TS1005: ')' expected.
src/components/ThemeGallery.tsx(454,17): error TS1005: ',' expected.
src/components/ThemeGallery.tsx(457,15): error TS1005: ',' expected.
src/components/ThemeGallery.tsx(457,17): error TS17002: Expected corresponding JSX closing tag for 'div'.
src/components/ThemeGallery.tsx(458,14): error TS1005: '}' expected.
src/components/ThemeGallery.tsx(458,15): error TS1381: Unexpected token. Did you mean `{'}'}` or `&rbrace;`?
src/components/ThemeGallery.tsx(460,10): error TS1381: Unexpected token. Did you mean `{'}'}` or `&rbrace;`?
src/components/ThemeGallery.tsx(509,5): error TS1005: ')' expected.
src/components/ThemeGallery.tsx(510,3): error TS1109: Expression expected.
src/components/ThemeGallery.tsx(550,13): error TS1005: '}' expected.
src/components/ThemeGallery.tsx(559,13): error TS1005: '}' expected.
src/components/ThemeGallery.tsx(571,13): error TS1005: '}' expected.
src/components/ThemeGallery.tsx(719,1): error TS1128: Declaration or statement expected.
src/components/ThemeManager.tsx(296,19): error TS1136: Property assignment expected.
src/components/ThemeManager.tsx(297,21): error TS1005: ')' expected.
src/components/ThemeManager.tsx(297,37): error TS1005: ',' expected.
src/components/ThemeManager.tsx(298,21): error TS1005: ',' expected.
src/components/ThemeManager.tsx(298,30): error TS1136: Property assignment expected.
src/components/ThemeManager.tsx(298,33): error TS1005: ',' expected.
src/components/ThemeManager.tsx(298,34): error TS1382: Unexpected token. Did you mean `{'>'}` or `&gt;`?
src/components/ThemeManager.tsx(298,64): error TS1381: Unexpected token. Did you mean `{'}'}` or `&rbrace;`?
src/components/ThemeManager.tsx(301,19): error TS1382: Unexpected token. Did you mean `{'>'}` or `&gt;`?
src/components/ThemeManager.tsx(325,21): error TS17002: Expected corresponding JSX closing tag for 'div'.
src/components/ThemeManager.tsx(326,19): error TS1381: Unexpected token. Did you mean `{'}'}` or `&rbrace;`?
src/components/ThemeManager.tsx(338,13): error TS1005: ')' expected.
src/components/ThemeManager.tsx(339,12): error TS1381: Unexpected token. Did you mean `{'}'}` or `&rbrace;`?
src/components/ThemeManager.tsx(368,11): error TS17015: Expected corresponding closing tag for JSX fragment.
src/components/ThemeManager.tsx(370,21): error TS1005: ',' expected.
src/components/ThemeManager.tsx(376,7): error TS1128: Declaration or statement expected.
src/components/ThemeManager.tsx(376,9): error TS1109: Expression expected.
src/components/ThemeManager.tsx(377,5): error TS1109: Expression expected.
src/components/ThemeManager.tsx(378,3): error TS1128: Declaration or statement expected.
src/components/ThemeManager.tsx(519,17): error TS1136: Property assignment expected.
src/components/ThemeManager.tsx(520,19): error TS1005: ')' expected.
src/components/ThemeManager.tsx(520,35): error TS1005: ',' expected.
src/components/ThemeManager.tsx(521,19): error TS1005: ',' expected.
src/components/ThemeManager.tsx(521,28): error TS1136: Property assignment expected.
src/components/ThemeManager.tsx(521,31): error TS1005: ',' expected.
src/components/ThemeManager.tsx(521,32): error TS1382: Unexpected token. Did you mean `{'>'}` or `&gt;`?
src/components/ThemeManager.tsx(521,62): error TS1381: Unexpected token. Did you mean `{'}'}` or `&rbrace;`?
src/components/ThemeManager.tsx(523,17): error TS1382: Unexpected token. Did you mean `{'>'}` or `&gt;`?
src/components/ThemeManager.tsx(550,19): error TS17002: Expected corresponding JSX closing tag for 'div'.
src/components/ThemeManager.tsx(551,17): error TS1381: Unexpected token. Did you mean `{'}'}` or `&rbrace;`?
src/components/ThemeManager.tsx(553,13): error TS1005: ')' expected.
src/components/ThemeManager.tsx(562,10): error TS1381: Unexpected token. Did you mean `{'}'}` or `&rbrace;`?
src/components/ThemeManager.tsx(605,9): error TS17015: Expected corresponding closing tag for JSX fragment.
src/components/ThemeManager.tsx(607,19): error TS1005: ',' expected.
src/components/ThemeManager.tsx(607,74): error TS1128: Declaration or statement expected.
src/components/ThemeManager.tsx(608,5): error TS1128: Declaration or statement expected.
src/components/ThemeManager.tsx(608,7): error TS1109: Expression expected.
src/components/ThemeManager.tsx(609,3): error TS1109: Expression expected.
src/components/ThemeManager.tsx(610,1): error TS1128: Declaration or statement expected.
src/components/TranslationDashboard.tsx(168,5): error TS2657: JSX expressions must have one parent element.
src/components/TranslationDashboard.tsx(353,21): error TS1136: Property assignment expected.
src/components/TranslationDashboard.tsx(354,23): error TS1005: ')' expected.
src/components/TranslationDashboard.tsx(354,32): error TS1005: ',' expected.
src/components/TranslationDashboard.tsx(355,23): error TS1005: ',' expected.
src/components/TranslationDashboard.tsx(356,23): error TS1005: ',' expected.
src/components/TranslationDashboard.tsx(356,32): error TS1136: Property assignment expected.
src/components/TranslationDashboard.tsx(356,35): error TS1005: ',' expected.
src/components/TranslationDashboard.tsx(356,36): error TS1382: Unexpected token. Did you mean `{'>'}` or `&gt;`?
src/components/TranslationDashboard.tsx(356,72): error TS1381: Unexpected token. Did you mean `{'}'}` or `&rbrace;`?
src/components/TranslationDashboard.tsx(357,21): error TS1382: Unexpected token. Did you mean `{'>'}` or `&gt;`?
src/components/TranslationDashboard.tsx(390,21): error TS1381: Unexpected token. Did you mean `{'}'}` or `&rbrace;`?
src/components/TranslationDashboard.tsx(392,15): error TS1005: ')' expected.
src/components/TranslationDashboard.tsx(393,14): error TS1381: Unexpected token. Did you mean `{'}'}` or `&rbrace;`?
src/components/TranslationDashboard.tsx(399,19): error TS1136: Property assignment expected.
src/components/TranslationDashboard.tsx(399,24): error TS1005: ')' expected.
src/components/TranslationDashboard.tsx(399,33): error TS1005: ',' expected.
src/components/TranslationDashboard.tsx(399,44): error TS1005: ',' expected.
src/components/TranslationDashboard.tsx(400,21): error TS2657: JSX expressions must have one parent element.
src/components/TranslationDashboard.tsx(436,21): error TS1005: ',' expected.
src/components/TranslationDashboard.tsx(436,26): error TS1005: ',' expected.
src/components/TranslationDashboard.tsx(448,19): error TS1005: ',' expected.
src/components/TranslationDashboard.tsx(449,18): error TS1005: '}' expected.
src/components/TranslationDashboard.tsx(449,19): error TS1381: Unexpected token. Did you mean `{'}'}` or `&rbrace;`?
src/components/TranslationDashboard.tsx(451,14): error TS1381: Unexpected token. Did you mean `{'}'}` or `&rbrace;`?
src/components/TranslationDashboard.tsx(461,24): error TS1005: ',' expected.
src/components/TranslationDashboard.tsx(461,51): error TS1127: Invalid character.
src/components/TranslationDashboard.tsx(461,83): error TS17002: Expected corresponding JSX closing tag for 'div'.
src/components/TranslationDashboard.tsx(467,27): error TS1136: Property assignment expected.
src/components/TranslationDashboard.tsx(468,29): error TS1005: ')' expected.
src/components/TranslationDashboard.tsx(468,38): error TS1005: ',' expected.
src/components/TranslationDashboard.tsx(469,29): error TS1005: ',' expected.
src/components/TranslationDashboard.tsx(479,27): error TS1005: ',' expected.
src/components/TranslationDashboard.tsx(480,27): error TS1381: Unexpected token. Did you mean `{'}'}` or `&rbrace;`?
src/components/TranslationDashboard.tsx(493,25): error TS1136: Property assignment expected.
src/components/TranslationDashboard.tsx(494,27): error TS1005: ')' expected.
src/components/TranslationDashboard.tsx(494,36): error TS1005: ',' expected.
src/components/TranslationDashboard.tsx(495,27): error TS1005: ',' expected.
src/components/TranslationDashboard.tsx(505,25): error TS1005: ',' expected.
src/components/TranslationDashboard.tsx(506,25): error TS1381: Unexpected token. Did you mean `{'}'}` or `&rbrace;`?
src/components/TranslationDashboard.tsx(518,25): error TS1136: Property assignment expected.
src/components/TranslationDashboard.tsx(519,27): error TS1005: ')' expected.
src/components/TranslationDashboard.tsx(519,36): error TS1005: ',' expected.
src/components/TranslationDashboard.tsx(520,27): error TS1005: ',' expected.
src/components/TranslationDashboard.tsx(530,25): error TS1005: ',' expected.
src/components/TranslationDashboard.tsx(531,25): error TS1381: Unexpected token. Did you mean `{'}'}` or `&rbrace;`?
src/components/TranslationDashboard.tsx(533,17): error TS1005: ')' expected.
src/components/TranslationDashboard.tsx(534,15): error TS1109: Expression expected.
src/components/TranslationDashboard.tsx(535,13): error TS1109: Expression expected.
src/components/TranslationDashboard.tsx(535,14): error TS1128: Declaration or statement expected.
src/components/TranslationDashboard.tsx(606,11): error TS1128: Declaration or statement expected.
src/components/TranslationDashboard.tsx(607,9): error TS1109: Expression expected.
src/components/TranslationDashboard.tsx(610,14): error TS1005: ';' expected.
src/components/TranslationDashboard.tsx(617,9): error TS1128: Declaration or statement expected.
src/components/TranslationDashboard.tsx(618,7): error TS1109: Expression expected.
src/components/TranslationDashboard.tsx(619,5): error TS1109: Expression expected.
src/components/TranslationDashboard.tsx(620,3): error TS1109: Expression expected.
src/components/TranslationDashboard.tsx(621,1): error TS1128: Declaration or statement expected.
src/components/UserProfile.tsx(46,7): error TS1005: ')' expected.
src/components/UserProfile.tsx(47,19): error TS1138: Parameter declaration expected.
src/components/UserProfile.tsx(47,24): error TS1005: ',' expected.
src/components/UserProfile.tsx(47,31): error TS1005: ',' expected.
src/components/UserProfile.tsx(50,9): error TS1005: ';' expected.
src/components/UserProfile.tsx(54,3): error TS1128: Declaration or statement expected.
src/components/UserProfile.tsx(145,1): error TS1128: Declaration or statement expected.
src/components/VirtualScroll.tsx(49,6): error TS1005: ')' expected.
src/components/VirtualScroll.tsx(54,6): error TS1005: ')' expected.
src/components/VirtualScroll.tsx(280,5): error TS1137: Expression or comma expected.
src/components/VoiceAnalyticsDashboard.tsx(262,17): error TS1005: '}' expected.
src/components/VoiceAnalyticsDashboard.tsx(583,23): error TS1136: Property assignment expected.
src/components/VoiceAnalyticsDashboard.tsx(584,25): error TS1005: ')' expected.
src/components/VoiceAnalyticsDashboard.tsx(584,34): error TS1005: ',' expected.
src/components/VoiceAnalyticsDashboard.tsx(585,25): error TS1005: ',' expected.
src/components/VoiceAnalyticsDashboard.tsx(587,25): error TS2657: JSX expressions must have one parent element.
src/components/VoiceAnalyticsDashboard.tsx(607,23): error TS1005: ',' expected.
src/components/VoiceAnalyticsDashboard.tsx(608,23): error TS1381: Unexpected token. Did you mean `{'}'}` or `&rbrace;`?
src/components/VoiceAnalyticsDashboard.tsx(611,15): error TS1005: ')' expected.
src/components/VoiceAnalyticsDashboard.tsx(611,17): error TS17002: Expected corresponding JSX closing tag for 'motion.div'.
src/components/VoiceAnalyticsDashboard.tsx(612,14): error TS1381: Unexpected token. Did you mean `{'}'}` or `&rbrace;`?
src/components/VoiceAnalyticsDashboard.tsx(702,13): error TS17002: Expected corresponding JSX closing tag for 'AnimatePresence'.
src/components/VoiceAnalyticsDashboard.tsx(703,11): error TS17002: Expected corresponding JSX closing tag for 'div'.
src/components/VoiceAnalyticsDashboard.tsx(705,5): error TS1005: ')' expected.
src/components/VoiceAnalyticsDashboard.tsx(706,3): error TS1109: Expression expected.
src/components/VoiceAnalyticsDashboard.tsx(707,1): error TS1128: Declaration or statement expected.
src/components/VoiceCloning.tsx(88,58): error TS1005: ',' expected.
src/components/VoiceCloning.tsx(99,7): error TS1005: ',' expected.
src/components/VoiceCloning.tsx(136,7): error TS1137: Expression or comma expected.
src/components/VoiceCloning.tsx(145,5): error TS1005: ',' expected.
src/components/VoiceCloning.tsx(183,5): error TS1005: ',' expected.
src/components/VoiceCloning.tsx(190,5): error TS1005: ',' expected.
src/components/VoiceCloning.tsx(208,7): error TS1005: ',' expected.
src/components/VoiceCloning.tsx(418,19): error TS1136: Property assignment expected.
src/components/VoiceCloning.tsx(419,21): error TS1005: ')' expected.
src/components/VoiceCloning.tsx(419,32): error TS1005: ',' expected.
src/components/VoiceCloning.tsx(420,21): error TS1005: ',' expected.
src/components/VoiceCloning.tsx(422,21): error TS2657: JSX expressions must have one parent element.
src/components/VoiceCloning.tsx(450,19): error TS1005: ',' expected.
src/components/VoiceCloning.tsx(451,19): error TS1381: Unexpected token. Did you mean `{'}'}` or `&rbrace;`?
src/components/VoiceCloning.tsx(453,13): error TS1005: ')' expected.
src/components/VoiceCloning.tsx(454,12): error TS1381: Unexpected token. Did you mean `{'}'}` or `&rbrace;`?
src/components/VoiceCloning.tsx(471,17): error TS2657: JSX expressions must have one parent element.
src/components/VoiceCloning.tsx(473,15): error TS1005: ',' expected.
src/components/VoiceCloning.tsx(504,7): error TS1005: ')' expected.
src/components/VoiceCloning.tsx(505,5): error TS1109: Expression expected.
src/components/VoiceCloning.tsx(506,3): error TS1109: Expression expected.
src/components/VoiceCloning.tsx(507,1): error TS1128: Declaration or statement expected.
src/components/VoiceSelector.tsx(127,17): error TS1136: Property assignment expected.
src/components/VoiceSelector.tsx(128,19): error TS1005: ')' expected.
src/components/VoiceSelector.tsx(129,19): error TS1005: ',' expected.
src/components/VoiceSelector.tsx(129,30): error TS1136: Property assignment expected.
src/components/VoiceSelector.tsx(129,116): error TS1005: ',' expected.
src/components/VoiceSelector.tsx(130,17): error TS1382: Unexpected token. Did you mean `{'>'}` or `&gt;`?
src/components/VoiceSelector.tsx(132,19): error TS17002: Expected corresponding JSX closing tag for 'div'.
src/components/VoiceSelector.tsx(133,17): error TS1381: Unexpected token. Did you mean `{'}'}` or `&rbrace;`?
src/components/VoiceSelector.tsx(140,11): error TS1005: ')' expected.
src/components/VoiceSelector.tsx(141,10): error TS1381: Unexpected token. Did you mean `{'}'}` or `&rbrace;`?
src/components/VoiceSelector.tsx(181,5): error TS1005: ')' expected.
src/components/VoiceSelector.tsx(182,3): error TS1109: Expression expected.
src/components/VoiceSelector.tsx(183,1): error TS1128: Declaration or statement expected.
src/components/VoiceSelector.tsx(352,17): error TS1005: ',' expected.
src/components/VoiceSettings.tsx(102,64): error TS1136: Property assignment expected.
src/components/VoiceSettings.tsx(105,7): error TS1005: ';' expected.
src/components/VoiceSettings.tsx(109,58): error TS1136: Property assignment expected.
src/components/VoiceSettings.tsx(112,7): error TS1005: ';' expected.
src/components/VoiceSettings.tsx(121,66): error TS1136: Property assignment expected.
src/components/VoiceSettings.tsx(124,9): error TS1005: ';' expected.
src/components/VoiceSettings.tsx(127,66): error TS1136: Property assignment expected.
src/components/VoiceSettings.tsx(130,9): error TS1005: ';' expected.
src/components/VoiceSettings.tsx(176,3): error TS1005: ',' expected.
src/components/VoiceSettings.tsx(216,17): error TS1136: Property assignment expected.
src/components/VoiceSettings.tsx(217,19): error TS1005: ')' expected.
src/components/VoiceSettings.tsx(217,32): error TS1005: ',' expected.
src/components/VoiceSettings.tsx(218,19): error TS1005: ',' expected.
src/components/VoiceSettings.tsx(218,30): error TS1136: Property assignment expected.
src/components/VoiceSettings.tsx(222,21): error TS1005: ',' expected.
src/components/VoiceSettings.tsx(224,17): error TS1382: Unexpected token. Did you mean `{'>'}` or `&gt;`?
src/components/VoiceSettings.tsx(237,17): error TS1381: Unexpected token. Did you mean `{'}'}` or `&rbrace;`?
src/components/VoiceSettings.tsx(323,23): error TS1005: '}' expected.
src/components/VoiceSettings.tsx(327,25): error TS1136: Property assignment expected.
src/components/VoiceSettings.tsx(327,33): error TS1005: ')' expected.
src/components/VoiceSettings.tsx(327,43): error TS1005: ',' expected.
src/components/VoiceSettings.tsx(327,48): error TS1005: ',' expected.
src/components/VoiceSettings.tsx(327,60): error TS1005: ',' expected.
src/components/VoiceSettings.tsx(327,65): error TS1005: ',' expected.
src/components/VoiceSettings.tsx(328,33): error TS1005: ',' expected.
src/components/VoiceSettings.tsx(328,47): error TS1005: ',' expected.
src/components/VoiceSettings.tsx(328,63): error TS1005: ',' expected.
src/components/VoiceSettings.tsx(329,25): error TS1005: ',' expected.
src/components/VoiceSettings.tsx(329,27): error TS17002: Expected corresponding JSX closing tag for 'select'.
src/components/VoiceSettings.tsx(330,25): error TS1381: Unexpected token. Did you mean `{'}'}` or `&rbrace;`?
src/components/VoiceSettings.tsx(331,23): error TS17002: Expected corresponding JSX closing tag for 'div'.
src/components/VoiceSettings.tsx(332,19): error TS1005: ')' expected.
src/components/VoiceSettings.tsx(334,15): error TS1381: Unexpected token. Did you mean `{'}'}` or `&rbrace;`?
src/components/VoiceSettings.tsx(334,17): error TS1381: Unexpected token. Did you mean `{'}'}` or `&rbrace;`?
src/components/VoiceSettings.tsx(353,81): error TS1136: Property assignment expected.
src/components/VoiceSettings.tsx(356,23): error TS1005: '}' expected.
src/components/VoiceSettings.tsx(357,19): error TS1381: Unexpected token. Did you mean `{'}'}` or `&rbrace;`?
src/components/VoiceSettings.tsx(359,18): error TS1382: Unexpected token. Did you mean `{'>'}` or `&gt;`?
src/components/VoiceSettings.tsx(373,81): error TS1136: Property assignment expected.
src/components/VoiceSettings.tsx(376,23): error TS1005: '}' expected.
src/components/VoiceSettings.tsx(377,19): error TS1381: Unexpected token. Did you mean `{'}'}` or `&rbrace;`?
src/components/VoiceSettings.tsx(379,18): error TS1382: Unexpected token. Did you mean `{'>'}` or `&gt;`?
src/components/VoiceSettings.tsx(393,81): error TS1136: Property assignment expected.
src/components/VoiceSettings.tsx(396,23): error TS1005: '}' expected.
src/components/VoiceSettings.tsx(397,19): error TS1381: Unexpected token. Did you mean `{'}'}` or `&rbrace;`?
src/components/VoiceSettings.tsx(399,18): error TS1382: Unexpected token. Did you mean `{'>'}` or `&gt;`?
src/components/VoiceSettings.tsx(409,81): error TS1136: Property assignment expected.
src/components/VoiceSettings.tsx(412,23): error TS1005: '}' expected.
src/components/VoiceSettings.tsx(413,19): error TS1381: Unexpected token. Did you mean `{'}'}` or `&rbrace;`?
src/components/VoiceSettings.tsx(415,18): error TS1382: Unexpected token. Did you mean `{'>'}` or `&gt;`?
src/components/VoiceSettings.tsx(424,81): error TS1136: Property assignment expected.
src/components/VoiceSettings.tsx(427,23): error TS1005: '}' expected.
src/components/VoiceSettings.tsx(428,19): error TS1381: Unexpected token. Did you mean `{'}'}` or `&rbrace;`?
src/components/VoiceSettings.tsx(430,18): error TS1382: Unexpected token. Did you mean `{'>'}` or `&gt;`?
src/components/VoiceSettings.tsx(456,9): error TS1005: ')' expected.
src/components/VoiceSettings.tsx(471,7): error TS1128: Declaration or statement expected.
src/components/VoiceSettings.tsx(472,5): error TS1109: Expression expected.
src/components/VoiceSettings.tsx(473,3): error TS1109: Expression expected.
src/components/VoiceSettings.tsx(474,1): error TS1128: Declaration or statement expected.
src/components/WakeUpFeedbackModal.tsx(105,4): error TS1005: ')' expected.
src/components/WakeUpFeedbackModal.tsx(168,19): error TS1005: '}' expected.
src/components/WakeUpFeedbackModal.tsx(332,15): error TS1005: '}' expected.
src/components/WakeUpFeedbackModal.tsx(368,1): error TS1005: '}' expected.
src/components/animations/AnimationLibrary.tsx(613,5): error TS1005: ',' expected.
src/components/animations/MicroInteractions.tsx(136,11): error TS1005: '}' expected.
src/components/animations/MicroInteractions.tsx(236,4): error TS1005: ')' expected.
src/components/animations/MicroInteractions.tsx(492,7): error TS1005: ',' expected.
src/components/animations/MicroInteractions.tsx(492,14): error TS1005: ',' expected.
src/components/animations/MicroInteractions.tsx(530,11): error TS1136: Property assignment expected.
src/components/animations/MicroInteractions.tsx(531,13): error TS1005: ')' expected.
src/components/animations/MicroInteractions.tsx(531,24): error TS1005: ',' expected.
src/components/animations/MicroInteractions.tsx(532,13): error TS1005: ',' expected.
src/components/animations/MicroInteractions.tsx(533,13): error TS1005: ',' expected.
src/components/animations/MicroInteractions.tsx(533,20): error TS1136: Property assignment expected.
src/components/animations/MicroInteractions.tsx(538,14): error TS1005: ',' expected.
src/components/animations/MicroInteractions.tsx(543,12): error TS1382: Unexpected token. Did you mean `{'>'}` or `&gt;`?
src/components/animations/MicroInteractions.tsx(544,11): error TS1381: Unexpected token. Did you mean `{'}'}` or `&rbrace;`?
src/components/premium/EnhancedUpgradePrompt.tsx(78,13): error TS1005: ')' expected.
src/components/premium/EnhancedUpgradePrompt.tsx(498,2): error TS1005: ')' expected.
src/components/premium/EnhancedUpgradePrompt.tsx(501,1): error TS1005: '}' expected.
src/components/premium/PaymentFlow.tsx(457,23): error TS1005: '}' expected.
src/components/premium/PaymentFlow.tsx(474,23): error TS1005: '}' expected.
src/components/premium/PaymentFlow.tsx(491,23): error TS1005: '}' expected.
src/components/premium/PaymentFlow.tsx(508,23): error TS1005: '}' expected.
src/components/premium/PaymentFlow.tsx(629,17): error TS1005: '}' expected.
src/components/premium/PremiumAlarmFeatures.tsx(61,17): error TS1005: '}' expected.
src/components/premium/PremiumFeaturePreview.tsx(51,13): error TS1005: ')' expected.
src/components/premium/PremiumFeaturePreview.tsx(54,3): error TS1005: ',' expected.
src/components/premium/PremiumFeaturePreview.tsx(54,4): error TS1128: Declaration or statement expected.
src/components/premium/PremiumFeaturePreview.tsx(54,26): error TS1005: ';' expected.
src/components/premium/PremiumTeamFeatures.tsx(153,13): error TS1136: Property assignment expected.
src/components/premium/PremiumTeamFeatures.tsx(154,15): error TS1005: ')' expected.
src/components/premium/PremiumTeamFeatures.tsx(154,26): error TS1005: ',' expected.
src/components/premium/PremiumTeamFeatures.tsx(155,15): error TS1005: ',' expected.
src/components/premium/PremiumTeamFeatures.tsx(157,15): error TS2657: JSX expressions must have one parent element.
src/components/premium/PremiumTeamFeatures.tsx(181,13): error TS1005: ',' expected.
src/components/premium/PremiumTeamFeatures.tsx(182,13): error TS1381: Unexpected token. Did you mean `{'}'}` or `&rbrace;`?
src/components/premium/PremiumTeamFeatures.tsx(183,11): error TS17002: Expected corresponding JSX closing tag for 'CardContent'.
src/components/premium/PremiumTeamFeatures.tsx(195,9): error TS17002: Expected corresponding JSX closing tag for 'Card'.
src/components/premium/PremiumTeamFeatures.tsx(196,5): error TS1005: ')' expected.
src/components/premium/PremiumTeamFeatures.tsx(197,3): error TS1109: Expression expected.
src/components/premium/PremiumTeamFeatures.tsx(305,13): error TS1136: Property assignment expected.
src/components/premium/PremiumTeamFeatures.tsx(306,15): error TS1005: ')' expected.
src/components/premium/PremiumTeamFeatures.tsx(306,29): error TS1005: ',' expected.
src/components/premium/PremiumTeamFeatures.tsx(307,15): error TS1005: ',' expected.
src/components/premium/PremiumTeamFeatures.tsx(309,15): error TS2657: JSX expressions must have one parent element.
src/components/premium/PremiumTeamFeatures.tsx(326,13): error TS1005: ',' expected.
src/components/premium/PremiumTeamFeatures.tsx(327,13): error TS1381: Unexpected token. Did you mean `{'}'}` or `&rbrace;`?
src/components/premium/PremiumTeamFeatures.tsx(328,11): error TS17002: Expected corresponding JSX closing tag for 'CardContent'.
src/components/premium/PremiumTeamFeatures.tsx(334,9): error TS17002: Expected corresponding JSX closing tag for 'Card'.
src/components/premium/PremiumTeamFeatures.tsx(335,5): error TS1005: ')' expected.
src/components/premium/PremiumTeamFeatures.tsx(336,3): error TS1109: Expression expected.
src/components/premium/PremiumTeamFeatures.tsx(376,15): error TS1136: Property assignment expected.
src/components/premium/PremiumTeamFeatures.tsx(377,17): error TS1005: ')' expected.
src/components/premium/PremiumTeamFeatures.tsx(377,29): error TS1005: ',' expected.
src/components/premium/PremiumTeamFeatures.tsx(378,17): error TS1005: ',' expected.
src/components/premium/PremiumTeamFeatures.tsx(380,17): error TS2657: JSX expressions must have one parent element.
src/components/premium/PremiumTeamFeatures.tsx(396,15): error TS1005: ',' expected.
src/components/premium/PremiumTeamFeatures.tsx(398,12): error TS1381: Unexpected token. Did you mean `{'}'}` or `&rbrace;`?
src/components/premium/PremiumTeamFeatures.tsx(399,11): error TS17002: Expected corresponding JSX closing tag for 'CardContent'.
src/components/premium/PremiumTeamFeatures.tsx(405,15): error TS1136: Property assignment expected.
src/components/premium/PremiumTeamFeatures.tsx(406,17): error TS1005: ')' expected.
src/components/premium/PremiumTeamFeatures.tsx(406,29): error TS1005: ',' expected.
src/components/premium/PremiumTeamFeatures.tsx(407,17): error TS1005: ',' expected.
src/components/premium/PremiumTeamFeatures.tsx(409,17): error TS2657: JSX expressions must have one parent element.
src/components/premium/PremiumTeamFeatures.tsx(425,15): error TS1005: ',' expected.
src/components/premium/PremiumTeamFeatures.tsx(426,14): error TS1005: '}' expected.
src/components/premium/PremiumTeamFeatures.tsx(426,15): error TS1381: Unexpected token. Did you mean `{'}'}` or `&rbrace;`?
src/components/premium/PremiumTeamFeatures.tsx(427,13): error TS17002: Expected corresponding JSX closing tag for 'Card'.
src/components/premium/PremiumTeamFeatures.tsx(447,7): error TS1128: Declaration or statement expected.
src/components/premium/PremiumTeamFeatures.tsx(448,5): error TS1109: Expression expected.
src/components/premium/PremiumTeamFeatures.tsx(449,3): error TS1109: Expression expected.
src/components/premium/PremiumTeamFeatures.tsx(450,1): error TS1128: Declaration or statement expected.
src/components/premium/PremiumTeamFeatures.tsx(553,79): error TS1136: Property assignment expected.
src/components/premium/PremiumTeamFeatures.tsx(553,107): error TS1005: '}' expected.
src/components/premium/PremiumTeamFeatures.tsx(554,17): error TS1381: Unexpected token. Did you mean `{'}'}` or `&rbrace;`?
src/components/premium/PremiumTeamFeatures.tsx(555,16): error TS1382: Unexpected token. Did you mean `{'>'}` or `&gt;`?
src/components/premium/PremiumVoiceFeatures.tsx(123,78): error TS1136: Property assignment expected.
src/components/premium/PremiumVoiceFeatures.tsx(123,107): error TS1005: '}' expected.
src/components/premium/PremiumVoiceFeatures.tsx(124,17): error TS1381: Unexpected token. Did you mean `{'}'}` or `&rbrace;`?
src/components/premium/PremiumVoiceFeatures.tsx(128,16): error TS1382: Unexpected token. Did you mean `{'>'}` or `&gt;`?
src/components/premium/PremiumVoiceFeatures.tsx(138,78): error TS1136: Property assignment expected.
src/components/premium/PremiumVoiceFeatures.tsx(138,107): error TS1005: '}' expected.
src/components/premium/PremiumVoiceFeatures.tsx(139,17): error TS1381: Unexpected token. Did you mean `{'}'}` or `&rbrace;`?
src/components/premium/PremiumVoiceFeatures.tsx(143,16): error TS1382: Unexpected token. Did you mean `{'>'}` or `&gt;`?
src/components/premium/PremiumVoiceFeatures.tsx(155,78): error TS1136: Property assignment expected.
src/components/premium/PremiumVoiceFeatures.tsx(155,108): error TS1005: '}' expected.
src/components/premium/PremiumVoiceFeatures.tsx(156,17): error TS1381: Unexpected token. Did you mean `{'}'}` or `&rbrace;`?
src/components/premium/PremiumVoiceFeatures.tsx(160,16): error TS1382: Unexpected token. Did you mean `{'>'}` or `&gt;`?
src/components/premium/PremiumVoiceFeatures.tsx(184,21): error TS1137: Expression or comma expected.
src/components/premium/PremiumVoiceFeatures.tsx(186,21): error TS1005: ',' expected.
src/components/premium/PremiumVoiceFeatures.tsx(248,15): error TS1005: '}' expected.
src/components/premium/PremiumVoiceFeatures.tsx(287,12): error TS1109: Expression expected.
src/components/premium/PremiumVoiceFeatures.tsx(292,12): error TS1109: Expression expected.
src/components/premium/PremiumVoiceFeatures.tsx(296,9): error TS1005: '}' expected.
src/components/premium/PremiumVoiceFeatures.tsx(350,79): error TS1136: Property assignment expected.
src/components/premium/PremiumVoiceFeatures.tsx(350,107): error TS1005: '}' expected.
src/components/premium/PremiumVoiceFeatures.tsx(351,19): error TS1381: Unexpected token. Did you mean `{'}'}` or `&rbrace;`?
src/components/premium/PremiumVoiceFeatures.tsx(352,18): error TS1382: Unexpected token. Did you mean `{'>'}` or `&gt;`?
src/components/premium/PremiumVoiceFeatures.tsx(401,14): error TS1109: Expression expected.
src/components/premium/PremiumVoiceFeatures.tsx(407,36): error TS1005: ',' expected.
src/components/premium/PremiumVoiceFeatures.tsx(413,11): error TS1005: '}' expected.
src/components/premium/PremiumVoiceFeatures.tsx(487,15): error TS1005: '}' expected.
src/components/premium/PsychologyDrivenCTA.tsx(86,5): error TS1005: ',' expected.
src/components/premium/SubscriptionManagement.tsx(222,67): error TS1136: Property assignment expected.
src/components/premium/SubscriptionManagement.tsx(225,7): error TS1005: ';' expected.
src/components/premium/SubscriptionManagement.tsx(347,21): error TS2657: JSX expressions must have one parent element.
src/components/premium/SubscriptionManagement.tsx(358,91): error TS1136: Property assignment expected.
src/components/premium/SubscriptionManagement.tsx(358,118): error TS1005: '}' expected.
src/components/premium/SubscriptionManagement.tsx(359,27): error TS1381: Unexpected token. Did you mean `{'}'}` or `&rbrace;`?
src/components/premium/SubscriptionManagement.tsx(360,25): error TS1382: Unexpected token. Did you mean `{'>'}` or `&gt;`?
src/components/premium/SubscriptionManagement.tsx(371,27): error TS17002: Expected corresponding JSX closing tag for 'div'.
src/components/premium/SubscriptionManagement.tsx(380,91): error TS1136: Property assignment expected.
src/components/premium/SubscriptionManagement.tsx(383,31): error TS1005: '}' expected.
src/components/premium/SubscriptionManagement.tsx(384,27): error TS1381: Unexpected token. Did you mean `{'}'}` or `&rbrace;`?
src/components/premium/SubscriptionManagement.tsx(387,26): error TS1382: Unexpected token. Did you mean `{'>'}` or `&gt;`?
src/components/premium/SubscriptionManagement.tsx(400,95): error TS1136: Property assignment expected.
src/components/premium/SubscriptionManagement.tsx(403,35): error TS1005: '}' expected.
src/components/premium/SubscriptionManagement.tsx(404,31): error TS1381: Unexpected token. Did you mean `{'}'}` or `&rbrace;`?
src/components/premium/SubscriptionManagement.tsx(405,30): error TS1382: Unexpected token. Did you mean `{'>'}` or `&gt;`?
src/components/premium/SubscriptionManagement.tsx(418,95): error TS1136: Property assignment expected.
src/components/premium/SubscriptionManagement.tsx(421,35): error TS1005: '}' expected.
src/components/premium/SubscriptionManagement.tsx(422,31): error TS1381: Unexpected token. Did you mean `{'}'}` or `&rbrace;`?
src/components/premium/SubscriptionManagement.tsx(423,30): error TS1382: Unexpected token. Did you mean `{'>'}` or `&gt;`?
src/components/premium/SubscriptionManagement.tsx(430,21): error TS1005: ')' expected.
src/components/premium/SubscriptionManagement.tsx(430,23): error TS17002: Expected corresponding JSX closing tag for 'DialogContent'.
src/components/premium/SubscriptionManagement.tsx(485,20): error TS1381: Unexpected token. Did you mean `{'}'}` or `&rbrace;`?
src/components/premium/SubscriptionManagement.tsx(509,19): error TS17002: Expected corresponding JSX closing tag for 'Dialog'.
src/components/premium/SubscriptionManagement.tsx(510,15): error TS1005: ')' expected.
src/components/premium/SubscriptionManagement.tsx(510,17): error TS17002: Expected corresponding JSX closing tag for 'div'.
src/components/premium/SubscriptionManagement.tsx(511,14): error TS1381: Unexpected token. Did you mean `{'}'}` or `&rbrace;`?
src/components/premium/SubscriptionManagement.tsx(527,13): error TS17002: Expected corresponding JSX closing tag for 'CardContent'.
src/components/premium/SubscriptionManagement.tsx(528,11): error TS17002: Expected corresponding JSX closing tag for 'Card'.
src/components/premium/SubscriptionManagement.tsx(529,9): error TS17002: Expected corresponding JSX closing tag for 'div'.
src/components/premium/SubscriptionManagement.tsx(531,7): error TS1005: ')' expected.
src/components/premium/SubscriptionManagement.tsx(615,5): error TS1128: Declaration or statement expected.
src/components/premium/SubscriptionManagement.tsx(616,3): error TS1109: Expression expected.
src/components/ui/sidebar.tsx(96,3): error TS1109: Expression expected.
src/components/user-testing/BetaTestingProgram.tsx(209,7): error TS1005: ',' expected.
src/components/user-testing/BetaTestingProgram.tsx(209,19): error TS1005: ',' expected.
src/components/user-testing/BetaTestingProgram.tsx(210,7): error TS1005: ',' expected.
src/components/user-testing/BetaTestingProgram.tsx(210,14): error TS1005: ',' expected.
src/components/user-testing/BetaTestingProgram.tsx(211,5): error TS1005: ',' expected.
src/components/user-testing/BetaTestingProgram.tsx(227,5): error TS1005: ',' expected.
src/components/user-testing/BetaTestingProgram.tsx(229,6): error TS1005: ')' expected.
src/components/user-testing/BetaTestingProgram.tsx(252,5): error TS1136: Property assignment expected.
src/components/user-testing/BetaTestingProgram.tsx(252,6): error TS1005: ')' expected.
src/components/user-testing/BetaTestingProgram.tsx(394,15): error TS1136: Property assignment expected.
src/components/user-testing/BetaTestingProgram.tsx(394,21): error TS1005: ')' expected.
src/components/user-testing/BetaTestingProgram.tsx(394,33): error TS1005: ',' expected.
src/components/user-testing/BetaTestingProgram.tsx(395,17): error TS2657: JSX expressions must have one parent element.
src/components/user-testing/BetaTestingProgram.tsx(489,15): error TS1005: ',' expected.
src/components/user-testing/BetaTestingProgram.tsx(489,17): error TS17002: Expected corresponding JSX closing tag for 'div'.
src/components/user-testing/BetaTestingProgram.tsx(490,15): error TS1381: Unexpected token. Did you mean `{'}'}` or `&rbrace;`?
src/components/user-testing/BetaTestingProgram.tsx(491,13): error TS17002: Expected corresponding JSX closing tag for 'TabsContent'.
src/components/user-testing/BetaTestingProgram.tsx(492,11): error TS17002: Expected corresponding JSX closing tag for 'Tabs'.
src/components/user-testing/BetaTestingProgram.tsx(494,10): error TS17008: JSX element 'TabsContent' has no corresponding closing tag.
src/components/user-testing/BetaTestingProgram.tsx(497,15): error TS1136: Property assignment expected.
src/components/user-testing/BetaTestingProgram.tsx(497,21): error TS1005: ')' expected.
src/components/user-testing/BetaTestingProgram.tsx(497,32): error TS1005: ',' expected.
src/components/user-testing/BetaTestingProgram.tsx(506,38): error TS1005: ',' expected.
src/components/user-testing/BetaTestingProgram.tsx(549,15): error TS1005: ',' expected.
src/components/user-testing/BetaTestingProgram.tsx(549,17): error TS17002: Expected corresponding JSX closing tag for 'div'.
src/components/user-testing/BetaTestingProgram.tsx(550,15): error TS1381: Unexpected token. Did you mean `{'}'}` or `&rbrace;`?
src/components/user-testing/BetaTestingProgram.tsx(552,9): error TS1005: ')' expected.
src/components/user-testing/BetaTestingProgram.tsx(557,15): error TS1136: Property assignment expected.
src/components/user-testing/BetaTestingProgram.tsx(557,21): error TS1005: ')' expected.
src/components/user-testing/BetaTestingProgram.tsx(557,30): error TS1005: ',' expected.
src/components/user-testing/BetaTestingProgram.tsx(582,111): error TS1381: Unexpected token. Did you mean `{'}'}` or `&rbrace;`?
src/components/user-testing/BetaTestingProgram.tsx(583,21): error TS1005: ',' expected.
src/components/user-testing/BetaTestingProgram.tsx(587,15): error TS1005: ',' expected.
src/components/user-testing/BetaTestingProgram.tsx(587,17): error TS17002: Expected corresponding JSX closing tag for 'div'.
src/components/user-testing/BetaTestingProgram.tsx(588,15): error TS1381: Unexpected token. Did you mean `{'}'}` or `&rbrace;`?
src/components/user-testing/BetaTestingProgram.tsx(589,13): error TS17002: Expected corresponding JSX closing tag for 'TabsContent'.
src/components/user-testing/BetaTestingProgram.tsx(590,9): error TS1128: Declaration or statement expected.
src/components/user-testing/BetaTestingProgram.tsx(591,7): error TS1109: Expression expected.
src/components/user-testing/BetaTestingProgram.tsx(594,15): error TS1005: ';' expected.
src/components/user-testing/BetaTestingProgram.tsx(594,40): error TS1005: ';' expected.
src/components/user-testing/BetaTestingProgram.tsx(608,19): error TS1005: '}' expected.
src/components/user-testing/BetaTestingProgram.tsx(687,25): error TS1005: '}' expected.
src/components/user-testing/BetaTestingProgram.tsx(716,7): error TS1128: Declaration or statement expected.
src/components/user-testing/BetaTestingProgram.tsx(719,15): error TS1005: ';' expected.
src/components/user-testing/BetaTestingProgram.tsx(719,38): error TS1005: ';' expected.
src/components/user-testing/BetaTestingProgram.tsx(732,17): error TS1005: '}' expected.
src/components/user-testing/BetaTestingProgram.tsx(756,7): error TS1128: Declaration or statement expected.
src/components/user-testing/BetaTestingProgram.tsx(757,5): error TS1109: Expression expected.
src/components/user-testing/BetaTestingProgram.tsx(758,3): error TS1109: Expression expected.
src/components/user-testing/BugReportModal.tsx(156,3): error TS1005: ',' expected.
src/components/user-testing/BugReportModal.tsx(169,9): error TS1005: ',' expected.
src/components/user-testing/BugReportModal.tsx(169,25): error TS1005: ',' expected.
src/components/user-testing/BugReportModal.tsx(170,23): error TS1005: ',' expected.
src/components/user-testing/BugReportModal.tsx(173,19): error TS1005: ',' expected.
src/components/user-testing/BugReportModal.tsx(177,7): error TS1135: Argument expression expected.
src/components/user-testing/BugReportModal.tsx(241,5): error TS2657: JSX expressions must have one parent element.
src/components/user-testing/BugReportModal.tsx(270,21): error TS1005: '}' expected.
src/components/user-testing/BugReportModal.tsx(282,21): error TS1005: '}' expected.
src/components/user-testing/BugReportModal.tsx(375,21): error TS1005: '}' expected.
src/components/user-testing/BugReportModal.tsx(387,21): error TS1005: '}' expected.
src/components/user-testing/BugReportModal.tsx(419,29): error TS1005: '}' expected.
src/components/user-testing/BugReportModal.tsx(445,23): error TS1005: '}' expected.
src/components/user-testing/BugReportModal.tsx(463,25): error TS1136: Property assignment expected.
src/components/user-testing/BugReportModal.tsx(464,27): error TS1005: ')' expected.
src/components/user-testing/BugReportModal.tsx(465,27): error TS1005: ',' expected.
src/components/user-testing/BugReportModal.tsx(466,27): error TS1005: ',' expected.
src/components/user-testing/BugReportModal.tsx(470,29): error TS1005: ',' expected.
src/components/user-testing/BugReportModal.tsx(471,29): error TS1005: ',' expected.
src/components/user-testing/BugReportModal.tsx(471,38): error TS1136: Property assignment expected.
src/components/user-testing/BugReportModal.tsx(471,41): error TS1005: ',' expected.
src/components/user-testing/BugReportModal.tsx(471,42): error TS1382: Unexpected token. Did you mean `{'>'}` or `&gt;`?
src/components/user-testing/BugReportModal.tsx(471,58): error TS1381: Unexpected token. Did you mean `{'}'}` or `&rbrace;`?
src/components/user-testing/BugReportModal.tsx(473,27): error TS1382: Unexpected token. Did you mean `{'>'}` or `&gt;`?
src/components/user-testing/BugReportModal.tsx(475,29): error TS17002: Expected corresponding JSX closing tag for 'div'.
src/components/user-testing/BugReportModal.tsx(476,25): error TS1005: ')' expected.
src/components/user-testing/BugReportModal.tsx(476,27): error TS17002: Expected corresponding JSX closing tag for 'div'.
src/components/user-testing/BugReportModal.tsx(477,25): error TS1381: Unexpected token. Did you mean `{'}'}` or `&rbrace;`?
src/components/user-testing/BugReportModal.tsx(479,20): error TS1381: Unexpected token. Did you mean `{'}'}` or `&rbrace;`?
src/components/user-testing/BugReportModal.tsx(480,19): error TS17002: Expected corresponding JSX closing tag for 'TabsContent'.
src/components/user-testing/BugReportModal.tsx(481,17): error TS17002: Expected corresponding JSX closing tag for 'form'.
src/components/user-testing/BugReportModal.tsx(482,15): error TS17002: Expected corresponding JSX closing tag for 'Tabs'.
src/components/user-testing/BugReportModal.tsx(598,13): error TS17002: Expected corresponding JSX closing tag for 'DialogContent'.
src/components/user-testing/BugReportModal.tsx(599,11): error TS17002: Expected corresponding JSX closing tag for 'Dialog'.
src/components/user-testing/BugReportModal.tsx(602,7): error TS1005: ')' expected.
src/components/user-testing/BugReportModal.tsx(603,5): error TS1109: Expression expected.
src/components/user-testing/BugReportModal.tsx(604,3): error TS1109: Expression expected.
src/components/user-testing/FeedbackModal.tsx(273,19): error TS1005: '}' expected.
src/components/user-testing/FeedbackModal.tsx(285,19): error TS1005: '}' expected.
src/components/user-testing/RedesignedFeedbackModal.tsx(212,67): error TS1136: Property assignment expected.
src/components/user-testing/RedesignedFeedbackModal.tsx(212,107): error TS1005: ';' expected.
src/components/user-testing/RedesignedFeedbackModal.tsx(215,8): error TS1472: 'catch' or 'finally' expected.
src/components/user-testing/RedesignedFeedbackModal.tsx(216,7): error TS1005: ',' expected.
src/components/user-testing/RedesignedFeedbackModal.tsx(224,5): error TS1005: ',' expected.
src/components/user-testing/RedesignedFeedbackModal.tsx(230,5): error TS1005: ',' expected.
src/components/user-testing/RedesignedFeedbackModal.tsx(367,75): error TS1136: Property assignment expected.
src/components/user-testing/RedesignedFeedbackModal.tsx(367,109): error TS1005: '}' expected.
src/components/user-testing/RedesignedFeedbackModal.tsx(369,15): error TS1005: ',' expected.
src/components/user-testing/RedesignedFeedbackModal.tsx(369,26): error TS1136: Property assignment expected.
src/components/user-testing/RedesignedFeedbackModal.tsx(373,17): error TS1005: ',' expected.
src/components/user-testing/RedesignedFeedbackModal.tsx(374,13): error TS1382: Unexpected token. Did you mean `{'>'}` or `&gt;`?
src/components/user-testing/RedesignedFeedbackModal.tsx(393,15): error TS17002: Expected corresponding JSX closing tag for 'div'.
src/components/user-testing/RedesignedFeedbackModal.tsx(395,10): error TS1128: Declaration or statement expected.
src/components/user-testing/RedesignedFeedbackModal.tsx(395,11): error TS1128: Declaration or statement expected.
src/components/user-testing/RedesignedFeedbackModal.tsx(396,7): error TS1128: Declaration or statement expected.
src/components/user-testing/RedesignedFeedbackModal.tsx(397,5): error TS1109: Expression expected.
src/components/user-testing/RedesignedFeedbackModal.tsx(398,3): error TS1128: Declaration or statement expected.
src/components/user-testing/RedesignedFeedbackModal.tsx(414,77): error TS1136: Property assignment expected.
src/components/user-testing/RedesignedFeedbackModal.tsx(418,21): error TS1005: '}' expected.
src/components/user-testing/RedesignedFeedbackModal.tsx(419,17): error TS1005: ',' expected.
src/components/user-testing/RedesignedFeedbackModal.tsx(425,15): error TS1382: Unexpected token. Did you mean `{'>'}` or `&gt;`?
src/components/user-testing/RedesignedFeedbackModal.tsx(432,17): error TS17002: Expected corresponding JSX closing tag for 'div'.
src/components/user-testing/RedesignedFeedbackModal.tsx(433,15): error TS1381: Unexpected token. Did you mean `{'}'}` or `&rbrace;`?
src/components/user-testing/RedesignedFeedbackModal.tsx(437,9): error TS1005: ')' expected.
src/components/user-testing/RedesignedFeedbackModal.tsx(444,90): error TS1136: Property assignment expected.
src/components/user-testing/RedesignedFeedbackModal.tsx(444,116): error TS1005: '}' expected.
src/components/user-testing/RedesignedFeedbackModal.tsx(444,117): error TS1005: ',' expected.
src/components/user-testing/RedesignedFeedbackModal.tsx(450,15): error TS1382: Unexpected token. Did you mean `{'>'}` or `&gt;`?
src/components/user-testing/RedesignedFeedbackModal.tsx(452,17): error TS17002: Expected corresponding JSX closing tag for 'div'.
src/components/user-testing/RedesignedFeedbackModal.tsx(453,15): error TS1381: Unexpected token. Did you mean `{'}'}` or `&rbrace;`?
src/components/user-testing/RedesignedFeedbackModal.tsx(460,9): error TS1128: Declaration or statement expected.
src/components/user-testing/RedesignedFeedbackModal.tsx(464,11): error TS2657: JSX expressions must have one parent element.
src/components/user-testing/RedesignedFeedbackModal.tsx(474,79): error TS1136: Property assignment expected.
src/components/user-testing/RedesignedFeedbackModal.tsx(478,23): error TS1005: '}' expected.
src/components/user-testing/RedesignedFeedbackModal.tsx(480,19): error TS1005: ',' expected.
src/components/user-testing/RedesignedFeedbackModal.tsx(480,30): error TS1136: Property assignment expected.
src/components/user-testing/RedesignedFeedbackModal.tsx(484,21): error TS1005: ',' expected.
src/components/user-testing/RedesignedFeedbackModal.tsx(485,17): error TS1382: Unexpected token. Did you mean `{'>'}` or `&gt;`?
src/components/user-testing/RedesignedFeedbackModal.tsx(490,19): error TS17002: Expected corresponding JSX closing tag for 'div'.
src/components/user-testing/RedesignedFeedbackModal.tsx(491,15): error TS1128: Declaration or statement expected.
src/components/user-testing/RedesignedFeedbackModal.tsx(492,14): error TS1128: Declaration or statement expected.
src/components/user-testing/RedesignedFeedbackModal.tsx(492,15): error TS1128: Declaration or statement expected.
src/components/user-testing/RedesignedFeedbackModal.tsx(493,11): error TS1128: Declaration or statement expected.
src/components/user-testing/RedesignedFeedbackModal.tsx(494,9): error TS1109: Expression expected.
src/components/user-testing/RedesignedFeedbackModal.tsx(495,7): error TS1109: Expression expected.
src/components/user-testing/RedesignedFeedbackModal.tsx(496,5): error TS1109: Expression expected.
src/components/user-testing/RedesignedFeedbackModal.tsx(497,3): error TS1128: Declaration or statement expected.
src/components/user-testing/RedesignedFeedbackModal.tsx(511,73): error TS1136: Property assignment expected.
src/components/user-testing/RedesignedFeedbackModal.tsx(511,108): error TS1005: '}' expected.
src/components/user-testing/RedesignedFeedbackModal.tsx(512,13): error TS1381: Unexpected token. Did you mean `{'}'}` or `&rbrace;`?
src/components/user-testing/RedesignedFeedbackModal.tsx(516,12): error TS1382: Unexpected token. Did you mean `{'>'}` or `&gt;`?
src/components/user-testing/RedesignedFeedbackModal.tsx(527,73): error TS1136: Property assignment expected.
src/components/user-testing/RedesignedFeedbackModal.tsx(527,114): error TS1005: '}' expected.
src/components/user-testing/RedesignedFeedbackModal.tsx(528,13): error TS1381: Unexpected token. Did you mean `{'}'}` or `&rbrace;`?
src/components/user-testing/RedesignedFeedbackModal.tsx(532,12): error TS1382: Unexpected token. Did you mean `{'>'}` or `&gt;`?
src/components/user-testing/RedesignedFeedbackModal.tsx(556,75): error TS1136: Property assignment expected.
src/components/user-testing/RedesignedFeedbackModal.tsx(556,109): error TS1005: '}' expected.
src/components/user-testing/RedesignedFeedbackModal.tsx(557,15): error TS1381: Unexpected token. Did you mean `{'}'}` or `&rbrace;`?
src/components/user-testing/RedesignedFeedbackModal.tsx(558,14): error TS1382: Unexpected token. Did you mean `{'>'}` or `&gt;`?
src/components/user-testing/RedesignedFeedbackModal.tsx(581,77): error TS1136: Property assignment expected.
src/components/user-testing/RedesignedFeedbackModal.tsx(581,119): error TS1005: '}' expected.
src/components/user-testing/RedesignedFeedbackModal.tsx(583,17): error TS1005: ',' expected.
src/components/user-testing/RedesignedFeedbackModal.tsx(583,28): error TS1136: Property assignment expected.
src/components/user-testing/RedesignedFeedbackModal.tsx(587,19): error TS1005: ',' expected.
src/components/user-testing/RedesignedFeedbackModal.tsx(588,15): error TS1382: Unexpected token. Did you mean `{'>'}` or `&gt;`?
src/components/user-testing/RedesignedFeedbackModal.tsx(602,17): error TS17002: Expected corresponding JSX closing tag for 'div'.
src/components/user-testing/RedesignedFeedbackModal.tsx(604,11): error TS1381: Unexpected token. Did you mean `{'}'}` or `&rbrace;`?
src/components/user-testing/RedesignedFeedbackModal.tsx(604,13): error TS1381: Unexpected token. Did you mean `{'}'}` or `&rbrace;`?
src/components/user-testing/RedesignedFeedbackModal.tsx(606,7): error TS1005: ')' expected.
src/components/user-testing/RedesignedFeedbackModal.tsx(607,5): error TS1109: Expression expected.
src/components/user-testing/RedesignedFeedbackModal.tsx(652,83): error TS1136: Property assignment expected.
src/components/user-testing/RedesignedFeedbackModal.tsx(652,113): error TS1005: ';' expected.
src/components/user-testing/RedesignedFeedbackModal.tsx(653,23): error TS1381: Unexpected token. Did you mean `{'}'}` or `&rbrace;`?
src/components/user-testing/RedesignedFeedbackModal.tsx(653,24): error TS1381: Unexpected token. Did you mean `{'}'}` or `&rbrace;`?
src/components/user-testing/RedesignedFeedbackModal.tsx(654,21): error TS1382: Unexpected token. Did you mean `{'>'}` or `&gt;`?
src/components/user-testing/RedesignedFeedbackModal.tsx(656,23): error TS17002: Expected corresponding JSX closing tag for 'div'.
src/components/user-testing/RedesignedFeedbackModal.tsx(659,15): error TS1005: ')' expected.
src/components/user-testing/RedesignedFeedbackModal.tsx(659,17): error TS17002: Expected corresponding JSX closing tag for 'CardContent'.
src/components/user-testing/RedesignedFeedbackModal.tsx(660,14): error TS1381: Unexpected token. Did you mean `{'}'}` or `&rbrace;`?
src/components/user-testing/RedesignedFeedbackModal.tsx(661,13): error TS17002: Expected corresponding JSX closing tag for 'Card'.
src/components/user-testing/RedesignedFeedbackModal.tsx(662,11): error TS17002: Expected corresponding JSX closing tag for 'div'.
src/components/user-testing/RedesignedFeedbackModal.tsx(664,9): error TS1005: ')' expected.
src/components/user-testing/RedesignedFeedbackModal.tsx(681,79): error TS1136: Property assignment expected.
src/components/user-testing/RedesignedFeedbackModal.tsx(685,25): error TS1005: ',' expected.
src/components/user-testing/RedesignedFeedbackModal.tsx(686,23): error TS1005: ';' expected.
src/components/user-testing/RedesignedFeedbackModal.tsx(687,20): error TS1005: ',' expected.
src/components/user-testing/RedesignedFeedbackModal.tsx(693,17): error TS1382: Unexpected token. Did you mean `{'>'}` or `&gt;`?
src/components/user-testing/RedesignedFeedbackModal.tsx(695,19): error TS17002: Expected corresponding JSX closing tag for 'div'.
src/components/user-testing/RedesignedFeedbackModal.tsx(697,13): error TS1381: Unexpected token. Did you mean `{'}'}` or `&rbrace;`?
src/components/user-testing/RedesignedFeedbackModal.tsx(697,15): error TS1381: Unexpected token. Did you mean `{'}'}` or `&rbrace;`?
src/components/user-testing/RedesignedFeedbackModal.tsx(704,9): error TS1128: Declaration or statement expected.
src/components/user-testing/RedesignedFeedbackModal.tsx(705,7): error TS1109: Expression expected.
src/components/user-testing/RedesignedFeedbackModal.tsx(706,5): error TS1109: Expression expected.
src/components/user-testing/RedesignedFeedbackModal.tsx(888,1): error TS1128: Declaration or statement expected.
src/components/user-testing/RedesignedFeedbackWidget.tsx(154,7): error TS1005: ',' expected.
src/components/user-testing/RedesignedFeedbackWidget.tsx(155,5): error TS1005: ',' expected.
src/components/user-testing/UsabilityAnalyticsDashboard.tsx(130,7): error TS1005: ',' expected.
src/components/user-testing/UsabilityAnalyticsDashboard.tsx(130,17): error TS1005: ',' expected.
src/components/user-testing/UsabilityAnalyticsDashboard.tsx(131,5): error TS1135: Argument expression expected.
src/components/user-testing/UsabilityAnalyticsDashboard.tsx(146,8): error TS1005: ')' expected.
src/components/user-testing/UsabilityAnalyticsDashboard.tsx(157,8): error TS1005: ')' expected.
src/components/user-testing/UsabilityAnalyticsDashboard.tsx(168,8): error TS1005: ')' expected.
src/components/user-testing/UsabilityAnalyticsDashboard.tsx(202,8): error TS1005: ')' expected.
src/components/user-testing/UsabilityAnalyticsDashboard.tsx(263,5): error TS2657: JSX expressions must have one parent element.
src/components/user-testing/UsabilityAnalyticsDashboard.tsx(275,13): error TS1005: '}' expected.
src/components/user-testing/UsabilityAnalyticsDashboard.tsx(507,21): error TS1136: Property assignment expected.
src/components/user-testing/UsabilityAnalyticsDashboard.tsx(507,26): error TS1005: ')' expected.
src/components/user-testing/UsabilityAnalyticsDashboard.tsx(507,39): error TS1005: ',' expected.
src/components/user-testing/UsabilityAnalyticsDashboard.tsx(507,44): error TS1005: ',' expected.
src/components/user-testing/UsabilityAnalyticsDashboard.tsx(508,23): error TS2657: JSX expressions must have one parent element.
src/components/user-testing/UsabilityAnalyticsDashboard.tsx(541,21): error TS1005: ',' expected.
src/components/user-testing/UsabilityAnalyticsDashboard.tsx(542,20): error TS1005: ':' expected.
src/components/user-testing/UsabilityAnalyticsDashboard.tsx(542,21): error TS1381: Unexpected token. Did you mean `{'}'}` or `&rbrace;`?
src/components/user-testing/UsabilityAnalyticsDashboard.tsx(543,19): error TS17002: Expected corresponding JSX closing tag for 'CardContent'.
src/components/user-testing/UsabilityAnalyticsDashboard.tsx(548,16): error TS1381: Unexpected token. Did you mean `{'}'}` or `&rbrace;`?
src/components/user-testing/UsabilityAnalyticsDashboard.tsx(549,15): error TS17002: Expected corresponding JSX closing tag for 'Card'.
src/components/user-testing/UsabilityAnalyticsDashboard.tsx(550,13): error TS17002: Expected corresponding JSX closing tag for 'TabsContent'.
src/components/user-testing/UsabilityAnalyticsDashboard.tsx(551,11): error TS17002: Expected corresponding JSX closing tag for 'Tabs'.
src/components/user-testing/UsabilityAnalyticsDashboard.tsx(562,21): error TS1136: Property assignment expected.
src/components/user-testing/UsabilityAnalyticsDashboard.tsx(562,26): error TS1005: ')' expected.
src/components/user-testing/UsabilityAnalyticsDashboard.tsx(562,34): error TS1005: ',' expected.
src/components/user-testing/UsabilityAnalyticsDashboard.tsx(562,39): error TS1005: ',' expected.
src/components/user-testing/UsabilityAnalyticsDashboard.tsx(563,23): error TS2657: JSX expressions must have one parent element.
src/components/user-testing/UsabilityAnalyticsDashboard.tsx(589,21): error TS1005: ',' expected.
src/components/user-testing/UsabilityAnalyticsDashboard.tsx(590,20): error TS1005: ':' expected.
src/components/user-testing/UsabilityAnalyticsDashboard.tsx(590,21): error TS1381: Unexpected token. Did you mean `{'}'}` or `&rbrace;`?
src/components/user-testing/UsabilityAnalyticsDashboard.tsx(591,19): error TS17002: Expected corresponding JSX closing tag for 'CardContent'.
src/components/user-testing/UsabilityAnalyticsDashboard.tsx(596,16): error TS1381: Unexpected token. Did you mean `{'}'}` or `&rbrace;`?
src/components/user-testing/UsabilityAnalyticsDashboard.tsx(597,15): error TS17002: Expected corresponding JSX closing tag for 'Card'.
src/components/user-testing/UsabilityAnalyticsDashboard.tsx(598,13): error TS17002: Expected corresponding JSX closing tag for 'TabsContent'.
src/components/user-testing/UsabilityAnalyticsDashboard.tsx(599,11): error TS17002: Expected corresponding JSX closing tag for 'div'.
src/components/user-testing/UsabilityAnalyticsDashboard.tsx(628,7): error TS1005: ')' expected.
src/components/user-testing/UsabilityAnalyticsDashboard.tsx(629,5): error TS1109: Expression expected.
src/components/user-testing/UsabilityAnalyticsDashboard.tsx(630,3): error TS1109: Expression expected.
src/contexts/FeatureAccessContext.tsx(277,1): error TS1185: Merge conflict marker encountered.
src/contexts/FeatureAccessContext.tsx(286,1): error TS1185: Merge conflict marker encountered.
src/contexts/FeatureAccessContext.tsx(289,1): error TS1185: Merge conflict marker encountered.
src/hooks/useABTesting.tsx(79,9): error TS1005: ':' expected.
src/hooks/useABTesting.tsx(81,11): error TS1005: ',' expected.
src/hooks/useABTesting.tsx(82,70): error TS1005: ',' expected.
src/hooks/useABTesting.tsx(85,11): error TS1003: Identifier expected.
src/hooks/useABTesting.tsx(90,7): error TS1005: ',' expected.
src/hooks/useABTesting.tsx(90,13): error TS1005: ':' expected.
src/hooks/useABTesting.tsx(90,73): error TS1005: ',' expected.
src/hooks/useABTesting.tsx(91,13): error TS1005: ':' expected.
src/hooks/useABTesting.tsx(91,86): error TS1005: ',' expected.
src/hooks/useABTesting.tsx(93,21): error TS1005: ',' expected.
src/hooks/useABTesting.tsx(93,38): error TS1005: ',' expected.
src/hooks/useABTesting.tsx(93,40): error TS1005: ',' expected.
src/hooks/useABTesting.tsx(95,13): error TS1005: ',' expected.
src/hooks/useABTesting.tsx(95,55): error TS1005: ',' expected.
src/hooks/useABTesting.tsx(96,13): error TS1005: ',' expected.
src/hooks/useABTesting.tsx(96,32): error TS1005: ',' expected.
src/hooks/useABTesting.tsx(98,22): error TS1005: ',' expected.
src/hooks/useABTesting.tsx(98,51): error TS1005: ',' expected.
src/hooks/useABTesting.tsx(98,53): error TS1005: ';' expected.
src/hooks/useABTesting.tsx(101,11): error TS1128: Declaration or statement expected.
src/hooks/useABTesting.tsx(121,9): error TS1005: ',' expected.
src/hooks/useABTesting.tsx(122,17): error TS1005: ',' expected.
src/hooks/useABTesting.tsx(128,5): error TS1128: Declaration or statement expected.
src/hooks/useABTesting.tsx(128,7): error TS1005: 'try' expected.
src/hooks/useABTesting.tsx(136,3): error TS1128: Declaration or statement expected.
src/hooks/useABTesting.tsx(256,1): error TS1128: Declaration or statement expected.
src/hooks/useAccessibility.ts(234,5): error TS1005: ',' expected.
src/hooks/useAccessibility.ts(234,38): error TS1005: ')' expected.
src/hooks/useAdvancedAlarms.ts(47,21): error TS1005: ',' expected.
src/hooks/useAdvancedAlarms.ts(81,7): error TS1005: ',' expected.
src/hooks/useAdvancedAlarms.ts(81,21): error TS1005: ')' expected.
src/hooks/useAudioLazyLoading.ts(36,9): error TS1005: ':' expected.
src/hooks/useAudioLazyLoading.ts(37,13): error TS1005: ':' expected.
src/hooks/useAudioLazyLoading.ts(61,9): error TS1005: ',' expected.
src/hooks/useAudioLazyLoading.ts(64,16): error TS1138: Parameter declaration expected.
src/hooks/useAudioLazyLoading.ts(64,21): error TS1005: ',' expected.
src/hooks/useAudioLazyLoading.ts(64,28): error TS1005: ',' expected.
src/hooks/useAudioLazyLoading.ts(69,9): error TS1005: ';' expected.
src/hooks/useAudioLazyLoading.ts(70,7): error TS1005: 'try' expected.
src/hooks/useAudioLazyLoading.ts(77,3): error TS1128: Declaration or statement expected.
src/hooks/useAudioLazyLoading.ts(77,4): error TS1128: Declaration or statement expected.
src/hooks/useAudioLazyLoading.ts(77,23): error TS1005: ';' expected.
src/hooks/useAudioLazyLoading.ts(93,1): error TS1128: Declaration or statement expected.
src/hooks/useAuth.ts(287,18): error TS1005: ',' expected.
src/hooks/useAuth.ts(287,65): error TS1005: ',' expected.
src/hooks/useAuth.ts(288,15): error TS1005: ':' expected.
src/hooks/useAuth.ts(291,7): error TS1005: ')' expected.
src/hooks/useAuth.ts(311,7): error TS1005: 'try' expected.
src/hooks/useAuth.ts(330,4): error TS1472: 'catch' or 'finally' expected.
src/hooks/useAuth.ts(363,18): error TS1005: ',' expected.
src/hooks/useAuth.ts(363,65): error TS1005: ',' expected.
src/hooks/useAuth.ts(364,15): error TS1005: ':' expected.
src/hooks/useAuth.ts(367,7): error TS1005: ')' expected.
src/hooks/useAuth.ts(387,7): error TS1005: 'try' expected.
src/hooks/useAuth.ts(406,4): error TS1472: 'catch' or 'finally' expected.
src/hooks/useAuth.ts(411,9): error TS1005: ':' expected.
src/hooks/useAuth.ts(412,13): error TS1005: ':' expected.
src/hooks/useAuth.ts(412,55): error TS1005: ',' expected.
src/hooks/useAuth.ts(413,13): error TS1005: ':' expected.
src/hooks/useAuth.ts(413,40): error TS1005: ',' expected.
src/hooks/useAuth.ts(415,13): error TS1005: ':' expected.
src/hooks/useAuth.ts(415,56): error TS1005: ',' expected.
src/hooks/useAuth.ts(419,15): error TS1005: ':' expected.
src/hooks/useAuth.ts(422,7): error TS1005: ')' expected.
src/hooks/useAuth.ts(427,10): error TS1005: ')' expected.
src/hooks/useAuth.ts(430,7): error TS1005: ',' expected.
src/hooks/useAuth.ts(449,4): error TS1005: ',' expected.
src/hooks/useAuth.ts(451,9): error TS1005: ':' expected.
src/hooks/useAuth.ts(479,18): error TS1005: ',' expected.
src/hooks/useAuth.ts(479,80): error TS1005: ',' expected.
src/hooks/useAuth.ts(480,15): error TS1005: ':' expected.
src/hooks/useAuth.ts(483,7): error TS1005: ')' expected.
src/hooks/useAuth.ts(488,10): error TS1005: ')' expected.
src/hooks/useAuth.ts(491,7): error TS1005: 'try' expected.
src/hooks/useAuth.ts(510,4): error TS1472: 'catch' or 'finally' expected.
src/hooks/useAuth.ts(514,4): error TS1005: ')' expected.
src/hooks/useAuth.ts(523,9): error TS1005: ':' expected.
src/hooks/useAuth.ts(524,13): error TS1005: ':' expected.
src/hooks/useAuth.ts(524,55): error TS1005: ',' expected.
src/hooks/useAuth.ts(527,13): error TS1005: ':' expected.
src/hooks/useAuth.ts(534,37): error TS1005: ',' expected.
src/hooks/useAuth.ts(538,15): error TS1005: ':' expected.
src/hooks/useAuth.ts(542,7): error TS1005: ')' expected.
src/hooks/useAuth.ts(558,7): error TS1005: ',' expected.
src/hooks/useAuth.ts(577,4): error TS1005: ',' expected.
src/hooks/useAuth.ts(579,10): error TS1005: ':' expected.
src/hooks/useAuth.ts(590,4): error TS1005: ',' expected.
src/hooks/useAuth.ts(593,1): error TS1005: ')' expected.
src/hooks/useAuth.ts(594,1): error TS1005: '}' expected.
src/hooks/useCapacitor.ts(253,5): error TS1137: Expression or comma expected.
src/hooks/useCapacitor.ts(257,5): error TS1137: Expression or comma expected.
src/hooks/useCapacitor.ts(261,5): error TS1137: Expression or comma expected.
src/hooks/useCriticalPreloading.ts(48,9): error TS1005: ':' expected.
src/hooks/useCriticalPreloading.ts(49,13): error TS1005: ':' expected.
src/hooks/useCriticalPreloading.ts(49,83): error TS1005: ',' expected.
src/hooks/useCriticalPreloading.ts(52,13): error TS1005: ':' expected.
src/hooks/useCriticalPreloading.ts(52,40): error TS1005: ',' expected.
src/hooks/useCriticalPreloading.ts(53,12): error TS1359: Identifier expected. 'const' is a reserved word that cannot be used here.
src/hooks/useCriticalPreloading.ts(53,18): error TS1005: ',' expected.
src/hooks/useCriticalPreloading.ts(53,24): error TS1005: ',' expected.
src/hooks/useCriticalPreloading.ts(53,27): error TS1005: ',' expected.
src/hooks/useCriticalPreloading.ts(60,7): error TS1005: ',' expected.
src/hooks/useCriticalPreloading.ts(60,16): error TS1138: Parameter declaration expected.
src/hooks/useCriticalPreloading.ts(60,21): error TS1005: ',' expected.
src/hooks/useCriticalPreloading.ts(60,28): error TS1005: ',' expected.
src/hooks/useCriticalPreloading.ts(65,9): error TS1005: ';' expected.
src/hooks/useCriticalPreloading.ts(68,7): error TS1005: 'try' expected.
src/hooks/useCriticalPreloading.ts(72,3): error TS1005: ')' expected.
src/hooks/useCriticalPreloading.ts(72,4): error TS1128: Declaration or statement expected.
src/hooks/useCriticalPreloading.ts(72,33): error TS1005: ';' expected.
src/hooks/useCriticalPreloading.ts(77,9): error TS1005: ')' expected.
src/hooks/useCriticalPreloading.ts(107,1): error TS1005: ',' expected.
src/hooks/useDeviceCapabilities.tsx(119,9): error TS1005: ',' expected.
src/hooks/useDeviceCapabilities.tsx(122,11): error TS1005: ')' expected.
src/hooks/useDeviceCapabilities.tsx(124,18): error TS1005: ':' expected.
src/hooks/useDeviceCapabilities.tsx(124,34): error TS1005: ',' expected.
src/hooks/useDeviceCapabilities.tsx(126,7): error TS1005: ',' expected.
src/hooks/useDeviceCapabilities.tsx(126,8): error TS1128: Declaration or statement expected.
src/hooks/useDeviceCapabilities.tsx(171,3): error TS1005: ',' expected.
src/hooks/useDeviceCapabilities.tsx(177,5): error TS1005: ',' expected.
src/hooks/useEmotionalNotifications.ts(61,11): error TS1005: ':' expected.
src/hooks/useEmotionalNotifications.ts(62,15): error TS1005: ':' expected.
src/hooks/useEmotionalNotifications.ts(63,83): error TS1005: ',' expected.
src/hooks/useEmotionalNotifications.ts(65,18): error TS1138: Parameter declaration expected.
src/hooks/useEmotionalNotifications.ts(65,23): error TS1005: ',' expected.
src/hooks/useEmotionalNotifications.ts(65,30): error TS1005: ',' expected.
src/hooks/useEmotionalNotifications.ts(69,11): error TS1005: ';' expected.
src/hooks/useEmotionalNotifications.ts(81,9): error TS1005: 'try' expected.
src/hooks/useEmotionalNotifications.ts(95,5): error TS1128: Declaration or statement expected.
src/hooks/useEmotionalNotifications.ts(95,6): error TS1128: Declaration or statement expected.
src/hooks/useEmotionalNotifications.ts(95,25): error TS1005: ';' expected.
src/hooks/useEmotionalNotifications.ts(146,11): error TS1005: ':' expected.
src/hooks/useEmotionalNotifications.ts(149,18): error TS1138: Parameter declaration expected.
src/hooks/useEmotionalNotifications.ts(149,23): error TS1005: ',' expected.
src/hooks/useEmotionalNotifications.ts(149,30): error TS1005: ',' expected.
src/hooks/useEmotionalNotifications.ts(155,11): error TS1005: ';' expected.
src/hooks/useEmotionalNotifications.ts(161,7): error TS1128: Declaration or statement expected.
src/hooks/useEmotionalNotifications.ts(161,9): error TS1005: 'try' expected.
src/hooks/useEmotionalNotifications.ts(168,5): error TS1128: Declaration or statement expected.
src/hooks/useEmotionalNotifications.ts(168,6): error TS1128: Declaration or statement expected.
src/hooks/useEmotionalNotifications.ts(170,3): error TS1128: Declaration or statement expected.
src/hooks/useEmotionalNotifications.ts(205,25): error TS1005: ',' expected.
src/hooks/useEmotionalNotifications.ts(209,11): error TS1005: ',' expected.
src/hooks/useEmotionalNotifications.ts(210,9): error TS1005: ')' expected.
src/hooks/useEmotionalNotifications.ts(213,6): error TS1472: 'catch' or 'finally' expected.
src/hooks/useEmotionalNotifications.ts(215,3): error TS1128: Declaration or statement expected.
src/hooks/useEmotionalNotifications.ts(221,21): error TS1005: ',' expected.
src/hooks/useEmotionalNotifications.ts(223,7): error TS1005: ',' expected.
src/hooks/useEmotionalNotifications.ts(224,15): error TS1005: ')' expected.
src/hooks/useEmotionalNotifications.ts(277,1): error TS1005: ',' expected.
src/hooks/useEmotionalNotifications.ts(323,11): error TS1005: ':' expected.
src/hooks/useEmotionalNotifications.ts(324,25): error TS1005: ',' expected.
src/hooks/useEmotionalNotifications.ts(327,11): error TS1005: ',' expected.
src/hooks/useEmotionalNotifications.ts(328,9): error TS1005: ',' expected.
src/hooks/useEmotionalNotifications.ts(333,4): error TS1005: ')' expected.
src/hooks/useEmotionalNotifications.ts(337,1): error TS1005: ')' expected.
src/hooks/useEnhancedCaching.ts(61,9): error TS1005: ':' expected.
src/hooks/useEnhancedCaching.ts(62,13): error TS1005: ',' expected.
src/hooks/useEnhancedCaching.ts(62,33): error TS1005: ',' expected.
src/hooks/useEnhancedCaching.ts(62,44): error TS1005: ',' expected.
src/hooks/useEnhancedCaching.ts(63,21): error TS1138: Parameter declaration expected.
src/hooks/useEnhancedCaching.ts(63,26): error TS1005: ',' expected.
src/hooks/useEnhancedCaching.ts(63,33): error TS1005: ',' expected.
src/hooks/useEnhancedCaching.ts(66,9): error TS1005: ';' expected.
src/hooks/useEnhancedCaching.ts(67,7): error TS1005: 'try' expected.
src/hooks/useEnhancedCaching.ts(71,3): error TS1005: ')' expected.
src/hooks/useEnhancedCaching.ts(71,4): error TS1128: Declaration or statement expected.
src/hooks/useEnhancedCaching.ts(71,19): error TS1005: ';' expected.
src/hooks/useEnhancedCaching.ts(77,11): error TS1005: ':' expected.
src/hooks/useEnhancedCaching.ts(78,15): error TS1005: ',' expected.
src/hooks/useEnhancedCaching.ts(78,35): error TS1005: ',' expected.
src/hooks/useEnhancedCaching.ts(78,53): error TS1005: ',' expected.
src/hooks/useEnhancedCaching.ts(79,9): error TS1005: ',' expected.
src/hooks/useEnhancedCaching.ts(79,17): error TS1005: ':' expected.
src/hooks/useEnhancedCaching.ts(80,23): error TS1138: Parameter declaration expected.
src/hooks/useEnhancedCaching.ts(80,28): error TS1005: ',' expected.
src/hooks/useEnhancedCaching.ts(80,35): error TS1005: ',' expected.
src/hooks/useEnhancedCaching.ts(83,5): error TS1005: ')' expected.
src/hooks/useEnhancedCaching.ts(83,6): error TS1128: Declaration or statement expected.
src/hooks/useEnhancedCaching.ts(85,3): error TS1128: Declaration or statement expected.
src/hooks/useEnhancedCaching.ts(121,1): error TS1128: Declaration or statement expected.
src/hooks/useEnhancedCaching.ts(233,5): error TS1005: ',' expected.
src/hooks/useEnhancedServiceWorker.ts(29,13): error TS1005: ':' expected.
src/hooks/useEnhancedServiceWorker.ts(29,62): error TS1005: ',' expected.
src/hooks/useEnhancedServiceWorker.ts(41,9): error TS1005: ',' expected.
src/hooks/useEnhancedServiceWorker.ts(41,14): error TS1005: ':' expected.
src/hooks/useEnhancedServiceWorker.ts(42,18): error TS1138: Parameter declaration expected.
src/hooks/useEnhancedServiceWorker.ts(42,23): error TS1005: ',' expected.
src/hooks/useEnhancedServiceWorker.ts(42,30): error TS1005: ',' expected.
src/hooks/useEnhancedServiceWorker.ts(45,11): error TS1005: ';' expected.
src/hooks/useEnhancedServiceWorker.ts(47,5): error TS1128: Declaration or statement expected.
src/hooks/useEnhancedServiceWorker.ts(47,7): error TS1005: 'try' expected.
src/hooks/useEnhancedServiceWorker.ts(54,3): error TS1128: Declaration or statement expected.
src/hooks/useEnhancedServiceWorker.ts(54,4): error TS1128: Declaration or statement expected.
src/hooks/useEnhancedServiceWorker.ts(54,8): error TS1005: ';' expected.
src/hooks/useEnhancedServiceWorker.ts(90,15): error TS1005: ':' expected.
src/hooks/useEnhancedServiceWorker.ts(90,72): error TS1005: ',' expected.
src/hooks/useEnhancedServiceWorker.ts(94,11): error TS1005: ',' expected.
src/hooks/useEnhancedServiceWorker.ts(94,16): error TS1005: ':' expected.
src/hooks/useEnhancedServiceWorker.ts(95,20): error TS1138: Parameter declaration expected.
src/hooks/useEnhancedServiceWorker.ts(95,25): error TS1005: ',' expected.
src/hooks/useEnhancedServiceWorker.ts(95,32): error TS1005: ',' expected.
src/hooks/useEnhancedServiceWorker.ts(98,13): error TS1005: ';' expected.
src/hooks/useEnhancedServiceWorker.ts(99,9): error TS1128: Declaration or statement expected.
src/hooks/useEnhancedServiceWorker.ts(102,7): error TS1128: Declaration or statement expected.
src/hooks/useEnhancedServiceWorker.ts(102,9): error TS1005: 'try' expected.
src/hooks/useEnhancedServiceWorker.ts(110,5): error TS1128: Declaration or statement expected.
src/hooks/useEnhancedServiceWorker.ts(110,6): error TS1128: Declaration or statement expected.
src/hooks/useEnhancedServiceWorker.ts(112,3): error TS1128: Declaration or statement expected.
src/hooks/useEnhancedServiceWorker.ts(120,15): error TS1005: ':' expected.
src/hooks/useEnhancedServiceWorker.ts(120,72): error TS1005: ',' expected.
src/hooks/useEnhancedServiceWorker.ts(124,11): error TS1005: ',' expected.
src/hooks/useEnhancedServiceWorker.ts(124,16): error TS1005: ':' expected.
src/hooks/useEnhancedServiceWorker.ts(125,20): error TS1138: Parameter declaration expected.
src/hooks/useEnhancedServiceWorker.ts(125,25): error TS1005: ',' expected.
src/hooks/useEnhancedServiceWorker.ts(125,32): error TS1005: ',' expected.
src/hooks/useEnhancedServiceWorker.ts(128,13): error TS1005: ';' expected.
src/hooks/useEnhancedServiceWorker.ts(129,9): error TS1128: Declaration or statement expected.
src/hooks/useEnhancedServiceWorker.ts(132,7): error TS1128: Declaration or statement expected.
src/hooks/useEnhancedServiceWorker.ts(132,9): error TS1005: 'try' expected.
src/hooks/useEnhancedServiceWorker.ts(140,5): error TS1128: Declaration or statement expected.
src/hooks/useEnhancedServiceWorker.ts(140,6): error TS1128: Declaration or statement expected.
src/hooks/useEnhancedServiceWorker.ts(142,3): error TS1128: Declaration or statement expected.
src/hooks/useEnhancedServiceWorker.ts(150,15): error TS1005: ':' expected.
src/hooks/useEnhancedServiceWorker.ts(150,72): error TS1005: ',' expected.
src/hooks/useEnhancedServiceWorker.ts(154,11): error TS1005: ',' expected.
src/hooks/useEnhancedServiceWorker.ts(154,16): error TS1005: ':' expected.
src/hooks/useEnhancedServiceWorker.ts(155,20): error TS1138: Parameter declaration expected.
src/hooks/useEnhancedServiceWorker.ts(155,25): error TS1005: ',' expected.
src/hooks/useEnhancedServiceWorker.ts(155,32): error TS1005: ',' expected.
src/hooks/useEnhancedServiceWorker.ts(158,13): error TS1005: ';' expected.
src/hooks/useEnhancedServiceWorker.ts(159,9): error TS1128: Declaration or statement expected.
src/hooks/useEnhancedServiceWorker.ts(162,7): error TS1128: Declaration or statement expected.
src/hooks/useEnhancedServiceWorker.ts(162,9): error TS1005: 'try' expected.
src/hooks/useEnhancedServiceWorker.ts(170,5): error TS1128: Declaration or statement expected.
src/hooks/useEnhancedServiceWorker.ts(170,6): error TS1128: Declaration or statement expected.
src/hooks/useEnhancedServiceWorker.ts(172,3): error TS1128: Declaration or statement expected.
src/hooks/useEnhancedServiceWorker.ts(179,13): error TS1005: ':' expected.
src/hooks/useEnhancedServiceWorker.ts(179,73): error TS1005: ',' expected.
src/hooks/useEnhancedServiceWorker.ts(181,22): error TS1005: ',' expected.
src/hooks/useEnhancedServiceWorker.ts(181,44): error TS1005: ',' expected.
src/hooks/useEnhancedServiceWorker.ts(182,18): error TS1138: Parameter declaration expected.
src/hooks/useEnhancedServiceWorker.ts(182,23): error TS1005: ',' expected.
src/hooks/useEnhancedServiceWorker.ts(182,30): error TS1005: ',' expected.
src/hooks/useEnhancedServiceWorker.ts(187,11): error TS1005: ';' expected.
src/hooks/useEnhancedServiceWorker.ts(190,7): error TS1128: Declaration or statement expected.
src/hooks/useEnhancedServiceWorker.ts(190,9): error TS1128: Declaration or statement expected.
src/hooks/useEnhancedServiceWorker.ts(197,5): error TS1128: Declaration or statement expected.
src/hooks/useEnhancedServiceWorker.ts(197,7): error TS1005: 'try' expected.
src/hooks/useEnhancedServiceWorker.ts(205,3): error TS1128: Declaration or statement expected.
src/hooks/useEnhancedServiceWorker.ts(205,4): error TS1128: Declaration or statement expected.
src/hooks/useEnhancedServiceWorker.ts(205,8): error TS1005: ';' expected.
src/hooks/useEnhancedServiceWorker.ts(212,13): error TS1005: ':' expected.
src/hooks/useEnhancedServiceWorker.ts(212,84): error TS1005: ',' expected.
src/hooks/useEnhancedServiceWorker.ts(214,16): error TS1138: Parameter declaration expected.
src/hooks/useEnhancedServiceWorker.ts(214,21): error TS1005: ',' expected.
src/hooks/useEnhancedServiceWorker.ts(214,28): error TS1005: ')' expected.
src/hooks/useEnhancedServiceWorker.ts(217,9): error TS1005: ';' expected.
src/hooks/useEnhancedServiceWorker.ts(220,5): error TS1128: Declaration or statement expected.
src/hooks/useEnhancedServiceWorker.ts(220,7): error TS1005: 'try' expected.
src/hooks/useEnhancedServiceWorker.ts(228,3): error TS1128: Declaration or statement expected.
src/hooks/useEnhancedServiceWorker.ts(228,4): error TS1128: Declaration or statement expected.
src/hooks/useEnhancedServiceWorker.ts(228,8): error TS1005: ';' expected.
src/hooks/useEnhancedServiceWorker.ts(282,1): error TS1128: Declaration or statement expected.
src/hooks/useEnhancedSmartAlarms.ts(82,11): error TS1137: Expression or comma expected.
src/hooks/useEnhancedSmartAlarms.ts(147,7): error TS1005: ',' expected.
src/hooks/useFeatureGate.ts(262,16): error TS1005: ',' expected.
src/hooks/useFeatureGate.ts(266,9): error TS1005: ',' expected.
src/hooks/useFeatureGate.ts(268,14): error TS1005: ':' expected.
src/hooks/useFeatureGate.ts(268,18): error TS1005: ',' expected.
src/hooks/useFeatureGate.ts(272,5): error TS1005: ')' expected.
src/hooks/useFeatureGate.ts(277,7): error TS1005: ')' expected.
src/hooks/useFeatureGate.ts(280,4): error TS1128: Declaration or statement expected.
src/hooks/useFeatureGate.ts(280,58): error TS1005: ';' expected.
src/hooks/useFocusTrap.ts(248,5): error TS1005: ',' expected.
src/hooks/useMobilePerformance.ts(98,6): error TS1005: ')' expected.
src/hooks/useMobilePerformance.ts(104,8): error TS1005: ',' expected.
src/hooks/usePWA.ts(273,7): error TS1005: ',' expected.
src/hooks/usePWA.ts(308,5): error TS1137: Expression or comma expected.
src/hooks/usePWA.ts(312,5): error TS1137: Expression or comma expected.
src/hooks/usePWA.ts(316,5): error TS1137: Expression or comma expected.
src/hooks/usePushNotifications.ts(76,9): error TS1005: ':' expected.
src/hooks/usePushNotifications.ts(77,13): error TS1003: Identifier expected.
src/hooks/usePushNotifications.ts(79,7): error TS1005: ',' expected.
src/hooks/usePushNotifications.ts(79,13): error TS1005: ':' expected.
src/hooks/usePushNotifications.ts(79,65): error TS1005: ',' expected.
src/hooks/usePushNotifications.ts(81,13): error TS1005: ',' expected.
src/hooks/usePushNotifications.ts(83,7): error TS1005: ',' expected.
src/hooks/usePushNotifications.ts(83,17): error TS1138: Parameter declaration expected.
src/hooks/usePushNotifications.ts(83,22): error TS1005: ',' expected.
src/hooks/usePushNotifications.ts(83,29): error TS1005: ',' expected.
src/hooks/usePushNotifications.ts(87,9): error TS1005: ';' expected.
src/hooks/usePushNotifications.ts(99,5): error TS1128: Declaration or statement expected.
src/hooks/usePushNotifications.ts(99,7): error TS1005: 'try' expected.
src/hooks/usePushNotifications.ts(115,3): error TS1128: Declaration or statement expected.
src/hooks/usePushNotifications.ts(115,4): error TS1128: Declaration or statement expected.
src/hooks/usePushNotifications.ts(115,27): error TS1005: ';' expected.
src/hooks/usePushNotifications.ts(123,9): error TS1005: ':' expected.
src/hooks/usePushNotifications.ts(124,13): error TS1003: Identifier expected.
src/hooks/usePushNotifications.ts(127,7): error TS1005: ',' expected.
src/hooks/usePushNotifications.ts(127,13): error TS1005: ':' expected.
src/hooks/usePushNotifications.ts(127,65): error TS1005: ',' expected.
src/hooks/usePushNotifications.ts(129,13): error TS1005: ',' expected.
src/hooks/usePushNotifications.ts(131,7): error TS1005: ',' expected.
src/hooks/usePushNotifications.ts(131,17): error TS1138: Parameter declaration expected.
src/hooks/usePushNotifications.ts(131,22): error TS1005: ',' expected.
src/hooks/usePushNotifications.ts(131,29): error TS1005: ',' expected.
src/hooks/usePushNotifications.ts(135,9): error TS1005: ',' expected.
src/hooks/usePushNotifications.ts(135,14): error TS1005: ':' expected.
src/hooks/usePushNotifications.ts(136,15): error TS1003: Identifier expected.
src/hooks/usePushNotifications.ts(139,7): error TS1005: ',' expected.
src/hooks/usePushNotifications.ts(139,14): error TS1005: ':' expected.
src/hooks/usePushNotifications.ts(139,21): error TS1005: ',' expected.
src/hooks/usePushNotifications.ts(140,7): error TS1005: ')' expected.
src/hooks/usePushNotifications.ts(155,3): error TS1128: Declaration or statement expected.
src/hooks/usePushNotifications.ts(155,4): error TS1128: Declaration or statement expected.
src/hooks/usePushNotifications.ts(155,27): error TS1005: ';' expected.
src/hooks/usePushNotifications.ts(164,11): error TS1005: ':' expected.
src/hooks/usePushNotifications.ts(165,15): error TS1003: Identifier expected.
src/hooks/usePushNotifications.ts(165,37): error TS1138: Parameter declaration expected.
src/hooks/usePushNotifications.ts(166,34): error TS1005: ',' expected.
src/hooks/usePushNotifications.ts(167,10): error TS1005: ',' expected.
src/hooks/usePushNotifications.ts(167,11): error TS1005: ')' expected.
src/hooks/usePushNotifications.ts(175,15): error TS1003: Identifier expected.
src/hooks/usePushNotifications.ts(175,38): error TS1138: Parameter declaration expected.
src/hooks/usePushNotifications.ts(176,26): error TS1005: ',' expected.
src/hooks/usePushNotifications.ts(179,11): error TS1005: ')' expected.
src/hooks/usePushNotifications.ts(180,9): error TS1005: ',' expected.
src/hooks/usePushNotifications.ts(193,5): error TS1128: Declaration or statement expected.
src/hooks/usePushNotifications.ts(193,6): error TS1128: Declaration or statement expected.
src/hooks/usePushNotifications.ts(201,3): error TS1128: Declaration or statement expected.
src/hooks/usePushNotifications.ts(225,15): error TS1003: Identifier expected.
src/hooks/usePushNotifications.ts(225,42): error TS1138: Parameter declaration expected.
src/hooks/usePushNotifications.ts(226,25): error TS1005: ',' expected.
src/hooks/usePushNotifications.ts(228,11): error TS1005: ')' expected.
src/hooks/usePushNotifications.ts(252,15): error TS1003: Identifier expected.
src/hooks/usePushNotifications.ts(252,44): error TS1138: Parameter declaration expected.
src/hooks/usePushNotifications.ts(254,5): error TS1005: ')' expected.
src/hooks/usePushNotifications.ts(254,6): error TS1128: Declaration or statement expected.
src/hooks/usePushNotifications.ts(256,3): error TS1128: Declaration or statement expected.
src/hooks/usePushNotifications.ts(279,15): error TS1003: Identifier expected.
src/hooks/usePushNotifications.ts(279,43): error TS1138: Parameter declaration expected.
src/hooks/usePushNotifications.ts(281,5): error TS1005: ')' expected.
src/hooks/usePushNotifications.ts(281,6): error TS1128: Declaration or statement expected.
src/hooks/usePushNotifications.ts(283,3): error TS1128: Declaration or statement expected.
src/hooks/usePushNotifications.ts(291,9): error TS1005: ':' expected.
src/hooks/usePushNotifications.ts(292,13): error TS1003: Identifier expected.
src/hooks/usePushNotifications.ts(294,7): error TS1005: ',' expected.
src/hooks/usePushNotifications.ts(294,13): error TS1005: ',' expected.
src/hooks/usePushNotifications.ts(294,36): error TS1005: ',' expected.
src/hooks/usePushNotifications.ts(294,59): error TS1005: ',' expected.
src/hooks/usePushNotifications.ts(296,17): error TS1138: Parameter declaration expected.
src/hooks/usePushNotifications.ts(296,22): error TS1005: ',' expected.
src/hooks/usePushNotifications.ts(296,29): error TS1005: ',' expected.
src/hooks/usePushNotifications.ts(298,13): error TS1003: Identifier expected.
src/hooks/usePushNotifications.ts(299,7): error TS1005: ')' expected.
src/hooks/usePushNotifications.ts(312,3): error TS1128: Declaration or statement expected.
src/hooks/usePushNotifications.ts(312,4): error TS1128: Declaration or statement expected.
src/hooks/usePushNotifications.ts(312,13): error TS1005: ';' expected.
src/hooks/usePushNotifications.ts(320,9): error TS1005: ':' expected.
src/hooks/usePushNotifications.ts(321,13): error TS1003: Identifier expected.
src/hooks/usePushNotifications.ts(324,7): error TS1005: ',' expected.
src/hooks/usePushNotifications.ts(324,13): error TS1005: ',' expected.
src/hooks/usePushNotifications.ts(324,36): error TS1005: ',' expected.
src/hooks/usePushNotifications.ts(324,71): error TS1005: ',' expected.
src/hooks/usePushNotifications.ts(326,13): error TS1005: ',' expected.
src/hooks/usePushNotifications.ts(328,7): error TS1005: ',' expected.
src/hooks/usePushNotifications.ts(328,17): error TS1138: Parameter declaration expected.
src/hooks/usePushNotifications.ts(328,22): error TS1005: ',' expected.
src/hooks/usePushNotifications.ts(328,29): error TS1005: ',' expected.
src/hooks/usePushNotifications.ts(334,9): error TS1005: ';' expected.
src/hooks/usePushNotifications.ts(337,5): error TS1128: Declaration or statement expected.
src/hooks/usePushNotifications.ts(337,7): error TS1005: 'try' expected.
src/hooks/usePushNotifications.ts(350,3): error TS1128: Declaration or statement expected.
src/hooks/usePushNotifications.ts(350,4): error TS1128: Declaration or statement expected.
src/hooks/usePushNotifications.ts(350,27): error TS1005: ';' expected.
src/hooks/usePushNotifications.ts(431,1): error TS1128: Declaration or statement expected.
src/hooks/useSubscription.ts(159,11): error TS1005: ':' expected.
src/hooks/useSubscription.ts(160,15): error TS1005: ':' expected.
src/hooks/useSubscription.ts(161,77): error TS1005: ',' expected.
src/hooks/useSubscription.ts(162,15): error TS1005: ':' expected.
src/hooks/useSubscription.ts(163,69): error TS1005: ',' expected.
src/hooks/useSubscription.ts(164,15): error TS1005: ':' expected.
src/hooks/useSubscription.ts(164,79): error TS1005: ',' expected.
src/hooks/useSubscription.ts(166,18): error TS1138: Parameter declaration expected.
src/hooks/useSubscription.ts(166,23): error TS1005: ',' expected.
src/hooks/useSubscription.ts(166,30): error TS1005: ',' expected.
src/hooks/useSubscription.ts(179,11): error TS1005: ';' expected.
src/hooks/useSubscription.ts(188,9): error TS1005: 'try' expected.
src/hooks/useSubscription.ts(202,5): error TS1128: Declaration or statement expected.
src/hooks/useSubscription.ts(205,3): error TS1128: Declaration or statement expected.
src/hooks/useSubscription.ts(205,4): error TS1128: Declaration or statement expected.
src/hooks/useSubscription.ts(205,14): error TS1005: ';' expected.
src/hooks/useSubscription.ts(325,11): error TS1005: ':' expected.
src/hooks/useSubscription.ts(326,15): error TS1005: ':' expected.
src/hooks/useSubscription.ts(330,10): error TS1005: ',' expected.
src/hooks/useSubscription.ts(332,19): error TS1005: ',' expected.
src/hooks/useSubscription.ts(332,27): error TS1005: ',' expected.
src/hooks/useSubscription.ts(332,29): error TS1005: ',' expected.
src/hooks/useSubscription.ts(333,17): error TS1005: ':' expected.
src/hooks/useSubscription.ts(333,38): error TS1005: ',' expected.
src/hooks/useSubscription.ts(335,24): error TS1005: ',' expected.
src/hooks/useSubscription.ts(335,32): error TS1005: ',' expected.
src/hooks/useSubscription.ts(335,34): error TS1005: ';' expected.
src/hooks/useSubscription.ts(347,9): error TS1005: ',' expected.
src/hooks/useSubscription.ts(348,16): error TS1005: ':' expected.
src/hooks/useSubscription.ts(348,22): error TS1005: ',' expected.
src/hooks/useSubscription.ts(349,9): error TS1005: ')' expected.
src/hooks/useSubscription.ts(353,16): error TS1005: ':' expected.
src/hooks/useSubscription.ts(353,55): error TS1005: ',' expected.
src/hooks/useSubscription.ts(355,5): error TS1005: ')' expected.
src/hooks/useSubscription.ts(355,6): error TS1128: Declaration or statement expected.
src/hooks/useSubscription.ts(357,3): error TS1128: Declaration or statement expected.
src/hooks/useSubscription.ts(367,11): error TS1005: ':' expected.
src/hooks/useSubscription.ts(368,15): error TS1005: ':' expected.
src/hooks/useSubscription.ts(372,10): error TS1005: ',' expected.
src/hooks/useSubscription.ts(374,19): error TS1005: ',' expected.
src/hooks/useSubscription.ts(374,27): error TS1005: ',' expected.
src/hooks/useSubscription.ts(374,29): error TS1005: ',' expected.
src/hooks/useSubscription.ts(375,17): error TS1005: ':' expected.
src/hooks/useSubscription.ts(375,38): error TS1005: ',' expected.
src/hooks/useSubscription.ts(377,24): error TS1005: ',' expected.
src/hooks/useSubscription.ts(377,32): error TS1005: ',' expected.
src/hooks/useSubscription.ts(377,34): error TS1005: ';' expected.
src/hooks/useSubscription.ts(389,9): error TS1005: ',' expected.
src/hooks/useSubscription.ts(390,16): error TS1005: ':' expected.
src/hooks/useSubscription.ts(390,22): error TS1005: ',' expected.
src/hooks/useSubscription.ts(391,9): error TS1005: ')' expected.
src/hooks/useSubscription.ts(395,16): error TS1005: ':' expected.
src/hooks/useSubscription.ts(395,55): error TS1005: ',' expected.
src/hooks/useSubscription.ts(397,5): error TS1005: ')' expected.
src/hooks/useSubscription.ts(397,6): error TS1128: Declaration or statement expected.
src/hooks/useSubscription.ts(399,3): error TS1128: Declaration or statement expected.
src/hooks/useSubscription.ts(433,7): error TS1005: ')' expected.
src/hooks/useSubscription.ts(433,9): error TS1005: 'try' expected.
src/hooks/useSubscription.ts(436,6): error TS1472: 'catch' or 'finally' expected.
src/hooks/useSubscription.ts(438,3): error TS1128: Declaration or statement expected.
src/hooks/useSubscription.ts(562,9): error TS1005: ')' expected.
src/hooks/useSubscription.ts(595,7): error TS1005: ',' expected.
src/hooks/useSubscription.ts(597,7): error TS1005: ',' expected.
src/hooks/useSubscription.ts(634,1): error TS1005: ',' expected.
src/hooks/useTheme.tsx(2203,5): error TS1005: ',' expected.
src/hooks/useTheme.tsx(2403,7): error TS1005: ',' expected.
src/hooks/useTheme.tsx(2416,3): error TS1109: Expression expected.
src/services/advanced-analytics.ts(527,9): error TS1005: ',' expected.
src/services/advanced-analytics.ts(527,24): error TS1005: ',' expected.
src/services/advanced-analytics.ts(528,15): error TS1005: ',' expected.
src/services/advanced-analytics.ts(529,7): error TS1135: Argument expression expected.
src/services/advanced-analytics.ts(536,7): error TS1005: ',' expected.
src/services/advanced-conditions-helper.ts(156,5): error TS1005: ',' expected.
src/services/advanced-conditions-helper.ts(172,6): error TS1005: ')' expected.
src/services/advanced-conditions-helper.ts(267,5): error TS1005: ',' expected.
src/services/advanced-conditions-helper.ts(272,5): error TS1005: ',' expected.
src/services/advanced-conditions-helper.ts(288,7): error TS1005: ',' expected.
src/services/advanced-conditions-helper.ts(288,11): error TS1005: ',' expected.
src/services/advanced-conditions-helper.ts(291,11): error TS1005: ',' expected.
src/services/advanced-conditions-helper.ts(294,11): error TS1005: ',' expected.
src/services/advanced-conditions-helper.ts(295,5): error TS1005: ',' expected.
src/services/alarm-backup-redundancy.ts(658,19): error TS1005: ')' expected.
src/services/capacitor-enhanced.ts(310,5): error TS1005: ',' expected.
src/services/email-campaigns.ts(487,7): error TS1005: ',' expected.
src/services/offline-manager.ts(233,84): error TS1005: ')' expected.
src/services/offline-manager.ts(517,7): error TS1005: ',' expected.
src/services/predictive-analytics-service.ts(767,5): error TS1005: ',' expected.
src/services/premium.ts(429,9): error TS1005: ',' expected.
src/services/premium.ts(429,23): error TS1005: ',' expected.
src/services/premium.ts(430,7): error TS1135: Argument expression expected.
src/services/realtime-service.ts(626,5): error TS1005: ',' expected.
src/services/revenue-analytics.ts(224,5): error TS1005: ',' expected.
src/services/revenue-analytics.ts(289,3): error TS1005: ',' expected.
src/services/revenue-analytics.ts(289,11): error TS1005: ',' expected.
src/services/revenue-analytics.ts(289,17): error TS1005: ',' expected.
src/services/revenue-analytics.ts(289,36): error TS1005: ',' expected.
src/services/revenue-analytics.ts(289,57): error TS1011: An element access expression should take an argument.
src/services/revenue-analytics.ts(291,11): error TS1005: ':' expected.
src/services/revenue-analytics.ts(291,18): error TS1005: ',' expected.
src/services/revenue-analytics.ts(291,30): error TS1005: ',' expected.
src/services/revenue-analytics.ts(291,31): error TS1109: Expression expected.
src/services/revenue-analytics.ts(291,33): error TS1005: ':' expected.
src/services/revenue-analytics.ts(291,37): error TS1005: ',' expected.
src/services/revenue-analytics.ts(293,11): error TS1005: ':' expected.
src/services/revenue-analytics.ts(293,43): error TS1005: ',' expected.
src/services/revenue-analytics.ts(295,10): error TS1359: Identifier expected. 'const' is a reserved word that cannot be used here.
src/services/revenue-analytics.ts(295,16): error TS1005: ',' expected.
src/services/revenue-analytics.ts(295,22): error TS1005: ',' expected.
src/services/revenue-analytics.ts(295,25): error TS1005: ',' expected.
src/services/revenue-analytics.ts(300,5): error TS1005: ',' expected.
src/services/revenue-analytics.ts(300,12): error TS1005: ':' expected.
src/services/revenue-analytics.ts(300,19): error TS1005: ',' expected.
src/services/revenue-analytics.ts(306,3): error TS1005: ',' expected.
src/services/revenue-analytics.ts(306,10): error TS1005: ',' expected.
src/services/revenue-analytics.ts(306,16): error TS1005: ',' expected.
src/services/revenue-analytics.ts(306,43): error TS1005: ',' expected.
src/services/revenue-analytics.ts(306,76): error TS1011: An element access expression should take an argument.
src/services/revenue-analytics.ts(307,11): error TS1005: ':' expected.
src/services/revenue-analytics.ts(307,40): error TS1005: ',' expected.
src/services/revenue-analytics.ts(308,11): error TS1005: ':' expected.
src/services/revenue-analytics.ts(308,48): error TS1005: ',' expected.
src/services/revenue-analytics.ts(309,17): error TS1005: '{' expected.
src/services/revenue-analytics.ts(309,24): error TS1005: ':' expected.
src/services/revenue-analytics.ts(309,30): error TS1005: ',' expected.
src/services/revenue-analytics.ts(311,11): error TS1005: ':' expected.
src/services/revenue-analytics.ts(318,6): error TS1005: ',' expected.
src/services/revenue-analytics.ts(320,11): error TS1005: ':' expected.
src/services/revenue-analytics.ts(320,18): error TS1005: ',' expected.
src/services/revenue-analytics.ts(320,42): error TS1005: ',' expected.
src/services/revenue-analytics.ts(320,43): error TS1109: Expression expected.
src/services/revenue-analytics.ts(320,45): error TS1005: ':' expected.
src/services/revenue-analytics.ts(320,49): error TS1005: ',' expected.
src/services/revenue-analytics.ts(322,10): error TS1359: Identifier expected. 'const' is a reserved word that cannot be used here.
src/services/revenue-analytics.ts(322,16): error TS1005: ',' expected.
src/services/revenue-analytics.ts(322,24): error TS1005: ',' expected.
src/services/revenue-analytics.ts(322,27): error TS1005: ',' expected.
src/services/revenue-analytics.ts(327,5): error TS1005: ',' expected.
src/services/revenue-analytics.ts(327,9): error TS1005: ':' expected.
src/services/revenue-analytics.ts(327,42): error TS1005: ',' expected.
src/services/revenue-analytics.ts(328,12): error TS1005: ':' expected.
src/services/revenue-analytics.ts(328,19): error TS1005: ',' expected.
src/services/revenue-analytics.ts(334,3): error TS1005: ',' expected.
src/services/revenue-analytics.ts(334,10): error TS1005: ',' expected.
src/services/revenue-analytics.ts(334,16): error TS1005: ',' expected.
src/services/revenue-analytics.ts(334,37): error TS1005: ',' expected.
src/services/revenue-analytics.ts(334,46): error TS1005: ',' expected.
src/services/revenue-analytics.ts(335,11): error TS1005: ':' expected.
src/services/revenue-analytics.ts(339,47): error TS1005: ',' expected.
src/services/revenue-analytics.ts(341,16): error TS1005: '{' expected.
src/services/revenue-analytics.ts(341,22): error TS1005: ':' expected.
src/services/revenue-analytics.ts(341,27): error TS1005: ',' expected.
src/services/revenue-analytics.ts(343,11): error TS1005: ':' expected.
src/services/revenue-analytics.ts(343,18): error TS1005: ',' expected.
src/services/revenue-analytics.ts(356,6): error TS1005: ',' expected.
src/services/revenue-analytics.ts(359,12): error TS1005: ',' expected.
src/services/revenue-analytics.ts(361,52): error TS1005: ',' expected.
src/services/revenue-analytics.ts(363,16): error TS1005: ',' expected.
src/services/revenue-analytics.ts(363,34): error TS1005: ',' expected.
src/services/revenue-analytics.ts(363,36): error TS1005: ';' expected.
src/services/secure-alarm-storage.ts(340,19): error TS1005: ')' expected.
src/services/secure-alarm-storage.ts(407,19): error TS1005: ')' expected.
src/services/subscription-service.ts(857,5): error TS1005: ',' expected.
src/services/subscription-service.ts(859,5): error TS1005: ',' expected.
src/test-setup.ts(105,1): error TS1005: ',' expected.
src/test-setup.ts(108,1): error TS1005: ',' expected.
src/utils/performance-alerts.tsx(910,3): error TS1005: ',' expected.
src/utils/performance-alerts.tsx(930,15): error TS1136: Property assignment expected.
src/utils/performance-alerts.tsx(931,17): error TS1005: ')' expected.
src/utils/performance-alerts.tsx(931,27): error TS1005: ',' expected.
src/utils/performance-alerts.tsx(932,17): error TS1005: ',' expected.
src/utils/performance-alerts.tsx(932,28): error TS1136: Property assignment expected.
src/utils/performance-alerts.tsx(940,19): error TS1005: ',' expected.
src/utils/performance-alerts.tsx(941,15): error TS1382: Unexpected token. Did you mean `{'>'}` or `&gt;`?
src/utils/performance-alerts.tsx(958,15): error TS1381: Unexpected token. Did you mean `{'}'}` or `&rbrace;`?
src/utils/performance-alerts.tsx(960,9): error TS1005: ')' expected.
src/utils/performance-alerts.tsx(969,15): error TS1136: Property assignment expected.
src/utils/performance-alerts.tsx(970,17): error TS1005: ')' expected.
src/utils/performance-alerts.tsx(970,32): error TS1005: ',' expected.
src/utils/performance-alerts.tsx(971,17): error TS1005: ',' expected.
src/utils/performance-alerts.tsx(971,28): error TS1136: Property assignment expected.
src/utils/performance-alerts.tsx(979,19): error TS1005: ',' expected.
src/utils/performance-alerts.tsx(980,15): error TS1382: Unexpected token. Did you mean `{'>'}` or `&gt;`?
src/utils/performance-alerts.tsx(1002,15): error TS1381: Unexpected token. Did you mean `{'}'}` or `&rbrace;`?
src/utils/performance-alerts.tsx(1004,9): error TS1005: ')' expected.
src/utils/performance-alerts.tsx(1005,7): error TS1109: Expression expected.
src/utils/performance-alerts.tsx(1006,5): error TS1128: Declaration or statement expected.
src/utils/performance-alerts.tsx(1007,3): error TS1109: Expression expected.
src/utils/performance-alerts.tsx(1008,1): error TS1128: Declaration or statement expected.
src/utils/progressive-loading.tsx(430,9): error TS1005: ':' expected.
src/utils/progressive-loading.tsx(431,13): error TS1005: ':' expected.
src/utils/progressive-loading.tsx(431,79): error TS1005: ',' expected.
src/utils/progressive-loading.tsx(433,7): error TS1005: ',' expected.
src/utils/progressive-loading.tsx(433,16): error TS1138: Parameter declaration expected.
src/utils/progressive-loading.tsx(433,21): error TS1005: ',' expected.
src/utils/progressive-loading.tsx(433,28): error TS1005: ',' expected.
src/utils/progressive-loading.tsx(434,14): error TS1005: ':' expected.
src/utils/progressive-loading.tsx(434,20): error TS1005: ',' expected.
src/utils/progressive-loading.tsx(435,7): error TS1005: ')' expected.
src/utils/progressive-loading.tsx(444,4): error TS1128: Declaration or statement expected.
src/utils/progressive-loading.tsx(444,26): error TS1005: ';' expected.
src/utils/progressive-loading.tsx(466,1): error TS1128: Declaration or statement expected.
vite.config.ts(1,30): error TS2307: Cannot find module 'vite' or its corresponding type declarations.
vite.config.ts(2,19): error TS2307: Cannot find module '@vitejs/plugin-react' or its corresponding type declarations.
vite.config.ts(3,25): error TS2307: Cannot find module 'path' or its corresponding type declarations.
vite.config.ts(29,20): error TS2304: Cannot find name '__dirname'.
vite.config.ts(30,30): error TS2304: Cannot find name '__dirname'.
vite.config.ts(31,25): error TS2304: Cannot find name '__dirname'.
vite.config.ts(32,28): error TS2304: Cannot find name '__dirname'.
vite.config.ts(33,25): error TS2304: Cannot find name '__dirname'.
vite.config.ts(34,25): error TS2304: Cannot find name '__dirname'.
vite.config.ts(61,16): error TS2580: Cannot find name 'process'. Do you need to install type definitions for node? Try `npm i --save-dev @types/node`.
vite.config.ts(167,11): error TS2580: Cannot find name 'process'. Do you need to install type definitions for node? Try `npm i --save-dev @types/node`.
vite.config.ts(199,37): error TS2580: Cannot find name 'process'. Do you need to install type definitions for node? Try `npm i --save-dev @types/node`.
vite.config.ts(201,30): error TS2580: Cannot find name 'process'. Do you need to install type definitions for node? Try `npm i --save-dev @types/node`.
